-- The C compiler identification is GNU 11.4.0
-- The CXX compiler identification is GNU 11.4.0
-- Detecting C compiler ABI info
-- Detecting C compiler ABI info - done
-- Check for working C compiler: /usr/bin/cc - skipped
-- Detecting C compile features
-- Detecting C compile features - done
-- Detecting CXX compiler ABI info
-- Detecting CXX compiler ABI info - done
-- Check for working CXX compiler: /usr/bin/c++ - skipped
-- Detecting CXX compile features
-- Detecting CXX compile features - done
-- Found ament_cmake: 1.3.11 (/opt/ros/humble/share/ament_cmake/cmake)
-- Found Python3: /usr/bin/python3 (found version "3.10.12") found components: Interpreter 
-- Override CMake install command with custom implementation using symlinks instead of copying resources
-- Found rosidl_default_generators: 1.2.0 (/opt/ros/humble/share/rosidl_default_generators/cmake)
-- Using all available rosidl_typesupport_c: rosidl_typesupport_fastrtps_c;rosidl_typesupport_introspection_c
-- Found rosidl_adapter: 3.1.6 (/opt/ros/humble/share/rosidl_adapter/cmake)
-- Using all available rosidl_typesupport_cpp: rosidl_typesupport_fastrtps_cpp;rosidl_typesupport_introspection_cpp
-- Found ament_cmake_ros: 0.10.0 (/opt/ros/humble/share/ament_cmake_ros/cmake)
-- Using all available rosidl_typesupport_c: rosidl_typesupport_fastrtps_c;rosidl_typesupport_introspection_c
-- Using all available rosidl_typesupport_cpp: rosidl_typesupport_fastrtps_cpp;rosidl_typesupport_introspection_cpp
-- Found PythonInterp: /usr/bin/python3 (found suitable version "3.10.12", minimum required is "3.6") 
-- Found python_cmake_module: 0.10.0 (/opt/ros/humble/share/python_cmake_module/cmake)
-- Found PythonLibs: /usr/lib/x86_64-linux-gnu/libpython3.10.so (found suitable version "3.10.12", minimum required is "3.5") 
-- Using PYTHON_EXECUTABLE: /usr/bin/python3
-- Using PYTHON_INCLUDE_DIRS: /usr/include/python3.10
-- Using PYTHON_LIBRARIES: /usr/lib/x86_64-linux-gnu/libpython3.10.so
-- Found PythonExtra: .so  
-- Configuring done
-- Generating done
-- Build files have been written to: /root/ros2_workspace/build/ros2web_interfaces
[  1%] Generating C code for ROS interfaces
[  2%] Generating C++ code for ROS interfaces
[  2%] Built target ament_cmake_python_symlink_ros2web_interfaces
running egg_info
creating ros2web_interfaces.egg-info
writing ros2web_interfaces.egg-info/PKG-INFO
writing dependency_links to ros2web_interfaces.egg-info/dependency_links.txt
writing top-level names to ros2web_interfaces.egg-info/top_level.txt
writing manifest file 'ros2web_interfaces.egg-info/SOURCES.txt'
reading manifest file 'ros2web_interfaces.egg-info/SOURCES.txt'
writing manifest file 'ros2web_interfaces.egg-info/SOURCES.txt'
[  2%] Built target ament_cmake_python_build_ros2web_interfaces_egg
[  2%] Built target ros2web_interfaces__cpp
[  3%] Generating C++ type support dispatch for ROS interfaces
[  4%] Generating C++ type support for eProsima Fast-RTPS
[  5%] Generating C++ introspection for ROS interfaces
[  6%] Building C object CMakeFiles/ros2web_interfaces__rosidl_generator_c.dir/rosidl_generator_c/ros2web_interfaces/msg/detail/body_part__functions.c.o
[  8%] Building C object CMakeFiles/ros2web_interfaces__rosidl_generator_c.dir/rosidl_generator_c/ros2web_interfaces/msg/detail/content_type__functions.c.o
[  9%] Building C object CMakeFiles/ros2web_interfaces__rosidl_generator_c.dir/rosidl_generator_c/ros2web_interfaces/msg/detail/http_status_code__functions.c.o
[ 10%] Building C object CMakeFiles/ros2web_interfaces__rosidl_generator_c.dir/rosidl_generator_c/ros2web_interfaces/msg/detail/ws_msg_data__functions.c.o
[ 11%] Building C object CMakeFiles/ros2web_interfaces__rosidl_generator_c.dir/rosidl_generator_c/ros2web_interfaces/msg/detail/ws_msg_type__functions.c.o
[ 12%] Building C object CMakeFiles/ros2web_interfaces__rosidl_generator_c.dir/rosidl_generator_c/ros2web_interfaces/msg/detail/ws_msg__functions.c.o
[ 13%] Building C object CMakeFiles/ros2web_interfaces__rosidl_generator_c.dir/rosidl_generator_c/ros2web_interfaces/srv/detail/http__functions.c.o
[ 14%] Building C object CMakeFiles/ros2web_interfaces__rosidl_generator_c.dir/rosidl_generator_c/ros2web_interfaces/srv/detail/ws__functions.c.o
[ 16%] Linking C shared library libros2web_interfaces__rosidl_generator_c.so
[ 16%] Built target ros2web_interfaces__rosidl_generator_c
[ 17%] Generating C type support for eProsima Fast-RTPS
[ 18%] Building CXX object CMakeFiles/ros2web_interfaces__rosidl_typesupport_cpp.dir/rosidl_typesupport_cpp/ros2web_interfaces/msg/body_part__type_support.cpp.o
[ 19%] Building CXX object CMakeFiles/ros2web_interfaces__rosidl_typesupport_cpp.dir/rosidl_typesupport_cpp/ros2web_interfaces/msg/content_type__type_support.cpp.o
[ 20%] Building CXX object CMakeFiles/ros2web_interfaces__rosidl_typesupport_cpp.dir/rosidl_typesupport_cpp/ros2web_interfaces/msg/http_status_code__type_support.cpp.o
[ 21%] Building CXX object CMakeFiles/ros2web_interfaces__rosidl_typesupport_fastrtps_cpp.dir/rosidl_typesupport_fastrtps_cpp/ros2web_interfaces/msg/detail/dds_fastrtps/body_part__type_support.cpp.o
[ 22%] Building CXX object CMakeFiles/ros2web_interfaces__rosidl_typesupport_introspection_cpp.dir/rosidl_typesupport_introspection_cpp/ros2web_interfaces/msg/detail/body_part__type_support.cpp.o
[ 24%] Building CXX object CMakeFiles/ros2web_interfaces__rosidl_typesupport_cpp.dir/rosidl_typesupport_cpp/ros2web_interfaces/msg/ws_msg_data__type_support.cpp.o
[ 25%] Building CXX object CMakeFiles/ros2web_interfaces__rosidl_typesupport_fastrtps_cpp.dir/rosidl_typesupport_fastrtps_cpp/ros2web_interfaces/msg/detail/dds_fastrtps/content_type__type_support.cpp.o
[ 26%] Building CXX object CMakeFiles/ros2web_interfaces__rosidl_typesupport_cpp.dir/rosidl_typesupport_cpp/ros2web_interfaces/msg/ws_msg_type__type_support.cpp.o
[ 27%] Building CXX object CMakeFiles/ros2web_interfaces__rosidl_typesupport_introspection_cpp.dir/rosidl_typesupport_introspection_cpp/ros2web_interfaces/msg/detail/content_type__type_support.cpp.o
[ 28%] Building CXX object CMakeFiles/ros2web_interfaces__rosidl_typesupport_fastrtps_c.dir/rosidl_typesupport_fastrtps_c/ros2web_interfaces/msg/detail/body_part__type_support_c.cpp.o
[ 29%] Building CXX object CMakeFiles/ros2web_interfaces__rosidl_typesupport_cpp.dir/rosidl_typesupport_cpp/ros2web_interfaces/msg/ws_msg__type_support.cpp.o
[ 31%] Building CXX object CMakeFiles/ros2web_interfaces__rosidl_typesupport_fastrtps_cpp.dir/rosidl_typesupport_fastrtps_cpp/ros2web_interfaces/msg/detail/dds_fastrtps/http_status_code__type_support.cpp.o
[ 32%] Building CXX object CMakeFiles/ros2web_interfaces__rosidl_typesupport_fastrtps_c.dir/rosidl_typesupport_fastrtps_c/ros2web_interfaces/msg/detail/content_type__type_support_c.cpp.o
[ 33%] Building CXX object CMakeFiles/ros2web_interfaces__rosidl_typesupport_introspection_cpp.dir/rosidl_typesupport_introspection_cpp/ros2web_interfaces/msg/detail/http_status_code__type_support.cpp.o
[ 34%] Building CXX object CMakeFiles/ros2web_interfaces__rosidl_typesupport_cpp.dir/rosidl_typesupport_cpp/ros2web_interfaces/srv/http__type_support.cpp.o
[ 35%] Building CXX object CMakeFiles/ros2web_interfaces__rosidl_typesupport_fastrtps_cpp.dir/rosidl_typesupport_fastrtps_cpp/ros2web_interfaces/msg/detail/dds_fastrtps/ws_msg_data__type_support.cpp.o
[ 36%] Building CXX object CMakeFiles/ros2web_interfaces__rosidl_typesupport_fastrtps_c.dir/rosidl_typesupport_fastrtps_c/ros2web_interfaces/msg/detail/http_status_code__type_support_c.cpp.o
[ 37%] Building CXX object CMakeFiles/ros2web_interfaces__rosidl_typesupport_cpp.dir/rosidl_typesupport_cpp/ros2web_interfaces/srv/ws__type_support.cpp.o
[ 39%] Building CXX object CMakeFiles/ros2web_interfaces__rosidl_typesupport_introspection_cpp.dir/rosidl_typesupport_introspection_cpp/ros2web_interfaces/msg/detail/ws_msg_data__type_support.cpp.o
[ 40%] Building CXX object CMakeFiles/ros2web_interfaces__rosidl_typesupport_fastrtps_cpp.dir/rosidl_typesupport_fastrtps_cpp/ros2web_interfaces/msg/detail/dds_fastrtps/ws_msg_type__type_support.cpp.o
[ 41%] Linking CXX shared library libros2web_interfaces__rosidl_typesupport_cpp.so
[ 42%] Building CXX object CMakeFiles/ros2web_interfaces__rosidl_typesupport_fastrtps_c.dir/rosidl_typesupport_fastrtps_c/ros2web_interfaces/msg/detail/ws_msg_data__type_support_c.cpp.o
[ 42%] Built target ros2web_interfaces__rosidl_typesupport_cpp
[ 43%] Generating C introspection for ROS interfaces
[ 44%] Building CXX object CMakeFiles/ros2web_interfaces__rosidl_typesupport_introspection_cpp.dir/rosidl_typesupport_introspection_cpp/ros2web_interfaces/msg/detail/ws_msg_type__type_support.cpp.o
[ 45%] Building CXX object CMakeFiles/ros2web_interfaces__rosidl_typesupport_fastrtps_cpp.dir/rosidl_typesupport_fastrtps_cpp/ros2web_interfaces/msg/detail/dds_fastrtps/ws_msg__type_support.cpp.o
[ 47%] Building CXX object CMakeFiles/ros2web_interfaces__rosidl_typesupport_fastrtps_c.dir/rosidl_typesupport_fastrtps_c/ros2web_interfaces/msg/detail/ws_msg_type__type_support_c.cpp.o
[ 48%] Building CXX object CMakeFiles/ros2web_interfaces__rosidl_typesupport_introspection_cpp.dir/rosidl_typesupport_introspection_cpp/ros2web_interfaces/msg/detail/ws_msg__type_support.cpp.o
[ 49%] Building CXX object CMakeFiles/ros2web_interfaces__rosidl_typesupport_fastrtps_cpp.dir/rosidl_typesupport_fastrtps_cpp/ros2web_interfaces/srv/detail/dds_fastrtps/http__type_support.cpp.o
[ 50%] Building CXX object CMakeFiles/ros2web_interfaces__rosidl_typesupport_fastrtps_c.dir/rosidl_typesupport_fastrtps_c/ros2web_interfaces/msg/detail/ws_msg__type_support_c.cpp.o
[ 51%] Building CXX object CMakeFiles/ros2web_interfaces__rosidl_typesupport_introspection_cpp.dir/rosidl_typesupport_introspection_cpp/ros2web_interfaces/srv/detail/http__type_support.cpp.o
[ 52%] Building CXX object CMakeFiles/ros2web_interfaces__rosidl_typesupport_fastrtps_c.dir/rosidl_typesupport_fastrtps_c/ros2web_interfaces/srv/detail/http__type_support_c.cpp.o
[ 54%] Building C object CMakeFiles/ros2web_interfaces__rosidl_typesupport_introspection_c.dir/rosidl_typesupport_introspection_c/ros2web_interfaces/msg/detail/body_part__type_support.c.o
[ 55%] Building CXX object CMakeFiles/ros2web_interfaces__rosidl_typesupport_fastrtps_cpp.dir/rosidl_typesupport_fastrtps_cpp/ros2web_interfaces/srv/detail/dds_fastrtps/ws__type_support.cpp.o
[ 56%] Building C object CMakeFiles/ros2web_interfaces__rosidl_typesupport_introspection_c.dir/rosidl_typesupport_introspection_c/ros2web_interfaces/msg/detail/content_type__type_support.c.o
[ 57%] Building C object CMakeFiles/ros2web_interfaces__rosidl_typesupport_introspection_c.dir/rosidl_typesupport_introspection_c/ros2web_interfaces/msg/detail/http_status_code__type_support.c.o
[ 58%] Building CXX object CMakeFiles/ros2web_interfaces__rosidl_typesupport_fastrtps_c.dir/rosidl_typesupport_fastrtps_c/ros2web_interfaces/srv/detail/ws__type_support_c.cpp.o
[ 59%] Building C object CMakeFiles/ros2web_interfaces__rosidl_typesupport_introspection_c.dir/rosidl_typesupport_introspection_c/ros2web_interfaces/msg/detail/ws_msg_data__type_support.c.o
[ 60%] Building CXX object CMakeFiles/ros2web_interfaces__rosidl_typesupport_introspection_cpp.dir/rosidl_typesupport_introspection_cpp/ros2web_interfaces/srv/detail/ws__type_support.cpp.o
[ 62%] Building C object CMakeFiles/ros2web_interfaces__rosidl_typesupport_introspection_c.dir/rosidl_typesupport_introspection_c/ros2web_interfaces/msg/detail/ws_msg_type__type_support.c.o
[ 63%] Building C object CMakeFiles/ros2web_interfaces__rosidl_typesupport_introspection_c.dir/rosidl_typesupport_introspection_c/ros2web_interfaces/msg/detail/ws_msg__type_support.c.o
[ 64%] Building C object CMakeFiles/ros2web_interfaces__rosidl_typesupport_introspection_c.dir/rosidl_typesupport_introspection_c/ros2web_interfaces/srv/detail/http__type_support.c.o
[ 65%] Building C object CMakeFiles/ros2web_interfaces__rosidl_typesupport_introspection_c.dir/rosidl_typesupport_introspection_c/ros2web_interfaces/srv/detail/ws__type_support.c.o
[ 66%] Linking C shared library libros2web_interfaces__rosidl_typesupport_introspection_c.so
[ 66%] Built target ros2web_interfaces__rosidl_typesupport_introspection_c
[ 67%] Linking CXX shared library libros2web_interfaces__rosidl_typesupport_fastrtps_cpp.so
[ 68%] Linking CXX shared library libros2web_interfaces__rosidl_typesupport_fastrtps_c.so
[ 68%] Built target ros2web_interfaces__rosidl_typesupport_fastrtps_cpp
[ 70%] Linking CXX shared library libros2web_interfaces__rosidl_typesupport_introspection_cpp.so
[ 70%] Built target ros2web_interfaces__rosidl_typesupport_fastrtps_c
[ 70%] Built target ros2web_interfaces__rosidl_typesupport_introspection_cpp
[ 71%] Generating C type support dispatch for ROS interfaces
[ 72%] Building CXX object CMakeFiles/ros2web_interfaces__rosidl_typesupport_c.dir/rosidl_typesupport_c/ros2web_interfaces/msg/body_part__type_support.cpp.o
[ 73%] Building CXX object CMakeFiles/ros2web_interfaces__rosidl_typesupport_c.dir/rosidl_typesupport_c/ros2web_interfaces/msg/ws_msg_data__type_support.cpp.o
[ 74%] Building CXX object CMakeFiles/ros2web_interfaces__rosidl_typesupport_c.dir/rosidl_typesupport_c/ros2web_interfaces/msg/ws_msg_type__type_support.cpp.o
[ 75%] Building CXX object CMakeFiles/ros2web_interfaces__rosidl_typesupport_c.dir/rosidl_typesupport_c/ros2web_interfaces/msg/ws_msg__type_support.cpp.o
[ 77%] Building CXX object CMakeFiles/ros2web_interfaces__rosidl_typesupport_c.dir/rosidl_typesupport_c/ros2web_interfaces/srv/http__type_support.cpp.o
[ 78%] Building CXX object CMakeFiles/ros2web_interfaces__rosidl_typesupport_c.dir/rosidl_typesupport_c/ros2web_interfaces/srv/ws__type_support.cpp.o
[ 79%] Building CXX object CMakeFiles/ros2web_interfaces__rosidl_typesupport_c.dir/rosidl_typesupport_c/ros2web_interfaces/msg/http_status_code__type_support.cpp.o
[ 80%] Building CXX object CMakeFiles/ros2web_interfaces__rosidl_typesupport_c.dir/rosidl_typesupport_c/ros2web_interfaces/msg/content_type__type_support.cpp.o
[ 81%] Linking CXX shared library libros2web_interfaces__rosidl_typesupport_c.so
[ 81%] Built target ros2web_interfaces__rosidl_typesupport_c
[ 81%] Built target ros2web_interfaces
[ 82%] Generating Python code for ROS interfaces
[ 82%] Built target ros2web_interfaces__py
[ 83%] Building C object CMakeFiles/ros2web_interfaces__rosidl_generator_py.dir/rosidl_generator_py/ros2web_interfaces/msg/_body_part_s.c.o
[ 85%] Building C object CMakeFiles/ros2web_interfaces__rosidl_generator_py.dir/rosidl_generator_py/ros2web_interfaces/msg/_ws_msg_data_s.c.o
[ 86%] Building C object CMakeFiles/ros2web_interfaces__rosidl_generator_py.dir/rosidl_generator_py/ros2web_interfaces/msg/_ws_msg_type_s.c.o
[ 87%] Building C object CMakeFiles/ros2web_interfaces__rosidl_generator_py.dir/rosidl_generator_py/ros2web_interfaces/msg/_ws_msg_s.c.o
[ 88%] Building C object CMakeFiles/ros2web_interfaces__rosidl_generator_py.dir/rosidl_generator_py/ros2web_interfaces/srv/_http_s.c.o
[ 89%] Building C object CMakeFiles/ros2web_interfaces__rosidl_generator_py.dir/rosidl_generator_py/ros2web_interfaces/srv/_ws_s.c.o
[ 90%] Building C object CMakeFiles/ros2web_interfaces__rosidl_generator_py.dir/rosidl_generator_py/ros2web_interfaces/msg/_http_status_code_s.c.o
[ 91%] Building C object CMakeFiles/ros2web_interfaces__rosidl_generator_py.dir/rosidl_generator_py/ros2web_interfaces/msg/_content_type_s.c.o
[ 93%] Linking C shared library rosidl_generator_py/ros2web_interfaces/libros2web_interfaces__rosidl_generator_py.so
[ 93%] Built target ros2web_interfaces__rosidl_generator_py
[ 94%] Building C object CMakeFiles/ros2web_interfaces__rosidl_typesupport_fastrtps_c__pyext.dir/rosidl_generator_py/ros2web_interfaces/_ros2web_interfaces_s.ep.rosidl_typesupport_fastrtps_c.c.o
[ 95%] Linking C shared library rosidl_generator_py/ros2web_interfaces/ros2web_interfaces_s__rosidl_typesupport_fastrtps_c.cpython-310-x86_64-linux-gnu.so
[ 95%] Built target ros2web_interfaces__rosidl_typesupport_fastrtps_c__pyext
[ 96%] Building C object CMakeFiles/ros2web_interfaces__rosidl_typesupport_c__pyext.dir/rosidl_generator_py/ros2web_interfaces/_ros2web_interfaces_s.ep.rosidl_typesupport_c.c.o
[ 97%] Linking C shared library rosidl_generator_py/ros2web_interfaces/ros2web_interfaces_s__rosidl_typesupport_c.cpython-310-x86_64-linux-gnu.so
[ 97%] Built target ros2web_interfaces__rosidl_typesupport_c__pyext
[ 98%] Building C object CMakeFiles/ros2web_interfaces__rosidl_typesupport_introspection_c__pyext.dir/rosidl_generator_py/ros2web_interfaces/_ros2web_interfaces_s.ep.rosidl_typesupport_introspection_c.c.o
[100%] Linking C shared library rosidl_generator_py/ros2web_interfaces/ros2web_interfaces_s__rosidl_typesupport_introspection_c.cpython-310-x86_64-linux-gnu.so
[100%] Built target ros2web_interfaces__rosidl_typesupport_introspection_c__pyext
-- Install configuration: ""
-- Execute custom install script
-- Symlinking: /root/ros2_workspace/install/ros2web_interfaces/share/ament_index/resource_index/rosidl_interfaces/ros2web_interfaces
-- Symlinking: /root/ros2_workspace/install/ros2web_interfaces/include/ros2web_interfaces/ros2web_interfaces/msg/body_part.h
-- Symlinking: /root/ros2_workspace/install/ros2web_interfaces/include/ros2web_interfaces/ros2web_interfaces/msg/content_type.h
-- Symlinking: /root/ros2_workspace/install/ros2web_interfaces/include/ros2web_interfaces/ros2web_interfaces/msg/detail/body_part__functions.h
-- Symlinking: /root/ros2_workspace/install/ros2web_interfaces/include/ros2web_interfaces/ros2web_interfaces/msg/detail/body_part__struct.h
-- Symlinking: /root/ros2_workspace/install/ros2web_interfaces/include/ros2web_interfaces/ros2web_interfaces/msg/detail/body_part__type_support.h
-- Symlinking: /root/ros2_workspace/install/ros2web_interfaces/include/ros2web_interfaces/ros2web_interfaces/msg/detail/content_type__functions.h
-- Symlinking: /root/ros2_workspace/install/ros2web_interfaces/include/ros2web_interfaces/ros2web_interfaces/msg/detail/content_type__struct.h
-- Symlinking: /root/ros2_workspace/install/ros2web_interfaces/include/ros2web_interfaces/ros2web_interfaces/msg/detail/content_type__type_support.h
-- Symlinking: /root/ros2_workspace/install/ros2web_interfaces/include/ros2web_interfaces/ros2web_interfaces/msg/detail/http_status_code__functions.h
-- Symlinking: /root/ros2_workspace/install/ros2web_interfaces/include/ros2web_interfaces/ros2web_interfaces/msg/detail/http_status_code__struct.h
-- Symlinking: /root/ros2_workspace/install/ros2web_interfaces/include/ros2web_interfaces/ros2web_interfaces/msg/detail/http_status_code__type_support.h
-- Symlinking: /root/ros2_workspace/install/ros2web_interfaces/include/ros2web_interfaces/ros2web_interfaces/msg/detail/ws_msg__functions.h
-- Symlinking: /root/ros2_workspace/install/ros2web_interfaces/include/ros2web_interfaces/ros2web_interfaces/msg/detail/ws_msg__struct.h
-- Symlinking: /root/ros2_workspace/install/ros2web_interfaces/include/ros2web_interfaces/ros2web_interfaces/msg/detail/ws_msg__type_support.h
-- Symlinking: /root/ros2_workspace/install/ros2web_interfaces/include/ros2web_interfaces/ros2web_interfaces/msg/detail/ws_msg_data__functions.h
-- Symlinking: /root/ros2_workspace/install/ros2web_interfaces/include/ros2web_interfaces/ros2web_interfaces/msg/detail/ws_msg_data__struct.h
-- Symlinking: /root/ros2_workspace/install/ros2web_interfaces/include/ros2web_interfaces/ros2web_interfaces/msg/detail/ws_msg_data__type_support.h
-- Symlinking: /root/ros2_workspace/install/ros2web_interfaces/include/ros2web_interfaces/ros2web_interfaces/msg/detail/ws_msg_type__functions.h
-- Symlinking: /root/ros2_workspace/install/ros2web_interfaces/include/ros2web_interfaces/ros2web_interfaces/msg/detail/ws_msg_type__struct.h
-- Symlinking: /root/ros2_workspace/install/ros2web_interfaces/include/ros2web_interfaces/ros2web_interfaces/msg/detail/ws_msg_type__type_support.h
-- Symlinking: /root/ros2_workspace/install/ros2web_interfaces/include/ros2web_interfaces/ros2web_interfaces/msg/http_status_code.h
-- Symlinking: /root/ros2_workspace/install/ros2web_interfaces/include/ros2web_interfaces/ros2web_interfaces/msg/rosidl_generator_c__visibility_control.h
-- Symlinking: /root/ros2_workspace/install/ros2web_interfaces/include/ros2web_interfaces/ros2web_interfaces/msg/ws_msg.h
-- Symlinking: /root/ros2_workspace/install/ros2web_interfaces/include/ros2web_interfaces/ros2web_interfaces/msg/ws_msg_data.h
-- Symlinking: /root/ros2_workspace/install/ros2web_interfaces/include/ros2web_interfaces/ros2web_interfaces/msg/ws_msg_type.h
-- Symlinking: /root/ros2_workspace/install/ros2web_interfaces/include/ros2web_interfaces/ros2web_interfaces/srv/detail/http__functions.h
-- Symlinking: /root/ros2_workspace/install/ros2web_interfaces/include/ros2web_interfaces/ros2web_interfaces/srv/detail/http__struct.h
-- Symlinking: /root/ros2_workspace/install/ros2web_interfaces/include/ros2web_interfaces/ros2web_interfaces/srv/detail/http__type_support.h
-- Symlinking: /root/ros2_workspace/install/ros2web_interfaces/include/ros2web_interfaces/ros2web_interfaces/srv/detail/ws__functions.h
-- Symlinking: /root/ros2_workspace/install/ros2web_interfaces/include/ros2web_interfaces/ros2web_interfaces/srv/detail/ws__struct.h
-- Symlinking: /root/ros2_workspace/install/ros2web_interfaces/include/ros2web_interfaces/ros2web_interfaces/srv/detail/ws__type_support.h
-- Symlinking: /root/ros2_workspace/install/ros2web_interfaces/include/ros2web_interfaces/ros2web_interfaces/srv/http.h
-- Symlinking: /root/ros2_workspace/install/ros2web_interfaces/include/ros2web_interfaces/ros2web_interfaces/srv/ws.h
-- Symlinking: /root/ros2_workspace/install/ros2web_interfaces/share/ros2web_interfaces/environment/library_path.sh
-- Symlinking: /root/ros2_workspace/install/ros2web_interfaces/share/ros2web_interfaces/environment/library_path.dsv
-- Symlinking: /root/ros2_workspace/install/ros2web_interfaces/include/ros2web_interfaces/ros2web_interfaces/msg/detail/body_part__rosidl_typesupport_fastrtps_c.h
-- Symlinking: /root/ros2_workspace/install/ros2web_interfaces/include/ros2web_interfaces/ros2web_interfaces/msg/detail/content_type__rosidl_typesupport_fastrtps_c.h
-- Symlinking: /root/ros2_workspace/install/ros2web_interfaces/include/ros2web_interfaces/ros2web_interfaces/msg/detail/http_status_code__rosidl_typesupport_fastrtps_c.h
-- Symlinking: /root/ros2_workspace/install/ros2web_interfaces/include/ros2web_interfaces/ros2web_interfaces/msg/detail/ws_msg__rosidl_typesupport_fastrtps_c.h
-- Symlinking: /root/ros2_workspace/install/ros2web_interfaces/include/ros2web_interfaces/ros2web_interfaces/msg/detail/ws_msg_data__rosidl_typesupport_fastrtps_c.h
-- Symlinking: /root/ros2_workspace/install/ros2web_interfaces/include/ros2web_interfaces/ros2web_interfaces/msg/detail/ws_msg_type__rosidl_typesupport_fastrtps_c.h
-- Symlinking: /root/ros2_workspace/install/ros2web_interfaces/include/ros2web_interfaces/ros2web_interfaces/msg/rosidl_typesupport_fastrtps_c__visibility_control.h
-- Symlinking: /root/ros2_workspace/install/ros2web_interfaces/include/ros2web_interfaces/ros2web_interfaces/srv/detail/http__rosidl_typesupport_fastrtps_c.h
-- Symlinking: /root/ros2_workspace/install/ros2web_interfaces/include/ros2web_interfaces/ros2web_interfaces/srv/detail/ws__rosidl_typesupport_fastrtps_c.h
-- Symlinking: /root/ros2_workspace/install/ros2web_interfaces/include/ros2web_interfaces/ros2web_interfaces/msg/detail/body_part__rosidl_typesupport_introspection_c.h
-- Symlinking: /root/ros2_workspace/install/ros2web_interfaces/include/ros2web_interfaces/ros2web_interfaces/msg/detail/content_type__rosidl_typesupport_introspection_c.h
-- Symlinking: /root/ros2_workspace/install/ros2web_interfaces/include/ros2web_interfaces/ros2web_interfaces/msg/detail/http_status_code__rosidl_typesupport_introspection_c.h
-- Symlinking: /root/ros2_workspace/install/ros2web_interfaces/include/ros2web_interfaces/ros2web_interfaces/msg/detail/ws_msg__rosidl_typesupport_introspection_c.h
-- Symlinking: /root/ros2_workspace/install/ros2web_interfaces/include/ros2web_interfaces/ros2web_interfaces/msg/detail/ws_msg_data__rosidl_typesupport_introspection_c.h
-- Symlinking: /root/ros2_workspace/install/ros2web_interfaces/include/ros2web_interfaces/ros2web_interfaces/msg/detail/ws_msg_type__rosidl_typesupport_introspection_c.h
-- Symlinking: /root/ros2_workspace/install/ros2web_interfaces/include/ros2web_interfaces/ros2web_interfaces/msg/rosidl_typesupport_introspection_c__visibility_control.h
-- Symlinking: /root/ros2_workspace/install/ros2web_interfaces/include/ros2web_interfaces/ros2web_interfaces/srv/detail/http__rosidl_typesupport_introspection_c.h
-- Symlinking: /root/ros2_workspace/install/ros2web_interfaces/include/ros2web_interfaces/ros2web_interfaces/srv/detail/ws__rosidl_typesupport_introspection_c.h
-- Symlinking: /root/ros2_workspace/install/ros2web_interfaces/include/ros2web_interfaces/ros2web_interfaces/msg/body_part.hpp
-- Symlinking: /root/ros2_workspace/install/ros2web_interfaces/include/ros2web_interfaces/ros2web_interfaces/msg/content_type.hpp
-- Symlinking: /root/ros2_workspace/install/ros2web_interfaces/include/ros2web_interfaces/ros2web_interfaces/msg/detail/body_part__builder.hpp
-- Symlinking: /root/ros2_workspace/install/ros2web_interfaces/include/ros2web_interfaces/ros2web_interfaces/msg/detail/body_part__struct.hpp
-- Symlinking: /root/ros2_workspace/install/ros2web_interfaces/include/ros2web_interfaces/ros2web_interfaces/msg/detail/body_part__traits.hpp
-- Symlinking: /root/ros2_workspace/install/ros2web_interfaces/include/ros2web_interfaces/ros2web_interfaces/msg/detail/body_part__type_support.hpp
-- Symlinking: /root/ros2_workspace/install/ros2web_interfaces/include/ros2web_interfaces/ros2web_interfaces/msg/detail/content_type__builder.hpp
-- Symlinking: /root/ros2_workspace/install/ros2web_interfaces/include/ros2web_interfaces/ros2web_interfaces/msg/detail/content_type__struct.hpp
-- Symlinking: /root/ros2_workspace/install/ros2web_interfaces/include/ros2web_interfaces/ros2web_interfaces/msg/detail/content_type__traits.hpp
-- Symlinking: /root/ros2_workspace/install/ros2web_interfaces/include/ros2web_interfaces/ros2web_interfaces/msg/detail/content_type__type_support.hpp
-- Symlinking: /root/ros2_workspace/install/ros2web_interfaces/include/ros2web_interfaces/ros2web_interfaces/msg/detail/http_status_code__builder.hpp
-- Symlinking: /root/ros2_workspace/install/ros2web_interfaces/include/ros2web_interfaces/ros2web_interfaces/msg/detail/http_status_code__struct.hpp
-- Symlinking: /root/ros2_workspace/install/ros2web_interfaces/include/ros2web_interfaces/ros2web_interfaces/msg/detail/http_status_code__traits.hpp
-- Symlinking: /root/ros2_workspace/install/ros2web_interfaces/include/ros2web_interfaces/ros2web_interfaces/msg/detail/http_status_code__type_support.hpp
-- Symlinking: /root/ros2_workspace/install/ros2web_interfaces/include/ros2web_interfaces/ros2web_interfaces/msg/detail/ws_msg__builder.hpp
-- Symlinking: /root/ros2_workspace/install/ros2web_interfaces/include/ros2web_interfaces/ros2web_interfaces/msg/detail/ws_msg__struct.hpp
-- Symlinking: /root/ros2_workspace/install/ros2web_interfaces/include/ros2web_interfaces/ros2web_interfaces/msg/detail/ws_msg__traits.hpp
-- Symlinking: /root/ros2_workspace/install/ros2web_interfaces/include/ros2web_interfaces/ros2web_interfaces/msg/detail/ws_msg__type_support.hpp
-- Symlinking: /root/ros2_workspace/install/ros2web_interfaces/include/ros2web_interfaces/ros2web_interfaces/msg/detail/ws_msg_data__builder.hpp
-- Symlinking: /root/ros2_workspace/install/ros2web_interfaces/include/ros2web_interfaces/ros2web_interfaces/msg/detail/ws_msg_data__struct.hpp
-- Symlinking: /root/ros2_workspace/install/ros2web_interfaces/include/ros2web_interfaces/ros2web_interfaces/msg/detail/ws_msg_data__traits.hpp
-- Symlinking: /root/ros2_workspace/install/ros2web_interfaces/include/ros2web_interfaces/ros2web_interfaces/msg/detail/ws_msg_data__type_support.hpp
-- Symlinking: /root/ros2_workspace/install/ros2web_interfaces/include/ros2web_interfaces/ros2web_interfaces/msg/detail/ws_msg_type__builder.hpp
-- Symlinking: /root/ros2_workspace/install/ros2web_interfaces/include/ros2web_interfaces/ros2web_interfaces/msg/detail/ws_msg_type__struct.hpp
-- Symlinking: /root/ros2_workspace/install/ros2web_interfaces/include/ros2web_interfaces/ros2web_interfaces/msg/detail/ws_msg_type__traits.hpp
-- Symlinking: /root/ros2_workspace/install/ros2web_interfaces/include/ros2web_interfaces/ros2web_interfaces/msg/detail/ws_msg_type__type_support.hpp
-- Symlinking: /root/ros2_workspace/install/ros2web_interfaces/include/ros2web_interfaces/ros2web_interfaces/msg/http_status_code.hpp
-- Symlinking: /root/ros2_workspace/install/ros2web_interfaces/include/ros2web_interfaces/ros2web_interfaces/msg/rosidl_generator_cpp__visibility_control.hpp
-- Symlinking: /root/ros2_workspace/install/ros2web_interfaces/include/ros2web_interfaces/ros2web_interfaces/msg/ws_msg.hpp
-- Symlinking: /root/ros2_workspace/install/ros2web_interfaces/include/ros2web_interfaces/ros2web_interfaces/msg/ws_msg_data.hpp
-- Symlinking: /root/ros2_workspace/install/ros2web_interfaces/include/ros2web_interfaces/ros2web_interfaces/msg/ws_msg_type.hpp
-- Symlinking: /root/ros2_workspace/install/ros2web_interfaces/include/ros2web_interfaces/ros2web_interfaces/srv/detail/http__builder.hpp
-- Symlinking: /root/ros2_workspace/install/ros2web_interfaces/include/ros2web_interfaces/ros2web_interfaces/srv/detail/http__struct.hpp
-- Symlinking: /root/ros2_workspace/install/ros2web_interfaces/include/ros2web_interfaces/ros2web_interfaces/srv/detail/http__traits.hpp
-- Symlinking: /root/ros2_workspace/install/ros2web_interfaces/include/ros2web_interfaces/ros2web_interfaces/srv/detail/http__type_support.hpp
-- Symlinking: /root/ros2_workspace/install/ros2web_interfaces/include/ros2web_interfaces/ros2web_interfaces/srv/detail/ws__builder.hpp
-- Symlinking: /root/ros2_workspace/install/ros2web_interfaces/include/ros2web_interfaces/ros2web_interfaces/srv/detail/ws__struct.hpp
-- Symlinking: /root/ros2_workspace/install/ros2web_interfaces/include/ros2web_interfaces/ros2web_interfaces/srv/detail/ws__traits.hpp
-- Symlinking: /root/ros2_workspace/install/ros2web_interfaces/include/ros2web_interfaces/ros2web_interfaces/srv/detail/ws__type_support.hpp
-- Symlinking: /root/ros2_workspace/install/ros2web_interfaces/include/ros2web_interfaces/ros2web_interfaces/srv/http.hpp
-- Symlinking: /root/ros2_workspace/install/ros2web_interfaces/include/ros2web_interfaces/ros2web_interfaces/srv/ws.hpp
-- Symlinking: /root/ros2_workspace/install/ros2web_interfaces/include/ros2web_interfaces/ros2web_interfaces/msg/detail/body_part__rosidl_typesupport_fastrtps_cpp.hpp
-- Symlinking: /root/ros2_workspace/install/ros2web_interfaces/include/ros2web_interfaces/ros2web_interfaces/msg/detail/content_type__rosidl_typesupport_fastrtps_cpp.hpp
-- Symlinking: /root/ros2_workspace/install/ros2web_interfaces/include/ros2web_interfaces/ros2web_interfaces/msg/detail/http_status_code__rosidl_typesupport_fastrtps_cpp.hpp
-- Symlinking: /root/ros2_workspace/install/ros2web_interfaces/include/ros2web_interfaces/ros2web_interfaces/msg/detail/ws_msg__rosidl_typesupport_fastrtps_cpp.hpp
-- Symlinking: /root/ros2_workspace/install/ros2web_interfaces/include/ros2web_interfaces/ros2web_interfaces/msg/detail/ws_msg_data__rosidl_typesupport_fastrtps_cpp.hpp
-- Symlinking: /root/ros2_workspace/install/ros2web_interfaces/include/ros2web_interfaces/ros2web_interfaces/msg/detail/ws_msg_type__rosidl_typesupport_fastrtps_cpp.hpp
-- Symlinking: /root/ros2_workspace/install/ros2web_interfaces/include/ros2web_interfaces/ros2web_interfaces/msg/rosidl_typesupport_fastrtps_cpp__visibility_control.h
-- Symlinking: /root/ros2_workspace/install/ros2web_interfaces/include/ros2web_interfaces/ros2web_interfaces/srv/detail/http__rosidl_typesupport_fastrtps_cpp.hpp
-- Symlinking: /root/ros2_workspace/install/ros2web_interfaces/include/ros2web_interfaces/ros2web_interfaces/srv/detail/ws__rosidl_typesupport_fastrtps_cpp.hpp
-- Symlinking: /root/ros2_workspace/install/ros2web_interfaces/include/ros2web_interfaces/ros2web_interfaces/msg/detail/body_part__rosidl_typesupport_introspection_cpp.hpp
-- Symlinking: /root/ros2_workspace/install/ros2web_interfaces/include/ros2web_interfaces/ros2web_interfaces/msg/detail/content_type__rosidl_typesupport_introspection_cpp.hpp
-- Symlinking: /root/ros2_workspace/install/ros2web_interfaces/include/ros2web_interfaces/ros2web_interfaces/msg/detail/http_status_code__rosidl_typesupport_introspection_cpp.hpp
-- Symlinking: /root/ros2_workspace/install/ros2web_interfaces/include/ros2web_interfaces/ros2web_interfaces/msg/detail/ws_msg__rosidl_typesupport_introspection_cpp.hpp
-- Symlinking: /root/ros2_workspace/install/ros2web_interfaces/include/ros2web_interfaces/ros2web_interfaces/msg/detail/ws_msg_data__rosidl_typesupport_introspection_cpp.hpp
-- Symlinking: /root/ros2_workspace/install/ros2web_interfaces/include/ros2web_interfaces/ros2web_interfaces/msg/detail/ws_msg_type__rosidl_typesupport_introspection_cpp.hpp
-- Symlinking: /root/ros2_workspace/install/ros2web_interfaces/include/ros2web_interfaces/ros2web_interfaces/srv/detail/http__rosidl_typesupport_introspection_cpp.hpp
-- Symlinking: /root/ros2_workspace/install/ros2web_interfaces/include/ros2web_interfaces/ros2web_interfaces/srv/detail/ws__rosidl_typesupport_introspection_cpp.hpp
-- Symlinking: /root/ros2_workspace/install/ros2web_interfaces/share/ros2web_interfaces/environment/pythonpath.sh
-- Symlinking: /root/ros2_workspace/install/ros2web_interfaces/share/ros2web_interfaces/environment/pythonpath.dsv
-- Symlinking: /root/ros2_workspace/install/ros2web_interfaces/local/lib/python3.10/dist-packages/ros2web_interfaces-0.1.0-py3.10.egg-info/PKG-INFO
-- Symlinking: /root/ros2_workspace/install/ros2web_interfaces/local/lib/python3.10/dist-packages/ros2web_interfaces-0.1.0-py3.10.egg-info/SOURCES.txt
-- Symlinking: /root/ros2_workspace/install/ros2web_interfaces/local/lib/python3.10/dist-packages/ros2web_interfaces-0.1.0-py3.10.egg-info/dependency_links.txt
-- Symlinking: /root/ros2_workspace/install/ros2web_interfaces/local/lib/python3.10/dist-packages/ros2web_interfaces-0.1.0-py3.10.egg-info/top_level.txt
-- Symlinking: /root/ros2_workspace/install/ros2web_interfaces/local/lib/python3.10/dist-packages/ros2web_interfaces/__init__.py
-- Symlinking: /root/ros2_workspace/install/ros2web_interfaces/local/lib/python3.10/dist-packages/ros2web_interfaces/_ros2web_interfaces_s.ep.rosidl_typesupport_c.c
-- Symlinking: /root/ros2_workspace/install/ros2web_interfaces/local/lib/python3.10/dist-packages/ros2web_interfaces/_ros2web_interfaces_s.ep.rosidl_typesupport_fastrtps_c.c
-- Symlinking: /root/ros2_workspace/install/ros2web_interfaces/local/lib/python3.10/dist-packages/ros2web_interfaces/_ros2web_interfaces_s.ep.rosidl_typesupport_introspection_c.c
-- Symlinking: /root/ros2_workspace/install/ros2web_interfaces/local/lib/python3.10/dist-packages/ros2web_interfaces/libros2web_interfaces__rosidl_generator_py.so
-- Symlinking: /root/ros2_workspace/install/ros2web_interfaces/local/lib/python3.10/dist-packages/ros2web_interfaces/msg/__init__.py
-- Symlinking: /root/ros2_workspace/install/ros2web_interfaces/local/lib/python3.10/dist-packages/ros2web_interfaces/msg/_body_part.py
-- Symlinking: /root/ros2_workspace/install/ros2web_interfaces/local/lib/python3.10/dist-packages/ros2web_interfaces/msg/_body_part_s.c
-- Symlinking: /root/ros2_workspace/install/ros2web_interfaces/local/lib/python3.10/dist-packages/ros2web_interfaces/msg/_content_type.py
-- Symlinking: /root/ros2_workspace/install/ros2web_interfaces/local/lib/python3.10/dist-packages/ros2web_interfaces/msg/_content_type_s.c
-- Symlinking: /root/ros2_workspace/install/ros2web_interfaces/local/lib/python3.10/dist-packages/ros2web_interfaces/msg/_http_status_code.py
-- Symlinking: /root/ros2_workspace/install/ros2web_interfaces/local/lib/python3.10/dist-packages/ros2web_interfaces/msg/_http_status_code_s.c
-- Symlinking: /root/ros2_workspace/install/ros2web_interfaces/local/lib/python3.10/dist-packages/ros2web_interfaces/msg/_ws_msg.py
-- Symlinking: /root/ros2_workspace/install/ros2web_interfaces/local/lib/python3.10/dist-packages/ros2web_interfaces/msg/_ws_msg_data.py
-- Symlinking: /root/ros2_workspace/install/ros2web_interfaces/local/lib/python3.10/dist-packages/ros2web_interfaces/msg/_ws_msg_data_s.c
-- Symlinking: /root/ros2_workspace/install/ros2web_interfaces/local/lib/python3.10/dist-packages/ros2web_interfaces/msg/_ws_msg_s.c
-- Symlinking: /root/ros2_workspace/install/ros2web_interfaces/local/lib/python3.10/dist-packages/ros2web_interfaces/msg/_ws_msg_type.py
-- Symlinking: /root/ros2_workspace/install/ros2web_interfaces/local/lib/python3.10/dist-packages/ros2web_interfaces/msg/_ws_msg_type_s.c
-- Symlinking: /root/ros2_workspace/install/ros2web_interfaces/local/lib/python3.10/dist-packages/ros2web_interfaces/ros2web_interfaces_s__rosidl_typesupport_c.cpython-310-x86_64-linux-gnu.so
-- Symlinking: /root/ros2_workspace/install/ros2web_interfaces/local/lib/python3.10/dist-packages/ros2web_interfaces/ros2web_interfaces_s__rosidl_typesupport_fastrtps_c.cpython-310-x86_64-linux-gnu.so
-- Symlinking: /root/ros2_workspace/install/ros2web_interfaces/local/lib/python3.10/dist-packages/ros2web_interfaces/ros2web_interfaces_s__rosidl_typesupport_introspection_c.cpython-310-x86_64-linux-gnu.so
-- Symlinking: /root/ros2_workspace/install/ros2web_interfaces/local/lib/python3.10/dist-packages/ros2web_interfaces/srv/__init__.py
-- Symlinking: /root/ros2_workspace/install/ros2web_interfaces/local/lib/python3.10/dist-packages/ros2web_interfaces/srv/_http.py
-- Symlinking: /root/ros2_workspace/install/ros2web_interfaces/local/lib/python3.10/dist-packages/ros2web_interfaces/srv/_http_s.c
-- Symlinking: /root/ros2_workspace/install/ros2web_interfaces/local/lib/python3.10/dist-packages/ros2web_interfaces/srv/_ws.py
-- Symlinking: /root/ros2_workspace/install/ros2web_interfaces/local/lib/python3.10/dist-packages/ros2web_interfaces/srv/_ws_s.c
-- Up-to-date symlink: /root/ros2_workspace/install/ros2web_interfaces/local/lib/python3.10/dist-packages/ros2web_interfaces/ros2web_interfaces_s__rosidl_typesupport_fastrtps_c.cpython-310-x86_64-linux-gnu.so
-- Up-to-date symlink: /root/ros2_workspace/install/ros2web_interfaces/local/lib/python3.10/dist-packages/ros2web_interfaces/ros2web_interfaces_s__rosidl_typesupport_introspection_c.cpython-310-x86_64-linux-gnu.so
-- Up-to-date symlink: /root/ros2_workspace/install/ros2web_interfaces/local/lib/python3.10/dist-packages/ros2web_interfaces/ros2web_interfaces_s__rosidl_typesupport_c.cpython-310-x86_64-linux-gnu.so
-- Symlinking: /root/ros2_workspace/install/ros2web_interfaces/share/ros2web_interfaces/msg/BodyPart.idl
-- Symlinking: /root/ros2_workspace/install/ros2web_interfaces/share/ros2web_interfaces/msg/ContentType.idl
-- Symlinking: /root/ros2_workspace/install/ros2web_interfaces/share/ros2web_interfaces/msg/HTTPStatusCode.idl
-- Symlinking: /root/ros2_workspace/install/ros2web_interfaces/share/ros2web_interfaces/msg/WSMsgData.idl
-- Symlinking: /root/ros2_workspace/install/ros2web_interfaces/share/ros2web_interfaces/msg/WSMsgType.idl
-- Symlinking: /root/ros2_workspace/install/ros2web_interfaces/share/ros2web_interfaces/msg/WSMsg.idl
-- Symlinking: /root/ros2_workspace/install/ros2web_interfaces/share/ros2web_interfaces/srv/HTTP.idl
-- Symlinking: /root/ros2_workspace/install/ros2web_interfaces/share/ros2web_interfaces/srv/WS.idl
-- Symlinking: /root/ros2_workspace/install/ros2web_interfaces/share/ros2web_interfaces/msg/BodyPart.msg
-- Symlinking: /root/ros2_workspace/install/ros2web_interfaces/share/ros2web_interfaces/msg/ContentType.msg
-- Symlinking: /root/ros2_workspace/install/ros2web_interfaces/share/ros2web_interfaces/msg/HTTPStatusCode.msg
-- Symlinking: /root/ros2_workspace/install/ros2web_interfaces/share/ros2web_interfaces/msg/WSMsgData.msg
-- Symlinking: /root/ros2_workspace/install/ros2web_interfaces/share/ros2web_interfaces/msg/WSMsgType.msg
-- Symlinking: /root/ros2_workspace/install/ros2web_interfaces/share/ros2web_interfaces/msg/WSMsg.msg
-- Symlinking: /root/ros2_workspace/install/ros2web_interfaces/share/ros2web_interfaces/srv/HTTP.srv
-- Symlinking: /root/ros2_workspace/install/ros2web_interfaces/share/ros2web_interfaces/srv/HTTP_Request.msg
-- Symlinking: /root/ros2_workspace/install/ros2web_interfaces/share/ros2web_interfaces/srv/HTTP_Response.msg
-- Symlinking: /root/ros2_workspace/install/ros2web_interfaces/share/ros2web_interfaces/srv/WS.srv
-- Symlinking: /root/ros2_workspace/install/ros2web_interfaces/share/ros2web_interfaces/srv/WS_Request.msg
-- Symlinking: /root/ros2_workspace/install/ros2web_interfaces/share/ros2web_interfaces/srv/WS_Response.msg
-- Symlinking: /root/ros2_workspace/install/ros2web_interfaces/share/ament_index/resource_index/package_run_dependencies/ros2web_interfaces
-- Symlinking: /root/ros2_workspace/install/ros2web_interfaces/share/ament_index/resource_index/parent_prefix_path/ros2web_interfaces
-- Symlinking: /root/ros2_workspace/install/ros2web_interfaces/share/ros2web_interfaces/environment/ament_prefix_path.sh
-- Symlinking: /root/ros2_workspace/install/ros2web_interfaces/share/ros2web_interfaces/environment/ament_prefix_path.dsv
-- Symlinking: /root/ros2_workspace/install/ros2web_interfaces/share/ros2web_interfaces/environment/path.sh
-- Symlinking: /root/ros2_workspace/install/ros2web_interfaces/share/ros2web_interfaces/environment/path.dsv
-- Symlinking: /root/ros2_workspace/install/ros2web_interfaces/share/ros2web_interfaces/local_setup.bash
-- Symlinking: /root/ros2_workspace/install/ros2web_interfaces/share/ros2web_interfaces/local_setup.sh
-- Symlinking: /root/ros2_workspace/install/ros2web_interfaces/share/ros2web_interfaces/local_setup.zsh
-- Symlinking: /root/ros2_workspace/install/ros2web_interfaces/share/ros2web_interfaces/local_setup.dsv
-- Symlinking: /root/ros2_workspace/install/ros2web_interfaces/share/ros2web_interfaces/package.dsv
-- Symlinking: /root/ros2_workspace/install/ros2web_interfaces/share/ament_index/resource_index/packages/ros2web_interfaces
-- Symlinking: /root/ros2_workspace/install/ros2web_interfaces/share/ros2web_interfaces/cmake/rosidl_cmake-extras.cmake
-- Symlinking: /root/ros2_workspace/install/ros2web_interfaces/share/ros2web_interfaces/cmake/ament_cmake_export_include_directories-extras.cmake
-- Symlinking: /root/ros2_workspace/install/ros2web_interfaces/share/ros2web_interfaces/cmake/ament_cmake_export_libraries-extras.cmake
-- Symlinking: /root/ros2_workspace/install/ros2web_interfaces/share/ros2web_interfaces/cmake/ament_cmake_export_targets-extras.cmake
-- Symlinking: /root/ros2_workspace/install/ros2web_interfaces/share/ros2web_interfaces/cmake/rosidl_cmake_export_typesupport_targets-extras.cmake
-- Symlinking: /root/ros2_workspace/install/ros2web_interfaces/share/ros2web_interfaces/cmake/ament_cmake_export_dependencies-extras.cmake
-- Symlinking: /root/ros2_workspace/install/ros2web_interfaces/share/ros2web_interfaces/cmake/rosidl_cmake_export_typesupport_libraries-extras.cmake
-- Symlinking: /root/ros2_workspace/install/ros2web_interfaces/share/ros2web_interfaces/cmake/ros2web_interfacesConfig.cmake
-- Symlinking: /root/ros2_workspace/install/ros2web_interfaces/share/ros2web_interfaces/cmake/ros2web_interfacesConfig-version.cmake
-- Symlinking: /root/ros2_workspace/install/ros2web_interfaces/share/ros2web_interfaces/package.xml
-- Installing: /root/ros2_workspace/install/ros2web_interfaces/lib/libros2web_interfaces__rosidl_generator_c.so
-- Set runtime path of "/root/ros2_workspace/install/ros2web_interfaces/lib/libros2web_interfaces__rosidl_generator_c.so" to ""
-- Installing: /root/ros2_workspace/install/ros2web_interfaces/lib/libros2web_interfaces__rosidl_typesupport_fastrtps_c.so
-- Set runtime path of "/root/ros2_workspace/install/ros2web_interfaces/lib/libros2web_interfaces__rosidl_typesupport_fastrtps_c.so" to ""
-- Installing: /root/ros2_workspace/install/ros2web_interfaces/lib/libros2web_interfaces__rosidl_typesupport_introspection_c.so
-- Set runtime path of "/root/ros2_workspace/install/ros2web_interfaces/lib/libros2web_interfaces__rosidl_typesupport_introspection_c.so" to ""
-- Installing: /root/ros2_workspace/install/ros2web_interfaces/lib/libros2web_interfaces__rosidl_typesupport_c.so
-- Set runtime path of "/root/ros2_workspace/install/ros2web_interfaces/lib/libros2web_interfaces__rosidl_typesupport_c.so" to ""
-- Installing: /root/ros2_workspace/install/ros2web_interfaces/lib/libros2web_interfaces__rosidl_typesupport_fastrtps_cpp.so
-- Set runtime path of "/root/ros2_workspace/install/ros2web_interfaces/lib/libros2web_interfaces__rosidl_typesupport_fastrtps_cpp.so" to ""
-- Installing: /root/ros2_workspace/install/ros2web_interfaces/lib/libros2web_interfaces__rosidl_typesupport_introspection_cpp.so
-- Set runtime path of "/root/ros2_workspace/install/ros2web_interfaces/lib/libros2web_interfaces__rosidl_typesupport_introspection_cpp.so" to ""
-- Installing: /root/ros2_workspace/install/ros2web_interfaces/lib/libros2web_interfaces__rosidl_typesupport_cpp.so
-- Set runtime path of "/root/ros2_workspace/install/ros2web_interfaces/lib/libros2web_interfaces__rosidl_typesupport_cpp.so" to ""
Listing '/root/ros2_workspace/install/ros2web_interfaces/local/lib/python3.10/dist-packages/ros2web_interfaces'...
Compiling '/root/ros2_workspace/install/ros2web_interfaces/local/lib/python3.10/dist-packages/ros2web_interfaces/__init__.py'...
Listing '/root/ros2_workspace/install/ros2web_interfaces/local/lib/python3.10/dist-packages/ros2web_interfaces/msg'...
Compiling '/root/ros2_workspace/install/ros2web_interfaces/local/lib/python3.10/dist-packages/ros2web_interfaces/msg/__init__.py'...
Compiling '/root/ros2_workspace/install/ros2web_interfaces/local/lib/python3.10/dist-packages/ros2web_interfaces/msg/_body_part.py'...
Compiling '/root/ros2_workspace/install/ros2web_interfaces/local/lib/python3.10/dist-packages/ros2web_interfaces/msg/_content_type.py'...
Compiling '/root/ros2_workspace/install/ros2web_interfaces/local/lib/python3.10/dist-packages/ros2web_interfaces/msg/_http_status_code.py'...
Compiling '/root/ros2_workspace/install/ros2web_interfaces/local/lib/python3.10/dist-packages/ros2web_interfaces/msg/_ws_msg.py'...
Compiling '/root/ros2_workspace/install/ros2web_interfaces/local/lib/python3.10/dist-packages/ros2web_interfaces/msg/_ws_msg_data.py'...
Compiling '/root/ros2_workspace/install/ros2web_interfaces/local/lib/python3.10/dist-packages/ros2web_interfaces/msg/_ws_msg_type.py'...
Listing '/root/ros2_workspace/install/ros2web_interfaces/local/lib/python3.10/dist-packages/ros2web_interfaces/srv'...
Compiling '/root/ros2_workspace/install/ros2web_interfaces/local/lib/python3.10/dist-packages/ros2web_interfaces/srv/__init__.py'...
Compiling '/root/ros2_workspace/install/ros2web_interfaces/local/lib/python3.10/dist-packages/ros2web_interfaces/srv/_http.py'...
Compiling '/root/ros2_workspace/install/ros2web_interfaces/local/lib/python3.10/dist-packages/ros2web_interfaces/srv/_ws.py'...
-- Installing: /root/ros2_workspace/install/ros2web_interfaces/lib/libros2web_interfaces__rosidl_generator_py.so
-- Set runtime path of "/root/ros2_workspace/install/ros2web_interfaces/lib/libros2web_interfaces__rosidl_generator_py.so" to ""
-- Installing: /root/ros2_workspace/install/ros2web_interfaces/share/ros2web_interfaces/cmake/export_ros2web_interfaces__rosidl_generator_cExport.cmake
-- Installing: /root/ros2_workspace/install/ros2web_interfaces/share/ros2web_interfaces/cmake/export_ros2web_interfaces__rosidl_generator_cExport-noconfig.cmake
-- Installing: /root/ros2_workspace/install/ros2web_interfaces/share/ros2web_interfaces/cmake/export_ros2web_interfaces__rosidl_typesupport_fastrtps_cExport.cmake
-- Installing: /root/ros2_workspace/install/ros2web_interfaces/share/ros2web_interfaces/cmake/export_ros2web_interfaces__rosidl_typesupport_fastrtps_cExport-noconfig.cmake
-- Installing: /root/ros2_workspace/install/ros2web_interfaces/share/ros2web_interfaces/cmake/ros2web_interfaces__rosidl_typesupport_introspection_cExport.cmake
-- Installing: /root/ros2_workspace/install/ros2web_interfaces/share/ros2web_interfaces/cmake/ros2web_interfaces__rosidl_typesupport_introspection_cExport-noconfig.cmake
-- Installing: /root/ros2_workspace/install/ros2web_interfaces/share/ros2web_interfaces/cmake/ros2web_interfaces__rosidl_typesupport_cExport.cmake
-- Installing: /root/ros2_workspace/install/ros2web_interfaces/share/ros2web_interfaces/cmake/ros2web_interfaces__rosidl_typesupport_cExport-noconfig.cmake
-- Installing: /root/ros2_workspace/install/ros2web_interfaces/share/ros2web_interfaces/cmake/export_ros2web_interfaces__rosidl_generator_cppExport.cmake
-- Installing: /root/ros2_workspace/install/ros2web_interfaces/share/ros2web_interfaces/cmake/export_ros2web_interfaces__rosidl_typesupport_fastrtps_cppExport.cmake
-- Installing: /root/ros2_workspace/install/ros2web_interfaces/share/ros2web_interfaces/cmake/export_ros2web_interfaces__rosidl_typesupport_fastrtps_cppExport-noconfig.cmake
-- Installing: /root/ros2_workspace/install/ros2web_interfaces/share/ros2web_interfaces/cmake/ros2web_interfaces__rosidl_typesupport_introspection_cppExport.cmake
-- Installing: /root/ros2_workspace/install/ros2web_interfaces/share/ros2web_interfaces/cmake/ros2web_interfaces__rosidl_typesupport_introspection_cppExport-noconfig.cmake
-- Installing: /root/ros2_workspace/install/ros2web_interfaces/share/ros2web_interfaces/cmake/ros2web_interfaces__rosidl_typesupport_cppExport.cmake
-- Installing: /root/ros2_workspace/install/ros2web_interfaces/share/ros2web_interfaces/cmake/ros2web_interfaces__rosidl_typesupport_cppExport-noconfig.cmake
-- Installing: /root/ros2_workspace/install/ros2web_interfaces/share/ros2web_interfaces/cmake/export_ros2web_interfaces__rosidl_generator_pyExport.cmake
-- Installing: /root/ros2_workspace/install/ros2web_interfaces/share/ros2web_interfaces/cmake/export_ros2web_interfaces__rosidl_generator_pyExport-noconfig.cmake
