[0.042s] Invoking command in '/root/ros2_workspace/build/roarm_moveit_ikfast_plugins': CMAKE_PREFIX_PATH=/opt/ros/humble /usr/bin/cmake /root/ros2_workspace/src/roarm_ws_em0/src/roarm_main/roarm_moveit_ikfast_plugins -DAMENT_CMAKE_SYMLINK_INSTALL=1 -DCMAKE_INSTALL_PREFIX=/root/ros2_workspace/install/roarm_moveit_ikfast_plugins
[0.204s] -- The C compiler identification is GNU 11.4.0
[0.315s] -- The CXX compiler identification is GNU 11.4.0
[0.342s] -- Detecting C compiler ABI info
[0.550s] -- Detecting C compiler ABI info - done
[0.551s] -- Check for working C compiler: /usr/bin/cc - skipped
[0.562s] -- Detecting C compile features
[0.562s] -- Detecting C compile features - done
[0.566s] -- Detecting CXX compiler ABI info
[0.830s] -- Detecting CXX compiler ABI info - done
[0.831s] -- Check for working CXX compiler: /usr/bin/c++ - skipped
[0.831s] -- Detecting CXX compile features
[0.832s] -- Detecting CXX compile features - done
[0.835s] -- Found ament_cmake: 1.3.11 (/opt/ros/humble/share/ament_cmake/cmake)
[1.152s] -- Found Python3: /usr/bin/python3 (found version "3.10.12") found components: Interpreter 
[1.266s] -- Override CMake install command with custom implementation using symlinks instead of copying resources
[1.281s] -- Found moveit_core: 2.5.9 (/opt/ros/humble/share/moveit_core/cmake)
[1.518s] -- Found Boost: /usr/lib/x86_64-linux-gnu/cmake/Boost-1.74.0/BoostConfig.cmake (found version "1.74.0") found components: chrono date_time filesystem iostreams program_options regex serialization system thread 
[1.604s] -- Found parameter_traits: 0.4.0 (/opt/ros/humble/share/parameter_traits/cmake)
[1.674s] -- Found rosidl_generator_c: 3.1.6 (/opt/ros/humble/share/rosidl_generator_c/cmake)
[1.679s] -- Found rosidl_adapter: 3.1.6 (/opt/ros/humble/share/rosidl_adapter/cmake)
[1.686s] -- Found rosidl_generator_cpp: 3.1.6 (/opt/ros/humble/share/rosidl_generator_cpp/cmake)
[1.722s] -- Using all available rosidl_typesupport_c: rosidl_typesupport_fastrtps_c;rosidl_typesupport_introspection_c
[1.750s] -- Using all available rosidl_typesupport_cpp: rosidl_typesupport_fastrtps_cpp;rosidl_typesupport_introspection_cpp
[1.830s] -- Found rmw_implementation_cmake: 6.1.2 (/opt/ros/humble/share/rmw_implementation_cmake/cmake)
[1.845s] -- Found rmw_fastrtps_cpp: 6.2.7 (/opt/ros/humble/share/rmw_fastrtps_cpp/cmake)
[2.203s] -- Found OpenSSL: /usr/lib/x86_64-linux-gnu/libcrypto.so (found version "3.0.2")  
[2.238s] -- Found FastRTPS: /opt/ros/humble/include  
[2.326s] -- Using RMW implementation 'rmw_fastrtps_cpp' as default
[2.344s] -- Found Threads: TRUE  
[2.457s] -- Found Eigen3: TRUE (found version "3.4.0") 
[2.459s] -- Found rclcpp_lifecycle: 16.0.12 (/opt/ros/humble/share/rclcpp_lifecycle/cmake)
[2.519s] -- Found Boost: /usr/lib/x86_64-linux-gnu/cmake/Boost-1.74.0/BoostConfig.cmake (found version "1.74.0") found components: filesystem 
[2.906s] -- library: /usr/lib/x86_64-linux-gnu/libcurl.so
[3.023s] -- Ensuring Eigen3 include directory is part of orocos-kdl CMake target
[3.360s] -- Looking for sgemm_
[3.482s] -- Looking for sgemm_ - not found
[3.526s] -- Looking for sgemm_
[3.689s] -- Looking for sgemm_ - found
[3.689s] -- Found BLAS: /usr/lib/x86_64-linux-gnu/libblas.so  
[3.689s] -- Looking for cheev_
[3.910s] -- Looking for cheev_ - not found
[3.928s] -- Looking for cheev_
[4.112s] -- Looking for cheev_ - not found
[4.112s] -- Looking for cheev_
[4.264s] -- Looking for cheev_ - found
[4.264s] -- Found LAPACK: /usr/lib/x86_64-linux-gnu/liblapack.so;/usr/lib/x86_64-linux-gnu/libblas.so  
[4.351s] -- Configuring done
[4.381s] -- Generating done
[4.389s] -- Build files have been written to: /root/ros2_workspace/build/roarm_moveit_ikfast_plugins
[4.405s] Invoked command in '/root/ros2_workspace/build/roarm_moveit_ikfast_plugins' returned '0': CMAKE_PREFIX_PATH=/opt/ros/humble /usr/bin/cmake /root/ros2_workspace/src/roarm_ws_em0/src/roarm_main/roarm_moveit_ikfast_plugins -DAMENT_CMAKE_SYMLINK_INSTALL=1 -DCMAKE_INSTALL_PREFIX=/root/ros2_workspace/install/roarm_moveit_ikfast_plugins
[4.406s] Invoking command in '/root/ros2_workspace/build/roarm_moveit_ikfast_plugins': CMAKE_PREFIX_PATH=/opt/ros/humble /usr/bin/cmake --build /root/ros2_workspace/build/roarm_moveit_ikfast_plugins -- -j4 -l4
[4.491s] [ 50%] Building CXX object CMakeFiles/roarm_description_hand_moveit_ikfast_plugin.dir/src/roarm_description_hand_ikfast_moveit_plugin.cpp.o
[14.391s] [100%] Linking CXX shared library libroarm_description_hand_moveit_ikfast_plugin.so
[14.681s] [100%] Built target roarm_description_hand_moveit_ikfast_plugin
[14.691s] Invoked command in '/root/ros2_workspace/build/roarm_moveit_ikfast_plugins' returned '0': CMAKE_PREFIX_PATH=/opt/ros/humble /usr/bin/cmake --build /root/ros2_workspace/build/roarm_moveit_ikfast_plugins -- -j4 -l4
[14.692s] Invoking command in '/root/ros2_workspace/build/roarm_moveit_ikfast_plugins': CMAKE_PREFIX_PATH=/opt/ros/humble /usr/bin/cmake --install /root/ros2_workspace/build/roarm_moveit_ikfast_plugins
[14.698s] -- Install configuration: ""
[14.698s] -- Execute custom install script
[14.699s] -- Symlinking: /root/ros2_workspace/install/roarm_moveit_ikfast_plugins/share/roarm_moveit_ikfast_plugins//roarm_description_hand_moveit_ikfast_plugin_description.xml
[14.707s] -- Symlinking: /root/ros2_workspace/install/roarm_moveit_ikfast_plugins/share/roarm_moveit_ikfast_plugins/environment/library_path.sh
[14.714s] -- Symlinking: /root/ros2_workspace/install/roarm_moveit_ikfast_plugins/share/roarm_moveit_ikfast_plugins/environment/library_path.dsv
[14.721s] -- Symlinking: /root/ros2_workspace/install/roarm_moveit_ikfast_plugins/share/ament_index/resource_index/package_run_dependencies/roarm_moveit_ikfast_plugins
[14.728s] -- Symlinking: /root/ros2_workspace/install/roarm_moveit_ikfast_plugins/share/ament_index/resource_index/parent_prefix_path/roarm_moveit_ikfast_plugins
[14.735s] -- Symlinking: /root/ros2_workspace/install/roarm_moveit_ikfast_plugins/share/roarm_moveit_ikfast_plugins/environment/ament_prefix_path.sh
[14.741s] -- Symlinking: /root/ros2_workspace/install/roarm_moveit_ikfast_plugins/share/roarm_moveit_ikfast_plugins/environment/ament_prefix_path.dsv
[14.748s] -- Symlinking: /root/ros2_workspace/install/roarm_moveit_ikfast_plugins/share/roarm_moveit_ikfast_plugins/environment/path.sh
[14.755s] -- Symlinking: /root/ros2_workspace/install/roarm_moveit_ikfast_plugins/share/roarm_moveit_ikfast_plugins/environment/path.dsv
[14.761s] -- Symlinking: /root/ros2_workspace/install/roarm_moveit_ikfast_plugins/share/roarm_moveit_ikfast_plugins/local_setup.bash
[14.769s] -- Symlinking: /root/ros2_workspace/install/roarm_moveit_ikfast_plugins/share/roarm_moveit_ikfast_plugins/local_setup.sh
[14.777s] -- Symlinking: /root/ros2_workspace/install/roarm_moveit_ikfast_plugins/share/roarm_moveit_ikfast_plugins/local_setup.zsh
[14.784s] -- Symlinking: /root/ros2_workspace/install/roarm_moveit_ikfast_plugins/share/roarm_moveit_ikfast_plugins/local_setup.dsv
[14.791s] -- Symlinking: /root/ros2_workspace/install/roarm_moveit_ikfast_plugins/share/roarm_moveit_ikfast_plugins/package.dsv
[14.800s] -- Symlinking: /root/ros2_workspace/install/roarm_moveit_ikfast_plugins/share/ament_index/resource_index/packages/roarm_moveit_ikfast_plugins
[14.810s] -- Symlinking: /root/ros2_workspace/install/roarm_moveit_ikfast_plugins/share/ament_index/resource_index/moveit_core__pluginlib__plugin/roarm_moveit_ikfast_plugins
[14.818s] -- Symlinking: /root/ros2_workspace/install/roarm_moveit_ikfast_plugins/share/roarm_moveit_ikfast_plugins/cmake/ament_cmake_export_targets-extras.cmake
[14.826s] -- Symlinking: /root/ros2_workspace/install/roarm_moveit_ikfast_plugins/share/roarm_moveit_ikfast_plugins/cmake/ament_cmake_export_dependencies-extras.cmake
[14.833s] -- Symlinking: /root/ros2_workspace/install/roarm_moveit_ikfast_plugins/share/roarm_moveit_ikfast_plugins/cmake/roarm_moveit_ikfast_pluginsConfig.cmake
[14.841s] -- Symlinking: /root/ros2_workspace/install/roarm_moveit_ikfast_plugins/share/roarm_moveit_ikfast_plugins/cmake/roarm_moveit_ikfast_pluginsConfig-version.cmake
[14.848s] -- Symlinking: /root/ros2_workspace/install/roarm_moveit_ikfast_plugins/share/roarm_moveit_ikfast_plugins/package.xml
[14.855s] -- Installing: /root/ros2_workspace/install/roarm_moveit_ikfast_plugins/lib/libroarm_description_hand_moveit_ikfast_plugin.so
[14.857s] -- Set runtime path of "/root/ros2_workspace/install/roarm_moveit_ikfast_plugins/lib/libroarm_description_hand_moveit_ikfast_plugin.so" to ""
[14.857s] -- Installing: /root/ros2_workspace/install/roarm_moveit_ikfast_plugins/share/roarm_moveit_ikfast_plugins/cmake/export_roarm_moveit_ikfast_pluginsExport.cmake
[14.857s] -- Installing: /root/ros2_workspace/install/roarm_moveit_ikfast_plugins/share/roarm_moveit_ikfast_plugins/cmake/export_roarm_moveit_ikfast_pluginsExport-noconfig.cmake
[14.859s] Invoked command in '/root/ros2_workspace/build/roarm_moveit_ikfast_plugins' returned '0': CMAKE_PREFIX_PATH=/opt/ros/humble /usr/bin/cmake --install /root/ros2_workspace/build/roarm_moveit_ikfast_plugins
