[0.006s] Invoking command in '/root/ros2_workspace/build/xarm_6_description': /usr/bin/cmake /root/ros2_workspace/src/xarm_6_description -DAMENT_CMAKE_SYMLINK_INSTALL=1 -DCMAKE_INSTALL_PREFIX=/root/ros2_workspace/install/xarm_6_description
[0.073s] -- The C compiler identification is GNU 11.4.0
[0.129s] -- The CXX compiler identification is GNU 11.4.0
[0.137s] -- Detecting C compiler ABI info
[0.211s] -- Detecting C compiler ABI info - done
[0.217s] -- Check for working C compiler: /usr/bin/cc - skipped
[0.217s] -- Detecting C compile features
[0.218s] -- Detecting C compile features - done
[0.220s] -- Detecting CXX compiler ABI info
[0.291s] -- Detecting CXX compiler ABI info - done
[0.298s] -- Check for working CXX compiler: /usr/bin/c++ - skipped
[0.298s] -- Detecting CXX compile features
[0.298s] -- Detecting CXX compile features - done
[0.306s] CMake Error at CMakeLists.txt:9 (find_package):
[0.306s]   By not providing "Findament_cmake.cmake" in CMAKE_MODULE_PATH this project
[0.306s]   has asked CMake to find a package configuration file provided by
[0.306s]   "ament_cmake", but CMake did not find one.
[0.306s] 
[0.306s]   Could not find a package configuration file provided by "ament_cmake" with
[0.307s]   any of the following names:
[0.307s] 
[0.307s]     ament_cmakeConfig.cmake
[0.307s]     ament_cmake-config.cmake
[0.307s] 
[0.307s]   Add the installation prefix of "ament_cmake" to CMAKE_PREFIX_PATH or set
[0.307s]   "ament_cmake_DIR" to a directory containing one of the above files.  If
[0.307s]   "ament_cmake" provides a separate development package or SDK, be sure it
[0.307s]   has been installed.
[0.307s] 
[0.307s] 
[0.307s] -- Configuring incomplete, errors occurred!
[0.307s] See also "/root/ros2_workspace/build/xarm_6_description/CMakeFiles/CMakeOutput.log".
[0.311s] Invoked command in '/root/ros2_workspace/build/xarm_6_description' returned '1': /usr/bin/cmake /root/ros2_workspace/src/xarm_6_description -DAMENT_CMAKE_SYMLINK_INSTALL=1 -DCMAKE_INSTALL_PREFIX=/root/ros2_workspace/install/xarm_6_description
