[0.009s] Invoking command in '/root/ros2_workspace/build/roarm_description': CMAKE_PREFIX_PATH=/opt/ros/humble /usr/bin/cmake /root/ros2_workspace/src/roarm_ws_em0/src/roarm_main/roarm_description -DCMAKE_INSTALL_PREFIX=/root/ros2_workspace/install/roarm_description
[0.130s] -- The C compiler identification is GNU 11.4.0
[0.232s] -- The CXX compiler identification is GNU 11.4.0
[0.239s] -- Detecting C compiler ABI info
[0.315s] -- Detecting C compiler ABI info - done
[0.323s] -- Check for working C compiler: /usr/bin/cc - skipped
[0.323s] -- Detecting C compile features
[0.324s] -- Detecting C compile features - done
[0.328s] -- Detecting CXX compiler ABI info
[0.415s] -- Detecting CXX compiler ABI info - done
[0.422s] -- Check for working CXX compiler: /usr/bin/c++ - skipped
[0.422s] -- Detecting CXX compile features
[0.423s] -- Detecting CXX compile features - done
[0.426s] -- Found ament_cmake: 1.3.11 (/opt/ros/humble/share/ament_cmake/cmake)
[0.596s] -- Found Python3: /usr/bin/python3 (found version "3.10.12") found components: Interpreter 
[0.696s] -- Found ament_lint_auto: 0.12.12 (/opt/ros/humble/share/ament_lint_auto/cmake)
[0.777s] -- Added test 'flake8' to check Python code syntax and style conventions
[0.778s] -- Added test 'lint_cmake' to check CMake code style
[0.779s] -- Added test 'pep257' to check Python code against some of the docstring style conventions in PEP 257
[0.780s] -- Added test 'xmllint' to check XML markup files
[0.782s] -- Configuring done
[0.785s] -- Generating done
[0.787s] -- Build files have been written to: /root/ros2_workspace/build/roarm_description
[0.794s] Invoked command in '/root/ros2_workspace/build/roarm_description' returned '0': CMAKE_PREFIX_PATH=/opt/ros/humble /usr/bin/cmake /root/ros2_workspace/src/roarm_ws_em0/src/roarm_main/roarm_description -DCMAKE_INSTALL_PREFIX=/root/ros2_workspace/install/roarm_description
[0.794s] Invoking command in '/root/ros2_workspace/build/roarm_description': CMAKE_PREFIX_PATH=/opt/ros/humble /usr/bin/cmake --build /root/ros2_workspace/build/roarm_description -- -j4 -l4
[0.834s] Invoked command in '/root/ros2_workspace/build/roarm_description' returned '0': CMAKE_PREFIX_PATH=/opt/ros/humble /usr/bin/cmake --build /root/ros2_workspace/build/roarm_description -- -j4 -l4
[0.844s] Invoking command in '/root/ros2_workspace/build/roarm_description': CMAKE_PREFIX_PATH=/opt/ros/humble /usr/bin/cmake --install /root/ros2_workspace/build/roarm_description
[0.852s] -- Install configuration: ""
[0.852s] -- Installing: /root/ros2_workspace/install/roarm_description/share/roarm_description/config
[0.852s] -- Installing: /root/ros2_workspace/install/roarm_description/share/roarm_description/config/roarm_description.rviz
[0.853s] -- Installing: /root/ros2_workspace/install/roarm_description/share/roarm_description/config/joint_names_roarm.yaml
[0.853s] -- Installing: /root/ros2_workspace/install/roarm_description/share/roarm_description/launch
[0.853s] -- Installing: /root/ros2_workspace/install/roarm_description/share/roarm_description/launch/display.launch.py
[0.853s] -- Installing: /root/ros2_workspace/install/roarm_description/share/roarm_description/meshes
[0.853s] -- Installing: /root/ros2_workspace/install/roarm_description/share/roarm_description/meshes/link3.STL
[0.854s] -- Installing: /root/ros2_workspace/install/roarm_description/share/roarm_description/meshes/link1.STL
[0.854s] -- Installing: /root/ros2_workspace/install/roarm_description/share/roarm_description/meshes/link2.STL
[0.854s] -- Installing: /root/ros2_workspace/install/roarm_description/share/roarm_description/meshes/gripper_link.STL
[0.855s] -- Installing: /root/ros2_workspace/install/roarm_description/share/roarm_description/meshes/base_link.STL
[0.855s] -- Installing: /root/ros2_workspace/install/roarm_description/share/roarm_description/urdf
[0.855s] -- Installing: /root/ros2_workspace/install/roarm_description/share/roarm_description/urdf/roarm_description.csv
[0.855s] -- Installing: /root/ros2_workspace/install/roarm_description/share/roarm_description/urdf/roarm_description_web_app.urdf
[0.856s] -- Installing: /root/ros2_workspace/install/roarm_description/share/roarm_description/urdf/roarm_description.urdf
[0.856s] -- Installing: /root/ros2_workspace/install/roarm_description/share/ament_index/resource_index/package_run_dependencies/roarm_description
[0.856s] -- Installing: /root/ros2_workspace/install/roarm_description/share/ament_index/resource_index/parent_prefix_path/roarm_description
[0.856s] -- Installing: /root/ros2_workspace/install/roarm_description/share/roarm_description/environment/ament_prefix_path.sh
[0.856s] -- Installing: /root/ros2_workspace/install/roarm_description/share/roarm_description/environment/ament_prefix_path.dsv
[0.856s] -- Installing: /root/ros2_workspace/install/roarm_description/share/roarm_description/environment/path.sh
[0.857s] -- Installing: /root/ros2_workspace/install/roarm_description/share/roarm_description/environment/path.dsv
[0.857s] -- Installing: /root/ros2_workspace/install/roarm_description/share/roarm_description/local_setup.bash
[0.857s] -- Installing: /root/ros2_workspace/install/roarm_description/share/roarm_description/local_setup.sh
[0.857s] -- Installing: /root/ros2_workspace/install/roarm_description/share/roarm_description/local_setup.zsh
[0.857s] -- Installing: /root/ros2_workspace/install/roarm_description/share/roarm_description/local_setup.dsv
[0.857s] -- Installing: /root/ros2_workspace/install/roarm_description/share/roarm_description/package.dsv
[0.857s] -- Installing: /root/ros2_workspace/install/roarm_description/share/ament_index/resource_index/packages/roarm_description
[0.857s] -- Installing: /root/ros2_workspace/install/roarm_description/share/roarm_description/cmake/roarm_descriptionConfig.cmake
[0.857s] -- Installing: /root/ros2_workspace/install/roarm_description/share/roarm_description/cmake/roarm_descriptionConfig-version.cmake
[0.858s] -- Installing: /root/ros2_workspace/install/roarm_description/share/roarm_description/package.xml
[0.860s] Invoked command in '/root/ros2_workspace/build/roarm_description' returned '0': CMAKE_PREFIX_PATH=/opt/ros/humble /usr/bin/cmake --install /root/ros2_workspace/build/roarm_description
