running develop
running egg_info
creating xarm_6_isaac_sim.egg-info
writing xarm_6_isaac_sim.egg-info/PKG-INFO
writing dependency_links to xarm_6_isaac_sim.egg-info/dependency_links.txt
writing entry points to xarm_6_isaac_sim.egg-info/entry_points.txt
writing requirements to xarm_6_isaac_sim.egg-info/requires.txt
writing top-level names to xarm_6_isaac_sim.egg-info/top_level.txt
writing manifest file 'xarm_6_isaac_sim.egg-info/SOURCES.txt'
reading manifest file 'xarm_6_isaac_sim.egg-info/SOURCES.txt'
writing manifest file 'xarm_6_isaac_sim.egg-info/SOURCES.txt'
running build_ext
Creating /root/ros2_workspace/install/xarm_6_isaac_sim/lib/python3.10/site-packages/xarm-6-isaac-sim.egg-link (link to .)
Installing xarm_6_isaac_launcher script to /root/ros2_workspace/install/xarm_6_isaac_sim/bin
Installing xarm_6_simulation_controller script to /root/ros2_workspace/install/xarm_6_isaac_sim/bin

Installed /root/ros2_workspace/build/xarm_6_isaac_sim
running symlink_data
creating /root/ros2_workspace/install/xarm_6_isaac_sim/share/ament_index
creating /root/ros2_workspace/install/xarm_6_isaac_sim/share/ament_index/resource_index
creating /root/ros2_workspace/install/xarm_6_isaac_sim/share/ament_index/resource_index/packages
symbolically linking /root/ros2_workspace/build/xarm_6_isaac_sim/resource/xarm_6_isaac_sim -> /root/ros2_workspace/install/xarm_6_isaac_sim/share/ament_index/resource_index/packages
symbolically linking /root/ros2_workspace/build/xarm_6_isaac_sim/package.xml -> /root/ros2_workspace/install/xarm_6_isaac_sim/share/xarm_6_isaac_sim
creating /root/ros2_workspace/install/xarm_6_isaac_sim/share/xarm_6_isaac_sim/launch
creating /root/ros2_workspace/install/xarm_6_isaac_sim/share/xarm_6_isaac_sim/config
creating /root/ros2_workspace/install/xarm_6_isaac_sim/share/xarm_6_isaac_sim/scripts
creating /root/ros2_workspace/install/xarm_6_isaac_sim/share/xarm_6_isaac_sim/models
creating /root/ros2_workspace/install/xarm_6_isaac_sim/share/xarm_6_isaac_sim/environments
