[0.704s] Invoking command in '/root/ros2_workspace/build/xarm_6_isaac_sim': PYTHONPATH=/root/ros2_workspace/build/xarm_6_isaac_sim/prefix_override:/usr/lib/python3/dist-packages/colcon_core/task/python/colcon_distutils_commands:/root/ros2_workspace/install/xarm_6_isaac_sim/lib/python3.10/site-packages:${PYTHONPATH} /usr/bin/python3 -W ignore:setup.py install is deprecated -W ignore:easy_install command is deprecated setup.py develop --editable --build-directory /root/ros2_workspace/build/xarm_6_isaac_sim/build --no-deps symlink_data
[1.006s] running develop
[1.172s] running egg_info
[1.172s] creating xarm_6_isaac_sim.egg-info
[1.172s] writing xarm_6_isaac_sim.egg-info/PKG-INFO
[1.172s] writing dependency_links to xarm_6_isaac_sim.egg-info/dependency_links.txt
[1.172s] writing entry points to xarm_6_isaac_sim.egg-info/entry_points.txt
[1.172s] writing requirements to xarm_6_isaac_sim.egg-info/requires.txt
[1.173s] writing top-level names to xarm_6_isaac_sim.egg-info/top_level.txt
[1.173s] writing manifest file 'xarm_6_isaac_sim.egg-info/SOURCES.txt'
[1.174s] reading manifest file 'xarm_6_isaac_sim.egg-info/SOURCES.txt'
[1.175s] writing manifest file 'xarm_6_isaac_sim.egg-info/SOURCES.txt'
[1.177s] running build_ext
[1.177s] Creating /root/ros2_workspace/install/xarm_6_isaac_sim/lib/python3.10/site-packages/xarm-6-isaac-sim.egg-link (link to .)
[1.178s] Installing xarm_6_isaac_launcher script to /root/ros2_workspace/install/xarm_6_isaac_sim/bin
[1.179s] Installing xarm_6_simulation_controller script to /root/ros2_workspace/install/xarm_6_isaac_sim/bin
[1.179s] 
[1.179s] Installed /root/ros2_workspace/build/xarm_6_isaac_sim
[1.179s] running symlink_data
[1.179s] creating /root/ros2_workspace/install/xarm_6_isaac_sim/share/ament_index
[1.179s] creating /root/ros2_workspace/install/xarm_6_isaac_sim/share/ament_index/resource_index
[1.179s] creating /root/ros2_workspace/install/xarm_6_isaac_sim/share/ament_index/resource_index/packages
[1.179s] symbolically linking /root/ros2_workspace/build/xarm_6_isaac_sim/resource/xarm_6_isaac_sim -> /root/ros2_workspace/install/xarm_6_isaac_sim/share/ament_index/resource_index/packages
[1.179s] symbolically linking /root/ros2_workspace/build/xarm_6_isaac_sim/package.xml -> /root/ros2_workspace/install/xarm_6_isaac_sim/share/xarm_6_isaac_sim
[1.179s] creating /root/ros2_workspace/install/xarm_6_isaac_sim/share/xarm_6_isaac_sim/launch
[1.180s] creating /root/ros2_workspace/install/xarm_6_isaac_sim/share/xarm_6_isaac_sim/config
[1.180s] creating /root/ros2_workspace/install/xarm_6_isaac_sim/share/xarm_6_isaac_sim/scripts
[1.180s] creating /root/ros2_workspace/install/xarm_6_isaac_sim/share/xarm_6_isaac_sim/models
[1.180s] creating /root/ros2_workspace/install/xarm_6_isaac_sim/share/xarm_6_isaac_sim/environments
[1.216s] Invoked command in '/root/ros2_workspace/build/xarm_6_isaac_sim' returned '0': PYTHONPATH=/root/ros2_workspace/build/xarm_6_isaac_sim/prefix_override:/usr/lib/python3/dist-packages/colcon_core/task/python/colcon_distutils_commands:/root/ros2_workspace/install/xarm_6_isaac_sim/lib/python3.10/site-packages:${PYTHONPATH} /usr/bin/python3 -W ignore:setup.py install is deprecated -W ignore:easy_install command is deprecated setup.py develop --editable --build-directory /root/ros2_workspace/build/xarm_6_isaac_sim/build --no-deps symlink_data
