[0.013s] Invoking command in '/root/ros2_workspace/build/roarm_isaac_sim': AMENT_PREFIX_PATH=/root/ros2_workspace/install/roarm_moveit:/root/ros2_workspace/install/roarm_description:/root/ros2_workspace/install/roarm_anygrasp_integration CMAKE_PREFIX_PATH=/root/ros2_workspace/install/roarm_moveit:/root/ros2_workspace/install/roarm_description:/root/ros2_workspace/install/roarm_anygrasp_integration LD_LIBRARY_PATH=/root/ros2_workspace/install/roarm_moveit/lib:/root/ros2_workspace/install/roarm_anygrasp_integration/lib PYTHONPATH=/root/ros2_workspace/install/roarm_moveit/local/lib/python3.10/dist-packages:/root/ros2_workspace/install/roarm_anygrasp_integration/local/lib/python3.10/dist-packages /usr/bin/cmake /root/ros2_workspace/src/roarm_isaac_sim -DCMAKE_BUILD_TYPE=Release -DCMAKE_INSTALL_PREFIX=/root/ros2_workspace/install/roarm_isaac_sim
[0.029s] -- Found ament_cmake: 1.3.11 (/opt/ros/humble/share/ament_cmake/cmake)
[0.203s] Traceback (most recent call last):
[0.203s]   File "/opt/ros/humble/share/ament_cmake_core/cmake/package_templates/templates_2_cmake.py", line 21, in <module>
[0.203s]     from ament_package.templates import get_environment_hook_template_path
[0.203s] ModuleNotFoundError: No module named 'ament_package'
[0.215s] CMake Error at /opt/ros/humble/share/ament_cmake_core/cmake/ament_cmake_package_templates-extras.cmake:41 (message):
[0.215s]   execute_process(/usr/bin/python3
[0.215s]   /opt/ros/humble/share/ament_cmake_core/cmake/package_templates/templates_2_cmake.py
[0.215s]   /root/ros2_workspace/build/roarm_isaac_sim/ament_cmake_package_templates/templates.cmake)
[0.215s]   returned error code 1
[0.215s] Call Stack (most recent call first):
[0.215s]   /opt/ros/humble/share/ament_cmake_core/cmake/ament_cmake_coreConfig.cmake:41 (include)
[0.215s]   /opt/ros/humble/share/ament_cmake/cmake/ament_cmake_export_dependencies-extras.cmake:15 (find_package)
[0.215s]   /opt/ros/humble/share/ament_cmake/cmake/ament_cmakeConfig.cmake:41 (include)
[0.215s]   CMakeLists.txt:9 (find_package)
[0.215s] 
[0.215s] 
[0.216s] -- Configuring incomplete, errors occurred!
[0.216s] See also "/root/ros2_workspace/build/roarm_isaac_sim/CMakeFiles/CMakeOutput.log".
[0.220s] Invoked command in '/root/ros2_workspace/build/roarm_isaac_sim' returned '1': AMENT_PREFIX_PATH=/root/ros2_workspace/install/roarm_moveit:/root/ros2_workspace/install/roarm_description:/root/ros2_workspace/install/roarm_anygrasp_integration CMAKE_PREFIX_PATH=/root/ros2_workspace/install/roarm_moveit:/root/ros2_workspace/install/roarm_description:/root/ros2_workspace/install/roarm_anygrasp_integration LD_LIBRARY_PATH=/root/ros2_workspace/install/roarm_moveit/lib:/root/ros2_workspace/install/roarm_anygrasp_integration/lib PYTHONPATH=/root/ros2_workspace/install/roarm_moveit/local/lib/python3.10/dist-packages:/root/ros2_workspace/install/roarm_anygrasp_integration/local/lib/python3.10/dist-packages /usr/bin/cmake /root/ros2_workspace/src/roarm_isaac_sim -DCMAKE_BUILD_TYPE=Release -DCMAKE_INSTALL_PREFIX=/root/ros2_workspace/install/roarm_isaac_sim
