[0.010s] Invoking command in '/root/ros2_workspace/build/oak_camera_integration': AMENT_PREFIX_PATH=/root/ros2_workspace/install/realsense_launch:${AMENT_PREFIX_PATH} CMAKE_PREFIX_PATH=/root/ros2_workspace/install/realsense_launch:/opt/ros/humble /usr/bin/cmake --build /root/ros2_workspace/build/oak_camera_integration -- -j4 -l4
[0.060s] Built target ament_cmake_python_symlink_oak_camera_integration
[0.309s] running egg_info
[0.309s] writing oak_camera_integration.egg-info/PKG-INFO
[0.309s] writing dependency_links to oak_camera_integration.egg-info/dependency_links.txt
[0.310s] writing top-level names to oak_camera_integration.egg-info/top_level.txt
[0.312s] reading manifest file 'oak_camera_integration.egg-info/SOURCES.txt'
[0.312s] writing manifest file 'oak_camera_integration.egg-info/SOURCES.txt'
[0.339s] Built target ament_cmake_python_build_oak_camera_integration_egg
[0.348s] Invoked command in '/root/ros2_workspace/build/oak_camera_integration' returned '0': AMENT_PREFIX_PATH=/root/ros2_workspace/install/realsense_launch:${AMENT_PREFIX_PATH} CMAKE_PREFIX_PATH=/root/ros2_workspace/install/realsense_launch:/opt/ros/humble /usr/bin/cmake --build /root/ros2_workspace/build/oak_camera_integration -- -j4 -l4
[0.359s] Invoking command in '/root/ros2_workspace/build/oak_camera_integration': AMENT_PREFIX_PATH=/root/ros2_workspace/install/realsense_launch:${AMENT_PREFIX_PATH} CMAKE_PREFIX_PATH=/root/ros2_workspace/install/realsense_launch:/opt/ros/humble /usr/bin/cmake --install /root/ros2_workspace/build/oak_camera_integration
[0.365s] -- Install configuration: ""
[0.366s] -- Execute custom install script
[0.366s] -- Up-to-date symlink: /root/ros2_workspace/install/oak_camera_integration/share/oak_camera_integration/environment/pythonpath.sh
[0.367s] -- Up-to-date symlink: /root/ros2_workspace/install/oak_camera_integration/share/oak_camera_integration/environment/pythonpath.dsv
[0.367s] -- Up-to-date symlink: /root/ros2_workspace/install/oak_camera_integration/local/lib/python3.10/dist-packages/oak_camera_integration-1.0.0-py3.10.egg-info/PKG-INFO
[0.367s] -- Up-to-date symlink: /root/ros2_workspace/install/oak_camera_integration/local/lib/python3.10/dist-packages/oak_camera_integration-1.0.0-py3.10.egg-info/SOURCES.txt
[0.367s] -- Up-to-date symlink: /root/ros2_workspace/install/oak_camera_integration/local/lib/python3.10/dist-packages/oak_camera_integration-1.0.0-py3.10.egg-info/dependency_links.txt
[0.368s] -- Up-to-date symlink: /root/ros2_workspace/install/oak_camera_integration/local/lib/python3.10/dist-packages/oak_camera_integration-1.0.0-py3.10.egg-info/top_level.txt
[0.368s] -- Up-to-date symlink: /root/ros2_workspace/install/oak_camera_integration/local/lib/python3.10/dist-packages/oak_camera_integration/__init__.py
[0.368s] -- Up-to-date symlink: /root/ros2_workspace/install/oak_camera_integration/lib/oak_camera_integration/multi_camera_coordinator.py
[0.368s] -- Symlinking: /root/ros2_workspace/install/oak_camera_integration/lib/oak_camera_integration/oak_camera_manager.py
[0.379s] -- Symlinking: /root/ros2_workspace/install/oak_camera_integration/share/oak_camera_integration/launch/multi_camera_system.launch.py
[0.387s] -- Symlinking: /root/ros2_workspace/install/oak_camera_integration/share/oak_camera_integration/launch/oak_1.launch.py
[0.395s] -- Symlinking: /root/ros2_workspace/install/oak_camera_integration/share/oak_camera_integration/launch/oak_d.launch.py
[0.403s] -- Symlinking: /root/ros2_workspace/install/oak_camera_integration/share/oak_camera_integration/config/oak_1_config.yaml
[0.411s] -- Symlinking: /root/ros2_workspace/install/oak_camera_integration/share/oak_camera_integration/config/oak_d_config.yaml
[0.418s] -- Symlinking: /root/ros2_workspace/install/oak_camera_integration/share/ament_index/resource_index/package_run_dependencies/oak_camera_integration
[0.425s] -- Symlinking: /root/ros2_workspace/install/oak_camera_integration/share/ament_index/resource_index/parent_prefix_path/oak_camera_integration
[0.436s] -- Symlinking: /root/ros2_workspace/install/oak_camera_integration/share/oak_camera_integration/environment/ament_prefix_path.sh
[0.444s] -- Symlinking: /root/ros2_workspace/install/oak_camera_integration/share/oak_camera_integration/environment/ament_prefix_path.dsv
[0.452s] -- Symlinking: /root/ros2_workspace/install/oak_camera_integration/share/oak_camera_integration/environment/path.sh
[0.463s] -- Symlinking: /root/ros2_workspace/install/oak_camera_integration/share/oak_camera_integration/environment/path.dsv
[0.471s] -- Symlinking: /root/ros2_workspace/install/oak_camera_integration/share/oak_camera_integration/local_setup.bash
[0.481s] -- Symlinking: /root/ros2_workspace/install/oak_camera_integration/share/oak_camera_integration/local_setup.sh
[0.492s] -- Symlinking: /root/ros2_workspace/install/oak_camera_integration/share/oak_camera_integration/local_setup.zsh
[0.503s] -- Symlinking: /root/ros2_workspace/install/oak_camera_integration/share/oak_camera_integration/local_setup.dsv
[0.511s] -- Symlinking: /root/ros2_workspace/install/oak_camera_integration/share/oak_camera_integration/package.dsv
[0.520s] -- Symlinking: /root/ros2_workspace/install/oak_camera_integration/share/ament_index/resource_index/packages/oak_camera_integration
[0.528s] -- Symlinking: /root/ros2_workspace/install/oak_camera_integration/share/oak_camera_integration/cmake/oak_camera_integrationConfig.cmake
[0.538s] -- Symlinking: /root/ros2_workspace/install/oak_camera_integration/share/oak_camera_integration/cmake/oak_camera_integrationConfig-version.cmake
[0.549s] -- Symlinking: /root/ros2_workspace/install/oak_camera_integration/share/oak_camera_integration/package.xml
[0.589s] Listing '/root/ros2_workspace/install/oak_camera_integration/local/lib/python3.10/dist-packages/oak_camera_integration'...
[0.589s] Compiling '/root/ros2_workspace/install/oak_camera_integration/local/lib/python3.10/dist-packages/oak_camera_integration/__init__.py'...
[0.596s] Invoked command in '/root/ros2_workspace/build/oak_camera_integration' returned '0': AMENT_PREFIX_PATH=/root/ros2_workspace/install/realsense_launch:${AMENT_PREFIX_PATH} CMAKE_PREFIX_PATH=/root/ros2_workspace/install/realsense_launch:/opt/ros/humble /usr/bin/cmake --install /root/ros2_workspace/build/oak_camera_integration
