[0.019s] Invoking command in '/root/ros2_workspace/build/roarm_lerobot_integration': AMENT_PREFIX_PATH=/root/ros2_workspace/install/roarm_moveit:/root/ros2_workspace/install/roarm_driver:/root/ros2_workspace/install/roarm_description:/root/ros2_workspace/install/roarm_anygrasp_integration CMAKE_PREFIX_PATH=/root/ros2_workspace/install/roarm_moveit:/root/ros2_workspace/install/roarm_description:/root/ros2_workspace/install/roarm_anygrasp_integration LD_LIBRARY_PATH=/root/ros2_workspace/install/roarm_moveit/lib:/root/ros2_workspace/install/roarm_anygrasp_integration/lib PYTHONPATH=/root/ros2_workspace/install/roarm_moveit/local/lib/python3.10/dist-packages:/root/ros2_workspace/build/roarm_driver:/root/ros2_workspace/install/roarm_driver/lib/python3.10/site-packages:/root/ros2_workspace/install/roarm_anygrasp_integration/local/lib/python3.10/dist-packages /usr/bin/cmake --build /root/ros2_workspace/build/roarm_lerobot_integration -- -j4 -l4
[0.089s] Built target ament_cmake_python_copy_roarm_lerobot_integration
[0.303s] running egg_info
[0.304s] writing roarm_lerobot_integration.egg-info/PKG-INFO
[0.304s] writing dependency_links to roarm_lerobot_integration.egg-info/dependency_links.txt
[0.304s] writing top-level names to roarm_lerobot_integration.egg-info/top_level.txt
[0.307s] reading manifest file 'roarm_lerobot_integration.egg-info/SOURCES.txt'
[0.307s] writing manifest file 'roarm_lerobot_integration.egg-info/SOURCES.txt'
[0.338s] Built target ament_cmake_python_build_roarm_lerobot_integration_egg
[0.350s] Invoked command in '/root/ros2_workspace/build/roarm_lerobot_integration' returned '0': AMENT_PREFIX_PATH=/root/ros2_workspace/install/roarm_moveit:/root/ros2_workspace/install/roarm_driver:/root/ros2_workspace/install/roarm_description:/root/ros2_workspace/install/roarm_anygrasp_integration CMAKE_PREFIX_PATH=/root/ros2_workspace/install/roarm_moveit:/root/ros2_workspace/install/roarm_description:/root/ros2_workspace/install/roarm_anygrasp_integration LD_LIBRARY_PATH=/root/ros2_workspace/install/roarm_moveit/lib:/root/ros2_workspace/install/roarm_anygrasp_integration/lib PYTHONPATH=/root/ros2_workspace/install/roarm_moveit/local/lib/python3.10/dist-packages:/root/ros2_workspace/build/roarm_driver:/root/ros2_workspace/install/roarm_driver/lib/python3.10/site-packages:/root/ros2_workspace/install/roarm_anygrasp_integration/local/lib/python3.10/dist-packages /usr/bin/cmake --build /root/ros2_workspace/build/roarm_lerobot_integration -- -j4 -l4
[0.360s] Invoking command in '/root/ros2_workspace/build/roarm_lerobot_integration': AMENT_PREFIX_PATH=/root/ros2_workspace/install/roarm_moveit:/root/ros2_workspace/install/roarm_driver:/root/ros2_workspace/install/roarm_description:/root/ros2_workspace/install/roarm_anygrasp_integration CMAKE_PREFIX_PATH=/root/ros2_workspace/install/roarm_moveit:/root/ros2_workspace/install/roarm_description:/root/ros2_workspace/install/roarm_anygrasp_integration LD_LIBRARY_PATH=/root/ros2_workspace/install/roarm_moveit/lib:/root/ros2_workspace/install/roarm_anygrasp_integration/lib PYTHONPATH=/root/ros2_workspace/install/roarm_moveit/local/lib/python3.10/dist-packages:/root/ros2_workspace/build/roarm_driver:/root/ros2_workspace/install/roarm_driver/lib/python3.10/site-packages:/root/ros2_workspace/install/roarm_anygrasp_integration/local/lib/python3.10/dist-packages /usr/bin/cmake --install /root/ros2_workspace/build/roarm_lerobot_integration
[0.368s] -- Install configuration: ""
[0.368s] -- Up-to-date: /root/ros2_workspace/install/roarm_lerobot_integration/share/roarm_lerobot_integration/environment/pythonpath.sh
[0.368s] -- Up-to-date: /root/ros2_workspace/install/roarm_lerobot_integration/share/roarm_lerobot_integration/environment/pythonpath.dsv
[0.368s] -- Up-to-date: /root/ros2_workspace/install/roarm_lerobot_integration/local/lib/python3.10/dist-packages/roarm_lerobot_integration-0.0.0-py3.10.egg-info
[0.369s] -- Installing: /root/ros2_workspace/install/roarm_lerobot_integration/local/lib/python3.10/dist-packages/roarm_lerobot_integration-0.0.0-py3.10.egg-info/dependency_links.txt
[0.369s] -- Installing: /root/ros2_workspace/install/roarm_lerobot_integration/local/lib/python3.10/dist-packages/roarm_lerobot_integration-0.0.0-py3.10.egg-info/PKG-INFO
[0.369s] -- Installing: /root/ros2_workspace/install/roarm_lerobot_integration/local/lib/python3.10/dist-packages/roarm_lerobot_integration-0.0.0-py3.10.egg-info/SOURCES.txt
[0.369s] -- Installing: /root/ros2_workspace/install/roarm_lerobot_integration/local/lib/python3.10/dist-packages/roarm_lerobot_integration-0.0.0-py3.10.egg-info/top_level.txt
[0.369s] -- Up-to-date: /root/ros2_workspace/install/roarm_lerobot_integration/local/lib/python3.10/dist-packages/roarm_lerobot_integration
[0.369s] -- Up-to-date: /root/ros2_workspace/install/roarm_lerobot_integration/local/lib/python3.10/dist-packages/roarm_lerobot_integration/__init__.py
[0.410s] Listing '/root/ros2_workspace/install/roarm_lerobot_integration/local/lib/python3.10/dist-packages/roarm_lerobot_integration'...
[0.416s] -- Up-to-date: /root/ros2_workspace/install/roarm_lerobot_integration/lib/roarm_lerobot_integration/lerobot_bridge.py
[0.416s] -- Up-to-date: /root/ros2_workspace/install/roarm_lerobot_integration/lib/roarm_lerobot_integration/lerobot_data_collector.py
[0.416s] -- Up-to-date: /root/ros2_workspace/install/roarm_lerobot_integration/lib/roarm_lerobot_integration/lerobot_policy_trainer.py
[0.416s] -- Up-to-date: /root/ros2_workspace/install/roarm_lerobot_integration/lib/roarm_lerobot_integration/lerobot_policy_executor.py
[0.416s] -- Up-to-date: /root/ros2_workspace/install/roarm_lerobot_integration/lib/roarm_lerobot_integration/lerobot_teleop_interface.py
[0.416s] -- Installing: /root/ros2_workspace/install/roarm_lerobot_integration/lib/roarm_lerobot_integration/lerobot_dataset_manager.py
[0.416s] CMake Error at cmake_install.cmake:70 (file):
[0.416s]   file INSTALL cannot find
[0.417s]   "/root/ros2_workspace/src/roarm_lerobot_integration/scripts/lerobot_evaluation_node.py":
[0.417s]   No such file or directory.
[0.417s] 
[0.417s] 
[0.418s] Invoked command in '/root/ros2_workspace/build/roarm_lerobot_integration' returned '1': AMENT_PREFIX_PATH=/root/ros2_workspace/install/roarm_moveit:/root/ros2_workspace/install/roarm_driver:/root/ros2_workspace/install/roarm_description:/root/ros2_workspace/install/roarm_anygrasp_integration CMAKE_PREFIX_PATH=/root/ros2_workspace/install/roarm_moveit:/root/ros2_workspace/install/roarm_description:/root/ros2_workspace/install/roarm_anygrasp_integration LD_LIBRARY_PATH=/root/ros2_workspace/install/roarm_moveit/lib:/root/ros2_workspace/install/roarm_anygrasp_integration/lib PYTHONPATH=/root/ros2_workspace/install/roarm_moveit/local/lib/python3.10/dist-packages:/root/ros2_workspace/build/roarm_driver:/root/ros2_workspace/install/roarm_driver/lib/python3.10/site-packages:/root/ros2_workspace/install/roarm_anygrasp_integration/local/lib/python3.10/dist-packages /usr/bin/cmake --install /root/ros2_workspace/build/roarm_lerobot_integration
