[0.801s] Invoking command in '/root/ros2_workspace/build/ros2web_example_py': AMENT_PREFIX_PATH=/root/ros2_workspace/install/ros2web:/root/ros2_workspace/install/ros2web_interfaces:${AMENT_PREFIX_PATH} CMAKE_PREFIX_PATH=/root/ros2_workspace/install/ros2web_interfaces LD_LIBRARY_PATH=/root/ros2_workspace/install/ros2web_interfaces/lib:${LD_LIBRARY_PATH} PYTHONPATH=/root/ros2_workspace/build/ros2web_example_py/prefix_override:/usr/lib/python3/dist-packages/colcon_core/task/python/colcon_distutils_commands:/root/ros2_workspace/install/ros2web_example_py/lib/python3.10/site-packages:/root/ros2_workspace/build/ros2web:/root/ros2_workspace/install/ros2web/lib/python3.10/site-packages:/root/ros2_workspace/install/ros2web_interfaces/local/lib/python3.10/dist-packages:${PYTHONPATH} /usr/bin/python3 -W ignore:setup.py install is deprecated -W ignore:easy_install command is deprecated setup.py develop --editable --build-directory /root/ros2_workspace/build/ros2web_example_py/build --no-deps symlink_data
[1.044s] running develop
[1.426s] running egg_info
[1.426s] creating ros2web_example_py.egg-info
[1.426s] writing ros2web_example_py.egg-info/PKG-INFO
[1.426s] writing dependency_links to ros2web_example_py.egg-info/dependency_links.txt
[1.426s] writing entry points to ros2web_example_py.egg-info/entry_points.txt
[1.426s] writing requirements to ros2web_example_py.egg-info/requires.txt
[1.426s] writing top-level names to ros2web_example_py.egg-info/top_level.txt
[1.426s] writing manifest file 'ros2web_example_py.egg-info/SOURCES.txt'
[1.426s] reading manifest file 'ros2web_example_py.egg-info/SOURCES.txt'
[1.426s] writing manifest file 'ros2web_example_py.egg-info/SOURCES.txt'
[1.426s] running build_ext
[1.427s] Creating /root/ros2_workspace/install/ros2web_example_py/lib/python3.10/site-packages/ros2web-example-py.egg-link (link to .)
[1.427s] Installing api script to /root/ros2_workspace/install/ros2web_example_py/lib/ros2web_example_py
[1.427s] Installing form script to /root/ros2_workspace/install/ros2web_example_py/lib/ros2web_example_py
[1.427s] 
[1.427s] Installed /root/ros2_workspace/build/ros2web_example_py
[1.427s] running symlink_data
[1.427s] creating /root/ros2_workspace/install/ros2web_example_py/share/ament_index
[1.427s] creating /root/ros2_workspace/install/ros2web_example_py/share/ament_index/resource_index
[1.427s] creating /root/ros2_workspace/install/ros2web_example_py/share/ament_index/resource_index/packages
[1.427s] symbolically linking /root/ros2_workspace/build/ros2web_example_py/resource/ros2web_example_py -> /root/ros2_workspace/install/ros2web_example_py/share/ament_index/resource_index/packages
[1.427s] symbolically linking /root/ros2_workspace/build/ros2web_example_py/package.xml -> /root/ros2_workspace/install/ros2web_example_py/share/ros2web_example_py
[1.427s] Invoked command in '/root/ros2_workspace/build/ros2web_example_py' returned '0': AMENT_PREFIX_PATH=/root/ros2_workspace/install/ros2web:/root/ros2_workspace/install/ros2web_interfaces:${AMENT_PREFIX_PATH} CMAKE_PREFIX_PATH=/root/ros2_workspace/install/ros2web_interfaces LD_LIBRARY_PATH=/root/ros2_workspace/install/ros2web_interfaces/lib:${LD_LIBRARY_PATH} PYTHONPATH=/root/ros2_workspace/build/ros2web_example_py/prefix_override:/usr/lib/python3/dist-packages/colcon_core/task/python/colcon_distutils_commands:/root/ros2_workspace/install/ros2web_example_py/lib/python3.10/site-packages:/root/ros2_workspace/build/ros2web:/root/ros2_workspace/install/ros2web/lib/python3.10/site-packages:/root/ros2_workspace/install/ros2web_interfaces/local/lib/python3.10/dist-packages:${PYTHONPATH} /usr/bin/python3 -W ignore:setup.py install is deprecated -W ignore:easy_install command is deprecated setup.py develop --editable --build-directory /root/ros2_workspace/build/ros2web_example_py/build --no-deps symlink_data
