-- The C compiler identification is GNU 11.4.0
-- The CXX compiler identification is GNU 11.4.0
-- Detecting C compiler ABI info
-- Detecting C compiler ABI info - done
-- Check for working C compiler: /usr/bin/cc - skipped
-- Detecting C compile features
-- Detecting C compile features - done
-- Detecting CXX compiler ABI info
-- Detecting CXX compiler ABI info - done
-- Check for working CXX compiler: /usr/bin/c++ - skipped
-- Detecting CXX compile features
-- Detecting CXX compile features - done
-- Found ament_cmake: 1.3.11 (/opt/ros/humble/share/ament_cmake/cmake)
-- Found Python3: /usr/bin/python3 (found version "3.10.12") found components: Interpreter 
-- Found rclcpp: 16.0.12 (/opt/ros/humble/share/rclcpp/cmake)
-- Found rosidl_generator_c: 3.1.6 (/opt/ros/humble/share/rosidl_generator_c/cmake)
-- Found rosidl_adapter: 3.1.6 (/opt/ros/humble/share/rosidl_adapter/cmake)
-- Found rosidl_generator_cpp: 3.1.6 (/opt/ros/humble/share/rosidl_generator_cpp/cmake)
-- Using all available rosidl_typesupport_c: rosidl_typesupport_fastrtps_c;rosidl_typesupport_introspection_c
-- Using all available rosidl_typesupport_cpp: rosidl_typesupport_fastrtps_cpp;rosidl_typesupport_introspection_cpp
-- Found rmw_implementation_cmake: 6.1.2 (/opt/ros/humble/share/rmw_implementation_cmake/cmake)
-- Found rmw_fastrtps_cpp: 6.2.7 (/opt/ros/humble/share/rmw_fastrtps_cpp/cmake)
-- Found OpenSSL: /usr/lib/x86_64-linux-gnu/libcrypto.so (found version "3.0.2")  
-- Found FastRTPS: /opt/ros/humble/include  
-- Using RMW implementation 'rmw_fastrtps_cpp' as default
-- Looking for pthread.h
-- Looking for pthread.h - found
-- Performing Test CMAKE_HAVE_LIBC_PTHREAD
-- Performing Test CMAKE_HAVE_LIBC_PTHREAD - Success
-- Found Threads: TRUE  
-- Found rclpy: 3.3.16 (/opt/ros/humble/share/rclpy/cmake)
-- Found sensor_msgs: 4.8.0 (/opt/ros/humble/share/sensor_msgs/cmake)
-- Found trajectory_msgs: 4.8.0 (/opt/ros/humble/share/trajectory_msgs/cmake)
-- Found control_msgs: 4.8.0 (/opt/ros/humble/share/control_msgs/cmake)
-- Found tf2: 0.25.12 (/opt/ros/humble/share/tf2/cmake)
-- Found tf2_ros: 0.25.12 (/opt/ros/humble/share/tf2_ros/cmake)
-- Found tf2_geometry_msgs: 0.25.12 (/opt/ros/humble/share/tf2_geometry_msgs/cmake)
-- Found eigen3_cmake_module: 0.1.1 (/opt/ros/humble/share/eigen3_cmake_module/cmake)
-- Found Eigen3: TRUE (found version "3.4.0") 
-- Ensuring Eigen3 include directory is part of orocos-kdl CMake target
-- Found moveit_msgs: 2.2.1 (/opt/ros/humble/share/moveit_msgs/cmake)
-- Found moveit_core: 2.5.9 (/opt/ros/humble/share/moveit_core/cmake)
-- Found Boost: /usr/lib/x86_64-linux-gnu/cmake/Boost-1.74.0/BoostConfig.cmake (found version "1.74.0") found components: chrono date_time filesystem iostreams program_options regex serialization system thread 
-- Found parameter_traits: 0.4.0 (/opt/ros/humble/share/parameter_traits/cmake)
-- Found rclcpp_lifecycle: 16.0.12 (/opt/ros/humble/share/rclcpp_lifecycle/cmake)
-- Found Boost: /usr/lib/x86_64-linux-gnu/cmake/Boost-1.74.0/BoostConfig.cmake (found version "1.74.0") found components: filesystem 
-- library: /usr/lib/x86_64-linux-gnu/libcurl.so
-- Found image_transport: 3.1.11 (/opt/ros/humble/share/image_transport/cmake)
-- Found cv_bridge: 3.2.1 (/opt/ros/humble/share/cv_bridge/cmake)
-- Found ament_lint_auto: 0.12.12 (/opt/ros/humble/share/ament_lint_auto/cmake)
-- Added test 'copyright' to check source files copyright and LICENSE
-- Added test 'flake8' to check Python code syntax and style conventions
-- Added test 'lint_cmake' to check CMake code style
-- Added test 'pep257' to check Python code against some of the docstring style conventions in PEP 257
-- Added test 'xmllint' to check XML markup files
-- Configuring done
-- Generating done
-- Build files have been written to: /root/ros2_workspace/build/roarm_isaac_sim
Built target ament_cmake_python_copy_roarm_isaac_sim
running egg_info
creating roarm_isaac_sim.egg-info
writing roarm_isaac_sim.egg-info/PKG-INFO
writing dependency_links to roarm_isaac_sim.egg-info/dependency_links.txt
writing top-level names to roarm_isaac_sim.egg-info/top_level.txt
writing manifest file 'roarm_isaac_sim.egg-info/SOURCES.txt'
reading manifest file 'roarm_isaac_sim.egg-info/SOURCES.txt'
writing manifest file 'roarm_isaac_sim.egg-info/SOURCES.txt'
Built target ament_cmake_python_build_roarm_isaac_sim_egg
-- Install configuration: ""
-- Installing: /root/ros2_workspace/install/roarm_isaac_sim/share/roarm_isaac_sim/environment/pythonpath.sh
-- Installing: /root/ros2_workspace/install/roarm_isaac_sim/share/roarm_isaac_sim/environment/pythonpath.dsv
-- Installing: /root/ros2_workspace/install/roarm_isaac_sim/local/lib/python3.10/dist-packages/roarm_isaac_sim-0.0.0-py3.10.egg-info
-- Installing: /root/ros2_workspace/install/roarm_isaac_sim/local/lib/python3.10/dist-packages/roarm_isaac_sim-0.0.0-py3.10.egg-info/dependency_links.txt
-- Installing: /root/ros2_workspace/install/roarm_isaac_sim/local/lib/python3.10/dist-packages/roarm_isaac_sim-0.0.0-py3.10.egg-info/PKG-INFO
-- Installing: /root/ros2_workspace/install/roarm_isaac_sim/local/lib/python3.10/dist-packages/roarm_isaac_sim-0.0.0-py3.10.egg-info/SOURCES.txt
-- Installing: /root/ros2_workspace/install/roarm_isaac_sim/local/lib/python3.10/dist-packages/roarm_isaac_sim-0.0.0-py3.10.egg-info/top_level.txt
-- Installing: /root/ros2_workspace/install/roarm_isaac_sim/local/lib/python3.10/dist-packages/roarm_isaac_sim
-- Installing: /root/ros2_workspace/install/roarm_isaac_sim/local/lib/python3.10/dist-packages/roarm_isaac_sim/__init__.py
Listing '/root/ros2_workspace/install/roarm_isaac_sim/local/lib/python3.10/dist-packages/roarm_isaac_sim'...
Compiling '/root/ros2_workspace/install/roarm_isaac_sim/local/lib/python3.10/dist-packages/roarm_isaac_sim/__init__.py'...
-- Installing: /root/ros2_workspace/install/roarm_isaac_sim/lib/roarm_isaac_sim/isaac_sim_launcher.py
-- Installing: /root/ros2_workspace/install/roarm_isaac_sim/lib/roarm_isaac_sim/isaac_ros_bridge.py
-- Installing: /root/ros2_workspace/install/roarm_isaac_sim/lib/roarm_isaac_sim/synthetic_data_generator.py
CMake Error at cmake_install.cmake:70 (file):
  file INSTALL cannot find
  "/root/ros2_workspace/src/roarm_isaac_sim/scripts/sim_to_real_calibration.py":
  No such file or directory.


