Built target ament_cmake_python_copy_roarm_isaac_sim
running egg_info
writing roarm_isaac_sim.egg-info/PKG-INFO
writing dependency_links to roarm_isaac_sim.egg-info/dependency_links.txt
writing top-level names to roarm_isaac_sim.egg-info/top_level.txt
reading manifest file 'roarm_isaac_sim.egg-info/SOURCES.txt'
writing manifest file 'roarm_isaac_sim.egg-info/SOURCES.txt'
Built target ament_cmake_python_build_roarm_isaac_sim_egg
-- Install configuration: ""
-- Up-to-date: /root/ros2_workspace/install/roarm_isaac_sim/share/roarm_isaac_sim/environment/pythonpath.sh
-- Up-to-date: /root/ros2_workspace/install/roarm_isaac_sim/share/roarm_isaac_sim/environment/pythonpath.dsv
-- Up-to-date: /root/ros2_workspace/install/roarm_isaac_sim/local/lib/python3.10/dist-packages/roarm_isaac_sim-0.0.0-py3.10.egg-info
-- Installing: /root/ros2_workspace/install/roarm_isaac_sim/local/lib/python3.10/dist-packages/roarm_isaac_sim-0.0.0-py3.10.egg-info/dependency_links.txt
-- Installing: /root/ros2_workspace/install/roarm_isaac_sim/local/lib/python3.10/dist-packages/roarm_isaac_sim-0.0.0-py3.10.egg-info/PKG-INFO
-- Installing: /root/ros2_workspace/install/roarm_isaac_sim/local/lib/python3.10/dist-packages/roarm_isaac_sim-0.0.0-py3.10.egg-info/SOURCES.txt
-- Installing: /root/ros2_workspace/install/roarm_isaac_sim/local/lib/python3.10/dist-packages/roarm_isaac_sim-0.0.0-py3.10.egg-info/top_level.txt
-- Up-to-date: /root/ros2_workspace/install/roarm_isaac_sim/local/lib/python3.10/dist-packages/roarm_isaac_sim
-- Up-to-date: /root/ros2_workspace/install/roarm_isaac_sim/local/lib/python3.10/dist-packages/roarm_isaac_sim/__init__.py
Listing '/root/ros2_workspace/install/roarm_isaac_sim/local/lib/python3.10/dist-packages/roarm_isaac_sim'...
-- Up-to-date: /root/ros2_workspace/install/roarm_isaac_sim/lib/roarm_isaac_sim/isaac_sim_launcher.py
-- Up-to-date: /root/ros2_workspace/install/roarm_isaac_sim/lib/roarm_isaac_sim/isaac_ros_bridge.py
-- Up-to-date: /root/ros2_workspace/install/roarm_isaac_sim/lib/roarm_isaac_sim/synthetic_data_generator.py
-- Installing: /root/ros2_workspace/install/roarm_isaac_sim/lib/roarm_isaac_sim/sim_to_real_calibration.py
-- Installing: /root/ros2_workspace/install/roarm_isaac_sim/lib/roarm_isaac_sim/grasp_simulation_environment.py
-- Installing: /root/ros2_workspace/install/roarm_isaac_sim/share/roarm_isaac_sim//launch
-- Installing: /root/ros2_workspace/install/roarm_isaac_sim/share/roarm_isaac_sim//launch/isaac_sim_complete.launch.py
-- Installing: /root/ros2_workspace/install/roarm_isaac_sim/share/roarm_isaac_sim//config
-- Installing: /root/ros2_workspace/install/roarm_isaac_sim/share/roarm_isaac_sim//config/isaac_sim_parameters.yaml
-- Installing: /root/ros2_workspace/install/roarm_isaac_sim/share/roarm_isaac_sim//scenes
-- Installing: /root/ros2_workspace/install/roarm_isaac_sim/share/roarm_isaac_sim//models
-- Installing: /root/ros2_workspace/install/roarm_isaac_sim/share/roarm_isaac_sim//environments
-- Installing: /root/ros2_workspace/install/roarm_isaac_sim/share/ament_index/resource_index/package_run_dependencies/roarm_isaac_sim
-- Installing: /root/ros2_workspace/install/roarm_isaac_sim/share/ament_index/resource_index/parent_prefix_path/roarm_isaac_sim
-- Installing: /root/ros2_workspace/install/roarm_isaac_sim/share/roarm_isaac_sim/environment/ament_prefix_path.sh
-- Installing: /root/ros2_workspace/install/roarm_isaac_sim/share/roarm_isaac_sim/environment/ament_prefix_path.dsv
-- Installing: /root/ros2_workspace/install/roarm_isaac_sim/share/roarm_isaac_sim/environment/path.sh
-- Installing: /root/ros2_workspace/install/roarm_isaac_sim/share/roarm_isaac_sim/environment/path.dsv
-- Installing: /root/ros2_workspace/install/roarm_isaac_sim/share/roarm_isaac_sim/local_setup.bash
-- Installing: /root/ros2_workspace/install/roarm_isaac_sim/share/roarm_isaac_sim/local_setup.sh
-- Installing: /root/ros2_workspace/install/roarm_isaac_sim/share/roarm_isaac_sim/local_setup.zsh
-- Installing: /root/ros2_workspace/install/roarm_isaac_sim/share/roarm_isaac_sim/local_setup.dsv
-- Up-to-date: /root/ros2_workspace/install/roarm_isaac_sim/share/roarm_isaac_sim/package.dsv
-- Installing: /root/ros2_workspace/install/roarm_isaac_sim/share/ament_index/resource_index/packages/roarm_isaac_sim
-- Installing: /root/ros2_workspace/install/roarm_isaac_sim/share/roarm_isaac_sim/cmake/roarm_isaac_simConfig.cmake
-- Installing: /root/ros2_workspace/install/roarm_isaac_sim/share/roarm_isaac_sim/cmake/roarm_isaac_simConfig-version.cmake
-- Installing: /root/ros2_workspace/install/roarm_isaac_sim/share/roarm_isaac_sim/package.xml
