[0.022s] Invoking command in '/root/ros2_workspace/build/wrist_imu_integration': CMAKE_PREFIX_PATH=/opt/ros/humble /usr/bin/cmake --build /root/ros2_workspace/build/wrist_imu_integration -- -j4 -l4
[0.081s] Built target ament_cmake_python_symlink_wrist_imu_integration
[0.407s] running egg_info
[0.408s] writing wrist_imu_integration.egg-info/PKG-INFO
[0.409s] writing dependency_links to wrist_imu_integration.egg-info/dependency_links.txt
[0.409s] writing top-level names to wrist_imu_integration.egg-info/top_level.txt
[0.412s] reading manifest file 'wrist_imu_integration.egg-info/SOURCES.txt'
[0.412s] writing manifest file 'wrist_imu_integration.egg-info/SOURCES.txt'
[0.767s] Built target ament_cmake_python_build_wrist_imu_integration_egg
[0.787s] Invoked command in '/root/ros2_workspace/build/wrist_imu_integration' returned '0': CMAKE_PREFIX_PATH=/opt/ros/humble /usr/bin/cmake --build /root/ros2_workspace/build/wrist_imu_integration -- -j4 -l4
[0.788s] Invoking command in '/root/ros2_workspace/build/wrist_imu_integration': CMAKE_PREFIX_PATH=/opt/ros/humble /usr/bin/cmake --install /root/ros2_workspace/build/wrist_imu_integration
[0.817s] -- Install configuration: ""
[0.817s] -- Execute custom install script
[0.817s] -- Up-to-date symlink: /root/ros2_workspace/install/wrist_imu_integration/share/wrist_imu_integration/environment/pythonpath.sh
[0.817s] -- Up-to-date symlink: /root/ros2_workspace/install/wrist_imu_integration/share/wrist_imu_integration/environment/pythonpath.dsv
[0.817s] -- Up-to-date symlink: /root/ros2_workspace/install/wrist_imu_integration/local/lib/python3.10/dist-packages/wrist_imu_integration-1.0.0-py3.10.egg-info/PKG-INFO
[0.818s] -- Up-to-date symlink: /root/ros2_workspace/install/wrist_imu_integration/local/lib/python3.10/dist-packages/wrist_imu_integration-1.0.0-py3.10.egg-info/SOURCES.txt
[0.818s] -- Up-to-date symlink: /root/ros2_workspace/install/wrist_imu_integration/local/lib/python3.10/dist-packages/wrist_imu_integration-1.0.0-py3.10.egg-info/dependency_links.txt
[0.818s] -- Up-to-date symlink: /root/ros2_workspace/install/wrist_imu_integration/local/lib/python3.10/dist-packages/wrist_imu_integration-1.0.0-py3.10.egg-info/top_level.txt
[0.818s] -- Up-to-date symlink: /root/ros2_workspace/install/wrist_imu_integration/local/lib/python3.10/dist-packages/wrist_imu_integration/__init__.py
[0.818s] -- Up-to-date symlink: /root/ros2_workspace/install/wrist_imu_integration/lib/wrist_imu_integration/wrist_imu_calibration.py
[0.818s] -- Up-to-date symlink: /root/ros2_workspace/install/wrist_imu_integration/lib/wrist_imu_integration/imu_camera_fusion.py
[0.818s] -- Up-to-date symlink: /root/ros2_workspace/install/wrist_imu_integration/share/wrist_imu_integration/launch/d405_with_imu.launch.py
[0.818s] -- Up-to-date symlink: /root/ros2_workspace/install/wrist_imu_integration/share/wrist_imu_integration/launch/wrist_imu.launch.py
[0.818s] -- Up-to-date symlink: /root/ros2_workspace/install/wrist_imu_integration/share/wrist_imu_integration/config/bno055_wrist_config.yaml
[0.818s] -- Up-to-date symlink: /root/ros2_workspace/install/wrist_imu_integration/share/ament_index/resource_index/package_run_dependencies/wrist_imu_integration
[0.818s] -- Up-to-date symlink: /root/ros2_workspace/install/wrist_imu_integration/share/ament_index/resource_index/parent_prefix_path/wrist_imu_integration
[0.818s] -- Up-to-date symlink: /root/ros2_workspace/install/wrist_imu_integration/share/wrist_imu_integration/environment/ament_prefix_path.sh
[0.818s] -- Up-to-date symlink: /root/ros2_workspace/install/wrist_imu_integration/share/wrist_imu_integration/environment/ament_prefix_path.dsv
[0.819s] -- Up-to-date symlink: /root/ros2_workspace/install/wrist_imu_integration/share/wrist_imu_integration/environment/path.sh
[0.819s] -- Up-to-date symlink: /root/ros2_workspace/install/wrist_imu_integration/share/wrist_imu_integration/environment/path.dsv
[0.819s] -- Up-to-date symlink: /root/ros2_workspace/install/wrist_imu_integration/share/wrist_imu_integration/local_setup.bash
[0.819s] -- Up-to-date symlink: /root/ros2_workspace/install/wrist_imu_integration/share/wrist_imu_integration/local_setup.sh
[0.819s] -- Up-to-date symlink: /root/ros2_workspace/install/wrist_imu_integration/share/wrist_imu_integration/local_setup.zsh
[0.819s] -- Up-to-date symlink: /root/ros2_workspace/install/wrist_imu_integration/share/wrist_imu_integration/local_setup.dsv
[0.819s] -- Symlinking: /root/ros2_workspace/install/wrist_imu_integration/share/wrist_imu_integration/package.dsv
[0.819s] -- Up-to-date symlink: /root/ros2_workspace/install/wrist_imu_integration/share/ament_index/resource_index/packages/wrist_imu_integration
[0.819s] -- Up-to-date symlink: /root/ros2_workspace/install/wrist_imu_integration/share/wrist_imu_integration/cmake/wrist_imu_integrationConfig.cmake
[0.819s] -- Up-to-date symlink: /root/ros2_workspace/install/wrist_imu_integration/share/wrist_imu_integration/cmake/wrist_imu_integrationConfig-version.cmake
[0.820s] -- Up-to-date symlink: /root/ros2_workspace/install/wrist_imu_integration/share/wrist_imu_integration/package.xml
[1.226s] Listing '/root/ros2_workspace/install/wrist_imu_integration/local/lib/python3.10/dist-packages/wrist_imu_integration'...
[1.229s] Invoked command in '/root/ros2_workspace/build/wrist_imu_integration' returned '0': CMAKE_PREFIX_PATH=/opt/ros/humble /usr/bin/cmake --install /root/ros2_workspace/build/wrist_imu_integration
