[0.028s] Invoking command in '/root/ros2_workspace/build/roarm_anygrasp_integration': CMAKE_PREFIX_PATH=/opt/ros/humble /usr/bin/cmake --build /root/ros2_workspace/build/roarm_anygrasp_integration -- -j4 -l4
[0.134s] [  0%] Built target ament_cmake_python_symlink_roarm_anygrasp_integration
[0.218s] [ 11%] Built target roarm_anygrasp_integration__rosidl_generator_c
[0.219s] [ 12%] Built target roarm_anygrasp_integration__cpp
[0.231s] [ 23%] Built target roarm_anygrasp_integration__rosidl_typesupport_fastrtps_c
[0.231s] [ 34%] Built target roarm_anygrasp_integration__rosidl_typesupport_c
[0.232s] [ 46%] Built target roarm_anygrasp_integration__rosidl_typesupport_introspection_c
[0.648s] [ 57%] Built target roarm_anygrasp_integration__rosidl_typesupport_cpp
[0.649s] [ 68%] Built target roarm_anygrasp_integration__rosidl_typesupport_fastrtps_cpp
[0.649s] [ 79%] Built target roarm_anygrasp_integration__rosidl_typesupport_introspection_cpp
[0.649s] [ 79%] Built target roarm_anygrasp_integration
[0.649s] [ 80%] Built target roarm_anygrasp_integration__py
[0.649s] [ 90%] Built target roarm_anygrasp_integration__rosidl_generator_py
[0.650s] [ 93%] Built target roarm_anygrasp_integration__rosidl_typesupport_fastrtps_c__pyext
[0.650s] [ 96%] Built target roarm_anygrasp_integration__rosidl_typesupport_introspection_c__pyext
[0.650s] [100%] Built target roarm_anygrasp_integration__rosidl_typesupport_c__pyext
[0.650s] running egg_info
[0.650s] writing roarm_anygrasp_integration.egg-info/PKG-INFO
[0.650s] writing dependency_links to roarm_anygrasp_integration.egg-info/dependency_links.txt
[0.650s] writing top-level names to roarm_anygrasp_integration.egg-info/top_level.txt
[0.650s] reading manifest file 'roarm_anygrasp_integration.egg-info/SOURCES.txt'
[0.650s] writing manifest file 'roarm_anygrasp_integration.egg-info/SOURCES.txt'
[0.650s] [100%] Built target ament_cmake_python_build_roarm_anygrasp_integration_egg
[0.672s] Invoked command in '/root/ros2_workspace/build/roarm_anygrasp_integration' returned '0': CMAKE_PREFIX_PATH=/opt/ros/humble /usr/bin/cmake --build /root/ros2_workspace/build/roarm_anygrasp_integration -- -j4 -l4
[0.674s] Invoking command in '/root/ros2_workspace/build/roarm_anygrasp_integration': CMAKE_PREFIX_PATH=/opt/ros/humble /usr/bin/cmake --install /root/ros2_workspace/build/roarm_anygrasp_integration
[1.004s] -- Install configuration: ""
[1.005s] -- Execute custom install script
[1.005s] -- Up-to-date symlink: /root/ros2_workspace/install/roarm_anygrasp_integration/share/ament_index/resource_index/rosidl_interfaces/roarm_anygrasp_integration
[1.005s] -- Up-to-date symlink: /root/ros2_workspace/install/roarm_anygrasp_integration/include/roarm_anygrasp_integration/roarm_anygrasp_integration/msg/rosidl_generator_c__visibility_control.h
[1.005s] -- Up-to-date symlink: /root/ros2_workspace/install/roarm_anygrasp_integration/include/roarm_anygrasp_integration/roarm_anygrasp_integration/srv/calibrate_camera.h
[1.006s] -- Up-to-date symlink: /root/ros2_workspace/install/roarm_anygrasp_integration/include/roarm_anygrasp_integration/roarm_anygrasp_integration/srv/configure_roboflow.h
[1.006s] -- Up-to-date symlink: /root/ros2_workspace/install/roarm_anygrasp_integration/include/roarm_anygrasp_integration/roarm_anygrasp_integration/srv/detail/calibrate_camera__functions.h
[1.006s] -- Up-to-date symlink: /root/ros2_workspace/install/roarm_anygrasp_integration/include/roarm_anygrasp_integration/roarm_anygrasp_integration/srv/detail/calibrate_camera__struct.h
[1.006s] -- Up-to-date symlink: /root/ros2_workspace/install/roarm_anygrasp_integration/include/roarm_anygrasp_integration/roarm_anygrasp_integration/srv/detail/calibrate_camera__type_support.h
[1.006s] -- Up-to-date symlink: /root/ros2_workspace/install/roarm_anygrasp_integration/include/roarm_anygrasp_integration/roarm_anygrasp_integration/srv/detail/configure_roboflow__functions.h
[1.006s] -- Up-to-date symlink: /root/ros2_workspace/install/roarm_anygrasp_integration/include/roarm_anygrasp_integration/roarm_anygrasp_integration/srv/detail/configure_roboflow__struct.h
[1.006s] -- Up-to-date symlink: /root/ros2_workspace/install/roarm_anygrasp_integration/include/roarm_anygrasp_integration/roarm_anygrasp_integration/srv/detail/configure_roboflow__type_support.h
[1.006s] -- Up-to-date symlink: /root/ros2_workspace/install/roarm_anygrasp_integration/include/roarm_anygrasp_integration/roarm_anygrasp_integration/srv/detail/get_grasp_candidates__functions.h
[1.006s] -- Up-to-date symlink: /root/ros2_workspace/install/roarm_anygrasp_integration/include/roarm_anygrasp_integration/roarm_anygrasp_integration/srv/detail/get_grasp_candidates__struct.h
[1.006s] -- Up-to-date symlink: /root/ros2_workspace/install/roarm_anygrasp_integration/include/roarm_anygrasp_integration/roarm_anygrasp_integration/srv/detail/get_grasp_candidates__type_support.h
[1.006s] -- Up-to-date symlink: /root/ros2_workspace/install/roarm_anygrasp_integration/include/roarm_anygrasp_integration/roarm_anygrasp_integration/srv/detail/select_grasp__functions.h
[1.006s] -- Up-to-date symlink: /root/ros2_workspace/install/roarm_anygrasp_integration/include/roarm_anygrasp_integration/roarm_anygrasp_integration/srv/detail/select_grasp__struct.h
[1.006s] -- Up-to-date symlink: /root/ros2_workspace/install/roarm_anygrasp_integration/include/roarm_anygrasp_integration/roarm_anygrasp_integration/srv/detail/select_grasp__type_support.h
[1.006s] -- Up-to-date symlink: /root/ros2_workspace/install/roarm_anygrasp_integration/include/roarm_anygrasp_integration/roarm_anygrasp_integration/srv/detail/upload_to_roboflow__functions.h
[1.007s] -- Up-to-date symlink: /root/ros2_workspace/install/roarm_anygrasp_integration/include/roarm_anygrasp_integration/roarm_anygrasp_integration/srv/detail/upload_to_roboflow__struct.h
[1.007s] -- Up-to-date symlink: /root/ros2_workspace/install/roarm_anygrasp_integration/include/roarm_anygrasp_integration/roarm_anygrasp_integration/srv/detail/upload_to_roboflow__type_support.h
[1.007s] -- Up-to-date symlink: /root/ros2_workspace/install/roarm_anygrasp_integration/include/roarm_anygrasp_integration/roarm_anygrasp_integration/srv/get_grasp_candidates.h
[1.007s] -- Up-to-date symlink: /root/ros2_workspace/install/roarm_anygrasp_integration/include/roarm_anygrasp_integration/roarm_anygrasp_integration/srv/select_grasp.h
[1.007s] -- Up-to-date symlink: /root/ros2_workspace/install/roarm_anygrasp_integration/include/roarm_anygrasp_integration/roarm_anygrasp_integration/srv/upload_to_roboflow.h
[1.007s] -- Up-to-date symlink: /root/ros2_workspace/install/roarm_anygrasp_integration/share/roarm_anygrasp_integration/environment/library_path.sh
[1.007s] -- Up-to-date symlink: /root/ros2_workspace/install/roarm_anygrasp_integration/share/roarm_anygrasp_integration/environment/library_path.dsv
[1.007s] -- Up-to-date symlink: /root/ros2_workspace/install/roarm_anygrasp_integration/include/roarm_anygrasp_integration/roarm_anygrasp_integration/msg/rosidl_typesupport_fastrtps_c__visibility_control.h
[1.007s] -- Up-to-date symlink: /root/ros2_workspace/install/roarm_anygrasp_integration/include/roarm_anygrasp_integration/roarm_anygrasp_integration/srv/detail/calibrate_camera__rosidl_typesupport_fastrtps_c.h
[1.007s] -- Up-to-date symlink: /root/ros2_workspace/install/roarm_anygrasp_integration/include/roarm_anygrasp_integration/roarm_anygrasp_integration/srv/detail/configure_roboflow__rosidl_typesupport_fastrtps_c.h
[1.008s] -- Up-to-date symlink: /root/ros2_workspace/install/roarm_anygrasp_integration/include/roarm_anygrasp_integration/roarm_anygrasp_integration/srv/detail/get_grasp_candidates__rosidl_typesupport_fastrtps_c.h
[1.008s] -- Up-to-date symlink: /root/ros2_workspace/install/roarm_anygrasp_integration/include/roarm_anygrasp_integration/roarm_anygrasp_integration/srv/detail/select_grasp__rosidl_typesupport_fastrtps_c.h
[1.008s] -- Up-to-date symlink: /root/ros2_workspace/install/roarm_anygrasp_integration/include/roarm_anygrasp_integration/roarm_anygrasp_integration/srv/detail/upload_to_roboflow__rosidl_typesupport_fastrtps_c.h
[1.008s] -- Up-to-date symlink: /root/ros2_workspace/install/roarm_anygrasp_integration/include/roarm_anygrasp_integration/roarm_anygrasp_integration/msg/rosidl_generator_cpp__visibility_control.hpp
[1.008s] -- Up-to-date symlink: /root/ros2_workspace/install/roarm_anygrasp_integration/include/roarm_anygrasp_integration/roarm_anygrasp_integration/srv/calibrate_camera.hpp
[1.008s] -- Up-to-date symlink: /root/ros2_workspace/install/roarm_anygrasp_integration/include/roarm_anygrasp_integration/roarm_anygrasp_integration/srv/configure_roboflow.hpp
[1.008s] -- Up-to-date symlink: /root/ros2_workspace/install/roarm_anygrasp_integration/include/roarm_anygrasp_integration/roarm_anygrasp_integration/srv/detail/calibrate_camera__builder.hpp
[1.008s] -- Up-to-date symlink: /root/ros2_workspace/install/roarm_anygrasp_integration/include/roarm_anygrasp_integration/roarm_anygrasp_integration/srv/detail/calibrate_camera__struct.hpp
[1.008s] -- Up-to-date symlink: /root/ros2_workspace/install/roarm_anygrasp_integration/include/roarm_anygrasp_integration/roarm_anygrasp_integration/srv/detail/calibrate_camera__traits.hpp
[1.008s] -- Up-to-date symlink: /root/ros2_workspace/install/roarm_anygrasp_integration/include/roarm_anygrasp_integration/roarm_anygrasp_integration/srv/detail/calibrate_camera__type_support.hpp
[1.009s] -- Up-to-date symlink: /root/ros2_workspace/install/roarm_anygrasp_integration/include/roarm_anygrasp_integration/roarm_anygrasp_integration/srv/detail/configure_roboflow__builder.hpp
[1.009s] -- Up-to-date symlink: /root/ros2_workspace/install/roarm_anygrasp_integration/include/roarm_anygrasp_integration/roarm_anygrasp_integration/srv/detail/configure_roboflow__struct.hpp
[1.009s] -- Up-to-date symlink: /root/ros2_workspace/install/roarm_anygrasp_integration/include/roarm_anygrasp_integration/roarm_anygrasp_integration/srv/detail/configure_roboflow__traits.hpp
[1.009s] -- Up-to-date symlink: /root/ros2_workspace/install/roarm_anygrasp_integration/include/roarm_anygrasp_integration/roarm_anygrasp_integration/srv/detail/configure_roboflow__type_support.hpp
[1.009s] -- Up-to-date symlink: /root/ros2_workspace/install/roarm_anygrasp_integration/include/roarm_anygrasp_integration/roarm_anygrasp_integration/srv/detail/get_grasp_candidates__builder.hpp
[1.009s] -- Up-to-date symlink: /root/ros2_workspace/install/roarm_anygrasp_integration/include/roarm_anygrasp_integration/roarm_anygrasp_integration/srv/detail/get_grasp_candidates__struct.hpp
[1.009s] -- Up-to-date symlink: /root/ros2_workspace/install/roarm_anygrasp_integration/include/roarm_anygrasp_integration/roarm_anygrasp_integration/srv/detail/get_grasp_candidates__traits.hpp
[1.009s] -- Up-to-date symlink: /root/ros2_workspace/install/roarm_anygrasp_integration/include/roarm_anygrasp_integration/roarm_anygrasp_integration/srv/detail/get_grasp_candidates__type_support.hpp
[1.009s] -- Up-to-date symlink: /root/ros2_workspace/install/roarm_anygrasp_integration/include/roarm_anygrasp_integration/roarm_anygrasp_integration/srv/detail/select_grasp__builder.hpp
[1.010s] -- Up-to-date symlink: /root/ros2_workspace/install/roarm_anygrasp_integration/include/roarm_anygrasp_integration/roarm_anygrasp_integration/srv/detail/select_grasp__struct.hpp
[1.010s] -- Up-to-date symlink: /root/ros2_workspace/install/roarm_anygrasp_integration/include/roarm_anygrasp_integration/roarm_anygrasp_integration/srv/detail/select_grasp__traits.hpp
[1.010s] -- Up-to-date symlink: /root/ros2_workspace/install/roarm_anygrasp_integration/include/roarm_anygrasp_integration/roarm_anygrasp_integration/srv/detail/select_grasp__type_support.hpp
[1.010s] -- Up-to-date symlink: /root/ros2_workspace/install/roarm_anygrasp_integration/include/roarm_anygrasp_integration/roarm_anygrasp_integration/srv/detail/upload_to_roboflow__builder.hpp
[1.010s] -- Up-to-date symlink: /root/ros2_workspace/install/roarm_anygrasp_integration/include/roarm_anygrasp_integration/roarm_anygrasp_integration/srv/detail/upload_to_roboflow__struct.hpp
[1.010s] -- Up-to-date symlink: /root/ros2_workspace/install/roarm_anygrasp_integration/include/roarm_anygrasp_integration/roarm_anygrasp_integration/srv/detail/upload_to_roboflow__traits.hpp
[1.011s] -- Up-to-date symlink: /root/ros2_workspace/install/roarm_anygrasp_integration/include/roarm_anygrasp_integration/roarm_anygrasp_integration/srv/detail/upload_to_roboflow__type_support.hpp
[1.011s] -- Up-to-date symlink: /root/ros2_workspace/install/roarm_anygrasp_integration/include/roarm_anygrasp_integration/roarm_anygrasp_integration/srv/get_grasp_candidates.hpp
[1.011s] -- Up-to-date symlink: /root/ros2_workspace/install/roarm_anygrasp_integration/include/roarm_anygrasp_integration/roarm_anygrasp_integration/srv/select_grasp.hpp
[1.011s] -- Up-to-date symlink: /root/ros2_workspace/install/roarm_anygrasp_integration/include/roarm_anygrasp_integration/roarm_anygrasp_integration/srv/upload_to_roboflow.hpp
[1.011s] -- Up-to-date symlink: /root/ros2_workspace/install/roarm_anygrasp_integration/include/roarm_anygrasp_integration/roarm_anygrasp_integration/msg/rosidl_typesupport_fastrtps_cpp__visibility_control.h
[1.011s] -- Up-to-date symlink: /root/ros2_workspace/install/roarm_anygrasp_integration/include/roarm_anygrasp_integration/roarm_anygrasp_integration/srv/detail/calibrate_camera__rosidl_typesupport_fastrtps_cpp.hpp
[1.011s] -- Up-to-date symlink: /root/ros2_workspace/install/roarm_anygrasp_integration/include/roarm_anygrasp_integration/roarm_anygrasp_integration/srv/detail/configure_roboflow__rosidl_typesupport_fastrtps_cpp.hpp
[1.011s] -- Up-to-date symlink: /root/ros2_workspace/install/roarm_anygrasp_integration/include/roarm_anygrasp_integration/roarm_anygrasp_integration/srv/detail/get_grasp_candidates__rosidl_typesupport_fastrtps_cpp.hpp
[1.011s] -- Up-to-date symlink: /root/ros2_workspace/install/roarm_anygrasp_integration/include/roarm_anygrasp_integration/roarm_anygrasp_integration/srv/detail/select_grasp__rosidl_typesupport_fastrtps_cpp.hpp
[1.011s] -- Up-to-date symlink: /root/ros2_workspace/install/roarm_anygrasp_integration/include/roarm_anygrasp_integration/roarm_anygrasp_integration/srv/detail/upload_to_roboflow__rosidl_typesupport_fastrtps_cpp.hpp
[1.011s] -- Up-to-date symlink: /root/ros2_workspace/install/roarm_anygrasp_integration/include/roarm_anygrasp_integration/roarm_anygrasp_integration/msg/rosidl_typesupport_introspection_c__visibility_control.h
[1.012s] -- Up-to-date symlink: /root/ros2_workspace/install/roarm_anygrasp_integration/include/roarm_anygrasp_integration/roarm_anygrasp_integration/srv/detail/calibrate_camera__rosidl_typesupport_introspection_c.h
[1.012s] -- Up-to-date symlink: /root/ros2_workspace/install/roarm_anygrasp_integration/include/roarm_anygrasp_integration/roarm_anygrasp_integration/srv/detail/configure_roboflow__rosidl_typesupport_introspection_c.h
[1.012s] -- Up-to-date symlink: /root/ros2_workspace/install/roarm_anygrasp_integration/include/roarm_anygrasp_integration/roarm_anygrasp_integration/srv/detail/get_grasp_candidates__rosidl_typesupport_introspection_c.h
[1.012s] -- Up-to-date symlink: /root/ros2_workspace/install/roarm_anygrasp_integration/include/roarm_anygrasp_integration/roarm_anygrasp_integration/srv/detail/select_grasp__rosidl_typesupport_introspection_c.h
[1.012s] -- Up-to-date symlink: /root/ros2_workspace/install/roarm_anygrasp_integration/include/roarm_anygrasp_integration/roarm_anygrasp_integration/srv/detail/upload_to_roboflow__rosidl_typesupport_introspection_c.h
[1.012s] -- Up-to-date symlink: /root/ros2_workspace/install/roarm_anygrasp_integration/include/roarm_anygrasp_integration/roarm_anygrasp_integration/srv/detail/calibrate_camera__rosidl_typesupport_introspection_cpp.hpp
[1.012s] -- Up-to-date symlink: /root/ros2_workspace/install/roarm_anygrasp_integration/include/roarm_anygrasp_integration/roarm_anygrasp_integration/srv/detail/configure_roboflow__rosidl_typesupport_introspection_cpp.hpp
[1.012s] -- Up-to-date symlink: /root/ros2_workspace/install/roarm_anygrasp_integration/include/roarm_anygrasp_integration/roarm_anygrasp_integration/srv/detail/get_grasp_candidates__rosidl_typesupport_introspection_cpp.hpp
[1.012s] -- Up-to-date symlink: /root/ros2_workspace/install/roarm_anygrasp_integration/include/roarm_anygrasp_integration/roarm_anygrasp_integration/srv/detail/select_grasp__rosidl_typesupport_introspection_cpp.hpp
[1.013s] -- Up-to-date symlink: /root/ros2_workspace/install/roarm_anygrasp_integration/include/roarm_anygrasp_integration/roarm_anygrasp_integration/srv/detail/upload_to_roboflow__rosidl_typesupport_introspection_cpp.hpp
[1.013s] -- Up-to-date symlink: /root/ros2_workspace/install/roarm_anygrasp_integration/share/roarm_anygrasp_integration/environment/pythonpath.sh
[1.013s] -- Up-to-date symlink: /root/ros2_workspace/install/roarm_anygrasp_integration/share/roarm_anygrasp_integration/environment/pythonpath.dsv
[1.013s] -- Up-to-date symlink: /root/ros2_workspace/install/roarm_anygrasp_integration/local/lib/python3.10/dist-packages/roarm_anygrasp_integration-0.0.0-py3.10.egg-info/PKG-INFO
[1.013s] -- Up-to-date symlink: /root/ros2_workspace/install/roarm_anygrasp_integration/local/lib/python3.10/dist-packages/roarm_anygrasp_integration-0.0.0-py3.10.egg-info/SOURCES.txt
[1.013s] -- Up-to-date symlink: /root/ros2_workspace/install/roarm_anygrasp_integration/local/lib/python3.10/dist-packages/roarm_anygrasp_integration-0.0.0-py3.10.egg-info/dependency_links.txt
[1.013s] -- Up-to-date symlink: /root/ros2_workspace/install/roarm_anygrasp_integration/local/lib/python3.10/dist-packages/roarm_anygrasp_integration-0.0.0-py3.10.egg-info/top_level.txt
[1.013s] -- Up-to-date symlink: /root/ros2_workspace/install/roarm_anygrasp_integration/local/lib/python3.10/dist-packages/roarm_anygrasp_integration/__init__.py
[1.013s] -- Up-to-date symlink: /root/ros2_workspace/install/roarm_anygrasp_integration/local/lib/python3.10/dist-packages/roarm_anygrasp_integration/_roarm_anygrasp_integration_s.ep.rosidl_typesupport_c.c
[1.013s] -- Up-to-date symlink: /root/ros2_workspace/install/roarm_anygrasp_integration/local/lib/python3.10/dist-packages/roarm_anygrasp_integration/_roarm_anygrasp_integration_s.ep.rosidl_typesupport_fastrtps_c.c
[1.013s] -- Up-to-date symlink: /root/ros2_workspace/install/roarm_anygrasp_integration/local/lib/python3.10/dist-packages/roarm_anygrasp_integration/_roarm_anygrasp_integration_s.ep.rosidl_typesupport_introspection_c.c
[1.014s] -- Up-to-date symlink: /root/ros2_workspace/install/roarm_anygrasp_integration/local/lib/python3.10/dist-packages/roarm_anygrasp_integration/libroarm_anygrasp_integration__rosidl_generator_py.so
[1.014s] -- Up-to-date symlink: /root/ros2_workspace/install/roarm_anygrasp_integration/local/lib/python3.10/dist-packages/roarm_anygrasp_integration/roarm_anygrasp_integration_s__rosidl_typesupport_c.cpython-310-x86_64-linux-gnu.so
[1.014s] -- Up-to-date symlink: /root/ros2_workspace/install/roarm_anygrasp_integration/local/lib/python3.10/dist-packages/roarm_anygrasp_integration/roarm_anygrasp_integration_s__rosidl_typesupport_fastrtps_c.cpython-310-x86_64-linux-gnu.so
[1.014s] -- Up-to-date symlink: /root/ros2_workspace/install/roarm_anygrasp_integration/local/lib/python3.10/dist-packages/roarm_anygrasp_integration/roarm_anygrasp_integration_s__rosidl_typesupport_introspection_c.cpython-310-x86_64-linux-gnu.so
[1.014s] -- Up-to-date symlink: /root/ros2_workspace/install/roarm_anygrasp_integration/local/lib/python3.10/dist-packages/roarm_anygrasp_integration/srv/__init__.py
[1.014s] -- Up-to-date symlink: /root/ros2_workspace/install/roarm_anygrasp_integration/local/lib/python3.10/dist-packages/roarm_anygrasp_integration/srv/_calibrate_camera.py
[1.014s] -- Up-to-date symlink: /root/ros2_workspace/install/roarm_anygrasp_integration/local/lib/python3.10/dist-packages/roarm_anygrasp_integration/srv/_calibrate_camera_s.c
[1.014s] -- Up-to-date symlink: /root/ros2_workspace/install/roarm_anygrasp_integration/local/lib/python3.10/dist-packages/roarm_anygrasp_integration/srv/_configure_roboflow.py
[1.014s] -- Up-to-date symlink: /root/ros2_workspace/install/roarm_anygrasp_integration/local/lib/python3.10/dist-packages/roarm_anygrasp_integration/srv/_configure_roboflow_s.c
[1.014s] -- Up-to-date symlink: /root/ros2_workspace/install/roarm_anygrasp_integration/local/lib/python3.10/dist-packages/roarm_anygrasp_integration/srv/_get_grasp_candidates.py
[1.014s] -- Up-to-date symlink: /root/ros2_workspace/install/roarm_anygrasp_integration/local/lib/python3.10/dist-packages/roarm_anygrasp_integration/srv/_get_grasp_candidates_s.c
[1.014s] -- Up-to-date symlink: /root/ros2_workspace/install/roarm_anygrasp_integration/local/lib/python3.10/dist-packages/roarm_anygrasp_integration/srv/_select_grasp.py
[1.014s] -- Up-to-date symlink: /root/ros2_workspace/install/roarm_anygrasp_integration/local/lib/python3.10/dist-packages/roarm_anygrasp_integration/srv/_select_grasp_s.c
[1.014s] -- Up-to-date symlink: /root/ros2_workspace/install/roarm_anygrasp_integration/local/lib/python3.10/dist-packages/roarm_anygrasp_integration/srv/_upload_to_roboflow.py
[1.015s] -- Up-to-date symlink: /root/ros2_workspace/install/roarm_anygrasp_integration/local/lib/python3.10/dist-packages/roarm_anygrasp_integration/srv/_upload_to_roboflow_s.c
[1.015s] -- Up-to-date symlink: /root/ros2_workspace/install/roarm_anygrasp_integration/local/lib/python3.10/dist-packages/roarm_anygrasp_integration/roarm_anygrasp_integration_s__rosidl_typesupport_fastrtps_c.cpython-310-x86_64-linux-gnu.so
[1.015s] -- Up-to-date symlink: /root/ros2_workspace/install/roarm_anygrasp_integration/local/lib/python3.10/dist-packages/roarm_anygrasp_integration/roarm_anygrasp_integration_s__rosidl_typesupport_introspection_c.cpython-310-x86_64-linux-gnu.so
[1.015s] -- Up-to-date symlink: /root/ros2_workspace/install/roarm_anygrasp_integration/local/lib/python3.10/dist-packages/roarm_anygrasp_integration/roarm_anygrasp_integration_s__rosidl_typesupport_c.cpython-310-x86_64-linux-gnu.so
[1.015s] -- Up-to-date symlink: /root/ros2_workspace/install/roarm_anygrasp_integration/share/roarm_anygrasp_integration/srv/SelectGrasp.idl
[1.015s] -- Up-to-date symlink: /root/ros2_workspace/install/roarm_anygrasp_integration/share/roarm_anygrasp_integration/srv/GetGraspCandidates.idl
[1.015s] -- Up-to-date symlink: /root/ros2_workspace/install/roarm_anygrasp_integration/share/roarm_anygrasp_integration/srv/UploadToRoboflow.idl
[1.015s] -- Up-to-date symlink: /root/ros2_workspace/install/roarm_anygrasp_integration/share/roarm_anygrasp_integration/srv/ConfigureRoboflow.idl
[1.015s] -- Up-to-date symlink: /root/ros2_workspace/install/roarm_anygrasp_integration/share/roarm_anygrasp_integration/srv/CalibrateCamera.idl
[1.015s] -- Up-to-date symlink: /root/ros2_workspace/install/roarm_anygrasp_integration/share/roarm_anygrasp_integration/srv/SelectGrasp.srv
[1.015s] -- Up-to-date symlink: /root/ros2_workspace/install/roarm_anygrasp_integration/share/roarm_anygrasp_integration/srv/SelectGrasp_Request.msg
[1.016s] -- Up-to-date symlink: /root/ros2_workspace/install/roarm_anygrasp_integration/share/roarm_anygrasp_integration/srv/SelectGrasp_Response.msg
[1.016s] -- Up-to-date symlink: /root/ros2_workspace/install/roarm_anygrasp_integration/share/roarm_anygrasp_integration/srv/GetGraspCandidates.srv
[1.016s] -- Up-to-date symlink: /root/ros2_workspace/install/roarm_anygrasp_integration/share/roarm_anygrasp_integration/srv/GetGraspCandidates_Request.msg
[1.016s] -- Up-to-date symlink: /root/ros2_workspace/install/roarm_anygrasp_integration/share/roarm_anygrasp_integration/srv/GetGraspCandidates_Response.msg
[1.016s] -- Up-to-date symlink: /root/ros2_workspace/install/roarm_anygrasp_integration/share/roarm_anygrasp_integration/srv/UploadToRoboflow.srv
[1.016s] -- Up-to-date symlink: /root/ros2_workspace/install/roarm_anygrasp_integration/share/roarm_anygrasp_integration/srv/UploadToRoboflow_Request.msg
[1.016s] -- Up-to-date symlink: /root/ros2_workspace/install/roarm_anygrasp_integration/share/roarm_anygrasp_integration/srv/UploadToRoboflow_Response.msg
[1.016s] -- Up-to-date symlink: /root/ros2_workspace/install/roarm_anygrasp_integration/share/roarm_anygrasp_integration/srv/ConfigureRoboflow.srv
[1.016s] -- Up-to-date symlink: /root/ros2_workspace/install/roarm_anygrasp_integration/share/roarm_anygrasp_integration/srv/ConfigureRoboflow_Request.msg
[1.016s] -- Up-to-date symlink: /root/ros2_workspace/install/roarm_anygrasp_integration/share/roarm_anygrasp_integration/srv/ConfigureRoboflow_Response.msg
[1.016s] -- Up-to-date symlink: /root/ros2_workspace/install/roarm_anygrasp_integration/share/roarm_anygrasp_integration/srv/CalibrateCamera.srv
[1.016s] -- Up-to-date symlink: /root/ros2_workspace/install/roarm_anygrasp_integration/share/roarm_anygrasp_integration/srv/CalibrateCamera_Request.msg
[1.016s] -- Up-to-date symlink: /root/ros2_workspace/install/roarm_anygrasp_integration/share/roarm_anygrasp_integration/srv/CalibrateCamera_Response.msg
[1.016s] -- Up-to-date symlink: /root/ros2_workspace/install/roarm_anygrasp_integration/share/ament_index/resource_index/package_run_dependencies/roarm_anygrasp_integration
[1.017s] -- Up-to-date symlink: /root/ros2_workspace/install/roarm_anygrasp_integration/share/ament_index/resource_index/parent_prefix_path/roarm_anygrasp_integration
[1.017s] -- Up-to-date symlink: /root/ros2_workspace/install/roarm_anygrasp_integration/share/roarm_anygrasp_integration/environment/ament_prefix_path.sh
[1.017s] -- Up-to-date symlink: /root/ros2_workspace/install/roarm_anygrasp_integration/share/roarm_anygrasp_integration/environment/ament_prefix_path.dsv
[1.017s] -- Up-to-date symlink: /root/ros2_workspace/install/roarm_anygrasp_integration/share/roarm_anygrasp_integration/environment/path.sh
[1.017s] -- Up-to-date symlink: /root/ros2_workspace/install/roarm_anygrasp_integration/share/roarm_anygrasp_integration/environment/path.dsv
[1.017s] -- Up-to-date symlink: /root/ros2_workspace/install/roarm_anygrasp_integration/share/roarm_anygrasp_integration/local_setup.bash
[1.017s] -- Up-to-date symlink: /root/ros2_workspace/install/roarm_anygrasp_integration/share/roarm_anygrasp_integration/local_setup.sh
[1.017s] -- Up-to-date symlink: /root/ros2_workspace/install/roarm_anygrasp_integration/share/roarm_anygrasp_integration/local_setup.zsh
[1.017s] -- Up-to-date symlink: /root/ros2_workspace/install/roarm_anygrasp_integration/share/roarm_anygrasp_integration/local_setup.dsv
[1.017s] -- Symlinking: /root/ros2_workspace/install/roarm_anygrasp_integration/share/roarm_anygrasp_integration/package.dsv
[1.017s] -- Up-to-date symlink: /root/ros2_workspace/install/roarm_anygrasp_integration/share/ament_index/resource_index/packages/roarm_anygrasp_integration
[1.017s] -- Up-to-date symlink: /root/ros2_workspace/install/roarm_anygrasp_integration/share/roarm_anygrasp_integration/cmake/rosidl_cmake-extras.cmake
[1.018s] -- Up-to-date symlink: /root/ros2_workspace/install/roarm_anygrasp_integration/share/roarm_anygrasp_integration/cmake/ament_cmake_export_dependencies-extras.cmake
[1.018s] -- Up-to-date symlink: /root/ros2_workspace/install/roarm_anygrasp_integration/share/roarm_anygrasp_integration/cmake/ament_cmake_export_include_directories-extras.cmake
[1.018s] -- Up-to-date symlink: /root/ros2_workspace/install/roarm_anygrasp_integration/share/roarm_anygrasp_integration/cmake/ament_cmake_export_libraries-extras.cmake
[1.018s] -- Up-to-date symlink: /root/ros2_workspace/install/roarm_anygrasp_integration/share/roarm_anygrasp_integration/cmake/ament_cmake_export_targets-extras.cmake
[1.018s] -- Up-to-date symlink: /root/ros2_workspace/install/roarm_anygrasp_integration/share/roarm_anygrasp_integration/cmake/rosidl_cmake_export_typesupport_targets-extras.cmake
[1.018s] -- Up-to-date symlink: /root/ros2_workspace/install/roarm_anygrasp_integration/share/roarm_anygrasp_integration/cmake/rosidl_cmake_export_typesupport_libraries-extras.cmake
[1.018s] -- Up-to-date symlink: /root/ros2_workspace/install/roarm_anygrasp_integration/share/roarm_anygrasp_integration/cmake/roarm_anygrasp_integrationConfig.cmake
[1.018s] -- Up-to-date symlink: /root/ros2_workspace/install/roarm_anygrasp_integration/share/roarm_anygrasp_integration/cmake/roarm_anygrasp_integrationConfig-version.cmake
[1.018s] -- Up-to-date symlink: /root/ros2_workspace/install/roarm_anygrasp_integration/share/roarm_anygrasp_integration/package.xml
[1.018s] -- Up-to-date: /root/ros2_workspace/install/roarm_anygrasp_integration/lib/libroarm_anygrasp_integration__rosidl_generator_c.so
[1.018s] -- Up-to-date: /root/ros2_workspace/install/roarm_anygrasp_integration/lib/libroarm_anygrasp_integration__rosidl_typesupport_fastrtps_c.so
[1.018s] -- Up-to-date: /root/ros2_workspace/install/roarm_anygrasp_integration/lib/libroarm_anygrasp_integration__rosidl_typesupport_fastrtps_cpp.so
[1.018s] -- Up-to-date: /root/ros2_workspace/install/roarm_anygrasp_integration/lib/libroarm_anygrasp_integration__rosidl_typesupport_introspection_c.so
[1.019s] -- Up-to-date: /root/ros2_workspace/install/roarm_anygrasp_integration/lib/libroarm_anygrasp_integration__rosidl_typesupport_c.so
[1.019s] -- Up-to-date: /root/ros2_workspace/install/roarm_anygrasp_integration/lib/libroarm_anygrasp_integration__rosidl_typesupport_introspection_cpp.so
[1.019s] -- Up-to-date: /root/ros2_workspace/install/roarm_anygrasp_integration/lib/libroarm_anygrasp_integration__rosidl_typesupport_cpp.so
[1.019s] Listing '/root/ros2_workspace/install/roarm_anygrasp_integration/local/lib/python3.10/dist-packages/roarm_anygrasp_integration'...
[1.019s] Listing '/root/ros2_workspace/install/roarm_anygrasp_integration/local/lib/python3.10/dist-packages/roarm_anygrasp_integration/srv'...
[1.019s] -- Up-to-date: /root/ros2_workspace/install/roarm_anygrasp_integration/lib/libroarm_anygrasp_integration__rosidl_generator_py.so
[1.019s] -- Up-to-date: /root/ros2_workspace/install/roarm_anygrasp_integration/share/roarm_anygrasp_integration/cmake/export_roarm_anygrasp_integration__rosidl_generator_cExport.cmake
[1.019s] -- Up-to-date: /root/ros2_workspace/install/roarm_anygrasp_integration/share/roarm_anygrasp_integration/cmake/export_roarm_anygrasp_integration__rosidl_generator_cExport-noconfig.cmake
[1.019s] -- Up-to-date: /root/ros2_workspace/install/roarm_anygrasp_integration/share/roarm_anygrasp_integration/cmake/export_roarm_anygrasp_integration__rosidl_typesupport_fastrtps_cExport.cmake
[1.019s] -- Up-to-date: /root/ros2_workspace/install/roarm_anygrasp_integration/share/roarm_anygrasp_integration/cmake/export_roarm_anygrasp_integration__rosidl_typesupport_fastrtps_cExport-noconfig.cmake
[1.019s] -- Up-to-date: /root/ros2_workspace/install/roarm_anygrasp_integration/share/roarm_anygrasp_integration/cmake/export_roarm_anygrasp_integration__rosidl_generator_cppExport.cmake
[1.019s] -- Up-to-date: /root/ros2_workspace/install/roarm_anygrasp_integration/share/roarm_anygrasp_integration/cmake/export_roarm_anygrasp_integration__rosidl_typesupport_fastrtps_cppExport.cmake
[1.019s] -- Up-to-date: /root/ros2_workspace/install/roarm_anygrasp_integration/share/roarm_anygrasp_integration/cmake/export_roarm_anygrasp_integration__rosidl_typesupport_fastrtps_cppExport-noconfig.cmake
[1.020s] -- Up-to-date: /root/ros2_workspace/install/roarm_anygrasp_integration/share/roarm_anygrasp_integration/cmake/roarm_anygrasp_integration__rosidl_typesupport_introspection_cExport.cmake
[1.020s] -- Up-to-date: /root/ros2_workspace/install/roarm_anygrasp_integration/share/roarm_anygrasp_integration/cmake/roarm_anygrasp_integration__rosidl_typesupport_introspection_cExport-noconfig.cmake
[1.020s] -- Up-to-date: /root/ros2_workspace/install/roarm_anygrasp_integration/share/roarm_anygrasp_integration/cmake/roarm_anygrasp_integration__rosidl_typesupport_cExport.cmake
[1.020s] -- Up-to-date: /root/ros2_workspace/install/roarm_anygrasp_integration/share/roarm_anygrasp_integration/cmake/roarm_anygrasp_integration__rosidl_typesupport_cExport-noconfig.cmake
[1.020s] -- Up-to-date: /root/ros2_workspace/install/roarm_anygrasp_integration/share/roarm_anygrasp_integration/cmake/roarm_anygrasp_integration__rosidl_typesupport_introspection_cppExport.cmake
[1.020s] -- Up-to-date: /root/ros2_workspace/install/roarm_anygrasp_integration/share/roarm_anygrasp_integration/cmake/roarm_anygrasp_integration__rosidl_typesupport_introspection_cppExport-noconfig.cmake
[1.020s] -- Up-to-date: /root/ros2_workspace/install/roarm_anygrasp_integration/share/roarm_anygrasp_integration/cmake/roarm_anygrasp_integration__rosidl_typesupport_cppExport.cmake
[1.020s] -- Up-to-date: /root/ros2_workspace/install/roarm_anygrasp_integration/share/roarm_anygrasp_integration/cmake/roarm_anygrasp_integration__rosidl_typesupport_cppExport-noconfig.cmake
[1.021s] -- Up-to-date: /root/ros2_workspace/install/roarm_anygrasp_integration/share/roarm_anygrasp_integration/cmake/export_roarm_anygrasp_integration__rosidl_generator_pyExport.cmake
[1.021s] -- Up-to-date: /root/ros2_workspace/install/roarm_anygrasp_integration/share/roarm_anygrasp_integration/cmake/export_roarm_anygrasp_integration__rosidl_generator_pyExport-noconfig.cmake
[1.021s] Invoked command in '/root/ros2_workspace/build/roarm_anygrasp_integration' returned '0': CMAKE_PREFIX_PATH=/opt/ros/humble /usr/bin/cmake --install /root/ros2_workspace/build/roarm_anygrasp_integration
