[0.009s] Invoking command in '/root/ros2_workspace/build/realsense_launch': CMAKE_PREFIX_PATH=/opt/ros/humble /usr/bin/cmake --build /root/ros2_workspace/build/realsense_launch -- -j4 -l4
[0.052s] Invoked command in '/root/ros2_workspace/build/realsense_launch' returned '0': CMAKE_PREFIX_PATH=/opt/ros/humble /usr/bin/cmake --build /root/ros2_workspace/build/realsense_launch -- -j4 -l4
[0.053s] Invoking command in '/root/ros2_workspace/build/realsense_launch': CMAKE_PREFIX_PATH=/opt/ros/humble /usr/bin/cmake --install /root/ros2_workspace/build/realsense_launch
[0.062s] -- Install configuration: ""
[0.063s] -- Execute custom install script
[0.068s] -- Up-to-date symlink: /root/ros2_workspace/install/realsense_launch/share/realsense_launch//launch/d405.launch.py
[0.069s] -- Up-to-date symlink: /root/ros2_workspace/install/realsense_launch/share/realsense_launch//launch/d405_rgbd.launch.py
[0.069s] -- Up-to-date symlink: /root/ros2_workspace/install/realsense_launch/share/realsense_launch//launch/dual_d405.launch.py
[0.069s] -- Up-to-date symlink: /root/ros2_workspace/install/realsense_launch/share/realsense_launch//config/d405_config.yaml
[0.070s] -- Up-to-date symlink: /root/ros2_workspace/install/realsense_launch/share/realsense_launch//config/d405_side_config.yaml
[0.070s] -- Up-to-date symlink: /root/ros2_workspace/install/realsense_launch/share/ament_index/resource_index/package_run_dependencies/realsense_launch
[0.071s] -- Up-to-date symlink: /root/ros2_workspace/install/realsense_launch/share/ament_index/resource_index/parent_prefix_path/realsense_launch
[0.071s] -- Up-to-date symlink: /root/ros2_workspace/install/realsense_launch/share/realsense_launch/environment/ament_prefix_path.sh
[0.072s] -- Up-to-date symlink: /root/ros2_workspace/install/realsense_launch/share/realsense_launch/environment/ament_prefix_path.dsv
[0.072s] -- Up-to-date symlink: /root/ros2_workspace/install/realsense_launch/share/realsense_launch/environment/path.sh
[0.073s] -- Up-to-date symlink: /root/ros2_workspace/install/realsense_launch/share/realsense_launch/environment/path.dsv
[0.073s] -- Up-to-date symlink: /root/ros2_workspace/install/realsense_launch/share/realsense_launch/local_setup.bash
[0.074s] -- Up-to-date symlink: /root/ros2_workspace/install/realsense_launch/share/realsense_launch/local_setup.sh
[0.074s] -- Up-to-date symlink: /root/ros2_workspace/install/realsense_launch/share/realsense_launch/local_setup.zsh
[0.074s] -- Up-to-date symlink: /root/ros2_workspace/install/realsense_launch/share/realsense_launch/local_setup.dsv
[0.074s] -- Symlinking: /root/ros2_workspace/install/realsense_launch/share/realsense_launch/package.dsv
[0.085s] -- Up-to-date symlink: /root/ros2_workspace/install/realsense_launch/share/ament_index/resource_index/packages/realsense_launch
[0.085s] -- Up-to-date symlink: /root/ros2_workspace/install/realsense_launch/share/realsense_launch/cmake/realsense_launchConfig.cmake
[0.088s] -- Up-to-date symlink: /root/ros2_workspace/install/realsense_launch/share/realsense_launch/cmake/realsense_launchConfig-version.cmake
[0.088s] -- Up-to-date symlink: /root/ros2_workspace/install/realsense_launch/share/realsense_launch/package.xml
[0.088s] Invoked command in '/root/ros2_workspace/build/realsense_launch' returned '0': CMAKE_PREFIX_PATH=/opt/ros/humble /usr/bin/cmake --install /root/ros2_workspace/build/realsense_launch
