[0.017s] Invoking command in '/root/ros2_workspace/build/roarm_isaac_sim': AMENT_PREFIX_PATH=/root/ros2_workspace/install/roarm_moveit:/root/ros2_workspace/install/roarm_description:/root/ros2_workspace/install/roarm_anygrasp_integration:${AMENT_PREFIX_PATH} CMAKE_PREFIX_PATH=/root/ros2_workspace/install/roarm_moveit:/root/ros2_workspace/install/roarm_description:/root/ros2_workspace/install/roarm_anygrasp_integration:/opt/ros/humble LD_LIBRARY_PATH=/root/ros2_workspace/install/roarm_moveit/lib:/root/ros2_workspace/install/roarm_anygrasp_integration/lib:${LD_LIBRARY_PATH} PYTHONPATH=/root/ros2_workspace/install/roarm_moveit/local/lib/python3.10/dist-packages:/root/ros2_workspace/install/roarm_anygrasp_integration/local/lib/python3.10/dist-packages:${PYTHONPATH} /usr/bin/cmake /root/ros2_workspace/src/roarm_isaac_sim -DCMAKE_INSTALL_PREFIX=/root/ros2_workspace/install/roarm_isaac_sim
[0.041s] -- Found ament_cmake: 1.3.11 (/opt/ros/humble/share/ament_cmake/cmake)
[0.205s] -- Found rclcpp: 16.0.12 (/opt/ros/humble/share/rclcpp/cmake)
[0.242s] -- Found rosidl_generator_c: 3.1.6 (/opt/ros/humble/share/rosidl_generator_c/cmake)
[0.245s] -- Found rosidl_adapter: 3.1.6 (/opt/ros/humble/share/rosidl_adapter/cmake)
[0.253s] -- Found rosidl_generator_cpp: 3.1.6 (/opt/ros/humble/share/rosidl_generator_cpp/cmake)
[0.266s] -- Using all available rosidl_typesupport_c: rosidl_typesupport_fastrtps_c;rosidl_typesupport_introspection_c
[0.284s] -- Using all available rosidl_typesupport_cpp: rosidl_typesupport_fastrtps_cpp;rosidl_typesupport_introspection_cpp
[0.334s] -- Found rmw_implementation_cmake: 6.1.2 (/opt/ros/humble/share/rmw_implementation_cmake/cmake)
[0.336s] -- Found rmw_fastrtps_cpp: 6.2.7 (/opt/ros/humble/share/rmw_fastrtps_cpp/cmake)
[0.456s] -- Using RMW implementation 'rmw_fastrtps_cpp' as default
[0.516s] -- Found rclpy: 3.3.16 (/opt/ros/humble/share/rclpy/cmake)
[0.516s] -- Found sensor_msgs: 4.8.0 (/opt/ros/humble/share/sensor_msgs/cmake)
[0.551s] -- Found trajectory_msgs: 4.8.0 (/opt/ros/humble/share/trajectory_msgs/cmake)
[0.573s] -- Found control_msgs: 4.8.0 (/opt/ros/humble/share/control_msgs/cmake)
[0.636s] -- Found tf2: 0.25.12 (/opt/ros/humble/share/tf2/cmake)
[0.641s] -- Found tf2_ros: 0.25.12 (/opt/ros/humble/share/tf2_ros/cmake)
[0.715s] -- Found tf2_geometry_msgs: 0.25.12 (/opt/ros/humble/share/tf2_geometry_msgs/cmake)
[0.719s] -- Found eigen3_cmake_module: 0.1.1 (/opt/ros/humble/share/eigen3_cmake_module/cmake)
[0.721s] -- Ensuring Eigen3 include directory is part of orocos-kdl CMake target
[0.723s] -- Found moveit_msgs: 2.2.1 (/opt/ros/humble/share/moveit_msgs/cmake)
[0.817s] -- Found moveit_core: 2.5.9 (/opt/ros/humble/share/moveit_core/cmake)
[0.836s] -- Found Boost: /usr/lib/x86_64-linux-gnu/cmake/Boost-1.74.0/BoostConfig.cmake (found version "1.74.0") found components: chrono date_time filesystem iostreams program_options regex serialization system thread 
[0.863s] -- Found parameter_traits: 0.4.0 (/opt/ros/humble/share/parameter_traits/cmake)
[0.874s] -- Found rclcpp_lifecycle: 16.0.12 (/opt/ros/humble/share/rclcpp_lifecycle/cmake)
[0.902s] -- Found Boost: /usr/lib/x86_64-linux-gnu/cmake/Boost-1.74.0/BoostConfig.cmake (found version "1.74.0") found components: filesystem 
[0.939s] -- library: /usr/lib/x86_64-linux-gnu/libcurl.so
[1.023s] -- Found image_transport: 3.1.11 (/opt/ros/humble/share/image_transport/cmake)
[1.028s] -- Found cv_bridge: 3.2.1 (/opt/ros/humble/share/cv_bridge/cmake)
[1.125s] -- Found ament_lint_auto: 0.12.12 (/opt/ros/humble/share/ament_lint_auto/cmake)
[1.222s] -- Added test 'copyright' to check source files copyright and LICENSE
[1.225s] -- Added test 'flake8' to check Python code syntax and style conventions
[1.226s] -- Added test 'lint_cmake' to check CMake code style
[1.227s] -- Added test 'pep257' to check Python code against some of the docstring style conventions in PEP 257
[1.228s] -- Added test 'xmllint' to check XML markup files
[1.230s] -- Configuring done
[1.240s] -- Generating done
[1.246s] -- Build files have been written to: /root/ros2_workspace/build/roarm_isaac_sim
[1.261s] Invoked command in '/root/ros2_workspace/build/roarm_isaac_sim' returned '0': AMENT_PREFIX_PATH=/root/ros2_workspace/install/roarm_moveit:/root/ros2_workspace/install/roarm_description:/root/ros2_workspace/install/roarm_anygrasp_integration:${AMENT_PREFIX_PATH} CMAKE_PREFIX_PATH=/root/ros2_workspace/install/roarm_moveit:/root/ros2_workspace/install/roarm_description:/root/ros2_workspace/install/roarm_anygrasp_integration:/opt/ros/humble LD_LIBRARY_PATH=/root/ros2_workspace/install/roarm_moveit/lib:/root/ros2_workspace/install/roarm_anygrasp_integration/lib:${LD_LIBRARY_PATH} PYTHONPATH=/root/ros2_workspace/install/roarm_moveit/local/lib/python3.10/dist-packages:/root/ros2_workspace/install/roarm_anygrasp_integration/local/lib/python3.10/dist-packages:${PYTHONPATH} /usr/bin/cmake /root/ros2_workspace/src/roarm_isaac_sim -DCMAKE_INSTALL_PREFIX=/root/ros2_workspace/install/roarm_isaac_sim
[1.262s] Invoking command in '/root/ros2_workspace/build/roarm_isaac_sim': AMENT_PREFIX_PATH=/root/ros2_workspace/install/roarm_moveit:/root/ros2_workspace/install/roarm_description:/root/ros2_workspace/install/roarm_anygrasp_integration:${AMENT_PREFIX_PATH} CMAKE_PREFIX_PATH=/root/ros2_workspace/install/roarm_moveit:/root/ros2_workspace/install/roarm_description:/root/ros2_workspace/install/roarm_anygrasp_integration:/opt/ros/humble LD_LIBRARY_PATH=/root/ros2_workspace/install/roarm_moveit/lib:/root/ros2_workspace/install/roarm_anygrasp_integration/lib:${LD_LIBRARY_PATH} PYTHONPATH=/root/ros2_workspace/install/roarm_moveit/local/lib/python3.10/dist-packages:/root/ros2_workspace/install/roarm_anygrasp_integration/local/lib/python3.10/dist-packages:${PYTHONPATH} /usr/bin/cmake --build /root/ros2_workspace/build/roarm_isaac_sim -- -j4 -l4
[1.343s] Built target ament_cmake_python_copy_roarm_isaac_sim
[1.637s] running egg_info
[1.638s] writing roarm_isaac_sim.egg-info/PKG-INFO
[1.638s] writing dependency_links to roarm_isaac_sim.egg-info/dependency_links.txt
[1.639s] writing top-level names to roarm_isaac_sim.egg-info/top_level.txt
[1.641s] reading manifest file 'roarm_isaac_sim.egg-info/SOURCES.txt'
[1.642s] writing manifest file 'roarm_isaac_sim.egg-info/SOURCES.txt'
[1.676s] Built target ament_cmake_python_build_roarm_isaac_sim_egg
[1.692s] Invoked command in '/root/ros2_workspace/build/roarm_isaac_sim' returned '0': AMENT_PREFIX_PATH=/root/ros2_workspace/install/roarm_moveit:/root/ros2_workspace/install/roarm_description:/root/ros2_workspace/install/roarm_anygrasp_integration:${AMENT_PREFIX_PATH} CMAKE_PREFIX_PATH=/root/ros2_workspace/install/roarm_moveit:/root/ros2_workspace/install/roarm_description:/root/ros2_workspace/install/roarm_anygrasp_integration:/opt/ros/humble LD_LIBRARY_PATH=/root/ros2_workspace/install/roarm_moveit/lib:/root/ros2_workspace/install/roarm_anygrasp_integration/lib:${LD_LIBRARY_PATH} PYTHONPATH=/root/ros2_workspace/install/roarm_moveit/local/lib/python3.10/dist-packages:/root/ros2_workspace/install/roarm_anygrasp_integration/local/lib/python3.10/dist-packages:${PYTHONPATH} /usr/bin/cmake --build /root/ros2_workspace/build/roarm_isaac_sim -- -j4 -l4
[1.705s] Invoking command in '/root/ros2_workspace/build/roarm_isaac_sim': AMENT_PREFIX_PATH=/root/ros2_workspace/install/roarm_moveit:/root/ros2_workspace/install/roarm_description:/root/ros2_workspace/install/roarm_anygrasp_integration:${AMENT_PREFIX_PATH} CMAKE_PREFIX_PATH=/root/ros2_workspace/install/roarm_moveit:/root/ros2_workspace/install/roarm_description:/root/ros2_workspace/install/roarm_anygrasp_integration:/opt/ros/humble LD_LIBRARY_PATH=/root/ros2_workspace/install/roarm_moveit/lib:/root/ros2_workspace/install/roarm_anygrasp_integration/lib:${LD_LIBRARY_PATH} PYTHONPATH=/root/ros2_workspace/install/roarm_moveit/local/lib/python3.10/dist-packages:/root/ros2_workspace/install/roarm_anygrasp_integration/local/lib/python3.10/dist-packages:${PYTHONPATH} /usr/bin/cmake --install /root/ros2_workspace/build/roarm_isaac_sim
[1.715s] -- Install configuration: "Release"
[1.715s] -- Up-to-date: /root/ros2_workspace/install/roarm_isaac_sim/share/roarm_isaac_sim/environment/pythonpath.sh
[1.715s] -- Installing: /root/ros2_workspace/install/roarm_isaac_sim/share/roarm_isaac_sim/environment/pythonpath.dsv
[1.715s] -- Up-to-date: /root/ros2_workspace/install/roarm_isaac_sim/local/lib/python3.10/dist-packages/roarm_isaac_sim-0.0.0-py3.10.egg-info
[1.715s] -- Installing: /root/ros2_workspace/install/roarm_isaac_sim/local/lib/python3.10/dist-packages/roarm_isaac_sim-0.0.0-py3.10.egg-info/dependency_links.txt
[1.715s] -- Installing: /root/ros2_workspace/install/roarm_isaac_sim/local/lib/python3.10/dist-packages/roarm_isaac_sim-0.0.0-py3.10.egg-info/PKG-INFO
[1.715s] -- Installing: /root/ros2_workspace/install/roarm_isaac_sim/local/lib/python3.10/dist-packages/roarm_isaac_sim-0.0.0-py3.10.egg-info/SOURCES.txt
[1.715s] -- Installing: /root/ros2_workspace/install/roarm_isaac_sim/local/lib/python3.10/dist-packages/roarm_isaac_sim-0.0.0-py3.10.egg-info/top_level.txt
[1.715s] -- Up-to-date: /root/ros2_workspace/install/roarm_isaac_sim/local/lib/python3.10/dist-packages/roarm_isaac_sim
[1.715s] -- Up-to-date: /root/ros2_workspace/install/roarm_isaac_sim/local/lib/python3.10/dist-packages/roarm_isaac_sim/__init__.py
[1.757s] Listing '/root/ros2_workspace/install/roarm_isaac_sim/local/lib/python3.10/dist-packages/roarm_isaac_sim'...
[1.763s] -- Up-to-date: /root/ros2_workspace/install/roarm_isaac_sim/lib/roarm_isaac_sim/isaac_sim_launcher.py
[1.763s] -- Up-to-date: /root/ros2_workspace/install/roarm_isaac_sim/lib/roarm_isaac_sim/isaac_ros_bridge.py
[1.763s] -- Up-to-date: /root/ros2_workspace/install/roarm_isaac_sim/lib/roarm_isaac_sim/synthetic_data_generator.py
[1.763s] -- Up-to-date: /root/ros2_workspace/install/roarm_isaac_sim/lib/roarm_isaac_sim/sim_to_real_calibration.py
[1.763s] -- Up-to-date: /root/ros2_workspace/install/roarm_isaac_sim/lib/roarm_isaac_sim/grasp_simulation_environment.py
[1.763s] -- Installing: /root/ros2_workspace/install/roarm_isaac_sim/lib/roarm_isaac_sim/advanced_object_placer.py
[1.763s] -- Installing: /root/ros2_workspace/install/roarm_isaac_sim/lib/roarm_isaac_sim/gazebo_object_interface.py
[1.763s] -- Installing: /root/ros2_workspace/install/roarm_isaac_sim/lib/roarm_isaac_sim/hierarchical_scene_builder.py
[1.763s] -- Installing: /root/ros2_workspace/install/roarm_isaac_sim/lib/roarm_isaac_sim/virtual_object_controller.py
[1.764s] -- Up-to-date: /root/ros2_workspace/install/roarm_isaac_sim/share/roarm_isaac_sim//launch
[1.764s] -- Installing: /root/ros2_workspace/install/roarm_isaac_sim/share/roarm_isaac_sim//launch/virtual_object_creation.launch.py
[1.764s] -- Up-to-date: /root/ros2_workspace/install/roarm_isaac_sim/share/roarm_isaac_sim//launch/isaac_sim_complete.launch.py
[1.764s] -- Up-to-date: /root/ros2_workspace/install/roarm_isaac_sim/share/roarm_isaac_sim//config
[1.764s] -- Up-to-date: /root/ros2_workspace/install/roarm_isaac_sim/share/roarm_isaac_sim//config/isaac_sim_parameters.yaml
[1.764s] -- Up-to-date: /root/ros2_workspace/install/roarm_isaac_sim/share/roarm_isaac_sim//scenes
[1.764s] -- Up-to-date: /root/ros2_workspace/install/roarm_isaac_sim/share/roarm_isaac_sim//models
[1.764s] -- Up-to-date: /root/ros2_workspace/install/roarm_isaac_sim/share/roarm_isaac_sim//environments
[1.764s] -- Installing: /root/ros2_workspace/install/roarm_isaac_sim/share/ament_index/resource_index/package_run_dependencies/roarm_isaac_sim
[1.765s] -- Up-to-date: /root/ros2_workspace/install/roarm_isaac_sim/share/ament_index/resource_index/parent_prefix_path/roarm_isaac_sim
[1.765s] -- Up-to-date: /root/ros2_workspace/install/roarm_isaac_sim/share/roarm_isaac_sim/environment/ament_prefix_path.sh
[1.765s] -- Installing: /root/ros2_workspace/install/roarm_isaac_sim/share/roarm_isaac_sim/environment/ament_prefix_path.dsv
[1.765s] -- Up-to-date: /root/ros2_workspace/install/roarm_isaac_sim/share/roarm_isaac_sim/environment/path.sh
[1.765s] -- Installing: /root/ros2_workspace/install/roarm_isaac_sim/share/roarm_isaac_sim/environment/path.dsv
[1.766s] -- Up-to-date: /root/ros2_workspace/install/roarm_isaac_sim/share/roarm_isaac_sim/local_setup.bash
[1.766s] -- Up-to-date: /root/ros2_workspace/install/roarm_isaac_sim/share/roarm_isaac_sim/local_setup.sh
[1.766s] -- Up-to-date: /root/ros2_workspace/install/roarm_isaac_sim/share/roarm_isaac_sim/local_setup.zsh
[1.766s] -- Installing: /root/ros2_workspace/install/roarm_isaac_sim/share/roarm_isaac_sim/local_setup.dsv
[1.766s] -- Installing: /root/ros2_workspace/install/roarm_isaac_sim/share/roarm_isaac_sim/package.dsv
[1.766s] -- Up-to-date: /root/ros2_workspace/install/roarm_isaac_sim/share/ament_index/resource_index/packages/roarm_isaac_sim
[1.766s] -- Up-to-date: /root/ros2_workspace/install/roarm_isaac_sim/share/roarm_isaac_sim/cmake/roarm_isaac_simConfig.cmake
[1.766s] -- Up-to-date: /root/ros2_workspace/install/roarm_isaac_sim/share/roarm_isaac_sim/cmake/roarm_isaac_simConfig-version.cmake
[1.766s] -- Installing: /root/ros2_workspace/install/roarm_isaac_sim/share/roarm_isaac_sim/package.xml
[1.769s] Invoked command in '/root/ros2_workspace/build/roarm_isaac_sim' returned '0': AMENT_PREFIX_PATH=/root/ros2_workspace/install/roarm_moveit:/root/ros2_workspace/install/roarm_description:/root/ros2_workspace/install/roarm_anygrasp_integration:${AMENT_PREFIX_PATH} CMAKE_PREFIX_PATH=/root/ros2_workspace/install/roarm_moveit:/root/ros2_workspace/install/roarm_description:/root/ros2_workspace/install/roarm_anygrasp_integration:/opt/ros/humble LD_LIBRARY_PATH=/root/ros2_workspace/install/roarm_moveit/lib:/root/ros2_workspace/install/roarm_anygrasp_integration/lib:${LD_LIBRARY_PATH} PYTHONPATH=/root/ros2_workspace/install/roarm_moveit/local/lib/python3.10/dist-packages:/root/ros2_workspace/install/roarm_anygrasp_integration/local/lib/python3.10/dist-packages:${PYTHONPATH} /usr/bin/cmake --install /root/ros2_workspace/build/roarm_isaac_sim
