[0.016s] Invoking command in '/root/ros2_workspace/build/roarm_lerobot_integration': AMENT_PREFIX_PATH=/root/ros2_workspace/install/roarm_moveit:/root/ros2_workspace/install/roarm_driver:/root/ros2_workspace/install/roarm_description:/root/ros2_workspace/install/roarm_anygrasp_integration CMAKE_PREFIX_PATH=/root/ros2_workspace/install/roarm_moveit:/root/ros2_workspace/install/roarm_description:/root/ros2_workspace/install/roarm_anygrasp_integration LD_LIBRARY_PATH=/root/ros2_workspace/install/roarm_moveit/lib:/root/ros2_workspace/install/roarm_anygrasp_integration/lib PYTHONPATH=/root/ros2_workspace/install/roarm_moveit/local/lib/python3.10/dist-packages:/root/ros2_workspace/build/roarm_driver:/root/ros2_workspace/install/roarm_driver/lib/python3.10/site-packages:/root/ros2_workspace/install/roarm_anygrasp_integration/local/lib/python3.10/dist-packages /usr/bin/cmake --build /root/ros2_workspace/build/roarm_lerobot_integration -- -j4 -l4
[0.070s] Built target ament_cmake_python_copy_roarm_lerobot_integration
[0.287s] running egg_info
[0.288s] writing roarm_lerobot_integration.egg-info/PKG-INFO
[0.289s] writing dependency_links to roarm_lerobot_integration.egg-info/dependency_links.txt
[0.289s] writing top-level names to roarm_lerobot_integration.egg-info/top_level.txt
[0.292s] reading manifest file 'roarm_lerobot_integration.egg-info/SOURCES.txt'
[0.293s] writing manifest file 'roarm_lerobot_integration.egg-info/SOURCES.txt'
[0.321s] Built target ament_cmake_python_build_roarm_lerobot_integration_egg
[0.331s] Invoked command in '/root/ros2_workspace/build/roarm_lerobot_integration' returned '0': AMENT_PREFIX_PATH=/root/ros2_workspace/install/roarm_moveit:/root/ros2_workspace/install/roarm_driver:/root/ros2_workspace/install/roarm_description:/root/ros2_workspace/install/roarm_anygrasp_integration CMAKE_PREFIX_PATH=/root/ros2_workspace/install/roarm_moveit:/root/ros2_workspace/install/roarm_description:/root/ros2_workspace/install/roarm_anygrasp_integration LD_LIBRARY_PATH=/root/ros2_workspace/install/roarm_moveit/lib:/root/ros2_workspace/install/roarm_anygrasp_integration/lib PYTHONPATH=/root/ros2_workspace/install/roarm_moveit/local/lib/python3.10/dist-packages:/root/ros2_workspace/build/roarm_driver:/root/ros2_workspace/install/roarm_driver/lib/python3.10/site-packages:/root/ros2_workspace/install/roarm_anygrasp_integration/local/lib/python3.10/dist-packages /usr/bin/cmake --build /root/ros2_workspace/build/roarm_lerobot_integration -- -j4 -l4
[0.341s] Invoking command in '/root/ros2_workspace/build/roarm_lerobot_integration': AMENT_PREFIX_PATH=/root/ros2_workspace/install/roarm_moveit:/root/ros2_workspace/install/roarm_driver:/root/ros2_workspace/install/roarm_description:/root/ros2_workspace/install/roarm_anygrasp_integration CMAKE_PREFIX_PATH=/root/ros2_workspace/install/roarm_moveit:/root/ros2_workspace/install/roarm_description:/root/ros2_workspace/install/roarm_anygrasp_integration LD_LIBRARY_PATH=/root/ros2_workspace/install/roarm_moveit/lib:/root/ros2_workspace/install/roarm_anygrasp_integration/lib PYTHONPATH=/root/ros2_workspace/install/roarm_moveit/local/lib/python3.10/dist-packages:/root/ros2_workspace/build/roarm_driver:/root/ros2_workspace/install/roarm_driver/lib/python3.10/site-packages:/root/ros2_workspace/install/roarm_anygrasp_integration/local/lib/python3.10/dist-packages /usr/bin/cmake --install /root/ros2_workspace/build/roarm_lerobot_integration
[0.350s] -- Install configuration: ""
[0.350s] -- Up-to-date: /root/ros2_workspace/install/roarm_lerobot_integration/share/roarm_lerobot_integration/environment/pythonpath.sh
[0.351s] -- Up-to-date: /root/ros2_workspace/install/roarm_lerobot_integration/share/roarm_lerobot_integration/environment/pythonpath.dsv
[0.351s] -- Up-to-date: /root/ros2_workspace/install/roarm_lerobot_integration/local/lib/python3.10/dist-packages/roarm_lerobot_integration-0.0.0-py3.10.egg-info
[0.351s] -- Installing: /root/ros2_workspace/install/roarm_lerobot_integration/local/lib/python3.10/dist-packages/roarm_lerobot_integration-0.0.0-py3.10.egg-info/dependency_links.txt
[0.351s] -- Installing: /root/ros2_workspace/install/roarm_lerobot_integration/local/lib/python3.10/dist-packages/roarm_lerobot_integration-0.0.0-py3.10.egg-info/PKG-INFO
[0.352s] -- Installing: /root/ros2_workspace/install/roarm_lerobot_integration/local/lib/python3.10/dist-packages/roarm_lerobot_integration-0.0.0-py3.10.egg-info/SOURCES.txt
[0.352s] -- Installing: /root/ros2_workspace/install/roarm_lerobot_integration/local/lib/python3.10/dist-packages/roarm_lerobot_integration-0.0.0-py3.10.egg-info/top_level.txt
[0.352s] -- Up-to-date: /root/ros2_workspace/install/roarm_lerobot_integration/local/lib/python3.10/dist-packages/roarm_lerobot_integration
[0.353s] -- Up-to-date: /root/ros2_workspace/install/roarm_lerobot_integration/local/lib/python3.10/dist-packages/roarm_lerobot_integration/__init__.py
[0.392s] Listing '/root/ros2_workspace/install/roarm_lerobot_integration/local/lib/python3.10/dist-packages/roarm_lerobot_integration'...
[0.397s] -- Up-to-date: /root/ros2_workspace/install/roarm_lerobot_integration/lib/roarm_lerobot_integration/lerobot_bridge.py
[0.397s] -- Up-to-date: /root/ros2_workspace/install/roarm_lerobot_integration/lib/roarm_lerobot_integration/lerobot_data_collector.py
[0.398s] -- Up-to-date: /root/ros2_workspace/install/roarm_lerobot_integration/lib/roarm_lerobot_integration/lerobot_policy_trainer.py
[0.398s] -- Up-to-date: /root/ros2_workspace/install/roarm_lerobot_integration/lib/roarm_lerobot_integration/lerobot_policy_executor.py
[0.398s] -- Up-to-date: /root/ros2_workspace/install/roarm_lerobot_integration/lib/roarm_lerobot_integration/lerobot_teleop_interface.py
[0.398s] -- Up-to-date: /root/ros2_workspace/install/roarm_lerobot_integration/lib/roarm_lerobot_integration/lerobot_dataset_manager.py
[0.398s] -- Installing: /root/ros2_workspace/install/roarm_lerobot_integration/lib/roarm_lerobot_integration/lerobot_evaluation_node.py
[0.398s] -- Installing: /root/ros2_workspace/install/roarm_lerobot_integration/share/roarm_lerobot_integration//launch
[0.398s] -- Installing: /root/ros2_workspace/install/roarm_lerobot_integration/share/roarm_lerobot_integration//launch/lerobot_complete.launch.py
[0.399s] CMake Error at cmake_install.cmake:86 (file):
[0.399s]   file INSTALL cannot find
[0.399s]   "/root/ros2_workspace/src/roarm_lerobot_integration/config": No such file
[0.399s]   or directory.
[0.399s] 
[0.399s] 
[0.401s] Invoked command in '/root/ros2_workspace/build/roarm_lerobot_integration' returned '1': AMENT_PREFIX_PATH=/root/ros2_workspace/install/roarm_moveit:/root/ros2_workspace/install/roarm_driver:/root/ros2_workspace/install/roarm_description:/root/ros2_workspace/install/roarm_anygrasp_integration CMAKE_PREFIX_PATH=/root/ros2_workspace/install/roarm_moveit:/root/ros2_workspace/install/roarm_description:/root/ros2_workspace/install/roarm_anygrasp_integration LD_LIBRARY_PATH=/root/ros2_workspace/install/roarm_moveit/lib:/root/ros2_workspace/install/roarm_anygrasp_integration/lib PYTHONPATH=/root/ros2_workspace/install/roarm_moveit/local/lib/python3.10/dist-packages:/root/ros2_workspace/build/roarm_driver:/root/ros2_workspace/install/roarm_driver/lib/python3.10/site-packages:/root/ros2_workspace/install/roarm_anygrasp_integration/local/lib/python3.10/dist-packages /usr/bin/cmake --install /root/ros2_workspace/build/roarm_lerobot_integration
