[0.012s] Invoking command in '/root/ros2_workspace/build/xarm_6_moveit_config': CMAKE_PREFIX_PATH=${CMAKE_PREFIX_PATH}:/root/ros2_workspace/install/ros2web_widgets:/root/ros2_workspace/install/ros2web_example_py:/root/ros2_workspace/install/roarm_web_app:/root/ros2_workspace/install/ros2web_app:/root/ros2_workspace/install/ros2web:/root/ros2_workspace/install/roarm_driver:/root/ros2_workspace/install/launch_api:/opt/ros/humble /usr/bin/cmake /root/ros2_workspace/src/xarm_6_moveit_config -DAMENT_CMAKE_SYMLINK_INSTALL=1 -DCMAKE_INSTALL_PREFIX=/root/ros2_workspace/install/xarm_6_moveit_config
[0.073s] -- The C compiler identification is GNU 11.4.0
[0.139s] -- The CXX compiler identification is GNU 11.4.0
[0.146s] -- Detecting C compiler ABI info
[0.219s] -- Detecting C compiler ABI info - done
[0.226s] -- Check for working C compiler: /usr/bin/cc - skipped
[0.226s] -- Detecting C compile features
[0.226s] -- Detecting C compile features - done
[0.229s] -- Detecting CXX compiler ABI info
[0.316s] -- Detecting CXX compiler ABI info - done
[0.324s] -- Check for working CXX compiler: /usr/bin/c++ - skipped
[0.324s] -- Detecting CXX compile features
[0.324s] -- Detecting CXX compile features - done
[0.329s] -- Found ament_cmake: 1.3.11 (/opt/ros/humble/share/ament_cmake/cmake)
[0.546s] -- Found Python3: /usr/bin/python3 (found version "3.10.12") found components: Interpreter 
[0.624s] -- Override CMake install command with custom implementation using symlinks instead of copying resources
[0.669s] -- Found ament_lint_auto: 0.12.12 (/opt/ros/humble/share/ament_lint_auto/cmake)
[0.766s] -- Added test 'copyright' to check source files copyright and LICENSE
[0.768s] -- Added test 'flake8' to check Python code syntax and style conventions
[0.768s] -- Added test 'lint_cmake' to check CMake code style
[0.769s] -- Added test 'pep257' to check Python code against some of the docstring style conventions in PEP 257
[0.770s] -- Added test 'xmllint' to check XML markup files
[0.771s] -- Configuring done
[0.774s] -- Generating done
[0.776s] -- Build files have been written to: /root/ros2_workspace/build/xarm_6_moveit_config
[0.781s] Invoked command in '/root/ros2_workspace/build/xarm_6_moveit_config' returned '0': CMAKE_PREFIX_PATH=${CMAKE_PREFIX_PATH}:/root/ros2_workspace/install/ros2web_widgets:/root/ros2_workspace/install/ros2web_example_py:/root/ros2_workspace/install/roarm_web_app:/root/ros2_workspace/install/ros2web_app:/root/ros2_workspace/install/ros2web:/root/ros2_workspace/install/roarm_driver:/root/ros2_workspace/install/launch_api:/opt/ros/humble /usr/bin/cmake /root/ros2_workspace/src/xarm_6_moveit_config -DAMENT_CMAKE_SYMLINK_INSTALL=1 -DCMAKE_INSTALL_PREFIX=/root/ros2_workspace/install/xarm_6_moveit_config
[0.783s] Invoking command in '/root/ros2_workspace/build/xarm_6_moveit_config': CMAKE_PREFIX_PATH=${CMAKE_PREFIX_PATH}:/root/ros2_workspace/install/ros2web_widgets:/root/ros2_workspace/install/ros2web_example_py:/root/ros2_workspace/install/roarm_web_app:/root/ros2_workspace/install/ros2web_app:/root/ros2_workspace/install/ros2web:/root/ros2_workspace/install/roarm_driver:/root/ros2_workspace/install/launch_api:/opt/ros/humble /usr/bin/cmake --build /root/ros2_workspace/build/xarm_6_moveit_config -- -j4 -l4
[0.822s] Invoked command in '/root/ros2_workspace/build/xarm_6_moveit_config' returned '0': CMAKE_PREFIX_PATH=${CMAKE_PREFIX_PATH}:/root/ros2_workspace/install/ros2web_widgets:/root/ros2_workspace/install/ros2web_example_py:/root/ros2_workspace/install/roarm_web_app:/root/ros2_workspace/install/ros2web_app:/root/ros2_workspace/install/ros2web:/root/ros2_workspace/install/roarm_driver:/root/ros2_workspace/install/launch_api:/opt/ros/humble /usr/bin/cmake --build /root/ros2_workspace/build/xarm_6_moveit_config -- -j4 -l4
[0.831s] Invoking command in '/root/ros2_workspace/build/xarm_6_moveit_config': CMAKE_PREFIX_PATH=${CMAKE_PREFIX_PATH}:/root/ros2_workspace/install/ros2web_widgets:/root/ros2_workspace/install/ros2web_example_py:/root/ros2_workspace/install/roarm_web_app:/root/ros2_workspace/install/ros2web_app:/root/ros2_workspace/install/ros2web:/root/ros2_workspace/install/roarm_driver:/root/ros2_workspace/install/launch_api:/opt/ros/humble /usr/bin/cmake --install /root/ros2_workspace/build/xarm_6_moveit_config
[0.838s] -- Install configuration: ""
[0.838s] -- Execute custom install script
[0.838s] -- Symlinking: /root/ros2_workspace/install/xarm_6_moveit_config/share/xarm_6_moveit_config/config/kinematics.yaml
[0.847s] -- Symlinking: /root/ros2_workspace/install/xarm_6_moveit_config/share/xarm_6_moveit_config/config/moveit_controllers.yaml
[0.855s] -- Symlinking: /root/ros2_workspace/install/xarm_6_moveit_config/share/xarm_6_moveit_config/config/ros2_controllers.yaml
[0.863s] -- Symlinking: /root/ros2_workspace/install/xarm_6_moveit_config/share/xarm_6_moveit_config/config/xarm_6.srdf
[0.870s] -- Symlinking: /root/ros2_workspace/install/xarm_6_moveit_config/share/xarm_6_moveit_config/config/xarm_6.urdf.xacro
[0.878s] -- Symlinking: /root/ros2_workspace/install/xarm_6_moveit_config/share/xarm_6_moveit_config/launch/demo.launch.py
[0.886s] -- Symlinking: /root/ros2_workspace/install/xarm_6_moveit_config/share/ament_index/resource_index/package_run_dependencies/xarm_6_moveit_config
[0.895s] -- Symlinking: /root/ros2_workspace/install/xarm_6_moveit_config/share/ament_index/resource_index/parent_prefix_path/xarm_6_moveit_config
[0.904s] -- Symlinking: /root/ros2_workspace/install/xarm_6_moveit_config/share/xarm_6_moveit_config/environment/ament_prefix_path.sh
[0.915s] -- Symlinking: /root/ros2_workspace/install/xarm_6_moveit_config/share/xarm_6_moveit_config/environment/ament_prefix_path.dsv
[0.923s] -- Symlinking: /root/ros2_workspace/install/xarm_6_moveit_config/share/xarm_6_moveit_config/environment/path.sh
[0.932s] -- Symlinking: /root/ros2_workspace/install/xarm_6_moveit_config/share/xarm_6_moveit_config/environment/path.dsv
[0.940s] -- Symlinking: /root/ros2_workspace/install/xarm_6_moveit_config/share/xarm_6_moveit_config/local_setup.bash
[0.947s] -- Symlinking: /root/ros2_workspace/install/xarm_6_moveit_config/share/xarm_6_moveit_config/local_setup.sh
[0.955s] -- Symlinking: /root/ros2_workspace/install/xarm_6_moveit_config/share/xarm_6_moveit_config/local_setup.zsh
[0.963s] -- Symlinking: /root/ros2_workspace/install/xarm_6_moveit_config/share/xarm_6_moveit_config/local_setup.dsv
[0.971s] -- Symlinking: /root/ros2_workspace/install/xarm_6_moveit_config/share/xarm_6_moveit_config/package.dsv
[0.980s] -- Symlinking: /root/ros2_workspace/install/xarm_6_moveit_config/share/ament_index/resource_index/packages/xarm_6_moveit_config
[0.988s] -- Symlinking: /root/ros2_workspace/install/xarm_6_moveit_config/share/xarm_6_moveit_config/cmake/xarm_6_moveit_configConfig.cmake
[0.998s] -- Symlinking: /root/ros2_workspace/install/xarm_6_moveit_config/share/xarm_6_moveit_config/cmake/xarm_6_moveit_configConfig-version.cmake
[1.006s] -- Symlinking: /root/ros2_workspace/install/xarm_6_moveit_config/share/xarm_6_moveit_config/package.xml
[1.015s] Invoked command in '/root/ros2_workspace/build/xarm_6_moveit_config' returned '0': CMAKE_PREFIX_PATH=${CMAKE_PREFIX_PATH}:/root/ros2_workspace/install/ros2web_widgets:/root/ros2_workspace/install/ros2web_example_py:/root/ros2_workspace/install/roarm_web_app:/root/ros2_workspace/install/ros2web_app:/root/ros2_workspace/install/ros2web:/root/ros2_workspace/install/roarm_driver:/root/ros2_workspace/install/launch_api:/opt/ros/humble /usr/bin/cmake --install /root/ros2_workspace/build/xarm_6_moveit_config
