-- The C compiler identification is GNU 11.4.0
-- The CXX compiler identification is GNU 11.4.0
-- Detecting C compiler ABI info
-- Detecting C compiler ABI info - done
-- Check for working C compiler: /usr/bin/cc - skipped
-- Detecting C compile features
-- Detecting C compile features - done
-- Detecting CXX compiler ABI info
-- Detecting CXX compiler ABI info - done
-- Check for working CXX compiler: /usr/bin/c++ - skipped
-- Detecting CXX compile features
-- Detecting CXX compile features - done
-- Found ament_cmake: 1.3.11 (/opt/ros/humble/share/ament_cmake/cmake)
-- Found Python3: /usr/bin/python3 (found version "3.10.12") found components: Interpreter 
-- Override CMake install command with custom implementation using symlinks instead of copying resources
-- Found rclpy: 3.3.16 (/opt/ros/humble/share/rclpy/cmake)
-- Found geometry_msgs: 4.8.0 (/opt/ros/humble/share/geometry_msgs/cmake)
-- Found rosidl_generator_c: 3.1.6 (/opt/ros/humble/share/rosidl_generator_c/cmake)
-- Found rosidl_adapter: 3.1.6 (/opt/ros/humble/share/rosidl_adapter/cmake)
-- Found rosidl_generator_cpp: 3.1.6 (/opt/ros/humble/share/rosidl_generator_cpp/cmake)
-- Using all available rosidl_typesupport_c: rosidl_typesupport_fastrtps_c;rosidl_typesupport_introspection_c
-- Using all available rosidl_typesupport_cpp: rosidl_typesupport_fastrtps_cpp;rosidl_typesupport_introspection_cpp
-- Found sensor_msgs: 4.8.0 (/opt/ros/humble/share/sensor_msgs/cmake)
-- Found tf2_ros: 0.25.12 (/opt/ros/humble/share/tf2_ros/cmake)
-- Found rmw_implementation_cmake: 6.1.2 (/opt/ros/humble/share/rmw_implementation_cmake/cmake)
-- Found rmw_fastrtps_cpp: 6.2.7 (/opt/ros/humble/share/rmw_fastrtps_cpp/cmake)
-- Found OpenSSL: /usr/lib/x86_64-linux-gnu/libcrypto.so (found version "3.0.2")  
-- Found FastRTPS: /opt/ros/humble/include  
-- Using RMW implementation 'rmw_fastrtps_cpp' as default
-- Looking for pthread.h
-- Looking for pthread.h - found
-- Performing Test CMAKE_HAVE_LIBC_PTHREAD
-- Performing Test CMAKE_HAVE_LIBC_PTHREAD - Success
-- Found Threads: TRUE  
-- Found moveit_msgs: 2.2.1 (/opt/ros/humble/share/moveit_msgs/cmake)
-- Found rosidl_default_generators: 1.2.0 (/opt/ros/humble/share/rosidl_default_generators/cmake)
-- Found ament_cmake_ros: 0.10.0 (/opt/ros/humble/share/ament_cmake_ros/cmake)
-- Using all available rosidl_typesupport_c: rosidl_typesupport_fastrtps_c;rosidl_typesupport_introspection_c
-- Using all available rosidl_typesupport_cpp: rosidl_typesupport_fastrtps_cpp;rosidl_typesupport_introspection_cpp
-- Found PythonInterp: /usr/bin/python3 (found suitable version "3.10.12", minimum required is "3.6") 
-- Found python_cmake_module: 0.10.0 (/opt/ros/humble/share/python_cmake_module/cmake)
-- Found PythonLibs: /usr/lib/x86_64-linux-gnu/libpython3.10.so (found suitable version "3.10.12", minimum required is "3.5") 
-- Using PYTHON_EXECUTABLE: /usr/bin/python3
-- Using PYTHON_INCLUDE_DIRS: /usr/include/python3.10
-- Using PYTHON_LIBRARIES: /usr/lib/x86_64-linux-gnu/libpython3.10.so
-- Found PythonExtra: .so  
-- Found ament_lint_auto: 0.12.12 (/opt/ros/humble/share/ament_lint_auto/cmake)
-- Configuring done
-- Generating done
-- Build files have been written to: /root/ros2_workspace/build/roarm_anygrasp_integration
[  1%] Generating C code for ROS interfaces
[  3%] Generating C++ code for ROS interfaces
[  3%] Built target ament_cmake_python_symlink_roarm_anygrasp_integration
running egg_info
creating roarm_anygrasp_integration.egg-info
writing roarm_anygrasp_integration.egg-info/PKG-INFO
writing dependency_links to roarm_anygrasp_integration.egg-info/dependency_links.txt
writing top-level names to roarm_anygrasp_integration.egg-info/top_level.txt
writing manifest file 'roarm_anygrasp_integration.egg-info/SOURCES.txt'
reading manifest file 'roarm_anygrasp_integration.egg-info/SOURCES.txt'
writing manifest file 'roarm_anygrasp_integration.egg-info/SOURCES.txt'
[  3%] Built target ament_cmake_python_build_roarm_anygrasp_integration_egg
[  4%] Building C object CMakeFiles/roarm_anygrasp_integration__rosidl_generator_c.dir/rosidl_generator_c/roarm_anygrasp_integration/srv/detail/select_grasp__functions.c.o
[  6%] Building C object CMakeFiles/roarm_anygrasp_integration__rosidl_generator_c.dir/rosidl_generator_c/roarm_anygrasp_integration/srv/detail/get_grasp_candidates__functions.c.o
[  7%] Building C object CMakeFiles/roarm_anygrasp_integration__rosidl_generator_c.dir/rosidl_generator_c/roarm_anygrasp_integration/srv/detail/upload_to_roboflow__functions.c.o
[  7%] Built target roarm_anygrasp_integration__cpp
[  9%] Generating C++ type support dispatch for ROS interfaces
[ 11%] Building C object CMakeFiles/roarm_anygrasp_integration__rosidl_generator_c.dir/rosidl_generator_c/roarm_anygrasp_integration/srv/detail/configure_roboflow__functions.c.o
[ 12%] Building C object CMakeFiles/roarm_anygrasp_integration__rosidl_generator_c.dir/rosidl_generator_c/roarm_anygrasp_integration/srv/detail/calibrate_camera__functions.c.o
[ 14%] Generating C++ type support for eProsima Fast-RTPS
[ 15%] Generating C++ introspection for ROS interfaces
[ 17%] Linking C shared library libroarm_anygrasp_integration__rosidl_generator_c.so
[ 17%] Built target roarm_anygrasp_integration__rosidl_generator_c
[ 19%] Generating C type support for eProsima Fast-RTPS
[ 20%] Building CXX object CMakeFiles/roarm_anygrasp_integration__rosidl_typesupport_cpp.dir/rosidl_typesupport_cpp/roarm_anygrasp_integration/srv/select_grasp__type_support.cpp.o
[ 22%] Building CXX object CMakeFiles/roarm_anygrasp_integration__rosidl_typesupport_cpp.dir/rosidl_typesupport_cpp/roarm_anygrasp_integration/srv/get_grasp_candidates__type_support.cpp.o
[ 23%] Building CXX object CMakeFiles/roarm_anygrasp_integration__rosidl_typesupport_introspection_cpp.dir/rosidl_typesupport_introspection_cpp/roarm_anygrasp_integration/srv/detail/select_grasp__type_support.cpp.o
[ 25%] Building CXX object CMakeFiles/roarm_anygrasp_integration__rosidl_typesupport_fastrtps_cpp.dir/rosidl_typesupport_fastrtps_cpp/roarm_anygrasp_integration/srv/detail/dds_fastrtps/select_grasp__type_support.cpp.o
[ 26%] Building CXX object CMakeFiles/roarm_anygrasp_integration__rosidl_typesupport_fastrtps_c.dir/rosidl_typesupport_fastrtps_c/roarm_anygrasp_integration/srv/detail/select_grasp__type_support_c.cpp.o
[ 28%] Building CXX object CMakeFiles/roarm_anygrasp_integration__rosidl_typesupport_cpp.dir/rosidl_typesupport_cpp/roarm_anygrasp_integration/srv/upload_to_roboflow__type_support.cpp.o
[ 30%] Building CXX object CMakeFiles/roarm_anygrasp_integration__rosidl_typesupport_introspection_cpp.dir/rosidl_typesupport_introspection_cpp/roarm_anygrasp_integration/srv/detail/get_grasp_candidates__type_support.cpp.o
[ 31%] Building CXX object CMakeFiles/roarm_anygrasp_integration__rosidl_typesupport_cpp.dir/rosidl_typesupport_cpp/roarm_anygrasp_integration/srv/configure_roboflow__type_support.cpp.o
[ 33%] Building CXX object CMakeFiles/roarm_anygrasp_integration__rosidl_typesupport_fastrtps_c.dir/rosidl_typesupport_fastrtps_c/roarm_anygrasp_integration/srv/detail/get_grasp_candidates__type_support_c.cpp.o
[ 34%] Building CXX object CMakeFiles/roarm_anygrasp_integration__rosidl_typesupport_fastrtps_cpp.dir/rosidl_typesupport_fastrtps_cpp/roarm_anygrasp_integration/srv/detail/dds_fastrtps/get_grasp_candidates__type_support.cpp.o
[ 36%] Building CXX object CMakeFiles/roarm_anygrasp_integration__rosidl_typesupport_cpp.dir/rosidl_typesupport_cpp/roarm_anygrasp_integration/srv/calibrate_camera__type_support.cpp.o
[ 38%] Building CXX object CMakeFiles/roarm_anygrasp_integration__rosidl_typesupport_fastrtps_c.dir/rosidl_typesupport_fastrtps_c/roarm_anygrasp_integration/srv/detail/upload_to_roboflow__type_support_c.cpp.o
[ 39%] Building CXX object CMakeFiles/roarm_anygrasp_integration__rosidl_typesupport_introspection_cpp.dir/rosidl_typesupport_introspection_cpp/roarm_anygrasp_integration/srv/detail/upload_to_roboflow__type_support.cpp.o
[ 41%] Linking CXX shared library libroarm_anygrasp_integration__rosidl_typesupport_cpp.so
[ 41%] Built target roarm_anygrasp_integration__rosidl_typesupport_cpp
[ 42%] Building CXX object CMakeFiles/roarm_anygrasp_integration__rosidl_typesupport_fastrtps_cpp.dir/rosidl_typesupport_fastrtps_cpp/roarm_anygrasp_integration/srv/detail/dds_fastrtps/upload_to_roboflow__type_support.cpp.o
[ 44%] Building CXX object CMakeFiles/roarm_anygrasp_integration__rosidl_typesupport_fastrtps_c.dir/rosidl_typesupport_fastrtps_c/roarm_anygrasp_integration/srv/detail/configure_roboflow__type_support_c.cpp.o
[ 46%] Building CXX object CMakeFiles/roarm_anygrasp_integration__rosidl_typesupport_fastrtps_c.dir/rosidl_typesupport_fastrtps_c/roarm_anygrasp_integration/srv/detail/calibrate_camera__type_support_c.cpp.o
[ 47%] Building CXX object CMakeFiles/roarm_anygrasp_integration__rosidl_typesupport_introspection_cpp.dir/rosidl_typesupport_introspection_cpp/roarm_anygrasp_integration/srv/detail/configure_roboflow__type_support.cpp.o
[ 49%] Building CXX object CMakeFiles/roarm_anygrasp_integration__rosidl_typesupport_fastrtps_cpp.dir/rosidl_typesupport_fastrtps_cpp/roarm_anygrasp_integration/srv/detail/dds_fastrtps/configure_roboflow__type_support.cpp.o
[ 50%] Linking CXX shared library libroarm_anygrasp_integration__rosidl_typesupport_fastrtps_c.so
[ 52%] Building CXX object CMakeFiles/roarm_anygrasp_integration__rosidl_typesupport_introspection_cpp.dir/rosidl_typesupport_introspection_cpp/roarm_anygrasp_integration/srv/detail/calibrate_camera__type_support.cpp.o
[ 52%] Built target roarm_anygrasp_integration__rosidl_typesupport_fastrtps_c
[ 53%] Building CXX object CMakeFiles/roarm_anygrasp_integration__rosidl_typesupport_fastrtps_cpp.dir/rosidl_typesupport_fastrtps_cpp/roarm_anygrasp_integration/srv/detail/dds_fastrtps/calibrate_camera__type_support.cpp.o
[ 55%] Linking CXX shared library libroarm_anygrasp_integration__rosidl_typesupport_fastrtps_cpp.so
[ 57%] Linking CXX shared library libroarm_anygrasp_integration__rosidl_typesupport_introspection_cpp.so
[ 57%] Built target roarm_anygrasp_integration__rosidl_typesupport_fastrtps_cpp
[ 57%] Built target roarm_anygrasp_integration__rosidl_typesupport_introspection_cpp
[ 58%] Generating C type support dispatch for ROS interfaces
[ 60%] Building CXX object CMakeFiles/roarm_anygrasp_integration__rosidl_typesupport_c.dir/rosidl_typesupport_c/roarm_anygrasp_integration/srv/select_grasp__type_support.cpp.o
[ 61%] Building CXX object CMakeFiles/roarm_anygrasp_integration__rosidl_typesupport_c.dir/rosidl_typesupport_c/roarm_anygrasp_integration/srv/upload_to_roboflow__type_support.cpp.o
[ 63%] Building CXX object CMakeFiles/roarm_anygrasp_integration__rosidl_typesupport_c.dir/rosidl_typesupport_c/roarm_anygrasp_integration/srv/configure_roboflow__type_support.cpp.o
[ 65%] Building CXX object CMakeFiles/roarm_anygrasp_integration__rosidl_typesupport_c.dir/rosidl_typesupport_c/roarm_anygrasp_integration/srv/calibrate_camera__type_support.cpp.o
[ 66%] Building CXX object CMakeFiles/roarm_anygrasp_integration__rosidl_typesupport_c.dir/rosidl_typesupport_c/roarm_anygrasp_integration/srv/get_grasp_candidates__type_support.cpp.o
[ 68%] Linking CXX shared library libroarm_anygrasp_integration__rosidl_typesupport_c.so
[ 68%] Built target roarm_anygrasp_integration__rosidl_typesupport_c
[ 69%] Generating C introspection for ROS interfaces
[ 71%] Building C object CMakeFiles/roarm_anygrasp_integration__rosidl_typesupport_introspection_c.dir/rosidl_typesupport_introspection_c/roarm_anygrasp_integration/srv/detail/select_grasp__type_support.c.o
[ 73%] Building C object CMakeFiles/roarm_anygrasp_integration__rosidl_typesupport_introspection_c.dir/rosidl_typesupport_introspection_c/roarm_anygrasp_integration/srv/detail/configure_roboflow__type_support.c.o
[ 74%] Building C object CMakeFiles/roarm_anygrasp_integration__rosidl_typesupport_introspection_c.dir/rosidl_typesupport_introspection_c/roarm_anygrasp_integration/srv/detail/calibrate_camera__type_support.c.o
[ 76%] Building C object CMakeFiles/roarm_anygrasp_integration__rosidl_typesupport_introspection_c.dir/rosidl_typesupport_introspection_c/roarm_anygrasp_integration/srv/detail/upload_to_roboflow__type_support.c.o
[ 77%] Building C object CMakeFiles/roarm_anygrasp_integration__rosidl_typesupport_introspection_c.dir/rosidl_typesupport_introspection_c/roarm_anygrasp_integration/srv/detail/get_grasp_candidates__type_support.c.o
[ 79%] Linking C shared library libroarm_anygrasp_integration__rosidl_typesupport_introspection_c.so
[ 79%] Built target roarm_anygrasp_integration__rosidl_typesupport_introspection_c
[ 79%] Built target roarm_anygrasp_integration
[ 80%] Generating Python code for ROS interfaces
[ 80%] Built target roarm_anygrasp_integration__py
[ 82%] Building C object CMakeFiles/roarm_anygrasp_integration__rosidl_generator_py.dir/rosidl_generator_py/roarm_anygrasp_integration/srv/_select_grasp_s.c.o
[ 84%] Building C object CMakeFiles/roarm_anygrasp_integration__rosidl_generator_py.dir/rosidl_generator_py/roarm_anygrasp_integration/srv/_configure_roboflow_s.c.o
[ 85%] Building C object CMakeFiles/roarm_anygrasp_integration__rosidl_generator_py.dir/rosidl_generator_py/roarm_anygrasp_integration/srv/_calibrate_camera_s.c.o
[ 87%] Building C object CMakeFiles/roarm_anygrasp_integration__rosidl_generator_py.dir/rosidl_generator_py/roarm_anygrasp_integration/srv/_upload_to_roboflow_s.c.o
[ 88%] Building C object CMakeFiles/roarm_anygrasp_integration__rosidl_generator_py.dir/rosidl_generator_py/roarm_anygrasp_integration/srv/_get_grasp_candidates_s.c.o
[ 90%] Linking C shared library rosidl_generator_py/roarm_anygrasp_integration/libroarm_anygrasp_integration__rosidl_generator_py.so
[ 90%] Built target roarm_anygrasp_integration__rosidl_generator_py
[ 92%] Building C object CMakeFiles/roarm_anygrasp_integration__rosidl_typesupport_fastrtps_c__pyext.dir/rosidl_generator_py/roarm_anygrasp_integration/_roarm_anygrasp_integration_s.ep.rosidl_typesupport_fastrtps_c.c.o
[ 93%] Linking C shared library rosidl_generator_py/roarm_anygrasp_integration/roarm_anygrasp_integration_s__rosidl_typesupport_fastrtps_c.cpython-310-x86_64-linux-gnu.so
[ 93%] Built target roarm_anygrasp_integration__rosidl_typesupport_fastrtps_c__pyext
[ 95%] Building C object CMakeFiles/roarm_anygrasp_integration__rosidl_typesupport_c__pyext.dir/rosidl_generator_py/roarm_anygrasp_integration/_roarm_anygrasp_integration_s.ep.rosidl_typesupport_c.c.o
[ 96%] Linking C shared library rosidl_generator_py/roarm_anygrasp_integration/roarm_anygrasp_integration_s__rosidl_typesupport_c.cpython-310-x86_64-linux-gnu.so
[ 96%] Built target roarm_anygrasp_integration__rosidl_typesupport_c__pyext
[ 98%] Building C object CMakeFiles/roarm_anygrasp_integration__rosidl_typesupport_introspection_c__pyext.dir/rosidl_generator_py/roarm_anygrasp_integration/_roarm_anygrasp_integration_s.ep.rosidl_typesupport_introspection_c.c.o
[100%] Linking C shared library rosidl_generator_py/roarm_anygrasp_integration/roarm_anygrasp_integration_s__rosidl_typesupport_introspection_c.cpython-310-x86_64-linux-gnu.so
[100%] Built target roarm_anygrasp_integration__rosidl_typesupport_introspection_c__pyext
-- Install configuration: ""
-- Execute custom install script
-- Symlinking: /root/ros2_workspace/install/roarm_anygrasp_integration/share/ament_index/resource_index/rosidl_interfaces/roarm_anygrasp_integration
-- Symlinking: /root/ros2_workspace/install/roarm_anygrasp_integration/include/roarm_anygrasp_integration/roarm_anygrasp_integration/msg/rosidl_generator_c__visibility_control.h
-- Symlinking: /root/ros2_workspace/install/roarm_anygrasp_integration/include/roarm_anygrasp_integration/roarm_anygrasp_integration/srv/calibrate_camera.h
-- Symlinking: /root/ros2_workspace/install/roarm_anygrasp_integration/include/roarm_anygrasp_integration/roarm_anygrasp_integration/srv/configure_roboflow.h
-- Symlinking: /root/ros2_workspace/install/roarm_anygrasp_integration/include/roarm_anygrasp_integration/roarm_anygrasp_integration/srv/detail/calibrate_camera__functions.h
-- Symlinking: /root/ros2_workspace/install/roarm_anygrasp_integration/include/roarm_anygrasp_integration/roarm_anygrasp_integration/srv/detail/calibrate_camera__struct.h
-- Symlinking: /root/ros2_workspace/install/roarm_anygrasp_integration/include/roarm_anygrasp_integration/roarm_anygrasp_integration/srv/detail/calibrate_camera__type_support.h
-- Symlinking: /root/ros2_workspace/install/roarm_anygrasp_integration/include/roarm_anygrasp_integration/roarm_anygrasp_integration/srv/detail/configure_roboflow__functions.h
-- Symlinking: /root/ros2_workspace/install/roarm_anygrasp_integration/include/roarm_anygrasp_integration/roarm_anygrasp_integration/srv/detail/configure_roboflow__struct.h
-- Symlinking: /root/ros2_workspace/install/roarm_anygrasp_integration/include/roarm_anygrasp_integration/roarm_anygrasp_integration/srv/detail/configure_roboflow__type_support.h
-- Symlinking: /root/ros2_workspace/install/roarm_anygrasp_integration/include/roarm_anygrasp_integration/roarm_anygrasp_integration/srv/detail/get_grasp_candidates__functions.h
-- Symlinking: /root/ros2_workspace/install/roarm_anygrasp_integration/include/roarm_anygrasp_integration/roarm_anygrasp_integration/srv/detail/get_grasp_candidates__struct.h
-- Symlinking: /root/ros2_workspace/install/roarm_anygrasp_integration/include/roarm_anygrasp_integration/roarm_anygrasp_integration/srv/detail/get_grasp_candidates__type_support.h
-- Symlinking: /root/ros2_workspace/install/roarm_anygrasp_integration/include/roarm_anygrasp_integration/roarm_anygrasp_integration/srv/detail/select_grasp__functions.h
-- Symlinking: /root/ros2_workspace/install/roarm_anygrasp_integration/include/roarm_anygrasp_integration/roarm_anygrasp_integration/srv/detail/select_grasp__struct.h
-- Symlinking: /root/ros2_workspace/install/roarm_anygrasp_integration/include/roarm_anygrasp_integration/roarm_anygrasp_integration/srv/detail/select_grasp__type_support.h
-- Symlinking: /root/ros2_workspace/install/roarm_anygrasp_integration/include/roarm_anygrasp_integration/roarm_anygrasp_integration/srv/detail/upload_to_roboflow__functions.h
-- Symlinking: /root/ros2_workspace/install/roarm_anygrasp_integration/include/roarm_anygrasp_integration/roarm_anygrasp_integration/srv/detail/upload_to_roboflow__struct.h
-- Symlinking: /root/ros2_workspace/install/roarm_anygrasp_integration/include/roarm_anygrasp_integration/roarm_anygrasp_integration/srv/detail/upload_to_roboflow__type_support.h
-- Symlinking: /root/ros2_workspace/install/roarm_anygrasp_integration/include/roarm_anygrasp_integration/roarm_anygrasp_integration/srv/get_grasp_candidates.h
-- Symlinking: /root/ros2_workspace/install/roarm_anygrasp_integration/include/roarm_anygrasp_integration/roarm_anygrasp_integration/srv/select_grasp.h
-- Symlinking: /root/ros2_workspace/install/roarm_anygrasp_integration/include/roarm_anygrasp_integration/roarm_anygrasp_integration/srv/upload_to_roboflow.h
-- Symlinking: /root/ros2_workspace/install/roarm_anygrasp_integration/share/roarm_anygrasp_integration/environment/library_path.sh
-- Symlinking: /root/ros2_workspace/install/roarm_anygrasp_integration/share/roarm_anygrasp_integration/environment/library_path.dsv
-- Symlinking: /root/ros2_workspace/install/roarm_anygrasp_integration/include/roarm_anygrasp_integration/roarm_anygrasp_integration/msg/rosidl_typesupport_fastrtps_c__visibility_control.h
-- Symlinking: /root/ros2_workspace/install/roarm_anygrasp_integration/include/roarm_anygrasp_integration/roarm_anygrasp_integration/srv/detail/calibrate_camera__rosidl_typesupport_fastrtps_c.h
-- Symlinking: /root/ros2_workspace/install/roarm_anygrasp_integration/include/roarm_anygrasp_integration/roarm_anygrasp_integration/srv/detail/configure_roboflow__rosidl_typesupport_fastrtps_c.h
-- Symlinking: /root/ros2_workspace/install/roarm_anygrasp_integration/include/roarm_anygrasp_integration/roarm_anygrasp_integration/srv/detail/get_grasp_candidates__rosidl_typesupport_fastrtps_c.h
-- Symlinking: /root/ros2_workspace/install/roarm_anygrasp_integration/include/roarm_anygrasp_integration/roarm_anygrasp_integration/srv/detail/select_grasp__rosidl_typesupport_fastrtps_c.h
-- Symlinking: /root/ros2_workspace/install/roarm_anygrasp_integration/include/roarm_anygrasp_integration/roarm_anygrasp_integration/srv/detail/upload_to_roboflow__rosidl_typesupport_fastrtps_c.h
-- Symlinking: /root/ros2_workspace/install/roarm_anygrasp_integration/include/roarm_anygrasp_integration/roarm_anygrasp_integration/msg/rosidl_generator_cpp__visibility_control.hpp
-- Symlinking: /root/ros2_workspace/install/roarm_anygrasp_integration/include/roarm_anygrasp_integration/roarm_anygrasp_integration/srv/calibrate_camera.hpp
-- Symlinking: /root/ros2_workspace/install/roarm_anygrasp_integration/include/roarm_anygrasp_integration/roarm_anygrasp_integration/srv/configure_roboflow.hpp
-- Symlinking: /root/ros2_workspace/install/roarm_anygrasp_integration/include/roarm_anygrasp_integration/roarm_anygrasp_integration/srv/detail/calibrate_camera__builder.hpp
-- Symlinking: /root/ros2_workspace/install/roarm_anygrasp_integration/include/roarm_anygrasp_integration/roarm_anygrasp_integration/srv/detail/calibrate_camera__struct.hpp
-- Symlinking: /root/ros2_workspace/install/roarm_anygrasp_integration/include/roarm_anygrasp_integration/roarm_anygrasp_integration/srv/detail/calibrate_camera__traits.hpp
-- Symlinking: /root/ros2_workspace/install/roarm_anygrasp_integration/include/roarm_anygrasp_integration/roarm_anygrasp_integration/srv/detail/calibrate_camera__type_support.hpp
-- Symlinking: /root/ros2_workspace/install/roarm_anygrasp_integration/include/roarm_anygrasp_integration/roarm_anygrasp_integration/srv/detail/configure_roboflow__builder.hpp
-- Symlinking: /root/ros2_workspace/install/roarm_anygrasp_integration/include/roarm_anygrasp_integration/roarm_anygrasp_integration/srv/detail/configure_roboflow__struct.hpp
-- Symlinking: /root/ros2_workspace/install/roarm_anygrasp_integration/include/roarm_anygrasp_integration/roarm_anygrasp_integration/srv/detail/configure_roboflow__traits.hpp
-- Symlinking: /root/ros2_workspace/install/roarm_anygrasp_integration/include/roarm_anygrasp_integration/roarm_anygrasp_integration/srv/detail/configure_roboflow__type_support.hpp
-- Symlinking: /root/ros2_workspace/install/roarm_anygrasp_integration/include/roarm_anygrasp_integration/roarm_anygrasp_integration/srv/detail/get_grasp_candidates__builder.hpp
-- Symlinking: /root/ros2_workspace/install/roarm_anygrasp_integration/include/roarm_anygrasp_integration/roarm_anygrasp_integration/srv/detail/get_grasp_candidates__struct.hpp
-- Symlinking: /root/ros2_workspace/install/roarm_anygrasp_integration/include/roarm_anygrasp_integration/roarm_anygrasp_integration/srv/detail/get_grasp_candidates__traits.hpp
-- Symlinking: /root/ros2_workspace/install/roarm_anygrasp_integration/include/roarm_anygrasp_integration/roarm_anygrasp_integration/srv/detail/get_grasp_candidates__type_support.hpp
-- Symlinking: /root/ros2_workspace/install/roarm_anygrasp_integration/include/roarm_anygrasp_integration/roarm_anygrasp_integration/srv/detail/select_grasp__builder.hpp
-- Symlinking: /root/ros2_workspace/install/roarm_anygrasp_integration/include/roarm_anygrasp_integration/roarm_anygrasp_integration/srv/detail/select_grasp__struct.hpp
-- Symlinking: /root/ros2_workspace/install/roarm_anygrasp_integration/include/roarm_anygrasp_integration/roarm_anygrasp_integration/srv/detail/select_grasp__traits.hpp
-- Symlinking: /root/ros2_workspace/install/roarm_anygrasp_integration/include/roarm_anygrasp_integration/roarm_anygrasp_integration/srv/detail/select_grasp__type_support.hpp
-- Symlinking: /root/ros2_workspace/install/roarm_anygrasp_integration/include/roarm_anygrasp_integration/roarm_anygrasp_integration/srv/detail/upload_to_roboflow__builder.hpp
-- Symlinking: /root/ros2_workspace/install/roarm_anygrasp_integration/include/roarm_anygrasp_integration/roarm_anygrasp_integration/srv/detail/upload_to_roboflow__struct.hpp
-- Symlinking: /root/ros2_workspace/install/roarm_anygrasp_integration/include/roarm_anygrasp_integration/roarm_anygrasp_integration/srv/detail/upload_to_roboflow__traits.hpp
-- Symlinking: /root/ros2_workspace/install/roarm_anygrasp_integration/include/roarm_anygrasp_integration/roarm_anygrasp_integration/srv/detail/upload_to_roboflow__type_support.hpp
-- Symlinking: /root/ros2_workspace/install/roarm_anygrasp_integration/include/roarm_anygrasp_integration/roarm_anygrasp_integration/srv/get_grasp_candidates.hpp
-- Symlinking: /root/ros2_workspace/install/roarm_anygrasp_integration/include/roarm_anygrasp_integration/roarm_anygrasp_integration/srv/select_grasp.hpp
-- Symlinking: /root/ros2_workspace/install/roarm_anygrasp_integration/include/roarm_anygrasp_integration/roarm_anygrasp_integration/srv/upload_to_roboflow.hpp
-- Symlinking: /root/ros2_workspace/install/roarm_anygrasp_integration/include/roarm_anygrasp_integration/roarm_anygrasp_integration/msg/rosidl_typesupport_fastrtps_cpp__visibility_control.h
-- Symlinking: /root/ros2_workspace/install/roarm_anygrasp_integration/include/roarm_anygrasp_integration/roarm_anygrasp_integration/srv/detail/calibrate_camera__rosidl_typesupport_fastrtps_cpp.hpp
-- Symlinking: /root/ros2_workspace/install/roarm_anygrasp_integration/include/roarm_anygrasp_integration/roarm_anygrasp_integration/srv/detail/configure_roboflow__rosidl_typesupport_fastrtps_cpp.hpp
-- Symlinking: /root/ros2_workspace/install/roarm_anygrasp_integration/include/roarm_anygrasp_integration/roarm_anygrasp_integration/srv/detail/get_grasp_candidates__rosidl_typesupport_fastrtps_cpp.hpp
-- Symlinking: /root/ros2_workspace/install/roarm_anygrasp_integration/include/roarm_anygrasp_integration/roarm_anygrasp_integration/srv/detail/select_grasp__rosidl_typesupport_fastrtps_cpp.hpp
-- Symlinking: /root/ros2_workspace/install/roarm_anygrasp_integration/include/roarm_anygrasp_integration/roarm_anygrasp_integration/srv/detail/upload_to_roboflow__rosidl_typesupport_fastrtps_cpp.hpp
-- Symlinking: /root/ros2_workspace/install/roarm_anygrasp_integration/include/roarm_anygrasp_integration/roarm_anygrasp_integration/msg/rosidl_typesupport_introspection_c__visibility_control.h
-- Symlinking: /root/ros2_workspace/install/roarm_anygrasp_integration/include/roarm_anygrasp_integration/roarm_anygrasp_integration/srv/detail/calibrate_camera__rosidl_typesupport_introspection_c.h
-- Symlinking: /root/ros2_workspace/install/roarm_anygrasp_integration/include/roarm_anygrasp_integration/roarm_anygrasp_integration/srv/detail/configure_roboflow__rosidl_typesupport_introspection_c.h
-- Symlinking: /root/ros2_workspace/install/roarm_anygrasp_integration/include/roarm_anygrasp_integration/roarm_anygrasp_integration/srv/detail/get_grasp_candidates__rosidl_typesupport_introspection_c.h
-- Symlinking: /root/ros2_workspace/install/roarm_anygrasp_integration/include/roarm_anygrasp_integration/roarm_anygrasp_integration/srv/detail/select_grasp__rosidl_typesupport_introspection_c.h
-- Symlinking: /root/ros2_workspace/install/roarm_anygrasp_integration/include/roarm_anygrasp_integration/roarm_anygrasp_integration/srv/detail/upload_to_roboflow__rosidl_typesupport_introspection_c.h
-- Symlinking: /root/ros2_workspace/install/roarm_anygrasp_integration/include/roarm_anygrasp_integration/roarm_anygrasp_integration/srv/detail/calibrate_camera__rosidl_typesupport_introspection_cpp.hpp
-- Symlinking: /root/ros2_workspace/install/roarm_anygrasp_integration/include/roarm_anygrasp_integration/roarm_anygrasp_integration/srv/detail/configure_roboflow__rosidl_typesupport_introspection_cpp.hpp
-- Symlinking: /root/ros2_workspace/install/roarm_anygrasp_integration/include/roarm_anygrasp_integration/roarm_anygrasp_integration/srv/detail/get_grasp_candidates__rosidl_typesupport_introspection_cpp.hpp
-- Symlinking: /root/ros2_workspace/install/roarm_anygrasp_integration/include/roarm_anygrasp_integration/roarm_anygrasp_integration/srv/detail/select_grasp__rosidl_typesupport_introspection_cpp.hpp
-- Symlinking: /root/ros2_workspace/install/roarm_anygrasp_integration/include/roarm_anygrasp_integration/roarm_anygrasp_integration/srv/detail/upload_to_roboflow__rosidl_typesupport_introspection_cpp.hpp
-- Symlinking: /root/ros2_workspace/install/roarm_anygrasp_integration/share/roarm_anygrasp_integration/environment/pythonpath.sh
-- Symlinking: /root/ros2_workspace/install/roarm_anygrasp_integration/share/roarm_anygrasp_integration/environment/pythonpath.dsv
-- Symlinking: /root/ros2_workspace/install/roarm_anygrasp_integration/local/lib/python3.10/dist-packages/roarm_anygrasp_integration-0.0.0-py3.10.egg-info/PKG-INFO
-- Symlinking: /root/ros2_workspace/install/roarm_anygrasp_integration/local/lib/python3.10/dist-packages/roarm_anygrasp_integration-0.0.0-py3.10.egg-info/SOURCES.txt
-- Symlinking: /root/ros2_workspace/install/roarm_anygrasp_integration/local/lib/python3.10/dist-packages/roarm_anygrasp_integration-0.0.0-py3.10.egg-info/dependency_links.txt
-- Symlinking: /root/ros2_workspace/install/roarm_anygrasp_integration/local/lib/python3.10/dist-packages/roarm_anygrasp_integration-0.0.0-py3.10.egg-info/top_level.txt
-- Symlinking: /root/ros2_workspace/install/roarm_anygrasp_integration/local/lib/python3.10/dist-packages/roarm_anygrasp_integration/__init__.py
-- Symlinking: /root/ros2_workspace/install/roarm_anygrasp_integration/local/lib/python3.10/dist-packages/roarm_anygrasp_integration/_roarm_anygrasp_integration_s.ep.rosidl_typesupport_c.c
-- Symlinking: /root/ros2_workspace/install/roarm_anygrasp_integration/local/lib/python3.10/dist-packages/roarm_anygrasp_integration/_roarm_anygrasp_integration_s.ep.rosidl_typesupport_fastrtps_c.c
-- Symlinking: /root/ros2_workspace/install/roarm_anygrasp_integration/local/lib/python3.10/dist-packages/roarm_anygrasp_integration/_roarm_anygrasp_integration_s.ep.rosidl_typesupport_introspection_c.c
-- Symlinking: /root/ros2_workspace/install/roarm_anygrasp_integration/local/lib/python3.10/dist-packages/roarm_anygrasp_integration/libroarm_anygrasp_integration__rosidl_generator_py.so
-- Symlinking: /root/ros2_workspace/install/roarm_anygrasp_integration/local/lib/python3.10/dist-packages/roarm_anygrasp_integration/roarm_anygrasp_integration_s__rosidl_typesupport_c.cpython-310-x86_64-linux-gnu.so
-- Symlinking: /root/ros2_workspace/install/roarm_anygrasp_integration/local/lib/python3.10/dist-packages/roarm_anygrasp_integration/roarm_anygrasp_integration_s__rosidl_typesupport_fastrtps_c.cpython-310-x86_64-linux-gnu.so
-- Symlinking: /root/ros2_workspace/install/roarm_anygrasp_integration/local/lib/python3.10/dist-packages/roarm_anygrasp_integration/roarm_anygrasp_integration_s__rosidl_typesupport_introspection_c.cpython-310-x86_64-linux-gnu.so
-- Symlinking: /root/ros2_workspace/install/roarm_anygrasp_integration/local/lib/python3.10/dist-packages/roarm_anygrasp_integration/srv/__init__.py
-- Symlinking: /root/ros2_workspace/install/roarm_anygrasp_integration/local/lib/python3.10/dist-packages/roarm_anygrasp_integration/srv/_calibrate_camera.py
-- Symlinking: /root/ros2_workspace/install/roarm_anygrasp_integration/local/lib/python3.10/dist-packages/roarm_anygrasp_integration/srv/_calibrate_camera_s.c
-- Symlinking: /root/ros2_workspace/install/roarm_anygrasp_integration/local/lib/python3.10/dist-packages/roarm_anygrasp_integration/srv/_configure_roboflow.py
-- Symlinking: /root/ros2_workspace/install/roarm_anygrasp_integration/local/lib/python3.10/dist-packages/roarm_anygrasp_integration/srv/_configure_roboflow_s.c
-- Symlinking: /root/ros2_workspace/install/roarm_anygrasp_integration/local/lib/python3.10/dist-packages/roarm_anygrasp_integration/srv/_get_grasp_candidates.py
-- Symlinking: /root/ros2_workspace/install/roarm_anygrasp_integration/local/lib/python3.10/dist-packages/roarm_anygrasp_integration/srv/_get_grasp_candidates_s.c
-- Symlinking: /root/ros2_workspace/install/roarm_anygrasp_integration/local/lib/python3.10/dist-packages/roarm_anygrasp_integration/srv/_select_grasp.py
-- Symlinking: /root/ros2_workspace/install/roarm_anygrasp_integration/local/lib/python3.10/dist-packages/roarm_anygrasp_integration/srv/_select_grasp_s.c
-- Symlinking: /root/ros2_workspace/install/roarm_anygrasp_integration/local/lib/python3.10/dist-packages/roarm_anygrasp_integration/srv/_upload_to_roboflow.py
-- Symlinking: /root/ros2_workspace/install/roarm_anygrasp_integration/local/lib/python3.10/dist-packages/roarm_anygrasp_integration/srv/_upload_to_roboflow_s.c
-- Up-to-date symlink: /root/ros2_workspace/install/roarm_anygrasp_integration/local/lib/python3.10/dist-packages/roarm_anygrasp_integration/roarm_anygrasp_integration_s__rosidl_typesupport_fastrtps_c.cpython-310-x86_64-linux-gnu.so
-- Up-to-date symlink: /root/ros2_workspace/install/roarm_anygrasp_integration/local/lib/python3.10/dist-packages/roarm_anygrasp_integration/roarm_anygrasp_integration_s__rosidl_typesupport_introspection_c.cpython-310-x86_64-linux-gnu.so
-- Up-to-date symlink: /root/ros2_workspace/install/roarm_anygrasp_integration/local/lib/python3.10/dist-packages/roarm_anygrasp_integration/roarm_anygrasp_integration_s__rosidl_typesupport_c.cpython-310-x86_64-linux-gnu.so
-- Symlinking: /root/ros2_workspace/install/roarm_anygrasp_integration/share/roarm_anygrasp_integration/srv/SelectGrasp.idl
-- Symlinking: /root/ros2_workspace/install/roarm_anygrasp_integration/share/roarm_anygrasp_integration/srv/GetGraspCandidates.idl
-- Symlinking: /root/ros2_workspace/install/roarm_anygrasp_integration/share/roarm_anygrasp_integration/srv/UploadToRoboflow.idl
-- Symlinking: /root/ros2_workspace/install/roarm_anygrasp_integration/share/roarm_anygrasp_integration/srv/ConfigureRoboflow.idl
-- Symlinking: /root/ros2_workspace/install/roarm_anygrasp_integration/share/roarm_anygrasp_integration/srv/CalibrateCamera.idl
-- Symlinking: /root/ros2_workspace/install/roarm_anygrasp_integration/share/roarm_anygrasp_integration/srv/SelectGrasp.srv
-- Symlinking: /root/ros2_workspace/install/roarm_anygrasp_integration/share/roarm_anygrasp_integration/srv/SelectGrasp_Request.msg
-- Symlinking: /root/ros2_workspace/install/roarm_anygrasp_integration/share/roarm_anygrasp_integration/srv/SelectGrasp_Response.msg
-- Symlinking: /root/ros2_workspace/install/roarm_anygrasp_integration/share/roarm_anygrasp_integration/srv/GetGraspCandidates.srv
-- Symlinking: /root/ros2_workspace/install/roarm_anygrasp_integration/share/roarm_anygrasp_integration/srv/GetGraspCandidates_Request.msg
-- Symlinking: /root/ros2_workspace/install/roarm_anygrasp_integration/share/roarm_anygrasp_integration/srv/GetGraspCandidates_Response.msg
-- Symlinking: /root/ros2_workspace/install/roarm_anygrasp_integration/share/roarm_anygrasp_integration/srv/UploadToRoboflow.srv
-- Symlinking: /root/ros2_workspace/install/roarm_anygrasp_integration/share/roarm_anygrasp_integration/srv/UploadToRoboflow_Request.msg
-- Symlinking: /root/ros2_workspace/install/roarm_anygrasp_integration/share/roarm_anygrasp_integration/srv/UploadToRoboflow_Response.msg
-- Symlinking: /root/ros2_workspace/install/roarm_anygrasp_integration/share/roarm_anygrasp_integration/srv/ConfigureRoboflow.srv
-- Symlinking: /root/ros2_workspace/install/roarm_anygrasp_integration/share/roarm_anygrasp_integration/srv/ConfigureRoboflow_Request.msg
-- Symlinking: /root/ros2_workspace/install/roarm_anygrasp_integration/share/roarm_anygrasp_integration/srv/ConfigureRoboflow_Response.msg
-- Symlinking: /root/ros2_workspace/install/roarm_anygrasp_integration/share/roarm_anygrasp_integration/srv/CalibrateCamera.srv
-- Symlinking: /root/ros2_workspace/install/roarm_anygrasp_integration/share/roarm_anygrasp_integration/srv/CalibrateCamera_Request.msg
-- Symlinking: /root/ros2_workspace/install/roarm_anygrasp_integration/share/roarm_anygrasp_integration/srv/CalibrateCamera_Response.msg
-- Symlinking: /root/ros2_workspace/install/roarm_anygrasp_integration/share/ament_index/resource_index/package_run_dependencies/roarm_anygrasp_integration
-- Symlinking: /root/ros2_workspace/install/roarm_anygrasp_integration/share/ament_index/resource_index/parent_prefix_path/roarm_anygrasp_integration
-- Symlinking: /root/ros2_workspace/install/roarm_anygrasp_integration/share/roarm_anygrasp_integration/environment/ament_prefix_path.sh
-- Symlinking: /root/ros2_workspace/install/roarm_anygrasp_integration/share/roarm_anygrasp_integration/environment/ament_prefix_path.dsv
-- Symlinking: /root/ros2_workspace/install/roarm_anygrasp_integration/share/roarm_anygrasp_integration/environment/path.sh
-- Symlinking: /root/ros2_workspace/install/roarm_anygrasp_integration/share/roarm_anygrasp_integration/environment/path.dsv
-- Symlinking: /root/ros2_workspace/install/roarm_anygrasp_integration/share/roarm_anygrasp_integration/local_setup.bash
-- Symlinking: /root/ros2_workspace/install/roarm_anygrasp_integration/share/roarm_anygrasp_integration/local_setup.sh
-- Symlinking: /root/ros2_workspace/install/roarm_anygrasp_integration/share/roarm_anygrasp_integration/local_setup.zsh
-- Symlinking: /root/ros2_workspace/install/roarm_anygrasp_integration/share/roarm_anygrasp_integration/local_setup.dsv
-- Symlinking: /root/ros2_workspace/install/roarm_anygrasp_integration/share/roarm_anygrasp_integration/package.dsv
-- Symlinking: /root/ros2_workspace/install/roarm_anygrasp_integration/share/ament_index/resource_index/packages/roarm_anygrasp_integration
-- Symlinking: /root/ros2_workspace/install/roarm_anygrasp_integration/share/roarm_anygrasp_integration/cmake/rosidl_cmake-extras.cmake
-- Symlinking: /root/ros2_workspace/install/roarm_anygrasp_integration/share/roarm_anygrasp_integration/cmake/ament_cmake_export_dependencies-extras.cmake
-- Symlinking: /root/ros2_workspace/install/roarm_anygrasp_integration/share/roarm_anygrasp_integration/cmake/ament_cmake_export_include_directories-extras.cmake
-- Symlinking: /root/ros2_workspace/install/roarm_anygrasp_integration/share/roarm_anygrasp_integration/cmake/ament_cmake_export_libraries-extras.cmake
-- Symlinking: /root/ros2_workspace/install/roarm_anygrasp_integration/share/roarm_anygrasp_integration/cmake/ament_cmake_export_targets-extras.cmake
-- Symlinking: /root/ros2_workspace/install/roarm_anygrasp_integration/share/roarm_anygrasp_integration/cmake/rosidl_cmake_export_typesupport_targets-extras.cmake
-- Symlinking: /root/ros2_workspace/install/roarm_anygrasp_integration/share/roarm_anygrasp_integration/cmake/rosidl_cmake_export_typesupport_libraries-extras.cmake
-- Symlinking: /root/ros2_workspace/install/roarm_anygrasp_integration/share/roarm_anygrasp_integration/cmake/roarm_anygrasp_integrationConfig.cmake
-- Symlinking: /root/ros2_workspace/install/roarm_anygrasp_integration/share/roarm_anygrasp_integration/cmake/roarm_anygrasp_integrationConfig-version.cmake
-- Symlinking: /root/ros2_workspace/install/roarm_anygrasp_integration/share/roarm_anygrasp_integration/package.xml
-- Installing: /root/ros2_workspace/install/roarm_anygrasp_integration/lib/libroarm_anygrasp_integration__rosidl_generator_c.so
-- Set runtime path of "/root/ros2_workspace/install/roarm_anygrasp_integration/lib/libroarm_anygrasp_integration__rosidl_generator_c.so" to ""
-- Installing: /root/ros2_workspace/install/roarm_anygrasp_integration/lib/libroarm_anygrasp_integration__rosidl_typesupport_fastrtps_c.so
-- Set runtime path of "/root/ros2_workspace/install/roarm_anygrasp_integration/lib/libroarm_anygrasp_integration__rosidl_typesupport_fastrtps_c.so" to ""
-- Installing: /root/ros2_workspace/install/roarm_anygrasp_integration/lib/libroarm_anygrasp_integration__rosidl_typesupport_fastrtps_cpp.so
-- Set runtime path of "/root/ros2_workspace/install/roarm_anygrasp_integration/lib/libroarm_anygrasp_integration__rosidl_typesupport_fastrtps_cpp.so" to ""
-- Installing: /root/ros2_workspace/install/roarm_anygrasp_integration/lib/libroarm_anygrasp_integration__rosidl_typesupport_introspection_c.so
-- Set runtime path of "/root/ros2_workspace/install/roarm_anygrasp_integration/lib/libroarm_anygrasp_integration__rosidl_typesupport_introspection_c.so" to ""
-- Installing: /root/ros2_workspace/install/roarm_anygrasp_integration/lib/libroarm_anygrasp_integration__rosidl_typesupport_c.so
-- Set runtime path of "/root/ros2_workspace/install/roarm_anygrasp_integration/lib/libroarm_anygrasp_integration__rosidl_typesupport_c.so" to ""
-- Installing: /root/ros2_workspace/install/roarm_anygrasp_integration/lib/libroarm_anygrasp_integration__rosidl_typesupport_introspection_cpp.so
-- Set runtime path of "/root/ros2_workspace/install/roarm_anygrasp_integration/lib/libroarm_anygrasp_integration__rosidl_typesupport_introspection_cpp.so" to ""
-- Installing: /root/ros2_workspace/install/roarm_anygrasp_integration/lib/libroarm_anygrasp_integration__rosidl_typesupport_cpp.so
-- Set runtime path of "/root/ros2_workspace/install/roarm_anygrasp_integration/lib/libroarm_anygrasp_integration__rosidl_typesupport_cpp.so" to ""
Listing '/root/ros2_workspace/install/roarm_anygrasp_integration/local/lib/python3.10/dist-packages/roarm_anygrasp_integration'...
Compiling '/root/ros2_workspace/install/roarm_anygrasp_integration/local/lib/python3.10/dist-packages/roarm_anygrasp_integration/__init__.py'...
Listing '/root/ros2_workspace/install/roarm_anygrasp_integration/local/lib/python3.10/dist-packages/roarm_anygrasp_integration/srv'...
Compiling '/root/ros2_workspace/install/roarm_anygrasp_integration/local/lib/python3.10/dist-packages/roarm_anygrasp_integration/srv/__init__.py'...
Compiling '/root/ros2_workspace/install/roarm_anygrasp_integration/local/lib/python3.10/dist-packages/roarm_anygrasp_integration/srv/_calibrate_camera.py'...
Compiling '/root/ros2_workspace/install/roarm_anygrasp_integration/local/lib/python3.10/dist-packages/roarm_anygrasp_integration/srv/_configure_roboflow.py'...
Compiling '/root/ros2_workspace/install/roarm_anygrasp_integration/local/lib/python3.10/dist-packages/roarm_anygrasp_integration/srv/_get_grasp_candidates.py'...
Compiling '/root/ros2_workspace/install/roarm_anygrasp_integration/local/lib/python3.10/dist-packages/roarm_anygrasp_integration/srv/_select_grasp.py'...
Compiling '/root/ros2_workspace/install/roarm_anygrasp_integration/local/lib/python3.10/dist-packages/roarm_anygrasp_integration/srv/_upload_to_roboflow.py'...
-- Installing: /root/ros2_workspace/install/roarm_anygrasp_integration/lib/libroarm_anygrasp_integration__rosidl_generator_py.so
-- Set runtime path of "/root/ros2_workspace/install/roarm_anygrasp_integration/lib/libroarm_anygrasp_integration__rosidl_generator_py.so" to ""
-- Installing: /root/ros2_workspace/install/roarm_anygrasp_integration/share/roarm_anygrasp_integration/cmake/export_roarm_anygrasp_integration__rosidl_generator_cExport.cmake
-- Installing: /root/ros2_workspace/install/roarm_anygrasp_integration/share/roarm_anygrasp_integration/cmake/export_roarm_anygrasp_integration__rosidl_generator_cExport-noconfig.cmake
-- Installing: /root/ros2_workspace/install/roarm_anygrasp_integration/share/roarm_anygrasp_integration/cmake/export_roarm_anygrasp_integration__rosidl_typesupport_fastrtps_cExport.cmake
-- Installing: /root/ros2_workspace/install/roarm_anygrasp_integration/share/roarm_anygrasp_integration/cmake/export_roarm_anygrasp_integration__rosidl_typesupport_fastrtps_cExport-noconfig.cmake
-- Installing: /root/ros2_workspace/install/roarm_anygrasp_integration/share/roarm_anygrasp_integration/cmake/export_roarm_anygrasp_integration__rosidl_generator_cppExport.cmake
-- Installing: /root/ros2_workspace/install/roarm_anygrasp_integration/share/roarm_anygrasp_integration/cmake/export_roarm_anygrasp_integration__rosidl_typesupport_fastrtps_cppExport.cmake
-- Installing: /root/ros2_workspace/install/roarm_anygrasp_integration/share/roarm_anygrasp_integration/cmake/export_roarm_anygrasp_integration__rosidl_typesupport_fastrtps_cppExport-noconfig.cmake
-- Installing: /root/ros2_workspace/install/roarm_anygrasp_integration/share/roarm_anygrasp_integration/cmake/roarm_anygrasp_integration__rosidl_typesupport_introspection_cExport.cmake
-- Installing: /root/ros2_workspace/install/roarm_anygrasp_integration/share/roarm_anygrasp_integration/cmake/roarm_anygrasp_integration__rosidl_typesupport_introspection_cExport-noconfig.cmake
-- Installing: /root/ros2_workspace/install/roarm_anygrasp_integration/share/roarm_anygrasp_integration/cmake/roarm_anygrasp_integration__rosidl_typesupport_cExport.cmake
-- Installing: /root/ros2_workspace/install/roarm_anygrasp_integration/share/roarm_anygrasp_integration/cmake/roarm_anygrasp_integration__rosidl_typesupport_cExport-noconfig.cmake
-- Installing: /root/ros2_workspace/install/roarm_anygrasp_integration/share/roarm_anygrasp_integration/cmake/roarm_anygrasp_integration__rosidl_typesupport_introspection_cppExport.cmake
-- Installing: /root/ros2_workspace/install/roarm_anygrasp_integration/share/roarm_anygrasp_integration/cmake/roarm_anygrasp_integration__rosidl_typesupport_introspection_cppExport-noconfig.cmake
-- Installing: /root/ros2_workspace/install/roarm_anygrasp_integration/share/roarm_anygrasp_integration/cmake/roarm_anygrasp_integration__rosidl_typesupport_cppExport.cmake
-- Installing: /root/ros2_workspace/install/roarm_anygrasp_integration/share/roarm_anygrasp_integration/cmake/roarm_anygrasp_integration__rosidl_typesupport_cppExport-noconfig.cmake
-- Installing: /root/ros2_workspace/install/roarm_anygrasp_integration/share/roarm_anygrasp_integration/cmake/export_roarm_anygrasp_integration__rosidl_generator_pyExport.cmake
-- Installing: /root/ros2_workspace/install/roarm_anygrasp_integration/share/roarm_anygrasp_integration/cmake/export_roarm_anygrasp_integration__rosidl_generator_pyExport-noconfig.cmake
