[0.018s] Invoking command in '/root/ros2_workspace/build/roarm_description': CMAKE_PREFIX_PATH=/opt/ros/humble /usr/bin/cmake --build /root/ros2_workspace/build/roarm_description -- -j4 -l4
[0.387s] Invoked command in '/root/ros2_workspace/build/roarm_description' returned '0': CMAKE_PREFIX_PATH=/opt/ros/humble /usr/bin/cmake --build /root/ros2_workspace/build/roarm_description -- -j4 -l4
[0.400s] Invoking command in '/root/ros2_workspace/build/roarm_description': CMAKE_PREFIX_PATH=/opt/ros/humble /usr/bin/cmake --install /root/ros2_workspace/build/roarm_description
[0.410s] -- Install configuration: ""
[0.410s] -- Execute custom install script
[0.410s] -- Up-to-date symlink: /root/ros2_workspace/install/roarm_description/share/roarm_description/config/joint_names_roarm.yaml
[0.410s] -- Up-to-date symlink: /root/ros2_workspace/install/roarm_description/share/roarm_description/config/roarm_description.rviz
[0.411s] -- Up-to-date symlink: /root/ros2_workspace/install/roarm_description/share/roarm_description/launch/display.launch.py
[0.411s] -- Up-to-date symlink: /root/ros2_workspace/install/roarm_description/share/roarm_description/meshes/base_link.STL
[0.412s] -- Up-to-date symlink: /root/ros2_workspace/install/roarm_description/share/roarm_description/meshes/gripper_link.STL
[0.412s] -- Up-to-date symlink: /root/ros2_workspace/install/roarm_description/share/roarm_description/meshes/link1.STL
[0.412s] -- Up-to-date symlink: /root/ros2_workspace/install/roarm_description/share/roarm_description/meshes/link2.STL
[0.412s] -- Up-to-date symlink: /root/ros2_workspace/install/roarm_description/share/roarm_description/meshes/link3.STL
[0.413s] -- Up-to-date symlink: /root/ros2_workspace/install/roarm_description/share/roarm_description/urdf/roarm_description.csv
[0.413s] -- Up-to-date symlink: /root/ros2_workspace/install/roarm_description/share/roarm_description/urdf/roarm_description.urdf
[0.413s] -- Up-to-date symlink: /root/ros2_workspace/install/roarm_description/share/roarm_description/urdf/roarm_description_web_app.urdf
[0.414s] -- Up-to-date symlink: /root/ros2_workspace/install/roarm_description/share/ament_index/resource_index/package_run_dependencies/roarm_description
[0.414s] -- Up-to-date symlink: /root/ros2_workspace/install/roarm_description/share/ament_index/resource_index/parent_prefix_path/roarm_description
[0.414s] -- Up-to-date symlink: /root/ros2_workspace/install/roarm_description/share/roarm_description/environment/ament_prefix_path.sh
[0.415s] -- Up-to-date symlink: /root/ros2_workspace/install/roarm_description/share/roarm_description/environment/ament_prefix_path.dsv
[0.415s] -- Up-to-date symlink: /root/ros2_workspace/install/roarm_description/share/roarm_description/environment/path.sh
[0.415s] -- Up-to-date symlink: /root/ros2_workspace/install/roarm_description/share/roarm_description/environment/path.dsv
[0.416s] -- Up-to-date symlink: /root/ros2_workspace/install/roarm_description/share/roarm_description/local_setup.bash
[0.416s] -- Up-to-date symlink: /root/ros2_workspace/install/roarm_description/share/roarm_description/local_setup.sh
[0.416s] -- Up-to-date symlink: /root/ros2_workspace/install/roarm_description/share/roarm_description/local_setup.zsh
[0.417s] -- Up-to-date symlink: /root/ros2_workspace/install/roarm_description/share/roarm_description/local_setup.dsv
[0.417s] -- Symlinking: /root/ros2_workspace/install/roarm_description/share/roarm_description/package.dsv
[0.426s] -- Up-to-date symlink: /root/ros2_workspace/install/roarm_description/share/ament_index/resource_index/packages/roarm_description
[0.426s] -- Up-to-date symlink: /root/ros2_workspace/install/roarm_description/share/roarm_description/cmake/roarm_descriptionConfig.cmake
[0.427s] -- Up-to-date symlink: /root/ros2_workspace/install/roarm_description/share/roarm_description/cmake/roarm_descriptionConfig-version.cmake
[0.427s] -- Up-to-date symlink: /root/ros2_workspace/install/roarm_description/share/roarm_description/package.xml
[0.431s] Invoked command in '/root/ros2_workspace/build/roarm_description' returned '0': CMAKE_PREFIX_PATH=/opt/ros/humble /usr/bin/cmake --install /root/ros2_workspace/build/roarm_description
