[0.666s] Invoking command in '/root/ros2_workspace/build/launch_api': PYTHONPATH=/root/ros2_workspace/build/launch_api/prefix_override:/usr/lib/python3/dist-packages/colcon_core/task/python/colcon_distutils_commands:/root/ros2_workspace/install/launch_api/lib/python3.10/site-packages:${PYTHONPATH} /usr/bin/python3 -W ignore:setup.py install is deprecated -W ignore:easy_install command is deprecated setup.py develop --editable --build-directory /root/ros2_workspace/build/launch_api/build --no-deps symlink_data
[0.922s] running develop
[1.082s] running egg_info
[1.082s] creating launch_api.egg-info
[1.082s] writing launch_api.egg-info/PKG-INFO
[1.083s] writing dependency_links to launch_api.egg-info/dependency_links.txt
[1.083s] writing entry points to launch_api.egg-info/entry_points.txt
[1.083s] writing requirements to launch_api.egg-info/requires.txt
[1.083s] writing top-level names to launch_api.egg-info/top_level.txt
[1.083s] writing manifest file 'launch_api.egg-info/SOURCES.txt'
[1.085s] reading manifest file 'launch_api.egg-info/SOURCES.txt'
[1.086s] writing manifest file 'launch_api.egg-info/SOURCES.txt'
[1.088s] running build_ext
[1.088s] Creating /root/ros2_workspace/install/launch_api/lib/python3.10/site-packages/launch-api.egg-link (link to .)
[1.089s] 
[1.089s] Installed /root/ros2_workspace/build/launch_api
[1.089s] running symlink_data
[1.090s] creating /root/ros2_workspace/install/launch_api/share/ament_index
[1.090s] creating /root/ros2_workspace/install/launch_api/share/ament_index/resource_index
[1.090s] creating /root/ros2_workspace/install/launch_api/share/ament_index/resource_index/packages
[1.090s] symbolically linking /root/ros2_workspace/build/launch_api/resource/launch_api -> /root/ros2_workspace/install/launch_api/share/ament_index/resource_index/packages
[1.090s] symbolically linking /root/ros2_workspace/build/launch_api/package.xml -> /root/ros2_workspace/install/launch_api/share/launch_api
[1.132s] Invoked command in '/root/ros2_workspace/build/launch_api' returned '0': PYTHONPATH=/root/ros2_workspace/build/launch_api/prefix_override:/usr/lib/python3/dist-packages/colcon_core/task/python/colcon_distutils_commands:/root/ros2_workspace/install/launch_api/lib/python3.10/site-packages:${PYTHONPATH} /usr/bin/python3 -W ignore:setup.py install is deprecated -W ignore:easy_install command is deprecated setup.py develop --editable --build-directory /root/ros2_workspace/build/launch_api/build --no-deps symlink_data
