-- The C compiler identification is GNU 11.4.0
-- The CXX compiler identification is GNU 11.4.0
-- Detecting C compiler ABI info
-- Detecting C compiler ABI info - done
-- Check for working C compiler: /usr/bin/cc - skipped
-- Detecting C compile features
-- Detecting C compile features - done
-- Detecting CXX compiler ABI info
-- Detecting CXX compiler ABI info - done
-- Check for working CXX compiler: /usr/bin/c++ - skipped
-- Detecting CXX compile features
-- Detecting CXX compile features - done
-- Found ament_cmake: 1.3.11 (/opt/ros/humble/share/ament_cmake/cmake)
-- Found Python3: /usr/bin/python3 (found version "3.10.12") found components: Interpreter 
-- Override CMake install command with custom implementation using symlinks instead of copying resources
-- Found rclpy: 3.3.16 (/opt/ros/humble/share/rclpy/cmake)
-- Found ament_lint_auto: 0.12.12 (/opt/ros/humble/share/ament_lint_auto/cmake)
-- Added test 'copyright' to check source files copyright and LICENSE
-- Added test 'flake8' to check Python code syntax and style conventions
-- Added test 'lint_cmake' to check CMake code style
-- Added test 'pep257' to check Python code against some of the docstring style conventions in PEP 257
-- Added test 'xmllint' to check XML markup files
-- Configuring done
-- Generating done
-- Build files have been written to: /root/ros2_workspace/build/wrist_imu_integration
Built target ament_cmake_python_symlink_wrist_imu_integration
running egg_info
creating wrist_imu_integration.egg-info
writing wrist_imu_integration.egg-info/PKG-INFO
writing dependency_links to wrist_imu_integration.egg-info/dependency_links.txt
writing top-level names to wrist_imu_integration.egg-info/top_level.txt
writing manifest file 'wrist_imu_integration.egg-info/SOURCES.txt'
reading manifest file 'wrist_imu_integration.egg-info/SOURCES.txt'
writing manifest file 'wrist_imu_integration.egg-info/SOURCES.txt'
Built target ament_cmake_python_build_wrist_imu_integration_egg
-- Install configuration: ""
-- Execute custom install script
-- Symlinking: /root/ros2_workspace/install/wrist_imu_integration/share/wrist_imu_integration/environment/pythonpath.sh
-- Symlinking: /root/ros2_workspace/install/wrist_imu_integration/share/wrist_imu_integration/environment/pythonpath.dsv
-- Symlinking: /root/ros2_workspace/install/wrist_imu_integration/local/lib/python3.10/dist-packages/wrist_imu_integration-1.0.0-py3.10.egg-info/PKG-INFO
-- Symlinking: /root/ros2_workspace/install/wrist_imu_integration/local/lib/python3.10/dist-packages/wrist_imu_integration-1.0.0-py3.10.egg-info/SOURCES.txt
-- Symlinking: /root/ros2_workspace/install/wrist_imu_integration/local/lib/python3.10/dist-packages/wrist_imu_integration-1.0.0-py3.10.egg-info/dependency_links.txt
-- Symlinking: /root/ros2_workspace/install/wrist_imu_integration/local/lib/python3.10/dist-packages/wrist_imu_integration-1.0.0-py3.10.egg-info/top_level.txt
-- Symlinking: /root/ros2_workspace/install/wrist_imu_integration/local/lib/python3.10/dist-packages/wrist_imu_integration/__init__.py
-- Symlinking: /root/ros2_workspace/install/wrist_imu_integration/lib/wrist_imu_integration/wrist_imu_calibration.py
-- Symlinking: /root/ros2_workspace/install/wrist_imu_integration/lib/wrist_imu_integration/imu_camera_fusion.py
-- Symlinking: /root/ros2_workspace/install/wrist_imu_integration/share/wrist_imu_integration/launch/d405_with_imu.launch.py
-- Symlinking: /root/ros2_workspace/install/wrist_imu_integration/share/wrist_imu_integration/launch/wrist_imu.launch.py
-- Symlinking: /root/ros2_workspace/install/wrist_imu_integration/share/wrist_imu_integration/config/bno055_wrist_config.yaml
-- Symlinking: /root/ros2_workspace/install/wrist_imu_integration/share/ament_index/resource_index/package_run_dependencies/wrist_imu_integration
-- Symlinking: /root/ros2_workspace/install/wrist_imu_integration/share/ament_index/resource_index/parent_prefix_path/wrist_imu_integration
-- Symlinking: /root/ros2_workspace/install/wrist_imu_integration/share/wrist_imu_integration/environment/ament_prefix_path.sh
-- Symlinking: /root/ros2_workspace/install/wrist_imu_integration/share/wrist_imu_integration/environment/ament_prefix_path.dsv
-- Symlinking: /root/ros2_workspace/install/wrist_imu_integration/share/wrist_imu_integration/environment/path.sh
-- Symlinking: /root/ros2_workspace/install/wrist_imu_integration/share/wrist_imu_integration/environment/path.dsv
-- Symlinking: /root/ros2_workspace/install/wrist_imu_integration/share/wrist_imu_integration/local_setup.bash
-- Symlinking: /root/ros2_workspace/install/wrist_imu_integration/share/wrist_imu_integration/local_setup.sh
-- Symlinking: /root/ros2_workspace/install/wrist_imu_integration/share/wrist_imu_integration/local_setup.zsh
-- Symlinking: /root/ros2_workspace/install/wrist_imu_integration/share/wrist_imu_integration/local_setup.dsv
-- Symlinking: /root/ros2_workspace/install/wrist_imu_integration/share/wrist_imu_integration/package.dsv
-- Symlinking: /root/ros2_workspace/install/wrist_imu_integration/share/ament_index/resource_index/packages/wrist_imu_integration
-- Symlinking: /root/ros2_workspace/install/wrist_imu_integration/share/wrist_imu_integration/cmake/wrist_imu_integrationConfig.cmake
-- Symlinking: /root/ros2_workspace/install/wrist_imu_integration/share/wrist_imu_integration/cmake/wrist_imu_integrationConfig-version.cmake
-- Symlinking: /root/ros2_workspace/install/wrist_imu_integration/share/wrist_imu_integration/package.xml
Listing '/root/ros2_workspace/install/wrist_imu_integration/local/lib/python3.10/dist-packages/wrist_imu_integration'...
Compiling '/root/ros2_workspace/install/wrist_imu_integration/local/lib/python3.10/dist-packages/wrist_imu_integration/__init__.py'...
