[0.010s] Invoking command in '/root/ros2_workspace/build/roarm_moveit_ikfast_plugins': CMAKE_PREFIX_PATH=/opt/ros/humble /usr/bin/cmake --build /root/ros2_workspace/build/roarm_moveit_ikfast_plugins -- -j4 -l4
[0.131s] [100%] Built target roarm_description_hand_moveit_ikfast_plugin
[0.144s] Invoked command in '/root/ros2_workspace/build/roarm_moveit_ikfast_plugins' returned '0': CMAKE_PREFIX_PATH=/opt/ros/humble /usr/bin/cmake --build /root/ros2_workspace/build/roarm_moveit_ikfast_plugins -- -j4 -l4
[0.145s] Invoking command in '/root/ros2_workspace/build/roarm_moveit_ikfast_plugins': CMAKE_PREFIX_PATH=/opt/ros/humble /usr/bin/cmake --install /root/ros2_workspace/build/roarm_moveit_ikfast_plugins
[0.157s] -- Install configuration: ""
[0.157s] -- Execute custom install script
[0.157s] -- Up-to-date symlink: /root/ros2_workspace/install/roarm_moveit_ikfast_plugins/share/roarm_moveit_ikfast_plugins//roarm_description_hand_moveit_ikfast_plugin_description.xml
[0.157s] -- Up-to-date symlink: /root/ros2_workspace/install/roarm_moveit_ikfast_plugins/share/roarm_moveit_ikfast_plugins/environment/library_path.sh
[0.157s] -- Up-to-date symlink: /root/ros2_workspace/install/roarm_moveit_ikfast_plugins/share/roarm_moveit_ikfast_plugins/environment/library_path.dsv
[0.157s] -- Up-to-date symlink: /root/ros2_workspace/install/roarm_moveit_ikfast_plugins/share/ament_index/resource_index/package_run_dependencies/roarm_moveit_ikfast_plugins
[0.158s] -- Up-to-date symlink: /root/ros2_workspace/install/roarm_moveit_ikfast_plugins/share/ament_index/resource_index/parent_prefix_path/roarm_moveit_ikfast_plugins
[0.158s] -- Up-to-date symlink: /root/ros2_workspace/install/roarm_moveit_ikfast_plugins/share/roarm_moveit_ikfast_plugins/environment/ament_prefix_path.sh
[0.158s] -- Up-to-date symlink: /root/ros2_workspace/install/roarm_moveit_ikfast_plugins/share/roarm_moveit_ikfast_plugins/environment/ament_prefix_path.dsv
[0.158s] -- Up-to-date symlink: /root/ros2_workspace/install/roarm_moveit_ikfast_plugins/share/roarm_moveit_ikfast_plugins/environment/path.sh
[0.158s] -- Up-to-date symlink: /root/ros2_workspace/install/roarm_moveit_ikfast_plugins/share/roarm_moveit_ikfast_plugins/environment/path.dsv
[0.158s] -- Up-to-date symlink: /root/ros2_workspace/install/roarm_moveit_ikfast_plugins/share/roarm_moveit_ikfast_plugins/local_setup.bash
[0.158s] -- Up-to-date symlink: /root/ros2_workspace/install/roarm_moveit_ikfast_plugins/share/roarm_moveit_ikfast_plugins/local_setup.sh
[0.159s] -- Up-to-date symlink: /root/ros2_workspace/install/roarm_moveit_ikfast_plugins/share/roarm_moveit_ikfast_plugins/local_setup.zsh
[0.159s] -- Up-to-date symlink: /root/ros2_workspace/install/roarm_moveit_ikfast_plugins/share/roarm_moveit_ikfast_plugins/local_setup.dsv
[0.159s] -- Symlinking: /root/ros2_workspace/install/roarm_moveit_ikfast_plugins/share/roarm_moveit_ikfast_plugins/package.dsv
[0.173s] -- Up-to-date symlink: /root/ros2_workspace/install/roarm_moveit_ikfast_plugins/share/ament_index/resource_index/packages/roarm_moveit_ikfast_plugins
[0.174s] -- Up-to-date symlink: /root/ros2_workspace/install/roarm_moveit_ikfast_plugins/share/ament_index/resource_index/moveit_core__pluginlib__plugin/roarm_moveit_ikfast_plugins
[0.174s] -- Up-to-date symlink: /root/ros2_workspace/install/roarm_moveit_ikfast_plugins/share/roarm_moveit_ikfast_plugins/cmake/ament_cmake_export_targets-extras.cmake
[0.174s] -- Up-to-date symlink: /root/ros2_workspace/install/roarm_moveit_ikfast_plugins/share/roarm_moveit_ikfast_plugins/cmake/ament_cmake_export_dependencies-extras.cmake
[0.174s] -- Up-to-date symlink: /root/ros2_workspace/install/roarm_moveit_ikfast_plugins/share/roarm_moveit_ikfast_plugins/cmake/roarm_moveit_ikfast_pluginsConfig.cmake
[0.174s] -- Up-to-date symlink: /root/ros2_workspace/install/roarm_moveit_ikfast_plugins/share/roarm_moveit_ikfast_plugins/cmake/roarm_moveit_ikfast_pluginsConfig-version.cmake
[0.175s] -- Up-to-date symlink: /root/ros2_workspace/install/roarm_moveit_ikfast_plugins/share/roarm_moveit_ikfast_plugins/package.xml
[0.175s] -- Up-to-date: /root/ros2_workspace/install/roarm_moveit_ikfast_plugins/lib/libroarm_description_hand_moveit_ikfast_plugin.so
[0.175s] -- Up-to-date: /root/ros2_workspace/install/roarm_moveit_ikfast_plugins/share/roarm_moveit_ikfast_plugins/cmake/export_roarm_moveit_ikfast_pluginsExport.cmake
[0.175s] -- Up-to-date: /root/ros2_workspace/install/roarm_moveit_ikfast_plugins/share/roarm_moveit_ikfast_plugins/cmake/export_roarm_moveit_ikfast_pluginsExport-noconfig.cmake
[0.175s] Invoked command in '/root/ros2_workspace/build/roarm_moveit_ikfast_plugins' returned '0': CMAKE_PREFIX_PATH=/opt/ros/humble /usr/bin/cmake --install /root/ros2_workspace/build/roarm_moveit_ikfast_plugins
