-- Found moveit_common: 2.5.9 (/opt/ros/humble/share/moveit_common/cmake)
-- Found ament_cmake: 1.3.11 (/opt/ros/humble/share/ament_cmake/cmake)
-- Override CMake install command with custom implementation using symlinks instead of copying resources
-- Found Boost: /usr/lib/x86_64-linux-gnu/cmake/Boost-1.74.0/BoostConfig.cmake (found version "1.74.0") found components: system filesystem date_time thread 
-- Found control_msgs: 4.8.0 (/opt/ros/humble/share/control_msgs/cmake)
-- Found rosidl_generator_c: 3.1.6 (/opt/ros/humble/share/rosidl_generator_c/cmake)
-- Found rosidl_adapter: 3.1.6 (/opt/ros/humble/share/rosidl_adapter/cmake)
-- Found rosidl_generator_cpp: 3.1.6 (/opt/ros/humble/share/rosidl_generator_cpp/cmake)
-- Using all available rosidl_typesupport_c: rosidl_typesupport_fastrtps_c;rosidl_typesupport_introspection_c
-- Using all available rosidl_typesupport_cpp: rosidl_typesupport_fastrtps_cpp;rosidl_typesupport_introspection_cpp
-- Found moveit_core: 2.5.9 (/opt/ros/humble/share/moveit_core/cmake)
-- Found Boost: /usr/lib/x86_64-linux-gnu/cmake/Boost-1.74.0/BoostConfig.cmake (found version "1.74.0") found components: chrono date_time filesystem iostreams program_options regex serialization system thread 
-- Found parameter_traits: 0.4.0 (/opt/ros/humble/share/parameter_traits/cmake)
-- Found rmw_implementation_cmake: 6.1.2 (/opt/ros/humble/share/rmw_implementation_cmake/cmake)
-- Found rmw_fastrtps_cpp: 6.2.7 (/opt/ros/humble/share/rmw_fastrtps_cpp/cmake)
-- Using RMW implementation 'rmw_fastrtps_cpp' as default
-- Found rclcpp_lifecycle: 16.0.12 (/opt/ros/humble/share/rclcpp_lifecycle/cmake)
-- Found Boost: /usr/lib/x86_64-linux-gnu/cmake/Boost-1.74.0/BoostConfig.cmake (found version "1.74.0") found components: filesystem 
-- library: /usr/lib/x86_64-linux-gnu/libcurl.so
-- Ensuring Eigen3 include directory is part of orocos-kdl CMake target
-- Found moveit_ros_planning: 2.5.9 (/opt/ros/humble/share/moveit_ros_planning/cmake)
-- Found Boost: /usr/lib/x86_64-linux-gnu/cmake/Boost-1.74.0/BoostConfig.cmake (found version "1.74.0") found components: system filesystem date_time program_options thread chrono 
-- Found moveit_ros_planning_interface: 2.5.9 (/opt/ros/humble/share/moveit_ros_planning_interface/cmake)
-- Found Boost: /usr/lib/x86_64-linux-gnu/cmake/Boost-1.74.0/BoostConfig.cmake (found version "1.74.0") found components: date_time filesystem program_options system thread 
-- Found Boost: /usr/lib/x86_64-linux-gnu/cmake/Boost-1.74.0/BoostConfig.cmake (found version "1.74.0") found components: thread system filesystem regex date_time program_options 
-- Found Boost: /usr/lib/x86_64-linux-gnu/cmake/Boost-1.74.0/BoostConfig.cmake (found version "1.74.0") found components: system filesystem date_time program_options thread 
-- Found moveit_visual_tools: 4.1.2 (/opt/ros/humble/share/moveit_visual_tools/cmake)
-- Setting assimp_DIR to: '/opt/ros/humble/share/rviz_assimp_vendor/cmake/../../../opt/rviz_assimp_vendor/lib/cmake/assimp-4.1'
-- Setting OGRE_DIR to: '/opt/ros/humble/share/rviz_ogre_vendor/cmake/../../../opt/rviz_ogre_vendor/lib/OGRE/cmake'
-- Found OGRE
--   static     : OFF
--   components : HLMS;MeshLodGenerator;Overlay;Paging;Property;RTShaderSystem;Terrain;Volume
--   plugins    : Plugin_BSPSceneManager;Plugin_OctreeSceneManager;Plugin_PCZSceneManager;Plugin_ParticleFX;RenderSystem_GL;RenderSystem_GL3Plus;Codec_STBI
--   media      : /opt/ros/humble/opt/rviz_ogre_vendor/share/OGRE/Media
-- OGRE_LIBRARIES: OgreHLMS;OgreMeshLodGenerator;OgreOverlay;OgrePaging;OgreProperty;OgreRTShaderSystem;OgreTerrain;OgreVolume;OgreMain
-- OGRE_LIBRARY_DIRS: /opt/ros/humble/opt/rviz_ogre_vendor/lib
-- OGRE_PLUGINS: Plugin_BSPSceneManager;Plugin_OctreeSceneManager;Plugin_PCZSceneManager;Plugin_ParticleFX;RenderSystem_GL;RenderSystem_GL3Plus;Codec_STBI
-- OGRE_PLUGIN_DIR: /opt/ros/humble/opt/rviz_ogre_vendor/lib/OGRE
-- rviz_ogre_vendor::OgreOverlay for IMPORTED_LOCATION_RELEASE: /opt/ros/humble/opt/rviz_ogre_vendor/lib/libOgreOverlay.so
-- rviz_ogre_vendor::OgreOverlay for IMPORTED_LOCATION_DEBUG: /opt/ros/humble/opt/rviz_ogre_vendor/lib/libOgreOverlay.so
-- rviz_ogre_vendor::OgreMain for IMPORTED_LOCATION_RELEASE: /opt/ros/humble/opt/rviz_ogre_vendor/lib/libOgreMain.so
-- rviz_ogre_vendor::OgreMain for IMPORTED_LOCATION_DEBUG: /opt/ros/humble/opt/rviz_ogre_vendor/lib/libOgreMain.so
-- Could not find freeimage library
-- Found ZLIB: /usr/lib/x86_64-linux-gnu/libz.so (found version "1.2.11") 
-- Found OpenGL: /usr/lib/x86_64-linux-gnu/libOpenGL.so   
-- Found X11: /usr/include   
-- Looking for XOpenDisplay in /usr/lib/x86_64-linux-gnu/libX11.so;/usr/lib/x86_64-linux-gnu/libXext.so
-- Looking for XOpenDisplay in /usr/lib/x86_64-linux-gnu/libX11.so;/usr/lib/x86_64-linux-gnu/libXext.so - found
-- Looking for gethostbyname
-- Looking for gethostbyname - found
-- Looking for connect
-- Looking for connect - found
-- Looking for remove
-- Looking for remove - found
-- Looking for shmat
-- Looking for shmat - found
-- Looking for IceConnectionNumber in ICE
-- Looking for IceConnectionNumber in ICE - found
-- Found moveit_servo: 2.5.5 (/root/ros2_workspace/install/moveit_servo/share/moveit_servo/cmake)
-- Found roarm_moveit: 0.3.0 (/root/ros2_workspace/install/roarm_moveit/share/roarm_moveit/cmake)
-- Found ompl: /opt/ros/humble/include/ompl-1.6;/usr/include;/usr/include/eigen3  
-- Configuring done
-- Generating done
-- Build files have been written to: /root/ros2_workspace/build/roarm_moveit_cmd
[  7%] Building CXX object CMakeFiles/keyboardcontrol.dir/src/keyboardcontrol.cpp.o
[ 14%] Building CXX object CMakeFiles/movepointcmd.dir/src/movepointcmd.cpp.o
[ 21%] Building CXX object CMakeFiles/getposecmd_tf2.dir/src/getposecmd_tf2.cpp.o
[ 28%] Building CXX object CMakeFiles/getposecmd.dir/src/getposecmd_moveit2.cpp.o
[ 35%] Linking CXX executable keyboardcontrol
[ 42%] Linking CXX executable getposecmd_tf2
[ 42%] Built target keyboardcontrol
[ 50%] Building CXX object CMakeFiles/movecirclecmd.dir/src/movecirclecmd.cpp.o
[ 50%] Built target getposecmd_tf2
[ 57%] Building CXX object CMakeFiles/webappcontrol.dir/src/webappcontrol.cpp.o
[ 64%] Linking CXX executable movepointcmd
[ 64%] Built target movepointcmd
[ 71%] Building CXX object CMakeFiles/setgrippercmd.dir/src/setgrippercmd.cpp.o
[ 78%] Linking CXX executable getposecmd
[ 78%] Built target getposecmd
[ 85%] Linking CXX executable webappcontrol
[ 85%] Built target webappcontrol
[ 92%] Linking CXX executable movecirclecmd
[100%] Linking CXX executable setgrippercmd
[100%] Built target movecirclecmd
[100%] Built target setgrippercmd
-- Install configuration: "Release"
-- Execute custom install script
-- Symlinking: /root/ros2_workspace/install/roarm_moveit_cmd/lib/roarm_moveit_cmd/getposecmd
-- Symlinking: /root/ros2_workspace/install/roarm_moveit_cmd/lib/roarm_moveit_cmd/getposecmd_tf2
-- Symlinking: /root/ros2_workspace/install/roarm_moveit_cmd/lib/roarm_moveit_cmd/keyboardcontrol
-- Symlinking: /root/ros2_workspace/install/roarm_moveit_cmd/lib/roarm_moveit_cmd/movepointcmd
-- Symlinking: /root/ros2_workspace/install/roarm_moveit_cmd/lib/roarm_moveit_cmd/movecirclecmd
-- Symlinking: /root/ros2_workspace/install/roarm_moveit_cmd/lib/roarm_moveit_cmd/webappcontrol
-- Symlinking: /root/ros2_workspace/install/roarm_moveit_cmd/lib/roarm_moveit_cmd/setgrippercmd
-- Symlinking: /root/ros2_workspace/install/roarm_moveit_cmd/share/roarm_moveit_cmd/launch/command_control.launch.py
-- Symlinking: /root/ros2_workspace/install/roarm_moveit_cmd/share/roarm_moveit_cmd/config/command_control.rviz
-- Symlinking: /root/ros2_workspace/install/roarm_moveit_cmd/share/ament_index/resource_index/package_run_dependencies/roarm_moveit_cmd
-- Symlinking: /root/ros2_workspace/install/roarm_moveit_cmd/share/ament_index/resource_index/parent_prefix_path/roarm_moveit_cmd
-- Symlinking: /root/ros2_workspace/install/roarm_moveit_cmd/share/roarm_moveit_cmd/environment/ament_prefix_path.sh
-- Symlinking: /root/ros2_workspace/install/roarm_moveit_cmd/share/roarm_moveit_cmd/environment/ament_prefix_path.dsv
-- Symlinking: /root/ros2_workspace/install/roarm_moveit_cmd/share/roarm_moveit_cmd/environment/path.sh
-- Symlinking: /root/ros2_workspace/install/roarm_moveit_cmd/share/roarm_moveit_cmd/environment/path.dsv
-- Symlinking: /root/ros2_workspace/install/roarm_moveit_cmd/share/roarm_moveit_cmd/local_setup.bash
-- Symlinking: /root/ros2_workspace/install/roarm_moveit_cmd/share/roarm_moveit_cmd/local_setup.sh
-- Symlinking: /root/ros2_workspace/install/roarm_moveit_cmd/share/roarm_moveit_cmd/local_setup.zsh
-- Symlinking: /root/ros2_workspace/install/roarm_moveit_cmd/share/roarm_moveit_cmd/local_setup.dsv
-- Symlinking: /root/ros2_workspace/install/roarm_moveit_cmd/share/roarm_moveit_cmd/package.dsv
-- Symlinking: /root/ros2_workspace/install/roarm_moveit_cmd/share/ament_index/resource_index/packages/roarm_moveit_cmd
-- Symlinking: /root/ros2_workspace/install/roarm_moveit_cmd/share/roarm_moveit_cmd/cmake/ament_cmake_export_dependencies-extras.cmake
-- Symlinking: /root/ros2_workspace/install/roarm_moveit_cmd/share/roarm_moveit_cmd/cmake/ament_cmake_export_include_directories-extras.cmake
-- Symlinking: /root/ros2_workspace/install/roarm_moveit_cmd/share/roarm_moveit_cmd/cmake/roarm_moveit_cmdConfig.cmake
-- Symlinking: /root/ros2_workspace/install/roarm_moveit_cmd/share/roarm_moveit_cmd/cmake/roarm_moveit_cmdConfig-version.cmake
-- Symlinking: /root/ros2_workspace/install/roarm_moveit_cmd/share/roarm_moveit_cmd/package.xml
