[0.571s] Invoking command in '/root/ros2_workspace/build/ros2web': AMENT_PREFIX_PATH=/root/ros2_workspace/install/ros2web_interfaces:${AMENT_PREFIX_PATH} CMAKE_PREFIX_PATH=/root/ros2_workspace/install/ros2web_interfaces LD_LIBRARY_PATH=/root/ros2_workspace/install/ros2web_interfaces/lib:${LD_LIBRARY_PATH} PYTHONPATH=/root/ros2_workspace/build/ros2web/prefix_override:/usr/lib/python3/dist-packages/colcon_core/task/python/colcon_distutils_commands:/root/ros2_workspace/install/ros2web/lib/python3.10/site-packages:/root/ros2_workspace/install/ros2web_interfaces/local/lib/python3.10/dist-packages:${PYTHONPATH} /usr/bin/python3 -W ignore:setup.py install is deprecated -W ignore:easy_install command is deprecated setup.py develop --editable --build-directory /root/ros2_workspace/build/ros2web/build --no-deps symlink_data
[0.790s] running develop
[0.916s] running egg_info
[0.916s] creating ros2web.egg-info
[0.916s] writing ros2web.egg-info/PKG-INFO
[0.917s] writing dependency_links to ros2web.egg-info/dependency_links.txt
[0.917s] writing entry points to ros2web.egg-info/entry_points.txt
[0.917s] writing requirements to ros2web.egg-info/requires.txt
[0.917s] writing top-level names to ros2web.egg-info/top_level.txt
[0.918s] writing manifest file 'ros2web.egg-info/SOURCES.txt'
[0.920s] reading manifest file 'ros2web.egg-info/SOURCES.txt'
[0.920s] writing manifest file 'ros2web.egg-info/SOURCES.txt'
[0.922s] running build_ext
[0.922s] Creating /root/ros2_workspace/install/ros2web/lib/python3.10/site-packages/ros2web.egg-link (link to .)
[0.923s] 
[0.923s] Installed /root/ros2_workspace/build/ros2web
[0.923s] running symlink_data
[0.924s] creating /root/ros2_workspace/install/ros2web/share/ament_index
[0.924s] creating /root/ros2_workspace/install/ros2web/share/ament_index/resource_index
[0.924s] creating /root/ros2_workspace/install/ros2web/share/ament_index/resource_index/packages
[0.924s] symbolically linking /root/ros2_workspace/build/ros2web/resource/ros2web -> /root/ros2_workspace/install/ros2web/share/ament_index/resource_index/packages
[0.924s] symbolically linking /root/ros2_workspace/build/ros2web/package.xml -> /root/ros2_workspace/install/ros2web/share/ros2web
[0.953s] Invoked command in '/root/ros2_workspace/build/ros2web' returned '0': AMENT_PREFIX_PATH=/root/ros2_workspace/install/ros2web_interfaces:${AMENT_PREFIX_PATH} CMAKE_PREFIX_PATH=/root/ros2_workspace/install/ros2web_interfaces LD_LIBRARY_PATH=/root/ros2_workspace/install/ros2web_interfaces/lib:${LD_LIBRARY_PATH} PYTHONPATH=/root/ros2_workspace/build/ros2web/prefix_override:/usr/lib/python3/dist-packages/colcon_core/task/python/colcon_distutils_commands:/root/ros2_workspace/install/ros2web/lib/python3.10/site-packages:/root/ros2_workspace/install/ros2web_interfaces/local/lib/python3.10/dist-packages:${PYTHONPATH} /usr/bin/python3 -W ignore:setup.py install is deprecated -W ignore:easy_install command is deprecated setup.py develop --editable --build-directory /root/ros2_workspace/build/ros2web/build --no-deps symlink_data
