[0.019s] Invoking command in '/root/ros2_workspace/build/moveit_servo': CMAKE_PREFIX_PATH=/opt/ros/humble /usr/bin/cmake --build /root/ros2_workspace/build/moveit_servo -- -j4 -l4
[0.228s] [  6%] Built target gtest_main
[0.228s] [ 12%] Built target fake_command_publisher
[0.229s] [ 18%] Built target servo_controller_input
[0.678s] [ 27%] Built target moveit_servo_lib_parameters
[0.678s] [ 33%] Built target gtest
[0.678s] Consolidate compiler generated dependencies of target moveit_servo_lib
[0.678s] [ 39%] Built target test_servo_collision
[0.679s] [ 45%] Built target test_servo_integration
[0.679s] [ 63%] Built target moveit_servo_lib
[0.679s] Consolidate compiler generated dependencies of target pose_tracking
[0.679s] Consolidate compiler generated dependencies of target servo_node
[0.679s] [ 69%] Built target servo_node
[0.679s] Consolidate compiler generated dependencies of target servo_calcs_unit_tests
[0.679s] [ 75%] Built target pose_tracking
[0.679s] Consolidate compiler generated dependencies of target servo_node_main
[0.679s] [ 81%] Built target servo_calcs_unit_tests
[0.679s] Consolidate compiler generated dependencies of target servo_pose_tracking_demo
[0.679s] Consolidate compiler generated dependencies of target test_servo_pose_tracking
[0.679s] [ 87%] Built target servo_node_main
[0.680s] [ 93%] Built target servo_pose_tracking_demo
[0.692s] [100%] Built target test_servo_pose_tracking
[0.718s] Invoked command in '/root/ros2_workspace/build/moveit_servo' returned '0': CMAKE_PREFIX_PATH=/opt/ros/humble /usr/bin/cmake --build /root/ros2_workspace/build/moveit_servo -- -j4 -l4
[0.720s] Invoking command in '/root/ros2_workspace/build/moveit_servo': CMAKE_PREFIX_PATH=/opt/ros/humble /usr/bin/cmake --install /root/ros2_workspace/build/moveit_servo
[0.742s] -- Install configuration: "Release"
[0.743s] -- Execute custom install script
[0.744s] -- Up-to-date symlink: /root/ros2_workspace/install/moveit_servo/lib/moveit_servo/servo_node_main
[0.744s] -- Up-to-date symlink: /root/ros2_workspace/install/moveit_servo/lib/moveit_servo/servo_pose_tracking_demo
[0.745s] -- Up-to-date symlink: /root/ros2_workspace/install/moveit_servo/lib/moveit_servo/fake_command_publisher
[0.746s] -- Up-to-date symlink: /root/ros2_workspace/install/moveit_servo/include/moveit_servo/collision_check.h
[0.746s] -- Up-to-date symlink: /root/ros2_workspace/install/moveit_servo/include/moveit_servo/enforce_limits.hpp
[0.746s] -- Up-to-date symlink: /root/ros2_workspace/install/moveit_servo/include/moveit_servo/make_shared_from_pool.h
[0.747s] -- Up-to-date symlink: /root/ros2_workspace/install/moveit_servo/include/moveit_servo/parameter_descriptor_builder.hpp
[0.747s] -- Up-to-date symlink: /root/ros2_workspace/install/moveit_servo/include/moveit_servo/pose_tracking.h
[0.747s] -- Up-to-date symlink: /root/ros2_workspace/install/moveit_servo/include/moveit_servo/servo.h
[0.748s] -- Up-to-date symlink: /root/ros2_workspace/install/moveit_servo/include/moveit_servo/servo_calcs.h
[0.748s] -- Up-to-date symlink: /root/ros2_workspace/install/moveit_servo/include/moveit_servo/servo_node.h
[0.748s] -- Up-to-date symlink: /root/ros2_workspace/install/moveit_servo/include/moveit_servo/servo_parameters.h
[0.748s] -- Up-to-date symlink: /root/ros2_workspace/install/moveit_servo/include/moveit_servo/servo_server.h
[0.749s] -- Up-to-date symlink: /root/ros2_workspace/install/moveit_servo/include/moveit_servo/status_codes.h
[0.749s] -- Up-to-date symlink: /root/ros2_workspace/install/moveit_servo/include/moveit_servo/utilities.h
[0.749s] -- Up-to-date symlink: /root/ros2_workspace/install/moveit_servo/share/moveit_servo/launch/demo.launch.py
[0.749s] -- Up-to-date symlink: /root/ros2_workspace/install/moveit_servo/share/moveit_servo/launch/servo_control.launch.py
[0.750s] -- Up-to-date symlink: /root/ros2_workspace/install/moveit_servo/share/moveit_servo/config/demo.rviz
[0.750s] -- Up-to-date symlink: /root/ros2_workspace/install/moveit_servo/share/moveit_servo/config/roarm_simulated_config.yaml
[0.750s] -- Up-to-date symlink: /root/ros2_workspace/install/moveit_servo/share/moveit_servo/config/servo_control.rviz
[0.751s] -- Up-to-date symlink: /root/ros2_workspace/install/moveit_servo/share/moveit_servo/environment/library_path.sh
[0.751s] -- Up-to-date symlink: /root/ros2_workspace/install/moveit_servo/share/moveit_servo/environment/library_path.dsv
[0.751s] -- Up-to-date symlink: /root/ros2_workspace/install/moveit_servo/share/ament_index/resource_index/package_run_dependencies/moveit_servo
[0.752s] -- Up-to-date symlink: /root/ros2_workspace/install/moveit_servo/share/ament_index/resource_index/parent_prefix_path/moveit_servo
[0.752s] -- Up-to-date symlink: /root/ros2_workspace/install/moveit_servo/share/moveit_servo/environment/ament_prefix_path.sh
[0.752s] -- Up-to-date symlink: /root/ros2_workspace/install/moveit_servo/share/moveit_servo/environment/ament_prefix_path.dsv
[0.752s] -- Up-to-date symlink: /root/ros2_workspace/install/moveit_servo/share/moveit_servo/environment/path.sh
[0.753s] -- Up-to-date symlink: /root/ros2_workspace/install/moveit_servo/share/moveit_servo/environment/path.dsv
[0.753s] -- Up-to-date symlink: /root/ros2_workspace/install/moveit_servo/share/moveit_servo/local_setup.bash
[0.754s] -- Up-to-date symlink: /root/ros2_workspace/install/moveit_servo/share/moveit_servo/local_setup.sh
[0.754s] -- Up-to-date symlink: /root/ros2_workspace/install/moveit_servo/share/moveit_servo/local_setup.zsh
[0.754s] -- Up-to-date symlink: /root/ros2_workspace/install/moveit_servo/share/moveit_servo/local_setup.dsv
[0.754s] -- Symlinking: /root/ros2_workspace/install/moveit_servo/share/moveit_servo/package.dsv
[0.774s] -- Up-to-date symlink: /root/ros2_workspace/install/moveit_servo/share/ament_index/resource_index/packages/moveit_servo
[0.774s] -- Up-to-date symlink: /root/ros2_workspace/install/moveit_servo/share/ament_index/resource_index/rclcpp_components/moveit_servo
[0.774s] -- Up-to-date symlink: /root/ros2_workspace/install/moveit_servo/share/moveit_servo/cmake/ament_cmake_export_targets-extras.cmake
[0.774s] -- Up-to-date symlink: /root/ros2_workspace/install/moveit_servo/share/moveit_servo/cmake/ament_cmake_export_dependencies-extras.cmake
[0.774s] -- Up-to-date symlink: /root/ros2_workspace/install/moveit_servo/share/moveit_servo/cmake/moveit_servoConfig.cmake
[0.774s] -- Up-to-date symlink: /root/ros2_workspace/install/moveit_servo/share/moveit_servo/cmake/moveit_servoConfig-version.cmake
[0.774s] -- Up-to-date symlink: /root/ros2_workspace/install/moveit_servo/share/moveit_servo/package.xml
[0.775s] -- Up-to-date: /root/ros2_workspace/install/moveit_servo/lib/libmoveit_servo_lib.so.2.5.5
[0.776s] -- Up-to-date: /root/ros2_workspace/install/moveit_servo/lib/libmoveit_servo_lib.so
[0.776s] -- Up-to-date: /root/ros2_workspace/install/moveit_servo/lib/libmoveit_servo_lib_parameters.so.2.5.5
[0.776s] -- Up-to-date: /root/ros2_workspace/install/moveit_servo/lib/libmoveit_servo_lib_parameters.so
[0.777s] -- Up-to-date: /root/ros2_workspace/install/moveit_servo/lib/libpose_tracking.so
[0.777s] -- Up-to-date: /root/ros2_workspace/install/moveit_servo/lib/libservo_node.so
[0.778s] -- Up-to-date: /root/ros2_workspace/install/moveit_servo/lib/libservo_controller_input.so
[0.778s] -- Up-to-date: /root/ros2_workspace/install/moveit_servo/share/moveit_servo/cmake/export_moveit_servoExport.cmake
[0.778s] -- Up-to-date: /root/ros2_workspace/install/moveit_servo/share/moveit_servo/cmake/export_moveit_servoExport-release.cmake
[0.780s] Invoked command in '/root/ros2_workspace/build/moveit_servo' returned '0': CMAKE_PREFIX_PATH=/opt/ros/humble /usr/bin/cmake --install /root/ros2_workspace/build/moveit_servo
