-- Found ament_cmake: 1.3.11 (/opt/ros/humble/share/ament_cmake/cmake)
-- Found Python3: /usr/bin/python3 (found version "3.10.12") found components: Interpreter 
-- Override CMake install command with custom implementation using symlinks instead of copying resources
-- Found ament_lint_auto: 0.12.12 (/opt/ros/humble/share/ament_lint_auto/cmake)
-- Added test 'copyright' to check source files copyright and LICENSE
-- Added test 'flake8' to check Python code syntax and style conventions
-- Added test 'lint_cmake' to check CMake code style
-- Added test 'pep257' to check Python code against some of the docstring style conventions in PEP 257
-- Added test 'xmllint' to check XML markup files
-- Configuring done
-- Generating done
-- Build files have been written to: /root/ros2_workspace/build/xarm_6_description
-- Install configuration: ""
-- Execute custom install script
-- Symlinking: /root/ros2_workspace/install/xarm_6_description/share/xarm_6_description/urdf/xarm_6.urdf
-- Symlinking: /root/ros2_workspace/install/xarm_6_description/share/xarm_6_description/config/joint_limits.yaml
-- Symlinking: /root/ros2_workspace/install/xarm_6_description/share/xarm_6_description/config/joint_names_xarm6.yaml
-- Symlinking: /root/ros2_workspace/install/xarm_6_description/share/xarm_6_description/config/xarm_6_display.rviz
-- Symlinking: /root/ros2_workspace/install/xarm_6_description/share/xarm_6_description/launch/display.launch.py
-- Symlinking: /root/ros2_workspace/install/xarm_6_description/share/ament_index/resource_index/package_run_dependencies/xarm_6_description
-- Symlinking: /root/ros2_workspace/install/xarm_6_description/share/ament_index/resource_index/parent_prefix_path/xarm_6_description
-- Symlinking: /root/ros2_workspace/install/xarm_6_description/share/xarm_6_description/environment/ament_prefix_path.sh
-- Symlinking: /root/ros2_workspace/install/xarm_6_description/share/xarm_6_description/environment/ament_prefix_path.dsv
-- Symlinking: /root/ros2_workspace/install/xarm_6_description/share/xarm_6_description/environment/path.sh
-- Symlinking: /root/ros2_workspace/install/xarm_6_description/share/xarm_6_description/environment/path.dsv
-- Symlinking: /root/ros2_workspace/install/xarm_6_description/share/xarm_6_description/local_setup.bash
-- Symlinking: /root/ros2_workspace/install/xarm_6_description/share/xarm_6_description/local_setup.sh
-- Symlinking: /root/ros2_workspace/install/xarm_6_description/share/xarm_6_description/local_setup.zsh
-- Symlinking: /root/ros2_workspace/install/xarm_6_description/share/xarm_6_description/local_setup.dsv
-- Symlinking: /root/ros2_workspace/install/xarm_6_description/share/xarm_6_description/package.dsv
-- Symlinking: /root/ros2_workspace/install/xarm_6_description/share/ament_index/resource_index/packages/xarm_6_description
-- Symlinking: /root/ros2_workspace/install/xarm_6_description/share/xarm_6_description/cmake/xarm_6_descriptionConfig.cmake
-- Symlinking: /root/ros2_workspace/install/xarm_6_description/share/xarm_6_description/cmake/xarm_6_descriptionConfig-version.cmake
-- Symlinking: /root/ros2_workspace/install/xarm_6_description/share/xarm_6_description/package.xml
