[0.014s] Invoking command in '/root/ros2_workspace/build/xarm_6_description': CMAKE_PREFIX_PATH=${CMAKE_PREFIX_PATH}:/root/ros2_workspace/install/ros2web_widgets:/root/ros2_workspace/install/ros2web_example_py:/root/ros2_workspace/install/roarm_web_app:/root/ros2_workspace/install/ros2web_app:/root/ros2_workspace/install/ros2web:/root/ros2_workspace/install/roarm_driver:/root/ros2_workspace/install/launch_api:/opt/ros/humble /usr/bin/cmake /root/ros2_workspace/src/xarm_6_description -DAMENT_CMAKE_SYMLINK_INSTALL=1 -DCMAKE_INSTALL_PREFIX=/root/ros2_workspace/install/xarm_6_description
[0.029s] -- Found ament_cmake: 1.3.11 (/opt/ros/humble/share/ament_cmake/cmake)
[0.279s] -- Found Python3: /usr/bin/python3 (found version "3.10.12") found components: Interpreter 
[0.375s] -- Override CMake install command with custom implementation using symlinks instead of copying resources
[0.426s] -- Found ament_lint_auto: 0.12.12 (/opt/ros/humble/share/ament_lint_auto/cmake)
[0.546s] -- Added test 'copyright' to check source files copyright and LICENSE
[0.548s] -- Added test 'flake8' to check Python code syntax and style conventions
[0.549s] -- Added test 'lint_cmake' to check CMake code style
[0.550s] -- Added test 'pep257' to check Python code against some of the docstring style conventions in PEP 257
[0.551s] -- Added test 'xmllint' to check XML markup files
[0.554s] -- Configuring done
[0.557s] -- Generating done
[0.559s] -- Build files have been written to: /root/ros2_workspace/build/xarm_6_description
[0.564s] Invoked command in '/root/ros2_workspace/build/xarm_6_description' returned '0': CMAKE_PREFIX_PATH=${CMAKE_PREFIX_PATH}:/root/ros2_workspace/install/ros2web_widgets:/root/ros2_workspace/install/ros2web_example_py:/root/ros2_workspace/install/roarm_web_app:/root/ros2_workspace/install/ros2web_app:/root/ros2_workspace/install/ros2web:/root/ros2_workspace/install/roarm_driver:/root/ros2_workspace/install/launch_api:/opt/ros/humble /usr/bin/cmake /root/ros2_workspace/src/xarm_6_description -DAMENT_CMAKE_SYMLINK_INSTALL=1 -DCMAKE_INSTALL_PREFIX=/root/ros2_workspace/install/xarm_6_description
[0.564s] Invoking command in '/root/ros2_workspace/build/xarm_6_description': CMAKE_PREFIX_PATH=${CMAKE_PREFIX_PATH}:/root/ros2_workspace/install/ros2web_widgets:/root/ros2_workspace/install/ros2web_example_py:/root/ros2_workspace/install/roarm_web_app:/root/ros2_workspace/install/ros2web_app:/root/ros2_workspace/install/ros2web:/root/ros2_workspace/install/roarm_driver:/root/ros2_workspace/install/launch_api:/opt/ros/humble /usr/bin/cmake --build /root/ros2_workspace/build/xarm_6_description -- -j4 -l4
[0.619s] Invoked command in '/root/ros2_workspace/build/xarm_6_description' returned '0': CMAKE_PREFIX_PATH=${CMAKE_PREFIX_PATH}:/root/ros2_workspace/install/ros2web_widgets:/root/ros2_workspace/install/ros2web_example_py:/root/ros2_workspace/install/roarm_web_app:/root/ros2_workspace/install/ros2web_app:/root/ros2_workspace/install/ros2web:/root/ros2_workspace/install/roarm_driver:/root/ros2_workspace/install/launch_api:/opt/ros/humble /usr/bin/cmake --build /root/ros2_workspace/build/xarm_6_description -- -j4 -l4
[0.633s] Invoking command in '/root/ros2_workspace/build/xarm_6_description': CMAKE_PREFIX_PATH=${CMAKE_PREFIX_PATH}:/root/ros2_workspace/install/ros2web_widgets:/root/ros2_workspace/install/ros2web_example_py:/root/ros2_workspace/install/roarm_web_app:/root/ros2_workspace/install/ros2web_app:/root/ros2_workspace/install/ros2web:/root/ros2_workspace/install/roarm_driver:/root/ros2_workspace/install/launch_api:/opt/ros/humble /usr/bin/cmake --install /root/ros2_workspace/build/xarm_6_description
[0.641s] -- Install configuration: ""
[0.641s] -- Execute custom install script
[0.642s] -- Symlinking: /root/ros2_workspace/install/xarm_6_description/share/xarm_6_description/urdf/xarm_6.urdf
[0.655s] -- Symlinking: /root/ros2_workspace/install/xarm_6_description/share/xarm_6_description/config/joint_limits.yaml
[0.669s] -- Symlinking: /root/ros2_workspace/install/xarm_6_description/share/xarm_6_description/config/joint_names_xarm6.yaml
[0.683s] -- Symlinking: /root/ros2_workspace/install/xarm_6_description/share/xarm_6_description/config/xarm_6_display.rviz
[0.697s] -- Symlinking: /root/ros2_workspace/install/xarm_6_description/share/xarm_6_description/launch/display.launch.py
[0.708s] -- Symlinking: /root/ros2_workspace/install/xarm_6_description/share/ament_index/resource_index/package_run_dependencies/xarm_6_description
[0.718s] -- Symlinking: /root/ros2_workspace/install/xarm_6_description/share/ament_index/resource_index/parent_prefix_path/xarm_6_description
[0.728s] -- Symlinking: /root/ros2_workspace/install/xarm_6_description/share/xarm_6_description/environment/ament_prefix_path.sh
[0.739s] -- Symlinking: /root/ros2_workspace/install/xarm_6_description/share/xarm_6_description/environment/ament_prefix_path.dsv
[0.749s] -- Symlinking: /root/ros2_workspace/install/xarm_6_description/share/xarm_6_description/environment/path.sh
[0.758s] -- Symlinking: /root/ros2_workspace/install/xarm_6_description/share/xarm_6_description/environment/path.dsv
[0.768s] -- Symlinking: /root/ros2_workspace/install/xarm_6_description/share/xarm_6_description/local_setup.bash
[0.778s] -- Symlinking: /root/ros2_workspace/install/xarm_6_description/share/xarm_6_description/local_setup.sh
[0.788s] -- Symlinking: /root/ros2_workspace/install/xarm_6_description/share/xarm_6_description/local_setup.zsh
[0.797s] -- Symlinking: /root/ros2_workspace/install/xarm_6_description/share/xarm_6_description/local_setup.dsv
[0.807s] -- Symlinking: /root/ros2_workspace/install/xarm_6_description/share/xarm_6_description/package.dsv
[0.817s] -- Symlinking: /root/ros2_workspace/install/xarm_6_description/share/ament_index/resource_index/packages/xarm_6_description
[0.826s] -- Symlinking: /root/ros2_workspace/install/xarm_6_description/share/xarm_6_description/cmake/xarm_6_descriptionConfig.cmake
[0.835s] -- Symlinking: /root/ros2_workspace/install/xarm_6_description/share/xarm_6_description/cmake/xarm_6_descriptionConfig-version.cmake
[0.846s] -- Symlinking: /root/ros2_workspace/install/xarm_6_description/share/xarm_6_description/package.xml
[0.858s] Invoked command in '/root/ros2_workspace/build/xarm_6_description' returned '0': CMAKE_PREFIX_PATH=${CMAKE_PREFIX_PATH}:/root/ros2_workspace/install/ros2web_widgets:/root/ros2_workspace/install/ros2web_example_py:/root/ros2_workspace/install/roarm_web_app:/root/ros2_workspace/install/ros2web_app:/root/ros2_workspace/install/ros2web:/root/ros2_workspace/install/roarm_driver:/root/ros2_workspace/install/launch_api:/opt/ros/humble /usr/bin/cmake --install /root/ros2_workspace/build/xarm_6_description
