[0.016s] Invoking command in '/root/ros2_workspace/build/roarm_lerobot_integration': AMENT_PREFIX_PATH=/root/ros2_workspace/install/roarm_moveit:/root/ros2_workspace/install/roarm_driver:/root/ros2_workspace/install/roarm_description:/root/ros2_workspace/install/roarm_anygrasp_integration CMAKE_PREFIX_PATH=/root/ros2_workspace/install/roarm_moveit:/root/ros2_workspace/install/roarm_description:/root/ros2_workspace/install/roarm_anygrasp_integration LD_LIBRARY_PATH=/root/ros2_workspace/install/roarm_moveit/lib:/root/ros2_workspace/install/roarm_anygrasp_integration/lib PYTHONPATH=/root/ros2_workspace/install/roarm_moveit/local/lib/python3.10/dist-packages:/root/ros2_workspace/build/roarm_driver:/root/ros2_workspace/install/roarm_driver/lib/python3.10/site-packages:/root/ros2_workspace/install/roarm_anygrasp_integration/local/lib/python3.10/dist-packages /usr/bin/cmake --build /root/ros2_workspace/build/roarm_lerobot_integration -- -j4 -l4
[0.084s] Built target ament_cmake_python_copy_roarm_lerobot_integration
[0.301s] running egg_info
[0.302s] writing roarm_lerobot_integration.egg-info/PKG-INFO
[0.303s] writing dependency_links to roarm_lerobot_integration.egg-info/dependency_links.txt
[0.303s] writing top-level names to roarm_lerobot_integration.egg-info/top_level.txt
[0.306s] reading manifest file 'roarm_lerobot_integration.egg-info/SOURCES.txt'
[0.306s] writing manifest file 'roarm_lerobot_integration.egg-info/SOURCES.txt'
[0.336s] Built target ament_cmake_python_build_roarm_lerobot_integration_egg
[0.347s] Invoked command in '/root/ros2_workspace/build/roarm_lerobot_integration' returned '0': AMENT_PREFIX_PATH=/root/ros2_workspace/install/roarm_moveit:/root/ros2_workspace/install/roarm_driver:/root/ros2_workspace/install/roarm_description:/root/ros2_workspace/install/roarm_anygrasp_integration CMAKE_PREFIX_PATH=/root/ros2_workspace/install/roarm_moveit:/root/ros2_workspace/install/roarm_description:/root/ros2_workspace/install/roarm_anygrasp_integration LD_LIBRARY_PATH=/root/ros2_workspace/install/roarm_moveit/lib:/root/ros2_workspace/install/roarm_anygrasp_integration/lib PYTHONPATH=/root/ros2_workspace/install/roarm_moveit/local/lib/python3.10/dist-packages:/root/ros2_workspace/build/roarm_driver:/root/ros2_workspace/install/roarm_driver/lib/python3.10/site-packages:/root/ros2_workspace/install/roarm_anygrasp_integration/local/lib/python3.10/dist-packages /usr/bin/cmake --build /root/ros2_workspace/build/roarm_lerobot_integration -- -j4 -l4
[0.357s] Invoking command in '/root/ros2_workspace/build/roarm_lerobot_integration': AMENT_PREFIX_PATH=/root/ros2_workspace/install/roarm_moveit:/root/ros2_workspace/install/roarm_driver:/root/ros2_workspace/install/roarm_description:/root/ros2_workspace/install/roarm_anygrasp_integration CMAKE_PREFIX_PATH=/root/ros2_workspace/install/roarm_moveit:/root/ros2_workspace/install/roarm_description:/root/ros2_workspace/install/roarm_anygrasp_integration LD_LIBRARY_PATH=/root/ros2_workspace/install/roarm_moveit/lib:/root/ros2_workspace/install/roarm_anygrasp_integration/lib PYTHONPATH=/root/ros2_workspace/install/roarm_moveit/local/lib/python3.10/dist-packages:/root/ros2_workspace/build/roarm_driver:/root/ros2_workspace/install/roarm_driver/lib/python3.10/site-packages:/root/ros2_workspace/install/roarm_anygrasp_integration/local/lib/python3.10/dist-packages /usr/bin/cmake --install /root/ros2_workspace/build/roarm_lerobot_integration
[0.368s] -- Install configuration: ""
[0.369s] -- Up-to-date: /root/ros2_workspace/install/roarm_lerobot_integration/share/roarm_lerobot_integration/environment/pythonpath.sh
[0.369s] -- Up-to-date: /root/ros2_workspace/install/roarm_lerobot_integration/share/roarm_lerobot_integration/environment/pythonpath.dsv
[0.369s] -- Up-to-date: /root/ros2_workspace/install/roarm_lerobot_integration/local/lib/python3.10/dist-packages/roarm_lerobot_integration-0.0.0-py3.10.egg-info
[0.369s] -- Installing: /root/ros2_workspace/install/roarm_lerobot_integration/local/lib/python3.10/dist-packages/roarm_lerobot_integration-0.0.0-py3.10.egg-info/dependency_links.txt
[0.369s] -- Installing: /root/ros2_workspace/install/roarm_lerobot_integration/local/lib/python3.10/dist-packages/roarm_lerobot_integration-0.0.0-py3.10.egg-info/PKG-INFO
[0.369s] -- Installing: /root/ros2_workspace/install/roarm_lerobot_integration/local/lib/python3.10/dist-packages/roarm_lerobot_integration-0.0.0-py3.10.egg-info/SOURCES.txt
[0.369s] -- Installing: /root/ros2_workspace/install/roarm_lerobot_integration/local/lib/python3.10/dist-packages/roarm_lerobot_integration-0.0.0-py3.10.egg-info/top_level.txt
[0.369s] -- Up-to-date: /root/ros2_workspace/install/roarm_lerobot_integration/local/lib/python3.10/dist-packages/roarm_lerobot_integration
[0.369s] -- Up-to-date: /root/ros2_workspace/install/roarm_lerobot_integration/local/lib/python3.10/dist-packages/roarm_lerobot_integration/__init__.py
[0.407s] Listing '/root/ros2_workspace/install/roarm_lerobot_integration/local/lib/python3.10/dist-packages/roarm_lerobot_integration'...
[0.413s] -- Up-to-date: /root/ros2_workspace/install/roarm_lerobot_integration/lib/roarm_lerobot_integration/lerobot_bridge.py
[0.413s] -- Up-to-date: /root/ros2_workspace/install/roarm_lerobot_integration/lib/roarm_lerobot_integration/lerobot_data_collector.py
[0.413s] -- Up-to-date: /root/ros2_workspace/install/roarm_lerobot_integration/lib/roarm_lerobot_integration/lerobot_policy_trainer.py
[0.413s] -- Up-to-date: /root/ros2_workspace/install/roarm_lerobot_integration/lib/roarm_lerobot_integration/lerobot_policy_executor.py
[0.414s] -- Up-to-date: /root/ros2_workspace/install/roarm_lerobot_integration/lib/roarm_lerobot_integration/lerobot_teleop_interface.py
[0.414s] -- Up-to-date: /root/ros2_workspace/install/roarm_lerobot_integration/lib/roarm_lerobot_integration/lerobot_dataset_manager.py
[0.414s] -- Up-to-date: /root/ros2_workspace/install/roarm_lerobot_integration/lib/roarm_lerobot_integration/lerobot_evaluation_node.py
[0.414s] -- Up-to-date: /root/ros2_workspace/install/roarm_lerobot_integration/share/roarm_lerobot_integration//launch
[0.414s] -- Up-to-date: /root/ros2_workspace/install/roarm_lerobot_integration/share/roarm_lerobot_integration//launch/lerobot_complete.launch.py
[0.414s] -- Up-to-date: /root/ros2_workspace/install/roarm_lerobot_integration/share/roarm_lerobot_integration//config
[0.414s] -- Up-to-date: /root/ros2_workspace/install/roarm_lerobot_integration/share/roarm_lerobot_integration//config/roarm_lerobot_config.yaml
[0.414s] -- Up-to-date: /root/ros2_workspace/install/roarm_lerobot_integration/share/roarm_lerobot_integration//training
[0.414s] -- Up-to-date: /root/ros2_workspace/install/roarm_lerobot_integration/share/roarm_lerobot_integration//training/.gitkeep
[0.414s] -- Up-to-date: /root/ros2_workspace/install/roarm_lerobot_integration/share/roarm_lerobot_integration//models
[0.414s] -- Up-to-date: /root/ros2_workspace/install/roarm_lerobot_integration/share/roarm_lerobot_integration//models/.gitkeep
[0.414s] -- Installing: /root/ros2_workspace/install/roarm_lerobot_integration/share/roarm_lerobot_integration//datasets
[0.414s] -- Installing: /root/ros2_workspace/install/roarm_lerobot_integration/share/roarm_lerobot_integration//datasets/.gitkeep
[0.415s] -- Installing: /root/ros2_workspace/install/roarm_lerobot_integration/share/ament_index/resource_index/package_run_dependencies/roarm_lerobot_integration
[0.415s] -- Installing: /root/ros2_workspace/install/roarm_lerobot_integration/share/ament_index/resource_index/parent_prefix_path/roarm_lerobot_integration
[0.415s] -- Installing: /root/ros2_workspace/install/roarm_lerobot_integration/share/roarm_lerobot_integration/environment/ament_prefix_path.sh
[0.415s] -- Installing: /root/ros2_workspace/install/roarm_lerobot_integration/share/roarm_lerobot_integration/environment/ament_prefix_path.dsv
[0.415s] -- Installing: /root/ros2_workspace/install/roarm_lerobot_integration/share/roarm_lerobot_integration/environment/path.sh
[0.415s] -- Installing: /root/ros2_workspace/install/roarm_lerobot_integration/share/roarm_lerobot_integration/environment/path.dsv
[0.415s] -- Installing: /root/ros2_workspace/install/roarm_lerobot_integration/share/roarm_lerobot_integration/local_setup.bash
[0.415s] -- Installing: /root/ros2_workspace/install/roarm_lerobot_integration/share/roarm_lerobot_integration/local_setup.sh
[0.415s] -- Installing: /root/ros2_workspace/install/roarm_lerobot_integration/share/roarm_lerobot_integration/local_setup.zsh
[0.416s] -- Installing: /root/ros2_workspace/install/roarm_lerobot_integration/share/roarm_lerobot_integration/local_setup.dsv
[0.416s] -- Installing: /root/ros2_workspace/install/roarm_lerobot_integration/share/roarm_lerobot_integration/package.dsv
[0.416s] -- Installing: /root/ros2_workspace/install/roarm_lerobot_integration/share/ament_index/resource_index/packages/roarm_lerobot_integration
[0.416s] -- Installing: /root/ros2_workspace/install/roarm_lerobot_integration/share/roarm_lerobot_integration/cmake/roarm_lerobot_integrationConfig.cmake
[0.416s] -- Installing: /root/ros2_workspace/install/roarm_lerobot_integration/share/roarm_lerobot_integration/cmake/roarm_lerobot_integrationConfig-version.cmake
[0.417s] -- Installing: /root/ros2_workspace/install/roarm_lerobot_integration/share/roarm_lerobot_integration/package.xml
[0.419s] Invoked command in '/root/ros2_workspace/build/roarm_lerobot_integration' returned '0': AMENT_PREFIX_PATH=/root/ros2_workspace/install/roarm_moveit:/root/ros2_workspace/install/roarm_driver:/root/ros2_workspace/install/roarm_description:/root/ros2_workspace/install/roarm_anygrasp_integration CMAKE_PREFIX_PATH=/root/ros2_workspace/install/roarm_moveit:/root/ros2_workspace/install/roarm_description:/root/ros2_workspace/install/roarm_anygrasp_integration LD_LIBRARY_PATH=/root/ros2_workspace/install/roarm_moveit/lib:/root/ros2_workspace/install/roarm_anygrasp_integration/lib PYTHONPATH=/root/ros2_workspace/install/roarm_moveit/local/lib/python3.10/dist-packages:/root/ros2_workspace/build/roarm_driver:/root/ros2_workspace/install/roarm_driver/lib/python3.10/site-packages:/root/ros2_workspace/install/roarm_anygrasp_integration/local/lib/python3.10/dist-packages /usr/bin/cmake --install /root/ros2_workspace/build/roarm_lerobot_integration
