[0.025s] Invoking command in '/root/ros2_workspace/build/ros2web_interfaces': CMAKE_PREFIX_PATH=/opt/ros/humble /usr/bin/cmake --build /root/ros2_workspace/build/ros2web_interfaces -- -j4 -l4
[0.102s] [  1%] Built target ros2web_interfaces__cpp
[0.119s] [ 12%] Built target ros2web_interfaces__rosidl_generator_c
[0.138s] [ 12%] Built target ament_cmake_python_symlink_ros2web_interfaces
[0.187s] [ 24%] Built target ros2web_interfaces__rosidl_typesupport_cpp
[0.187s] [ 35%] Built target ros2web_interfaces__rosidl_typesupport_fastrtps_cpp
[0.235s] [ 47%] Built target ros2web_interfaces__rosidl_typesupport_introspection_c
[0.236s] [ 58%] Built target ros2web_interfaces__rosidl_typesupport_fastrtps_c
[0.236s] [ 70%] Built target ros2web_interfaces__rosidl_typesupport_introspection_cpp
[0.236s] [ 81%] Built target ros2web_interfaces__rosidl_typesupport_c
[0.607s] [ 81%] Built target ros2web_interfaces
[0.608s] [ 82%] Built target ros2web_interfaces__py
[0.608s] [ 93%] Built target ros2web_interfaces__rosidl_generator_py
[0.608s] [ 95%] Built target ros2web_interfaces__rosidl_typesupport_introspection_c__pyext
[0.608s] [ 97%] Built target ros2web_interfaces__rosidl_typesupport_fastrtps_c__pyext
[0.608s] [100%] Built target ros2web_interfaces__rosidl_typesupport_c__pyext
[0.608s] running egg_info
[0.608s] writing ros2web_interfaces.egg-info/PKG-INFO
[0.608s] writing dependency_links to ros2web_interfaces.egg-info/dependency_links.txt
[0.608s] writing top-level names to ros2web_interfaces.egg-info/top_level.txt
[0.608s] reading manifest file 'ros2web_interfaces.egg-info/SOURCES.txt'
[0.608s] writing manifest file 'ros2web_interfaces.egg-info/SOURCES.txt'
[0.625s] [100%] Built target ament_cmake_python_build_ros2web_interfaces_egg
[0.645s] Invoked command in '/root/ros2_workspace/build/ros2web_interfaces' returned '0': CMAKE_PREFIX_PATH=/opt/ros/humble /usr/bin/cmake --build /root/ros2_workspace/build/ros2web_interfaces -- -j4 -l4
[0.646s] Invoking command in '/root/ros2_workspace/build/ros2web_interfaces': CMAKE_PREFIX_PATH=/opt/ros/humble /usr/bin/cmake --install /root/ros2_workspace/build/ros2web_interfaces
[0.682s] -- Install configuration: ""
[0.683s] -- Execute custom install script
[0.683s] -- Up-to-date symlink: /root/ros2_workspace/install/ros2web_interfaces/share/ament_index/resource_index/rosidl_interfaces/ros2web_interfaces
[0.683s] -- Up-to-date symlink: /root/ros2_workspace/install/ros2web_interfaces/include/ros2web_interfaces/ros2web_interfaces/msg/body_part.h
[0.683s] -- Up-to-date symlink: /root/ros2_workspace/install/ros2web_interfaces/include/ros2web_interfaces/ros2web_interfaces/msg/content_type.h
[0.683s] -- Up-to-date symlink: /root/ros2_workspace/install/ros2web_interfaces/include/ros2web_interfaces/ros2web_interfaces/msg/detail/body_part__functions.h
[0.683s] -- Up-to-date symlink: /root/ros2_workspace/install/ros2web_interfaces/include/ros2web_interfaces/ros2web_interfaces/msg/detail/body_part__struct.h
[0.684s] -- Up-to-date symlink: /root/ros2_workspace/install/ros2web_interfaces/include/ros2web_interfaces/ros2web_interfaces/msg/detail/body_part__type_support.h
[0.684s] -- Up-to-date symlink: /root/ros2_workspace/install/ros2web_interfaces/include/ros2web_interfaces/ros2web_interfaces/msg/detail/content_type__functions.h
[0.684s] -- Up-to-date symlink: /root/ros2_workspace/install/ros2web_interfaces/include/ros2web_interfaces/ros2web_interfaces/msg/detail/content_type__struct.h
[0.684s] -- Up-to-date symlink: /root/ros2_workspace/install/ros2web_interfaces/include/ros2web_interfaces/ros2web_interfaces/msg/detail/content_type__type_support.h
[0.684s] -- Up-to-date symlink: /root/ros2_workspace/install/ros2web_interfaces/include/ros2web_interfaces/ros2web_interfaces/msg/detail/http_status_code__functions.h
[0.684s] -- Up-to-date symlink: /root/ros2_workspace/install/ros2web_interfaces/include/ros2web_interfaces/ros2web_interfaces/msg/detail/http_status_code__struct.h
[0.684s] -- Up-to-date symlink: /root/ros2_workspace/install/ros2web_interfaces/include/ros2web_interfaces/ros2web_interfaces/msg/detail/http_status_code__type_support.h
[0.684s] -- Up-to-date symlink: /root/ros2_workspace/install/ros2web_interfaces/include/ros2web_interfaces/ros2web_interfaces/msg/detail/ws_msg__functions.h
[0.684s] -- Up-to-date symlink: /root/ros2_workspace/install/ros2web_interfaces/include/ros2web_interfaces/ros2web_interfaces/msg/detail/ws_msg__struct.h
[0.684s] -- Up-to-date symlink: /root/ros2_workspace/install/ros2web_interfaces/include/ros2web_interfaces/ros2web_interfaces/msg/detail/ws_msg__type_support.h
[0.684s] -- Up-to-date symlink: /root/ros2_workspace/install/ros2web_interfaces/include/ros2web_interfaces/ros2web_interfaces/msg/detail/ws_msg_data__functions.h
[0.685s] -- Up-to-date symlink: /root/ros2_workspace/install/ros2web_interfaces/include/ros2web_interfaces/ros2web_interfaces/msg/detail/ws_msg_data__struct.h
[0.685s] -- Up-to-date symlink: /root/ros2_workspace/install/ros2web_interfaces/include/ros2web_interfaces/ros2web_interfaces/msg/detail/ws_msg_data__type_support.h
[0.685s] -- Up-to-date symlink: /root/ros2_workspace/install/ros2web_interfaces/include/ros2web_interfaces/ros2web_interfaces/msg/detail/ws_msg_type__functions.h
[0.685s] -- Up-to-date symlink: /root/ros2_workspace/install/ros2web_interfaces/include/ros2web_interfaces/ros2web_interfaces/msg/detail/ws_msg_type__struct.h
[0.685s] -- Up-to-date symlink: /root/ros2_workspace/install/ros2web_interfaces/include/ros2web_interfaces/ros2web_interfaces/msg/detail/ws_msg_type__type_support.h
[0.685s] -- Up-to-date symlink: /root/ros2_workspace/install/ros2web_interfaces/include/ros2web_interfaces/ros2web_interfaces/msg/http_status_code.h
[0.685s] -- Up-to-date symlink: /root/ros2_workspace/install/ros2web_interfaces/include/ros2web_interfaces/ros2web_interfaces/msg/rosidl_generator_c__visibility_control.h
[0.685s] -- Up-to-date symlink: /root/ros2_workspace/install/ros2web_interfaces/include/ros2web_interfaces/ros2web_interfaces/msg/ws_msg.h
[0.686s] -- Up-to-date symlink: /root/ros2_workspace/install/ros2web_interfaces/include/ros2web_interfaces/ros2web_interfaces/msg/ws_msg_data.h
[0.686s] -- Up-to-date symlink: /root/ros2_workspace/install/ros2web_interfaces/include/ros2web_interfaces/ros2web_interfaces/msg/ws_msg_type.h
[0.686s] -- Up-to-date symlink: /root/ros2_workspace/install/ros2web_interfaces/include/ros2web_interfaces/ros2web_interfaces/srv/detail/http__functions.h
[0.686s] -- Up-to-date symlink: /root/ros2_workspace/install/ros2web_interfaces/include/ros2web_interfaces/ros2web_interfaces/srv/detail/http__struct.h
[0.686s] -- Up-to-date symlink: /root/ros2_workspace/install/ros2web_interfaces/include/ros2web_interfaces/ros2web_interfaces/srv/detail/http__type_support.h
[0.686s] -- Up-to-date symlink: /root/ros2_workspace/install/ros2web_interfaces/include/ros2web_interfaces/ros2web_interfaces/srv/detail/ws__functions.h
[0.686s] -- Up-to-date symlink: /root/ros2_workspace/install/ros2web_interfaces/include/ros2web_interfaces/ros2web_interfaces/srv/detail/ws__struct.h
[0.687s] -- Up-to-date symlink: /root/ros2_workspace/install/ros2web_interfaces/include/ros2web_interfaces/ros2web_interfaces/srv/detail/ws__type_support.h
[0.687s] -- Up-to-date symlink: /root/ros2_workspace/install/ros2web_interfaces/include/ros2web_interfaces/ros2web_interfaces/srv/http.h
[0.687s] -- Up-to-date symlink: /root/ros2_workspace/install/ros2web_interfaces/include/ros2web_interfaces/ros2web_interfaces/srv/ws.h
[0.687s] -- Up-to-date symlink: /root/ros2_workspace/install/ros2web_interfaces/share/ros2web_interfaces/environment/library_path.sh
[0.687s] -- Up-to-date symlink: /root/ros2_workspace/install/ros2web_interfaces/share/ros2web_interfaces/environment/library_path.dsv
[0.687s] -- Up-to-date symlink: /root/ros2_workspace/install/ros2web_interfaces/include/ros2web_interfaces/ros2web_interfaces/msg/detail/body_part__rosidl_typesupport_fastrtps_c.h
[0.687s] -- Up-to-date symlink: /root/ros2_workspace/install/ros2web_interfaces/include/ros2web_interfaces/ros2web_interfaces/msg/detail/content_type__rosidl_typesupport_fastrtps_c.h
[0.687s] -- Up-to-date symlink: /root/ros2_workspace/install/ros2web_interfaces/include/ros2web_interfaces/ros2web_interfaces/msg/detail/http_status_code__rosidl_typesupport_fastrtps_c.h
[0.687s] -- Up-to-date symlink: /root/ros2_workspace/install/ros2web_interfaces/include/ros2web_interfaces/ros2web_interfaces/msg/detail/ws_msg__rosidl_typesupport_fastrtps_c.h
[0.688s] -- Up-to-date symlink: /root/ros2_workspace/install/ros2web_interfaces/include/ros2web_interfaces/ros2web_interfaces/msg/detail/ws_msg_data__rosidl_typesupport_fastrtps_c.h
[0.688s] -- Up-to-date symlink: /root/ros2_workspace/install/ros2web_interfaces/include/ros2web_interfaces/ros2web_interfaces/msg/detail/ws_msg_type__rosidl_typesupport_fastrtps_c.h
[0.688s] -- Up-to-date symlink: /root/ros2_workspace/install/ros2web_interfaces/include/ros2web_interfaces/ros2web_interfaces/msg/rosidl_typesupport_fastrtps_c__visibility_control.h
[0.689s] -- Up-to-date symlink: /root/ros2_workspace/install/ros2web_interfaces/include/ros2web_interfaces/ros2web_interfaces/srv/detail/http__rosidl_typesupport_fastrtps_c.h
[0.689s] -- Up-to-date symlink: /root/ros2_workspace/install/ros2web_interfaces/include/ros2web_interfaces/ros2web_interfaces/srv/detail/ws__rosidl_typesupport_fastrtps_c.h
[0.689s] -- Up-to-date symlink: /root/ros2_workspace/install/ros2web_interfaces/include/ros2web_interfaces/ros2web_interfaces/msg/detail/body_part__rosidl_typesupport_introspection_c.h
[0.689s] -- Up-to-date symlink: /root/ros2_workspace/install/ros2web_interfaces/include/ros2web_interfaces/ros2web_interfaces/msg/detail/content_type__rosidl_typesupport_introspection_c.h
[0.689s] -- Up-to-date symlink: /root/ros2_workspace/install/ros2web_interfaces/include/ros2web_interfaces/ros2web_interfaces/msg/detail/http_status_code__rosidl_typesupport_introspection_c.h
[0.689s] -- Up-to-date symlink: /root/ros2_workspace/install/ros2web_interfaces/include/ros2web_interfaces/ros2web_interfaces/msg/detail/ws_msg__rosidl_typesupport_introspection_c.h
[0.689s] -- Up-to-date symlink: /root/ros2_workspace/install/ros2web_interfaces/include/ros2web_interfaces/ros2web_interfaces/msg/detail/ws_msg_data__rosidl_typesupport_introspection_c.h
[0.689s] -- Up-to-date symlink: /root/ros2_workspace/install/ros2web_interfaces/include/ros2web_interfaces/ros2web_interfaces/msg/detail/ws_msg_type__rosidl_typesupport_introspection_c.h
[0.689s] -- Up-to-date symlink: /root/ros2_workspace/install/ros2web_interfaces/include/ros2web_interfaces/ros2web_interfaces/msg/rosidl_typesupport_introspection_c__visibility_control.h
[0.689s] -- Up-to-date symlink: /root/ros2_workspace/install/ros2web_interfaces/include/ros2web_interfaces/ros2web_interfaces/srv/detail/http__rosidl_typesupport_introspection_c.h
[0.689s] -- Up-to-date symlink: /root/ros2_workspace/install/ros2web_interfaces/include/ros2web_interfaces/ros2web_interfaces/srv/detail/ws__rosidl_typesupport_introspection_c.h
[0.690s] -- Up-to-date symlink: /root/ros2_workspace/install/ros2web_interfaces/include/ros2web_interfaces/ros2web_interfaces/msg/body_part.hpp
[0.690s] -- Up-to-date symlink: /root/ros2_workspace/install/ros2web_interfaces/include/ros2web_interfaces/ros2web_interfaces/msg/content_type.hpp
[0.690s] -- Up-to-date symlink: /root/ros2_workspace/install/ros2web_interfaces/include/ros2web_interfaces/ros2web_interfaces/msg/detail/body_part__builder.hpp
[0.690s] -- Up-to-date symlink: /root/ros2_workspace/install/ros2web_interfaces/include/ros2web_interfaces/ros2web_interfaces/msg/detail/body_part__struct.hpp
[0.690s] -- Up-to-date symlink: /root/ros2_workspace/install/ros2web_interfaces/include/ros2web_interfaces/ros2web_interfaces/msg/detail/body_part__traits.hpp
[0.690s] -- Up-to-date symlink: /root/ros2_workspace/install/ros2web_interfaces/include/ros2web_interfaces/ros2web_interfaces/msg/detail/body_part__type_support.hpp
[0.690s] -- Up-to-date symlink: /root/ros2_workspace/install/ros2web_interfaces/include/ros2web_interfaces/ros2web_interfaces/msg/detail/content_type__builder.hpp
[0.690s] -- Up-to-date symlink: /root/ros2_workspace/install/ros2web_interfaces/include/ros2web_interfaces/ros2web_interfaces/msg/detail/content_type__struct.hpp
[0.690s] -- Up-to-date symlink: /root/ros2_workspace/install/ros2web_interfaces/include/ros2web_interfaces/ros2web_interfaces/msg/detail/content_type__traits.hpp
[0.691s] -- Up-to-date symlink: /root/ros2_workspace/install/ros2web_interfaces/include/ros2web_interfaces/ros2web_interfaces/msg/detail/content_type__type_support.hpp
[0.691s] -- Up-to-date symlink: /root/ros2_workspace/install/ros2web_interfaces/include/ros2web_interfaces/ros2web_interfaces/msg/detail/http_status_code__builder.hpp
[0.691s] -- Up-to-date symlink: /root/ros2_workspace/install/ros2web_interfaces/include/ros2web_interfaces/ros2web_interfaces/msg/detail/http_status_code__struct.hpp
[0.691s] -- Up-to-date symlink: /root/ros2_workspace/install/ros2web_interfaces/include/ros2web_interfaces/ros2web_interfaces/msg/detail/http_status_code__traits.hpp
[0.691s] -- Up-to-date symlink: /root/ros2_workspace/install/ros2web_interfaces/include/ros2web_interfaces/ros2web_interfaces/msg/detail/http_status_code__type_support.hpp
[0.691s] -- Up-to-date symlink: /root/ros2_workspace/install/ros2web_interfaces/include/ros2web_interfaces/ros2web_interfaces/msg/detail/ws_msg__builder.hpp
[0.691s] -- Up-to-date symlink: /root/ros2_workspace/install/ros2web_interfaces/include/ros2web_interfaces/ros2web_interfaces/msg/detail/ws_msg__struct.hpp
[0.691s] -- Up-to-date symlink: /root/ros2_workspace/install/ros2web_interfaces/include/ros2web_interfaces/ros2web_interfaces/msg/detail/ws_msg__traits.hpp
[0.691s] -- Up-to-date symlink: /root/ros2_workspace/install/ros2web_interfaces/include/ros2web_interfaces/ros2web_interfaces/msg/detail/ws_msg__type_support.hpp
[0.692s] -- Up-to-date symlink: /root/ros2_workspace/install/ros2web_interfaces/include/ros2web_interfaces/ros2web_interfaces/msg/detail/ws_msg_data__builder.hpp
[0.692s] -- Up-to-date symlink: /root/ros2_workspace/install/ros2web_interfaces/include/ros2web_interfaces/ros2web_interfaces/msg/detail/ws_msg_data__struct.hpp
[0.692s] -- Up-to-date symlink: /root/ros2_workspace/install/ros2web_interfaces/include/ros2web_interfaces/ros2web_interfaces/msg/detail/ws_msg_data__traits.hpp
[0.692s] -- Up-to-date symlink: /root/ros2_workspace/install/ros2web_interfaces/include/ros2web_interfaces/ros2web_interfaces/msg/detail/ws_msg_data__type_support.hpp
[0.692s] -- Up-to-date symlink: /root/ros2_workspace/install/ros2web_interfaces/include/ros2web_interfaces/ros2web_interfaces/msg/detail/ws_msg_type__builder.hpp
[0.693s] -- Up-to-date symlink: /root/ros2_workspace/install/ros2web_interfaces/include/ros2web_interfaces/ros2web_interfaces/msg/detail/ws_msg_type__struct.hpp
[0.693s] -- Up-to-date symlink: /root/ros2_workspace/install/ros2web_interfaces/include/ros2web_interfaces/ros2web_interfaces/msg/detail/ws_msg_type__traits.hpp
[0.694s] -- Up-to-date symlink: /root/ros2_workspace/install/ros2web_interfaces/include/ros2web_interfaces/ros2web_interfaces/msg/detail/ws_msg_type__type_support.hpp
[0.694s] -- Up-to-date symlink: /root/ros2_workspace/install/ros2web_interfaces/include/ros2web_interfaces/ros2web_interfaces/msg/http_status_code.hpp
[0.694s] -- Up-to-date symlink: /root/ros2_workspace/install/ros2web_interfaces/include/ros2web_interfaces/ros2web_interfaces/msg/rosidl_generator_cpp__visibility_control.hpp
[0.694s] -- Up-to-date symlink: /root/ros2_workspace/install/ros2web_interfaces/include/ros2web_interfaces/ros2web_interfaces/msg/ws_msg.hpp
[0.694s] -- Up-to-date symlink: /root/ros2_workspace/install/ros2web_interfaces/include/ros2web_interfaces/ros2web_interfaces/msg/ws_msg_data.hpp
[0.694s] -- Up-to-date symlink: /root/ros2_workspace/install/ros2web_interfaces/include/ros2web_interfaces/ros2web_interfaces/msg/ws_msg_type.hpp
[0.694s] -- Up-to-date symlink: /root/ros2_workspace/install/ros2web_interfaces/include/ros2web_interfaces/ros2web_interfaces/srv/detail/http__builder.hpp
[0.694s] -- Up-to-date symlink: /root/ros2_workspace/install/ros2web_interfaces/include/ros2web_interfaces/ros2web_interfaces/srv/detail/http__struct.hpp
[0.694s] -- Up-to-date symlink: /root/ros2_workspace/install/ros2web_interfaces/include/ros2web_interfaces/ros2web_interfaces/srv/detail/http__traits.hpp
[0.694s] -- Up-to-date symlink: /root/ros2_workspace/install/ros2web_interfaces/include/ros2web_interfaces/ros2web_interfaces/srv/detail/http__type_support.hpp
[0.694s] -- Up-to-date symlink: /root/ros2_workspace/install/ros2web_interfaces/include/ros2web_interfaces/ros2web_interfaces/srv/detail/ws__builder.hpp
[0.694s] -- Up-to-date symlink: /root/ros2_workspace/install/ros2web_interfaces/include/ros2web_interfaces/ros2web_interfaces/srv/detail/ws__struct.hpp
[0.694s] -- Up-to-date symlink: /root/ros2_workspace/install/ros2web_interfaces/include/ros2web_interfaces/ros2web_interfaces/srv/detail/ws__traits.hpp
[0.694s] -- Up-to-date symlink: /root/ros2_workspace/install/ros2web_interfaces/include/ros2web_interfaces/ros2web_interfaces/srv/detail/ws__type_support.hpp
[0.695s] -- Up-to-date symlink: /root/ros2_workspace/install/ros2web_interfaces/include/ros2web_interfaces/ros2web_interfaces/srv/http.hpp
[0.695s] -- Up-to-date symlink: /root/ros2_workspace/install/ros2web_interfaces/include/ros2web_interfaces/ros2web_interfaces/srv/ws.hpp
[0.695s] -- Up-to-date symlink: /root/ros2_workspace/install/ros2web_interfaces/include/ros2web_interfaces/ros2web_interfaces/msg/detail/body_part__rosidl_typesupport_fastrtps_cpp.hpp
[0.695s] -- Up-to-date symlink: /root/ros2_workspace/install/ros2web_interfaces/include/ros2web_interfaces/ros2web_interfaces/msg/detail/content_type__rosidl_typesupport_fastrtps_cpp.hpp
[0.695s] -- Up-to-date symlink: /root/ros2_workspace/install/ros2web_interfaces/include/ros2web_interfaces/ros2web_interfaces/msg/detail/http_status_code__rosidl_typesupport_fastrtps_cpp.hpp
[0.695s] -- Up-to-date symlink: /root/ros2_workspace/install/ros2web_interfaces/include/ros2web_interfaces/ros2web_interfaces/msg/detail/ws_msg__rosidl_typesupport_fastrtps_cpp.hpp
[0.695s] -- Up-to-date symlink: /root/ros2_workspace/install/ros2web_interfaces/include/ros2web_interfaces/ros2web_interfaces/msg/detail/ws_msg_data__rosidl_typesupport_fastrtps_cpp.hpp
[0.695s] -- Up-to-date symlink: /root/ros2_workspace/install/ros2web_interfaces/include/ros2web_interfaces/ros2web_interfaces/msg/detail/ws_msg_type__rosidl_typesupport_fastrtps_cpp.hpp
[0.695s] -- Up-to-date symlink: /root/ros2_workspace/install/ros2web_interfaces/include/ros2web_interfaces/ros2web_interfaces/msg/rosidl_typesupport_fastrtps_cpp__visibility_control.h
[0.695s] -- Up-to-date symlink: /root/ros2_workspace/install/ros2web_interfaces/include/ros2web_interfaces/ros2web_interfaces/srv/detail/http__rosidl_typesupport_fastrtps_cpp.hpp
[0.695s] -- Up-to-date symlink: /root/ros2_workspace/install/ros2web_interfaces/include/ros2web_interfaces/ros2web_interfaces/srv/detail/ws__rosidl_typesupport_fastrtps_cpp.hpp
[0.695s] -- Up-to-date symlink: /root/ros2_workspace/install/ros2web_interfaces/include/ros2web_interfaces/ros2web_interfaces/msg/detail/body_part__rosidl_typesupport_introspection_cpp.hpp
[0.695s] -- Up-to-date symlink: /root/ros2_workspace/install/ros2web_interfaces/include/ros2web_interfaces/ros2web_interfaces/msg/detail/content_type__rosidl_typesupport_introspection_cpp.hpp
[0.695s] -- Up-to-date symlink: /root/ros2_workspace/install/ros2web_interfaces/include/ros2web_interfaces/ros2web_interfaces/msg/detail/http_status_code__rosidl_typesupport_introspection_cpp.hpp
[0.695s] -- Up-to-date symlink: /root/ros2_workspace/install/ros2web_interfaces/include/ros2web_interfaces/ros2web_interfaces/msg/detail/ws_msg__rosidl_typesupport_introspection_cpp.hpp
[0.695s] -- Up-to-date symlink: /root/ros2_workspace/install/ros2web_interfaces/include/ros2web_interfaces/ros2web_interfaces/msg/detail/ws_msg_data__rosidl_typesupport_introspection_cpp.hpp
[0.695s] -- Up-to-date symlink: /root/ros2_workspace/install/ros2web_interfaces/include/ros2web_interfaces/ros2web_interfaces/msg/detail/ws_msg_type__rosidl_typesupport_introspection_cpp.hpp
[0.695s] -- Up-to-date symlink: /root/ros2_workspace/install/ros2web_interfaces/include/ros2web_interfaces/ros2web_interfaces/srv/detail/http__rosidl_typesupport_introspection_cpp.hpp
[0.696s] -- Up-to-date symlink: /root/ros2_workspace/install/ros2web_interfaces/include/ros2web_interfaces/ros2web_interfaces/srv/detail/ws__rosidl_typesupport_introspection_cpp.hpp
[0.696s] -- Up-to-date symlink: /root/ros2_workspace/install/ros2web_interfaces/share/ros2web_interfaces/environment/pythonpath.sh
[0.696s] -- Up-to-date symlink: /root/ros2_workspace/install/ros2web_interfaces/share/ros2web_interfaces/environment/pythonpath.dsv
[0.696s] -- Up-to-date symlink: /root/ros2_workspace/install/ros2web_interfaces/local/lib/python3.10/dist-packages/ros2web_interfaces-0.1.0-py3.10.egg-info/PKG-INFO
[0.696s] -- Up-to-date symlink: /root/ros2_workspace/install/ros2web_interfaces/local/lib/python3.10/dist-packages/ros2web_interfaces-0.1.0-py3.10.egg-info/SOURCES.txt
[0.696s] -- Up-to-date symlink: /root/ros2_workspace/install/ros2web_interfaces/local/lib/python3.10/dist-packages/ros2web_interfaces-0.1.0-py3.10.egg-info/dependency_links.txt
[0.696s] -- Up-to-date symlink: /root/ros2_workspace/install/ros2web_interfaces/local/lib/python3.10/dist-packages/ros2web_interfaces-0.1.0-py3.10.egg-info/top_level.txt
[0.696s] -- Up-to-date symlink: /root/ros2_workspace/install/ros2web_interfaces/local/lib/python3.10/dist-packages/ros2web_interfaces/__init__.py
[0.696s] -- Up-to-date symlink: /root/ros2_workspace/install/ros2web_interfaces/local/lib/python3.10/dist-packages/ros2web_interfaces/_ros2web_interfaces_s.ep.rosidl_typesupport_c.c
[0.696s] -- Up-to-date symlink: /root/ros2_workspace/install/ros2web_interfaces/local/lib/python3.10/dist-packages/ros2web_interfaces/_ros2web_interfaces_s.ep.rosidl_typesupport_fastrtps_c.c
[0.696s] -- Up-to-date symlink: /root/ros2_workspace/install/ros2web_interfaces/local/lib/python3.10/dist-packages/ros2web_interfaces/_ros2web_interfaces_s.ep.rosidl_typesupport_introspection_c.c
[0.696s] -- Up-to-date symlink: /root/ros2_workspace/install/ros2web_interfaces/local/lib/python3.10/dist-packages/ros2web_interfaces/libros2web_interfaces__rosidl_generator_py.so
[0.696s] -- Up-to-date symlink: /root/ros2_workspace/install/ros2web_interfaces/local/lib/python3.10/dist-packages/ros2web_interfaces/msg/__init__.py
[0.696s] -- Up-to-date symlink: /root/ros2_workspace/install/ros2web_interfaces/local/lib/python3.10/dist-packages/ros2web_interfaces/msg/_body_part.py
[0.696s] -- Up-to-date symlink: /root/ros2_workspace/install/ros2web_interfaces/local/lib/python3.10/dist-packages/ros2web_interfaces/msg/_body_part_s.c
[0.696s] -- Up-to-date symlink: /root/ros2_workspace/install/ros2web_interfaces/local/lib/python3.10/dist-packages/ros2web_interfaces/msg/_content_type.py
[0.697s] -- Up-to-date symlink: /root/ros2_workspace/install/ros2web_interfaces/local/lib/python3.10/dist-packages/ros2web_interfaces/msg/_content_type_s.c
[0.697s] -- Up-to-date symlink: /root/ros2_workspace/install/ros2web_interfaces/local/lib/python3.10/dist-packages/ros2web_interfaces/msg/_http_status_code.py
[0.697s] -- Up-to-date symlink: /root/ros2_workspace/install/ros2web_interfaces/local/lib/python3.10/dist-packages/ros2web_interfaces/msg/_http_status_code_s.c
[0.697s] -- Up-to-date symlink: /root/ros2_workspace/install/ros2web_interfaces/local/lib/python3.10/dist-packages/ros2web_interfaces/msg/_ws_msg.py
[0.697s] -- Up-to-date symlink: /root/ros2_workspace/install/ros2web_interfaces/local/lib/python3.10/dist-packages/ros2web_interfaces/msg/_ws_msg_data.py
[0.697s] -- Up-to-date symlink: /root/ros2_workspace/install/ros2web_interfaces/local/lib/python3.10/dist-packages/ros2web_interfaces/msg/_ws_msg_data_s.c
[0.697s] -- Up-to-date symlink: /root/ros2_workspace/install/ros2web_interfaces/local/lib/python3.10/dist-packages/ros2web_interfaces/msg/_ws_msg_s.c
[0.697s] -- Up-to-date symlink: /root/ros2_workspace/install/ros2web_interfaces/local/lib/python3.10/dist-packages/ros2web_interfaces/msg/_ws_msg_type.py
[0.697s] -- Up-to-date symlink: /root/ros2_workspace/install/ros2web_interfaces/local/lib/python3.10/dist-packages/ros2web_interfaces/msg/_ws_msg_type_s.c
[0.697s] -- Up-to-date symlink: /root/ros2_workspace/install/ros2web_interfaces/local/lib/python3.10/dist-packages/ros2web_interfaces/ros2web_interfaces_s__rosidl_typesupport_c.cpython-310-x86_64-linux-gnu.so
[0.697s] -- Up-to-date symlink: /root/ros2_workspace/install/ros2web_interfaces/local/lib/python3.10/dist-packages/ros2web_interfaces/ros2web_interfaces_s__rosidl_typesupport_fastrtps_c.cpython-310-x86_64-linux-gnu.so
[0.697s] -- Up-to-date symlink: /root/ros2_workspace/install/ros2web_interfaces/local/lib/python3.10/dist-packages/ros2web_interfaces/ros2web_interfaces_s__rosidl_typesupport_introspection_c.cpython-310-x86_64-linux-gnu.so
[0.697s] -- Up-to-date symlink: /root/ros2_workspace/install/ros2web_interfaces/local/lib/python3.10/dist-packages/ros2web_interfaces/srv/__init__.py
[0.697s] -- Up-to-date symlink: /root/ros2_workspace/install/ros2web_interfaces/local/lib/python3.10/dist-packages/ros2web_interfaces/srv/_http.py
[0.697s] -- Up-to-date symlink: /root/ros2_workspace/install/ros2web_interfaces/local/lib/python3.10/dist-packages/ros2web_interfaces/srv/_http_s.c
[0.697s] -- Up-to-date symlink: /root/ros2_workspace/install/ros2web_interfaces/local/lib/python3.10/dist-packages/ros2web_interfaces/srv/_ws.py
[0.697s] -- Up-to-date symlink: /root/ros2_workspace/install/ros2web_interfaces/local/lib/python3.10/dist-packages/ros2web_interfaces/srv/_ws_s.c
[0.702s] -- Up-to-date symlink: /root/ros2_workspace/install/ros2web_interfaces/local/lib/python3.10/dist-packages/ros2web_interfaces/ros2web_interfaces_s__rosidl_typesupport_fastrtps_c.cpython-310-x86_64-linux-gnu.so
[0.702s] -- Up-to-date symlink: /root/ros2_workspace/install/ros2web_interfaces/local/lib/python3.10/dist-packages/ros2web_interfaces/ros2web_interfaces_s__rosidl_typesupport_introspection_c.cpython-310-x86_64-linux-gnu.so
[0.702s] -- Up-to-date symlink: /root/ros2_workspace/install/ros2web_interfaces/local/lib/python3.10/dist-packages/ros2web_interfaces/ros2web_interfaces_s__rosidl_typesupport_c.cpython-310-x86_64-linux-gnu.so
[0.702s] -- Up-to-date symlink: /root/ros2_workspace/install/ros2web_interfaces/share/ros2web_interfaces/msg/BodyPart.idl
[0.703s] -- Up-to-date symlink: /root/ros2_workspace/install/ros2web_interfaces/share/ros2web_interfaces/msg/ContentType.idl
[0.703s] -- Up-to-date symlink: /root/ros2_workspace/install/ros2web_interfaces/share/ros2web_interfaces/msg/HTTPStatusCode.idl
[0.703s] -- Up-to-date symlink: /root/ros2_workspace/install/ros2web_interfaces/share/ros2web_interfaces/msg/WSMsgData.idl
[0.703s] -- Up-to-date symlink: /root/ros2_workspace/install/ros2web_interfaces/share/ros2web_interfaces/msg/WSMsgType.idl
[0.703s] -- Up-to-date symlink: /root/ros2_workspace/install/ros2web_interfaces/share/ros2web_interfaces/msg/WSMsg.idl
[0.703s] -- Up-to-date symlink: /root/ros2_workspace/install/ros2web_interfaces/share/ros2web_interfaces/srv/HTTP.idl
[0.703s] -- Up-to-date symlink: /root/ros2_workspace/install/ros2web_interfaces/share/ros2web_interfaces/srv/WS.idl
[0.703s] -- Up-to-date symlink: /root/ros2_workspace/install/ros2web_interfaces/share/ros2web_interfaces/msg/BodyPart.msg
[0.703s] -- Up-to-date symlink: /root/ros2_workspace/install/ros2web_interfaces/share/ros2web_interfaces/msg/ContentType.msg
[0.703s] -- Up-to-date symlink: /root/ros2_workspace/install/ros2web_interfaces/share/ros2web_interfaces/msg/HTTPStatusCode.msg
[0.703s] -- Up-to-date symlink: /root/ros2_workspace/install/ros2web_interfaces/share/ros2web_interfaces/msg/WSMsgData.msg
[0.703s] -- Up-to-date symlink: /root/ros2_workspace/install/ros2web_interfaces/share/ros2web_interfaces/msg/WSMsgType.msg
[0.703s] -- Up-to-date symlink: /root/ros2_workspace/install/ros2web_interfaces/share/ros2web_interfaces/msg/WSMsg.msg
[0.703s] -- Up-to-date symlink: /root/ros2_workspace/install/ros2web_interfaces/share/ros2web_interfaces/srv/HTTP.srv
[0.703s] -- Up-to-date symlink: /root/ros2_workspace/install/ros2web_interfaces/share/ros2web_interfaces/srv/HTTP_Request.msg
[0.703s] -- Up-to-date symlink: /root/ros2_workspace/install/ros2web_interfaces/share/ros2web_interfaces/srv/HTTP_Response.msg
[0.703s] -- Up-to-date symlink: /root/ros2_workspace/install/ros2web_interfaces/share/ros2web_interfaces/srv/WS.srv
[0.704s] -- Up-to-date symlink: /root/ros2_workspace/install/ros2web_interfaces/share/ros2web_interfaces/srv/WS_Request.msg
[0.704s] -- Up-to-date symlink: /root/ros2_workspace/install/ros2web_interfaces/share/ros2web_interfaces/srv/WS_Response.msg
[0.704s] -- Up-to-date symlink: /root/ros2_workspace/install/ros2web_interfaces/share/ament_index/resource_index/package_run_dependencies/ros2web_interfaces
[0.704s] -- Up-to-date symlink: /root/ros2_workspace/install/ros2web_interfaces/share/ament_index/resource_index/parent_prefix_path/ros2web_interfaces
[0.704s] -- Up-to-date symlink: /root/ros2_workspace/install/ros2web_interfaces/share/ros2web_interfaces/environment/ament_prefix_path.sh
[0.704s] -- Up-to-date symlink: /root/ros2_workspace/install/ros2web_interfaces/share/ros2web_interfaces/environment/ament_prefix_path.dsv
[0.704s] -- Up-to-date symlink: /root/ros2_workspace/install/ros2web_interfaces/share/ros2web_interfaces/environment/path.sh
[0.704s] -- Up-to-date symlink: /root/ros2_workspace/install/ros2web_interfaces/share/ros2web_interfaces/environment/path.dsv
[0.704s] -- Up-to-date symlink: /root/ros2_workspace/install/ros2web_interfaces/share/ros2web_interfaces/local_setup.bash
[0.704s] -- Up-to-date symlink: /root/ros2_workspace/install/ros2web_interfaces/share/ros2web_interfaces/local_setup.sh
[0.704s] -- Up-to-date symlink: /root/ros2_workspace/install/ros2web_interfaces/share/ros2web_interfaces/local_setup.zsh
[0.704s] -- Up-to-date symlink: /root/ros2_workspace/install/ros2web_interfaces/share/ros2web_interfaces/local_setup.dsv
[0.704s] -- Symlinking: /root/ros2_workspace/install/ros2web_interfaces/share/ros2web_interfaces/package.dsv
[0.716s] -- Up-to-date symlink: /root/ros2_workspace/install/ros2web_interfaces/share/ament_index/resource_index/packages/ros2web_interfaces
[0.716s] -- Up-to-date symlink: /root/ros2_workspace/install/ros2web_interfaces/share/ros2web_interfaces/cmake/rosidl_cmake-extras.cmake
[0.716s] -- Up-to-date symlink: /root/ros2_workspace/install/ros2web_interfaces/share/ros2web_interfaces/cmake/ament_cmake_export_include_directories-extras.cmake
[0.716s] -- Up-to-date symlink: /root/ros2_workspace/install/ros2web_interfaces/share/ros2web_interfaces/cmake/ament_cmake_export_libraries-extras.cmake
[0.717s] -- Up-to-date symlink: /root/ros2_workspace/install/ros2web_interfaces/share/ros2web_interfaces/cmake/ament_cmake_export_targets-extras.cmake
[0.717s] -- Up-to-date symlink: /root/ros2_workspace/install/ros2web_interfaces/share/ros2web_interfaces/cmake/rosidl_cmake_export_typesupport_targets-extras.cmake
[0.717s] -- Up-to-date symlink: /root/ros2_workspace/install/ros2web_interfaces/share/ros2web_interfaces/cmake/ament_cmake_export_dependencies-extras.cmake
[0.717s] -- Up-to-date symlink: /root/ros2_workspace/install/ros2web_interfaces/share/ros2web_interfaces/cmake/rosidl_cmake_export_typesupport_libraries-extras.cmake
[0.718s] -- Up-to-date symlink: /root/ros2_workspace/install/ros2web_interfaces/share/ros2web_interfaces/cmake/ros2web_interfacesConfig.cmake
[0.718s] -- Up-to-date symlink: /root/ros2_workspace/install/ros2web_interfaces/share/ros2web_interfaces/cmake/ros2web_interfacesConfig-version.cmake
[0.718s] -- Up-to-date symlink: /root/ros2_workspace/install/ros2web_interfaces/share/ros2web_interfaces/package.xml
[0.718s] -- Up-to-date: /root/ros2_workspace/install/ros2web_interfaces/lib/libros2web_interfaces__rosidl_generator_c.so
[0.719s] -- Up-to-date: /root/ros2_workspace/install/ros2web_interfaces/lib/libros2web_interfaces__rosidl_typesupport_fastrtps_c.so
[0.719s] -- Up-to-date: /root/ros2_workspace/install/ros2web_interfaces/lib/libros2web_interfaces__rosidl_typesupport_introspection_c.so
[0.720s] -- Up-to-date: /root/ros2_workspace/install/ros2web_interfaces/lib/libros2web_interfaces__rosidl_typesupport_c.so
[0.720s] -- Up-to-date: /root/ros2_workspace/install/ros2web_interfaces/lib/libros2web_interfaces__rosidl_typesupport_fastrtps_cpp.so
[0.720s] -- Up-to-date: /root/ros2_workspace/install/ros2web_interfaces/lib/libros2web_interfaces__rosidl_typesupport_introspection_cpp.so
[0.721s] -- Up-to-date: /root/ros2_workspace/install/ros2web_interfaces/lib/libros2web_interfaces__rosidl_typesupport_cpp.so
[0.797s] Listing '/root/ros2_workspace/install/ros2web_interfaces/local/lib/python3.10/dist-packages/ros2web_interfaces'...
[0.797s] Listing '/root/ros2_workspace/install/ros2web_interfaces/local/lib/python3.10/dist-packages/ros2web_interfaces/msg'...
[0.797s] Listing '/root/ros2_workspace/install/ros2web_interfaces/local/lib/python3.10/dist-packages/ros2web_interfaces/srv'...
[0.811s] -- Up-to-date: /root/ros2_workspace/install/ros2web_interfaces/lib/libros2web_interfaces__rosidl_generator_py.so
[0.811s] -- Up-to-date: /root/ros2_workspace/install/ros2web_interfaces/share/ros2web_interfaces/cmake/export_ros2web_interfaces__rosidl_generator_cExport.cmake
[0.811s] -- Up-to-date: /root/ros2_workspace/install/ros2web_interfaces/share/ros2web_interfaces/cmake/export_ros2web_interfaces__rosidl_generator_cExport-noconfig.cmake
[0.811s] -- Up-to-date: /root/ros2_workspace/install/ros2web_interfaces/share/ros2web_interfaces/cmake/export_ros2web_interfaces__rosidl_typesupport_fastrtps_cExport.cmake
[0.811s] -- Up-to-date: /root/ros2_workspace/install/ros2web_interfaces/share/ros2web_interfaces/cmake/export_ros2web_interfaces__rosidl_typesupport_fastrtps_cExport-noconfig.cmake
[0.811s] -- Up-to-date: /root/ros2_workspace/install/ros2web_interfaces/share/ros2web_interfaces/cmake/ros2web_interfaces__rosidl_typesupport_introspection_cExport.cmake
[0.812s] -- Up-to-date: /root/ros2_workspace/install/ros2web_interfaces/share/ros2web_interfaces/cmake/ros2web_interfaces__rosidl_typesupport_introspection_cExport-noconfig.cmake
[0.812s] -- Up-to-date: /root/ros2_workspace/install/ros2web_interfaces/share/ros2web_interfaces/cmake/ros2web_interfaces__rosidl_typesupport_cExport.cmake
[0.812s] -- Up-to-date: /root/ros2_workspace/install/ros2web_interfaces/share/ros2web_interfaces/cmake/ros2web_interfaces__rosidl_typesupport_cExport-noconfig.cmake
[0.812s] -- Up-to-date: /root/ros2_workspace/install/ros2web_interfaces/share/ros2web_interfaces/cmake/export_ros2web_interfaces__rosidl_generator_cppExport.cmake
[0.812s] -- Up-to-date: /root/ros2_workspace/install/ros2web_interfaces/share/ros2web_interfaces/cmake/export_ros2web_interfaces__rosidl_typesupport_fastrtps_cppExport.cmake
[0.812s] -- Up-to-date: /root/ros2_workspace/install/ros2web_interfaces/share/ros2web_interfaces/cmake/export_ros2web_interfaces__rosidl_typesupport_fastrtps_cppExport-noconfig.cmake
[0.812s] -- Up-to-date: /root/ros2_workspace/install/ros2web_interfaces/share/ros2web_interfaces/cmake/ros2web_interfaces__rosidl_typesupport_introspection_cppExport.cmake
[0.812s] -- Up-to-date: /root/ros2_workspace/install/ros2web_interfaces/share/ros2web_interfaces/cmake/ros2web_interfaces__rosidl_typesupport_introspection_cppExport-noconfig.cmake
[0.812s] -- Up-to-date: /root/ros2_workspace/install/ros2web_interfaces/share/ros2web_interfaces/cmake/ros2web_interfaces__rosidl_typesupport_cppExport.cmake
[0.812s] -- Up-to-date: /root/ros2_workspace/install/ros2web_interfaces/share/ros2web_interfaces/cmake/ros2web_interfaces__rosidl_typesupport_cppExport-noconfig.cmake
[0.812s] -- Up-to-date: /root/ros2_workspace/install/ros2web_interfaces/share/ros2web_interfaces/cmake/export_ros2web_interfaces__rosidl_generator_pyExport.cmake
[0.812s] -- Up-to-date: /root/ros2_workspace/install/ros2web_interfaces/share/ros2web_interfaces/cmake/export_ros2web_interfaces__rosidl_generator_pyExport-noconfig.cmake
[0.820s] Invoked command in '/root/ros2_workspace/build/ros2web_interfaces' returned '0': CMAKE_PREFIX_PATH=/opt/ros/humble /usr/bin/cmake --install /root/ros2_workspace/build/ros2web_interfaces
