[0.018s] Invoking command in '/root/ros2_workspace/build/moveit_servo': CMAKE_PREFIX_PATH=/opt/ros/humble /usr/bin/cmake /root/ros2_workspace/src/roarm_ws_em0/src/roarm_main/moveit_servo -DAMENT_CMAKE_SYMLINK_INSTALL=1 -DCMAKE_INSTALL_PREFIX=/root/ros2_workspace/install/moveit_servo
[0.290s] -- The C compiler identification is GNU 11.4.0
[0.290s] -- The CXX compiler identification is GNU 11.4.0
[0.290s] -- Detecting C compiler ABI info
[0.290s] -- Detecting C compiler ABI info - done
[0.290s] -- Check for working C compiler: /usr/bin/cc - skipped
[0.290s] -- Detecting C compile features
[0.290s] -- Detecting C compile features - done
[0.290s] -- Detecting CXX compiler ABI info
[0.368s] -- Detecting CXX compiler ABI info - done
[0.377s] -- Check for working CXX compiler: /usr/bin/c++ - skipped
[0.377s] -- Detecting CXX compile features
[0.377s] -- Detecting CXX compile features - done
[0.380s] -- Found moveit_common: 2.5.9 (/opt/ros/humble/share/moveit_common/cmake)
[0.382s] -- Found ament_cmake: 1.3.11 (/opt/ros/humble/share/ament_cmake/cmake)
[0.555s] -- Found Python3: /usr/bin/python3 (found version "3.10.12") found components: Interpreter 
[0.624s] -- Override CMake install command with custom implementation using symlinks instead of copying resources
[0.709s] moveit_servo: You did not request a specific build type: Choosing 'Release' for maximum performance
[0.711s] -- Found eigen3_cmake_module: 0.1.1 (/opt/ros/humble/share/eigen3_cmake_module/cmake)
[0.717s] -- Found Eigen3: TRUE (found version "3.4.0") 
[0.718s] -- Found control_msgs: 4.8.0 (/opt/ros/humble/share/control_msgs/cmake)
[0.754s] -- Found rosidl_generator_c: 3.1.6 (/opt/ros/humble/share/rosidl_generator_c/cmake)
[0.759s] -- Found rosidl_adapter: 3.1.6 (/opt/ros/humble/share/rosidl_adapter/cmake)
[0.766s] -- Found rosidl_generator_cpp: 3.1.6 (/opt/ros/humble/share/rosidl_generator_cpp/cmake)
[0.778s] -- Using all available rosidl_typesupport_c: rosidl_typesupport_fastrtps_c;rosidl_typesupport_introspection_c
[0.793s] -- Using all available rosidl_typesupport_cpp: rosidl_typesupport_fastrtps_cpp;rosidl_typesupport_introspection_cpp
[0.934s] -- Found control_toolbox: 3.6.1 (/opt/ros/humble/share/control_toolbox/cmake)
[0.989s] -- Found rmw_implementation_cmake: 6.1.2 (/opt/ros/humble/share/rmw_implementation_cmake/cmake)
[0.992s] -- Found rmw_fastrtps_cpp: 6.2.7 (/opt/ros/humble/share/rmw_fastrtps_cpp/cmake)
[1.113s] -- Found OpenSSL: /usr/lib/x86_64-linux-gnu/libcrypto.so (found version "3.0.2")  
[1.147s] -- Found FastRTPS: /opt/ros/humble/include  
[1.186s] -- Using RMW implementation 'rmw_fastrtps_cpp' as default
[1.195s] -- Looking for pthread.h
[1.335s] -- Looking for pthread.h - found
[1.335s] -- Performing Test CMAKE_HAVE_LIBC_PTHREAD
[1.444s] -- Performing Test CMAKE_HAVE_LIBC_PTHREAD - Success
[1.445s] -- Found Threads: TRUE  
[1.630s] -- Found moveit_core: 2.5.9 (/opt/ros/humble/share/moveit_core/cmake)
[1.670s] -- Found Boost: /usr/lib/x86_64-linux-gnu/cmake/Boost-1.74.0/BoostConfig.cmake (found version "1.74.0") found components: chrono date_time filesystem iostreams program_options regex serialization system thread 
[1.719s] -- Found Boost: /usr/lib/x86_64-linux-gnu/cmake/Boost-1.74.0/BoostConfig.cmake (found version "1.74.0") found components: filesystem 
[1.811s] -- library: /usr/lib/x86_64-linux-gnu/libcurl.so
[1.870s] -- Ensuring Eigen3 include directory is part of orocos-kdl CMake target
[2.074s] -- Found moveit_ros_planning: 2.5.9 (/opt/ros/humble/share/moveit_ros_planning/cmake)
[2.081s] -- Found Boost: /usr/lib/x86_64-linux-gnu/cmake/Boost-1.74.0/BoostConfig.cmake (found version "1.74.0") found components: system filesystem date_time program_options thread chrono 
[2.111s] -- Found std_srvs: 4.8.0 (/opt/ros/humble/share/std_srvs/cmake)
[2.221s] -- Found ament_lint_auto: 0.12.12 (/opt/ros/humble/share/ament_lint_auto/cmake)
[2.236s] -- Found ament_cmake_gtest: 1.3.11 (/opt/ros/humble/share/ament_cmake_gtest/cmake)
[2.241s] -- Found Boost: /usr/lib/x86_64-linux-gnu/cmake/Boost-1.74.0/BoostConfig.cmake (found version "1.74.0") found components: filesystem 
[2.307s] -- Found gtest sources under '/opt/ros/humble/src/gtest_vendor': C++ tests using 'Google Test' will be built
[2.362s] -- Added test 'cppcheck' to perform static code analysis on C / C++ code
[2.364s] -- Configured cppcheck include dirs: /root/ros2_workspace/src/roarm_ws_em0/src/roarm_main/moveit_servo/include
[2.364s] -- Configured cppcheck exclude dirs and/or files: 
[2.365s] -- Added test 'lint_cmake' to check CMake code style
[2.366s] -- Added test 'pep257' to check Python code against some of the docstring style conventions in PEP 257
[2.367s] -- Added test 'xmllint' to check XML markup files
[2.369s] -- Configuring done
[2.571s] -- Generating done
[2.652s] -- Build files have been written to: /root/ros2_workspace/build/moveit_servo
[2.687s] Invoked command in '/root/ros2_workspace/build/moveit_servo' returned '0': CMAKE_PREFIX_PATH=/opt/ros/humble /usr/bin/cmake /root/ros2_workspace/src/roarm_ws_em0/src/roarm_main/moveit_servo -DAMENT_CMAKE_SYMLINK_INSTALL=1 -DCMAKE_INSTALL_PREFIX=/root/ros2_workspace/install/moveit_servo
[2.687s] Invoking command in '/root/ros2_workspace/build/moveit_servo': CMAKE_PREFIX_PATH=/opt/ros/humble /usr/bin/cmake --build /root/ros2_workspace/build/moveit_servo -- -j4 -l4
[2.840s] [  3%] Building CXX object CMakeFiles/fake_command_publisher.dir/test/publish_fake_jog_commands.cpp.o
[2.848s] [  6%] Building CXX object CMakeFiles/moveit_servo_lib_parameters.dir/src/servo_parameters.cpp.o
[2.849s] [  9%] Building CXX object gtest/CMakeFiles/gtest_main.dir/src/gtest_main.cc.o
[2.861s] [ 12%] Building CXX object CMakeFiles/servo_controller_input.dir/src/teleop_demo/joystick_servo_example.cpp.o
[5.696s] [ 15%] Linking CXX static library libgtest_main.a
[5.873s] [ 15%] Built target gtest_main
[6.018s] [ 18%] Building CXX object gtest/CMakeFiles/gtest.dir/src/gtest-all.cc.o
[28.644s] [ 21%] Linking CXX executable fake_command_publisher
[29.367s] [ 21%] Built target fake_command_publisher
[35.244s] [ 24%] Linking CXX static library libgtest.a
[35.364s] [ 24%] Built target gtest
[38.104s] [ 27%] Building CXX object CMakeFiles/moveit_servo_lib_parameters.dir/src/parameter_descriptor_builder.cpp.o
[38.773s] [ 30%] Linking CXX shared library libmoveit_servo_lib_parameters.so
[38.954s] [ 30%] Built target moveit_servo_lib_parameters
[39.870s] [ 33%] Linking CXX shared library libservo_controller_input.so
[40.247s] [ 33%] Built target servo_controller_input
[40.269s] [ 36%] Building CXX object CMakeFiles/test_servo_collision.dir/test/test_servo_collision.cpp.o
[68.550s] [ 39%] Linking CXX executable test_servo_collision
[69.031s] [ 39%] Built target test_servo_collision
[69.058s] [ 45%] Building CXX object CMakeFiles/test_servo_integration.dir/test/test_servo_interface.cpp.o
[69.059s] [ 45%] Building CXX object CMakeFiles/moveit_servo_lib.dir/src/collision_check.cpp.o
[69.059s] [ 48%] Building CXX object CMakeFiles/moveit_servo_lib.dir/src/enforce_limits.cpp.o
[70.072s] [ 51%] Building CXX object CMakeFiles/moveit_servo_lib.dir/src/servo.cpp.o
[73.768s] [ 54%] Building CXX object CMakeFiles/moveit_servo_lib.dir/src/servo_calcs.cpp.o
[82.166s] [ 57%] Building CXX object CMakeFiles/moveit_servo_lib.dir/src/utilities.cpp.o
[103.286s] [ 60%] Linking CXX executable test_servo_integration
[103.713s] [ 60%] Built target test_servo_integration
