[0.018s] Invoking command in '/root/ros2_workspace/build/xarm_6_launch': CMAKE_PREFIX_PATH=${CMAKE_PREFIX_PATH}:/root/ros2_workspace/install/xarm_6_isaac_sim:/root/ros2_workspace/install/ros2web_widgets:/root/ros2_workspace/install/ros2web_example_py:/root/ros2_workspace/install/roarm_web_app:/root/ros2_workspace/install/ros2web_app:/root/ros2_workspace/install/ros2web:/root/ros2_workspace/install/roarm_driver:/root/ros2_workspace/install/launch_api:/opt/ros/humble /usr/bin/cmake /root/ros2_workspace/src/xarm_6_launch -DAMENT_CMAKE_SYMLINK_INSTALL=1 -DCMAKE_INSTALL_PREFIX=/root/ros2_workspace/install/xarm_6_launch
[0.072s] -- The C compiler identification is GNU 11.4.0
[0.142s] -- The CXX compiler identification is GNU 11.4.0
[0.149s] -- Detecting C compiler ABI info
[0.217s] -- Detecting C compiler ABI info - done
[0.225s] -- Check for working C compiler: /usr/bin/cc - skipped
[0.225s] -- Detecting C compile features
[0.225s] -- Detecting C compile features - done
[0.229s] -- Detecting CXX compiler ABI info
[0.320s] -- Detecting CXX compiler ABI info - done
[0.327s] -- Check for working CXX compiler: /usr/bin/c++ - skipped
[0.327s] -- Detecting CXX compile features
[0.328s] -- Detecting CXX compile features - done
[0.332s] -- Found ament_cmake: 1.3.11 (/opt/ros/humble/share/ament_cmake/cmake)
[0.531s] -- Found Python3: /usr/bin/python3 (found version "3.10.12") found components: Interpreter 
[0.618s] -- Override CMake install command with custom implementation using symlinks instead of copying resources
[0.668s] -- Found ament_lint_auto: 0.12.12 (/opt/ros/humble/share/ament_lint_auto/cmake)
[0.771s] -- Added test 'copyright' to check source files copyright and LICENSE
[0.772s] -- Added test 'flake8' to check Python code syntax and style conventions
[0.773s] -- Added test 'lint_cmake' to check CMake code style
[0.774s] -- Added test 'pep257' to check Python code against some of the docstring style conventions in PEP 257
[0.775s] -- Added test 'xmllint' to check XML markup files
[0.777s] -- Configuring done
[0.780s] -- Generating done
[0.781s] -- Build files have been written to: /root/ros2_workspace/build/xarm_6_launch
[0.787s] Invoked command in '/root/ros2_workspace/build/xarm_6_launch' returned '0': CMAKE_PREFIX_PATH=${CMAKE_PREFIX_PATH}:/root/ros2_workspace/install/xarm_6_isaac_sim:/root/ros2_workspace/install/ros2web_widgets:/root/ros2_workspace/install/ros2web_example_py:/root/ros2_workspace/install/roarm_web_app:/root/ros2_workspace/install/ros2web_app:/root/ros2_workspace/install/ros2web:/root/ros2_workspace/install/roarm_driver:/root/ros2_workspace/install/launch_api:/opt/ros/humble /usr/bin/cmake /root/ros2_workspace/src/xarm_6_launch -DAMENT_CMAKE_SYMLINK_INSTALL=1 -DCMAKE_INSTALL_PREFIX=/root/ros2_workspace/install/xarm_6_launch
[0.787s] Invoking command in '/root/ros2_workspace/build/xarm_6_launch': CMAKE_PREFIX_PATH=${CMAKE_PREFIX_PATH}:/root/ros2_workspace/install/xarm_6_isaac_sim:/root/ros2_workspace/install/ros2web_widgets:/root/ros2_workspace/install/ros2web_example_py:/root/ros2_workspace/install/roarm_web_app:/root/ros2_workspace/install/ros2web_app:/root/ros2_workspace/install/ros2web:/root/ros2_workspace/install/roarm_driver:/root/ros2_workspace/install/launch_api:/opt/ros/humble /usr/bin/cmake --build /root/ros2_workspace/build/xarm_6_launch -- -j4 -l4
[0.828s] Invoked command in '/root/ros2_workspace/build/xarm_6_launch' returned '0': CMAKE_PREFIX_PATH=${CMAKE_PREFIX_PATH}:/root/ros2_workspace/install/xarm_6_isaac_sim:/root/ros2_workspace/install/ros2web_widgets:/root/ros2_workspace/install/ros2web_example_py:/root/ros2_workspace/install/roarm_web_app:/root/ros2_workspace/install/ros2web_app:/root/ros2_workspace/install/ros2web:/root/ros2_workspace/install/roarm_driver:/root/ros2_workspace/install/launch_api:/opt/ros/humble /usr/bin/cmake --build /root/ros2_workspace/build/xarm_6_launch -- -j4 -l4
[0.837s] Invoking command in '/root/ros2_workspace/build/xarm_6_launch': CMAKE_PREFIX_PATH=${CMAKE_PREFIX_PATH}:/root/ros2_workspace/install/xarm_6_isaac_sim:/root/ros2_workspace/install/ros2web_widgets:/root/ros2_workspace/install/ros2web_example_py:/root/ros2_workspace/install/roarm_web_app:/root/ros2_workspace/install/ros2web_app:/root/ros2_workspace/install/ros2web:/root/ros2_workspace/install/roarm_driver:/root/ros2_workspace/install/launch_api:/opt/ros/humble /usr/bin/cmake --install /root/ros2_workspace/build/xarm_6_launch
[0.844s] -- Install configuration: ""
[0.844s] -- Execute custom install script
[0.845s] -- Symlinking: /root/ros2_workspace/install/xarm_6_launch/share/xarm_6_launch/launch/xarm_6_complete.launch.py
[0.854s] -- Symlinking: /root/ros2_workspace/install/xarm_6_launch/share/xarm_6_launch/launch/xarm_6_gazebo_moveit.launch.py
[0.862s] -- Symlinking: /root/ros2_workspace/install/xarm_6_launch/share/xarm_6_launch/launch/xarm_6_isaac_training.launch.py
[0.871s] -- Symlinking: /root/ros2_workspace/install/xarm_6_launch/share/xarm_6_launch/config/xarm_6_integration.py
[0.880s] -- Symlinking: /root/ros2_workspace/install/xarm_6_launch/share/xarm_6_launch/config/xarm_6_training_config.yaml
[0.889s] -- Symlinking: /root/ros2_workspace/install/xarm_6_launch/share/ament_index/resource_index/package_run_dependencies/xarm_6_launch
[0.897s] -- Symlinking: /root/ros2_workspace/install/xarm_6_launch/share/ament_index/resource_index/parent_prefix_path/xarm_6_launch
[0.906s] -- Symlinking: /root/ros2_workspace/install/xarm_6_launch/share/xarm_6_launch/environment/ament_prefix_path.sh
[0.915s] -- Symlinking: /root/ros2_workspace/install/xarm_6_launch/share/xarm_6_launch/environment/ament_prefix_path.dsv
[0.923s] -- Symlinking: /root/ros2_workspace/install/xarm_6_launch/share/xarm_6_launch/environment/path.sh
[0.933s] -- Symlinking: /root/ros2_workspace/install/xarm_6_launch/share/xarm_6_launch/environment/path.dsv
[0.943s] -- Symlinking: /root/ros2_workspace/install/xarm_6_launch/share/xarm_6_launch/local_setup.bash
[0.952s] -- Symlinking: /root/ros2_workspace/install/xarm_6_launch/share/xarm_6_launch/local_setup.sh
[0.964s] -- Symlinking: /root/ros2_workspace/install/xarm_6_launch/share/xarm_6_launch/local_setup.zsh
[0.975s] -- Symlinking: /root/ros2_workspace/install/xarm_6_launch/share/xarm_6_launch/local_setup.dsv
[0.986s] -- Symlinking: /root/ros2_workspace/install/xarm_6_launch/share/xarm_6_launch/package.dsv
[0.998s] -- Symlinking: /root/ros2_workspace/install/xarm_6_launch/share/ament_index/resource_index/packages/xarm_6_launch
[1.010s] -- Symlinking: /root/ros2_workspace/install/xarm_6_launch/share/xarm_6_launch/cmake/xarm_6_launchConfig.cmake
[1.022s] -- Symlinking: /root/ros2_workspace/install/xarm_6_launch/share/xarm_6_launch/cmake/xarm_6_launchConfig-version.cmake
[1.033s] -- Symlinking: /root/ros2_workspace/install/xarm_6_launch/share/xarm_6_launch/package.xml
[1.046s] Invoked command in '/root/ros2_workspace/build/xarm_6_launch' returned '0': CMAKE_PREFIX_PATH=${CMAKE_PREFIX_PATH}:/root/ros2_workspace/install/xarm_6_isaac_sim:/root/ros2_workspace/install/ros2web_widgets:/root/ros2_workspace/install/ros2web_example_py:/root/ros2_workspace/install/roarm_web_app:/root/ros2_workspace/install/ros2web_app:/root/ros2_workspace/install/ros2web:/root/ros2_workspace/install/roarm_driver:/root/ros2_workspace/install/launch_api:/opt/ros/humble /usr/bin/cmake --install /root/ros2_workspace/build/xarm_6_launch
