[0.011s] Invoking command in '/root/ros2_workspace/build/roarm_anygrasp_integration': CMAKE_PREFIX_PATH=/opt/ros/humble /usr/bin/cmake --build /root/ros2_workspace/build/roarm_anygrasp_integration -- -j4 -l4
[0.087s] Consolidate compiler generated dependencies of target roarm_anygrasp_integration__rosidl_generator_c
[0.101s] [  1%] Built target roarm_anygrasp_integration__cpp
[0.112s] [ 12%] Built target roarm_anygrasp_integration__rosidl_generator_c
[0.134s] Consolidate compiler generated dependencies of target roarm_anygrasp_integration__rosidl_typesupport_cpp
[0.146s] [ 12%] Built target ament_cmake_python_symlink_roarm_anygrasp_integration
[0.162s] Consolidate compiler generated dependencies of target roarm_anygrasp_integration__rosidl_typesupport_introspection_cpp
[0.169s] Consolidate compiler generated dependencies of target roarm_anygrasp_integration__rosidl_typesupport_fastrtps_cpp
[0.177s] [ 23%] Built target roarm_anygrasp_integration__rosidl_typesupport_cpp
[0.180s] [ 34%] Built target roarm_anygrasp_integration__rosidl_typesupport_introspection_cpp
[0.201s] Consolidate compiler generated dependencies of target roarm_anygrasp_integration__rosidl_typesupport_fastrtps_c
[0.211s] [ 46%] Built target roarm_anygrasp_integration__rosidl_typesupport_fastrtps_cpp
[0.248s] Consolidate compiler generated dependencies of target roarm_anygrasp_integration__rosidl_typesupport_introspection_c
[0.248s] [ 57%] Built target roarm_anygrasp_integration__rosidl_typesupport_fastrtps_c
[0.248s] Consolidate compiler generated dependencies of target roarm_anygrasp_integration__rosidl_typesupport_c
[0.291s] [ 74%] Built target roarm_anygrasp_integration__rosidl_typesupport_introspection_c
[0.291s] [ 79%] Built target roarm_anygrasp_integration__rosidl_typesupport_c
[0.387s] [ 79%] Built target roarm_anygrasp_integration
[0.708s] [ 80%] Built target roarm_anygrasp_integration__py
[0.708s] Consolidate compiler generated dependencies of target roarm_anygrasp_integration__rosidl_generator_py
[0.708s] running egg_info
[0.708s] writing roarm_anygrasp_integration.egg-info/PKG-INFO
[0.708s] writing dependency_links to roarm_anygrasp_integration.egg-info/dependency_links.txt
[0.709s] writing top-level names to roarm_anygrasp_integration.egg-info/top_level.txt
[0.709s] reading manifest file 'roarm_anygrasp_integration.egg-info/SOURCES.txt'
[0.709s] writing manifest file 'roarm_anygrasp_integration.egg-info/SOURCES.txt'
[0.709s] [ 90%] Built target roarm_anygrasp_integration__rosidl_generator_py
[0.709s] [ 90%] Built target ament_cmake_python_build_roarm_anygrasp_integration_egg
[0.709s] Consolidate compiler generated dependencies of target roarm_anygrasp_integration__rosidl_typesupport_fastrtps_c__pyext
[0.709s] Consolidate compiler generated dependencies of target roarm_anygrasp_integration__rosidl_typesupport_introspection_c__pyext
[0.709s] [ 93%] Built target roarm_anygrasp_integration__rosidl_typesupport_fastrtps_c__pyext
[0.709s] [ 96%] Built target roarm_anygrasp_integration__rosidl_typesupport_introspection_c__pyext
[0.709s] Consolidate compiler generated dependencies of target roarm_anygrasp_integration__rosidl_typesupport_c__pyext
[0.709s] [100%] Built target roarm_anygrasp_integration__rosidl_typesupport_c__pyext
[0.710s] Invoked command in '/root/ros2_workspace/build/roarm_anygrasp_integration' returned '0': CMAKE_PREFIX_PATH=/opt/ros/humble /usr/bin/cmake --build /root/ros2_workspace/build/roarm_anygrasp_integration -- -j4 -l4
[0.711s] Invoking command in '/root/ros2_workspace/build/roarm_anygrasp_integration': CMAKE_PREFIX_PATH=/opt/ros/humble /usr/bin/cmake --install /root/ros2_workspace/build/roarm_anygrasp_integration
[0.719s] -- Install configuration: ""
[0.721s] -- Execute custom install script
[0.721s] -- Up-to-date symlink: /root/ros2_workspace/install/roarm_anygrasp_integration/share/ament_index/resource_index/rosidl_interfaces/roarm_anygrasp_integration
[0.722s] -- Up-to-date symlink: /root/ros2_workspace/install/roarm_anygrasp_integration/include/roarm_anygrasp_integration/roarm_anygrasp_integration/msg/rosidl_generator_c__visibility_control.h
[0.722s] -- Up-to-date symlink: /root/ros2_workspace/install/roarm_anygrasp_integration/include/roarm_anygrasp_integration/roarm_anygrasp_integration/srv/calibrate_camera.h
[0.722s] -- Up-to-date symlink: /root/ros2_workspace/install/roarm_anygrasp_integration/include/roarm_anygrasp_integration/roarm_anygrasp_integration/srv/configure_roboflow.h
[0.722s] -- Up-to-date symlink: /root/ros2_workspace/install/roarm_anygrasp_integration/include/roarm_anygrasp_integration/roarm_anygrasp_integration/srv/detail/calibrate_camera__functions.h
[0.722s] -- Up-to-date symlink: /root/ros2_workspace/install/roarm_anygrasp_integration/include/roarm_anygrasp_integration/roarm_anygrasp_integration/srv/detail/calibrate_camera__struct.h
[0.723s] -- Up-to-date symlink: /root/ros2_workspace/install/roarm_anygrasp_integration/include/roarm_anygrasp_integration/roarm_anygrasp_integration/srv/detail/calibrate_camera__type_support.h
[0.723s] -- Up-to-date symlink: /root/ros2_workspace/install/roarm_anygrasp_integration/include/roarm_anygrasp_integration/roarm_anygrasp_integration/srv/detail/configure_roboflow__functions.h
[0.723s] -- Up-to-date symlink: /root/ros2_workspace/install/roarm_anygrasp_integration/include/roarm_anygrasp_integration/roarm_anygrasp_integration/srv/detail/configure_roboflow__struct.h
[0.723s] -- Up-to-date symlink: /root/ros2_workspace/install/roarm_anygrasp_integration/include/roarm_anygrasp_integration/roarm_anygrasp_integration/srv/detail/configure_roboflow__type_support.h
[0.723s] -- Up-to-date symlink: /root/ros2_workspace/install/roarm_anygrasp_integration/include/roarm_anygrasp_integration/roarm_anygrasp_integration/srv/detail/get_grasp_candidates__functions.h
[0.723s] -- Up-to-date symlink: /root/ros2_workspace/install/roarm_anygrasp_integration/include/roarm_anygrasp_integration/roarm_anygrasp_integration/srv/detail/get_grasp_candidates__struct.h
[0.723s] -- Up-to-date symlink: /root/ros2_workspace/install/roarm_anygrasp_integration/include/roarm_anygrasp_integration/roarm_anygrasp_integration/srv/detail/get_grasp_candidates__type_support.h
[0.723s] -- Up-to-date symlink: /root/ros2_workspace/install/roarm_anygrasp_integration/include/roarm_anygrasp_integration/roarm_anygrasp_integration/srv/detail/select_grasp__functions.h
[0.724s] -- Up-to-date symlink: /root/ros2_workspace/install/roarm_anygrasp_integration/include/roarm_anygrasp_integration/roarm_anygrasp_integration/srv/detail/select_grasp__struct.h
[0.724s] -- Up-to-date symlink: /root/ros2_workspace/install/roarm_anygrasp_integration/include/roarm_anygrasp_integration/roarm_anygrasp_integration/srv/detail/select_grasp__type_support.h
[0.724s] -- Up-to-date symlink: /root/ros2_workspace/install/roarm_anygrasp_integration/include/roarm_anygrasp_integration/roarm_anygrasp_integration/srv/detail/upload_to_roboflow__functions.h
[0.724s] -- Up-to-date symlink: /root/ros2_workspace/install/roarm_anygrasp_integration/include/roarm_anygrasp_integration/roarm_anygrasp_integration/srv/detail/upload_to_roboflow__struct.h
[0.724s] -- Up-to-date symlink: /root/ros2_workspace/install/roarm_anygrasp_integration/include/roarm_anygrasp_integration/roarm_anygrasp_integration/srv/detail/upload_to_roboflow__type_support.h
[0.724s] -- Up-to-date symlink: /root/ros2_workspace/install/roarm_anygrasp_integration/include/roarm_anygrasp_integration/roarm_anygrasp_integration/srv/get_grasp_candidates.h
[0.724s] -- Up-to-date symlink: /root/ros2_workspace/install/roarm_anygrasp_integration/include/roarm_anygrasp_integration/roarm_anygrasp_integration/srv/select_grasp.h
[0.724s] -- Up-to-date symlink: /root/ros2_workspace/install/roarm_anygrasp_integration/include/roarm_anygrasp_integration/roarm_anygrasp_integration/srv/upload_to_roboflow.h
[0.724s] -- Up-to-date symlink: /root/ros2_workspace/install/roarm_anygrasp_integration/share/roarm_anygrasp_integration/environment/library_path.sh
[0.724s] -- Up-to-date symlink: /root/ros2_workspace/install/roarm_anygrasp_integration/share/roarm_anygrasp_integration/environment/library_path.dsv
[0.724s] -- Up-to-date symlink: /root/ros2_workspace/install/roarm_anygrasp_integration/include/roarm_anygrasp_integration/roarm_anygrasp_integration/msg/rosidl_typesupport_fastrtps_c__visibility_control.h
[0.724s] -- Up-to-date symlink: /root/ros2_workspace/install/roarm_anygrasp_integration/include/roarm_anygrasp_integration/roarm_anygrasp_integration/srv/detail/calibrate_camera__rosidl_typesupport_fastrtps_c.h
[0.724s] -- Up-to-date symlink: /root/ros2_workspace/install/roarm_anygrasp_integration/include/roarm_anygrasp_integration/roarm_anygrasp_integration/srv/detail/configure_roboflow__rosidl_typesupport_fastrtps_c.h
[0.725s] -- Up-to-date symlink: /root/ros2_workspace/install/roarm_anygrasp_integration/include/roarm_anygrasp_integration/roarm_anygrasp_integration/srv/detail/get_grasp_candidates__rosidl_typesupport_fastrtps_c.h
[0.725s] -- Up-to-date symlink: /root/ros2_workspace/install/roarm_anygrasp_integration/include/roarm_anygrasp_integration/roarm_anygrasp_integration/srv/detail/select_grasp__rosidl_typesupport_fastrtps_c.h
[0.725s] -- Up-to-date symlink: /root/ros2_workspace/install/roarm_anygrasp_integration/include/roarm_anygrasp_integration/roarm_anygrasp_integration/srv/detail/upload_to_roboflow__rosidl_typesupport_fastrtps_c.h
[0.725s] -- Up-to-date symlink: /root/ros2_workspace/install/roarm_anygrasp_integration/include/roarm_anygrasp_integration/roarm_anygrasp_integration/msg/rosidl_generator_cpp__visibility_control.hpp
[0.725s] -- Up-to-date symlink: /root/ros2_workspace/install/roarm_anygrasp_integration/include/roarm_anygrasp_integration/roarm_anygrasp_integration/srv/calibrate_camera.hpp
[0.725s] -- Up-to-date symlink: /root/ros2_workspace/install/roarm_anygrasp_integration/include/roarm_anygrasp_integration/roarm_anygrasp_integration/srv/configure_roboflow.hpp
[0.726s] -- Up-to-date symlink: /root/ros2_workspace/install/roarm_anygrasp_integration/include/roarm_anygrasp_integration/roarm_anygrasp_integration/srv/detail/calibrate_camera__builder.hpp
[0.726s] -- Up-to-date symlink: /root/ros2_workspace/install/roarm_anygrasp_integration/include/roarm_anygrasp_integration/roarm_anygrasp_integration/srv/detail/calibrate_camera__struct.hpp
[0.726s] -- Up-to-date symlink: /root/ros2_workspace/install/roarm_anygrasp_integration/include/roarm_anygrasp_integration/roarm_anygrasp_integration/srv/detail/calibrate_camera__traits.hpp
[0.726s] -- Up-to-date symlink: /root/ros2_workspace/install/roarm_anygrasp_integration/include/roarm_anygrasp_integration/roarm_anygrasp_integration/srv/detail/calibrate_camera__type_support.hpp
[0.727s] -- Up-to-date symlink: /root/ros2_workspace/install/roarm_anygrasp_integration/include/roarm_anygrasp_integration/roarm_anygrasp_integration/srv/detail/configure_roboflow__builder.hpp
[0.727s] -- Up-to-date symlink: /root/ros2_workspace/install/roarm_anygrasp_integration/include/roarm_anygrasp_integration/roarm_anygrasp_integration/srv/detail/configure_roboflow__struct.hpp
[0.727s] -- Up-to-date symlink: /root/ros2_workspace/install/roarm_anygrasp_integration/include/roarm_anygrasp_integration/roarm_anygrasp_integration/srv/detail/configure_roboflow__traits.hpp
[0.727s] -- Up-to-date symlink: /root/ros2_workspace/install/roarm_anygrasp_integration/include/roarm_anygrasp_integration/roarm_anygrasp_integration/srv/detail/configure_roboflow__type_support.hpp
[0.727s] -- Up-to-date symlink: /root/ros2_workspace/install/roarm_anygrasp_integration/include/roarm_anygrasp_integration/roarm_anygrasp_integration/srv/detail/get_grasp_candidates__builder.hpp
[0.727s] -- Up-to-date symlink: /root/ros2_workspace/install/roarm_anygrasp_integration/include/roarm_anygrasp_integration/roarm_anygrasp_integration/srv/detail/get_grasp_candidates__struct.hpp
[0.727s] -- Up-to-date symlink: /root/ros2_workspace/install/roarm_anygrasp_integration/include/roarm_anygrasp_integration/roarm_anygrasp_integration/srv/detail/get_grasp_candidates__traits.hpp
[0.727s] -- Up-to-date symlink: /root/ros2_workspace/install/roarm_anygrasp_integration/include/roarm_anygrasp_integration/roarm_anygrasp_integration/srv/detail/get_grasp_candidates__type_support.hpp
[0.727s] -- Up-to-date symlink: /root/ros2_workspace/install/roarm_anygrasp_integration/include/roarm_anygrasp_integration/roarm_anygrasp_integration/srv/detail/select_grasp__builder.hpp
[0.728s] -- Up-to-date symlink: /root/ros2_workspace/install/roarm_anygrasp_integration/include/roarm_anygrasp_integration/roarm_anygrasp_integration/srv/detail/select_grasp__struct.hpp
[0.728s] -- Up-to-date symlink: /root/ros2_workspace/install/roarm_anygrasp_integration/include/roarm_anygrasp_integration/roarm_anygrasp_integration/srv/detail/select_grasp__traits.hpp
[0.728s] -- Up-to-date symlink: /root/ros2_workspace/install/roarm_anygrasp_integration/include/roarm_anygrasp_integration/roarm_anygrasp_integration/srv/detail/select_grasp__type_support.hpp
[0.728s] -- Up-to-date symlink: /root/ros2_workspace/install/roarm_anygrasp_integration/include/roarm_anygrasp_integration/roarm_anygrasp_integration/srv/detail/upload_to_roboflow__builder.hpp
[0.728s] -- Up-to-date symlink: /root/ros2_workspace/install/roarm_anygrasp_integration/include/roarm_anygrasp_integration/roarm_anygrasp_integration/srv/detail/upload_to_roboflow__struct.hpp
[0.728s] -- Up-to-date symlink: /root/ros2_workspace/install/roarm_anygrasp_integration/include/roarm_anygrasp_integration/roarm_anygrasp_integration/srv/detail/upload_to_roboflow__traits.hpp
[0.729s] -- Up-to-date symlink: /root/ros2_workspace/install/roarm_anygrasp_integration/include/roarm_anygrasp_integration/roarm_anygrasp_integration/srv/detail/upload_to_roboflow__type_support.hpp
[0.729s] -- Up-to-date symlink: /root/ros2_workspace/install/roarm_anygrasp_integration/include/roarm_anygrasp_integration/roarm_anygrasp_integration/srv/get_grasp_candidates.hpp
[0.729s] -- Up-to-date symlink: /root/ros2_workspace/install/roarm_anygrasp_integration/include/roarm_anygrasp_integration/roarm_anygrasp_integration/srv/select_grasp.hpp
[0.729s] -- Up-to-date symlink: /root/ros2_workspace/install/roarm_anygrasp_integration/include/roarm_anygrasp_integration/roarm_anygrasp_integration/srv/upload_to_roboflow.hpp
[0.729s] -- Up-to-date symlink: /root/ros2_workspace/install/roarm_anygrasp_integration/include/roarm_anygrasp_integration/roarm_anygrasp_integration/msg/rosidl_typesupport_fastrtps_cpp__visibility_control.h
[0.729s] -- Up-to-date symlink: /root/ros2_workspace/install/roarm_anygrasp_integration/include/roarm_anygrasp_integration/roarm_anygrasp_integration/srv/detail/calibrate_camera__rosidl_typesupport_fastrtps_cpp.hpp
[0.729s] -- Up-to-date symlink: /root/ros2_workspace/install/roarm_anygrasp_integration/include/roarm_anygrasp_integration/roarm_anygrasp_integration/srv/detail/configure_roboflow__rosidl_typesupport_fastrtps_cpp.hpp
[0.730s] -- Up-to-date symlink: /root/ros2_workspace/install/roarm_anygrasp_integration/include/roarm_anygrasp_integration/roarm_anygrasp_integration/srv/detail/get_grasp_candidates__rosidl_typesupport_fastrtps_cpp.hpp
[0.730s] -- Up-to-date symlink: /root/ros2_workspace/install/roarm_anygrasp_integration/include/roarm_anygrasp_integration/roarm_anygrasp_integration/srv/detail/select_grasp__rosidl_typesupport_fastrtps_cpp.hpp
[0.730s] -- Up-to-date symlink: /root/ros2_workspace/install/roarm_anygrasp_integration/include/roarm_anygrasp_integration/roarm_anygrasp_integration/srv/detail/upload_to_roboflow__rosidl_typesupport_fastrtps_cpp.hpp
[0.730s] -- Up-to-date symlink: /root/ros2_workspace/install/roarm_anygrasp_integration/include/roarm_anygrasp_integration/roarm_anygrasp_integration/msg/rosidl_typesupport_introspection_c__visibility_control.h
[0.730s] -- Up-to-date symlink: /root/ros2_workspace/install/roarm_anygrasp_integration/include/roarm_anygrasp_integration/roarm_anygrasp_integration/srv/detail/calibrate_camera__rosidl_typesupport_introspection_c.h
[0.730s] -- Up-to-date symlink: /root/ros2_workspace/install/roarm_anygrasp_integration/include/roarm_anygrasp_integration/roarm_anygrasp_integration/srv/detail/configure_roboflow__rosidl_typesupport_introspection_c.h
[0.730s] -- Up-to-date symlink: /root/ros2_workspace/install/roarm_anygrasp_integration/include/roarm_anygrasp_integration/roarm_anygrasp_integration/srv/detail/get_grasp_candidates__rosidl_typesupport_introspection_c.h
[0.730s] -- Up-to-date symlink: /root/ros2_workspace/install/roarm_anygrasp_integration/include/roarm_anygrasp_integration/roarm_anygrasp_integration/srv/detail/select_grasp__rosidl_typesupport_introspection_c.h
[0.730s] -- Up-to-date symlink: /root/ros2_workspace/install/roarm_anygrasp_integration/include/roarm_anygrasp_integration/roarm_anygrasp_integration/srv/detail/upload_to_roboflow__rosidl_typesupport_introspection_c.h
[0.731s] -- Up-to-date symlink: /root/ros2_workspace/install/roarm_anygrasp_integration/include/roarm_anygrasp_integration/roarm_anygrasp_integration/srv/detail/calibrate_camera__rosidl_typesupport_introspection_cpp.hpp
[0.731s] -- Up-to-date symlink: /root/ros2_workspace/install/roarm_anygrasp_integration/include/roarm_anygrasp_integration/roarm_anygrasp_integration/srv/detail/configure_roboflow__rosidl_typesupport_introspection_cpp.hpp
[0.731s] -- Up-to-date symlink: /root/ros2_workspace/install/roarm_anygrasp_integration/include/roarm_anygrasp_integration/roarm_anygrasp_integration/srv/detail/get_grasp_candidates__rosidl_typesupport_introspection_cpp.hpp
[0.731s] -- Up-to-date symlink: /root/ros2_workspace/install/roarm_anygrasp_integration/include/roarm_anygrasp_integration/roarm_anygrasp_integration/srv/detail/select_grasp__rosidl_typesupport_introspection_cpp.hpp
[0.731s] -- Up-to-date symlink: /root/ros2_workspace/install/roarm_anygrasp_integration/include/roarm_anygrasp_integration/roarm_anygrasp_integration/srv/detail/upload_to_roboflow__rosidl_typesupport_introspection_cpp.hpp
[0.731s] -- Up-to-date symlink: /root/ros2_workspace/install/roarm_anygrasp_integration/share/roarm_anygrasp_integration/environment/pythonpath.sh
[0.731s] -- Up-to-date symlink: /root/ros2_workspace/install/roarm_anygrasp_integration/share/roarm_anygrasp_integration/environment/pythonpath.dsv
[0.731s] -- Up-to-date symlink: /root/ros2_workspace/install/roarm_anygrasp_integration/local/lib/python3.10/dist-packages/roarm_anygrasp_integration-0.0.0-py3.10.egg-info/PKG-INFO
[0.731s] -- Up-to-date symlink: /root/ros2_workspace/install/roarm_anygrasp_integration/local/lib/python3.10/dist-packages/roarm_anygrasp_integration-0.0.0-py3.10.egg-info/SOURCES.txt
[0.731s] -- Up-to-date symlink: /root/ros2_workspace/install/roarm_anygrasp_integration/local/lib/python3.10/dist-packages/roarm_anygrasp_integration-0.0.0-py3.10.egg-info/dependency_links.txt
[0.731s] -- Up-to-date symlink: /root/ros2_workspace/install/roarm_anygrasp_integration/local/lib/python3.10/dist-packages/roarm_anygrasp_integration-0.0.0-py3.10.egg-info/top_level.txt
[0.732s] -- Up-to-date symlink: /root/ros2_workspace/install/roarm_anygrasp_integration/local/lib/python3.10/dist-packages/roarm_anygrasp_integration/__init__.py
[0.732s] -- Up-to-date symlink: /root/ros2_workspace/install/roarm_anygrasp_integration/local/lib/python3.10/dist-packages/roarm_anygrasp_integration/_roarm_anygrasp_integration_s.ep.rosidl_typesupport_c.c
[0.732s] -- Up-to-date symlink: /root/ros2_workspace/install/roarm_anygrasp_integration/local/lib/python3.10/dist-packages/roarm_anygrasp_integration/_roarm_anygrasp_integration_s.ep.rosidl_typesupport_fastrtps_c.c
[0.732s] -- Up-to-date symlink: /root/ros2_workspace/install/roarm_anygrasp_integration/local/lib/python3.10/dist-packages/roarm_anygrasp_integration/_roarm_anygrasp_integration_s.ep.rosidl_typesupport_introspection_c.c
[0.733s] -- Up-to-date symlink: /root/ros2_workspace/install/roarm_anygrasp_integration/local/lib/python3.10/dist-packages/roarm_anygrasp_integration/libroarm_anygrasp_integration__rosidl_generator_py.so
[0.733s] -- Up-to-date symlink: /root/ros2_workspace/install/roarm_anygrasp_integration/local/lib/python3.10/dist-packages/roarm_anygrasp_integration/roarm_anygrasp_integration_s__rosidl_typesupport_c.cpython-310-x86_64-linux-gnu.so
[0.733s] -- Up-to-date symlink: /root/ros2_workspace/install/roarm_anygrasp_integration/local/lib/python3.10/dist-packages/roarm_anygrasp_integration/roarm_anygrasp_integration_s__rosidl_typesupport_fastrtps_c.cpython-310-x86_64-linux-gnu.so
[0.733s] -- Up-to-date symlink: /root/ros2_workspace/install/roarm_anygrasp_integration/local/lib/python3.10/dist-packages/roarm_anygrasp_integration/roarm_anygrasp_integration_s__rosidl_typesupport_introspection_c.cpython-310-x86_64-linux-gnu.so
[0.733s] -- Up-to-date symlink: /root/ros2_workspace/install/roarm_anygrasp_integration/local/lib/python3.10/dist-packages/roarm_anygrasp_integration/srv/__init__.py
[0.733s] -- Up-to-date symlink: /root/ros2_workspace/install/roarm_anygrasp_integration/local/lib/python3.10/dist-packages/roarm_anygrasp_integration/srv/_calibrate_camera.py
[0.733s] -- Up-to-date symlink: /root/ros2_workspace/install/roarm_anygrasp_integration/local/lib/python3.10/dist-packages/roarm_anygrasp_integration/srv/_calibrate_camera_s.c
[0.733s] -- Up-to-date symlink: /root/ros2_workspace/install/roarm_anygrasp_integration/local/lib/python3.10/dist-packages/roarm_anygrasp_integration/srv/_configure_roboflow.py
[0.733s] -- Up-to-date symlink: /root/ros2_workspace/install/roarm_anygrasp_integration/local/lib/python3.10/dist-packages/roarm_anygrasp_integration/srv/_configure_roboflow_s.c
[0.733s] -- Up-to-date symlink: /root/ros2_workspace/install/roarm_anygrasp_integration/local/lib/python3.10/dist-packages/roarm_anygrasp_integration/srv/_get_grasp_candidates.py
[0.733s] -- Up-to-date symlink: /root/ros2_workspace/install/roarm_anygrasp_integration/local/lib/python3.10/dist-packages/roarm_anygrasp_integration/srv/_get_grasp_candidates_s.c
[0.733s] -- Up-to-date symlink: /root/ros2_workspace/install/roarm_anygrasp_integration/local/lib/python3.10/dist-packages/roarm_anygrasp_integration/srv/_select_grasp.py
[0.733s] -- Up-to-date symlink: /root/ros2_workspace/install/roarm_anygrasp_integration/local/lib/python3.10/dist-packages/roarm_anygrasp_integration/srv/_select_grasp_s.c
[0.733s] -- Up-to-date symlink: /root/ros2_workspace/install/roarm_anygrasp_integration/local/lib/python3.10/dist-packages/roarm_anygrasp_integration/srv/_upload_to_roboflow.py
[0.734s] -- Up-to-date symlink: /root/ros2_workspace/install/roarm_anygrasp_integration/local/lib/python3.10/dist-packages/roarm_anygrasp_integration/srv/_upload_to_roboflow_s.c
[0.734s] -- Up-to-date symlink: /root/ros2_workspace/install/roarm_anygrasp_integration/local/lib/python3.10/dist-packages/roarm_anygrasp_integration/roarm_anygrasp_integration_s__rosidl_typesupport_fastrtps_c.cpython-310-x86_64-linux-gnu.so
[0.734s] -- Up-to-date symlink: /root/ros2_workspace/install/roarm_anygrasp_integration/local/lib/python3.10/dist-packages/roarm_anygrasp_integration/roarm_anygrasp_integration_s__rosidl_typesupport_introspection_c.cpython-310-x86_64-linux-gnu.so
[0.734s] -- Up-to-date symlink: /root/ros2_workspace/install/roarm_anygrasp_integration/local/lib/python3.10/dist-packages/roarm_anygrasp_integration/roarm_anygrasp_integration_s__rosidl_typesupport_c.cpython-310-x86_64-linux-gnu.so
[0.734s] -- Up-to-date symlink: /root/ros2_workspace/install/roarm_anygrasp_integration/share/roarm_anygrasp_integration/srv/SelectGrasp.idl
[0.734s] -- Up-to-date symlink: /root/ros2_workspace/install/roarm_anygrasp_integration/share/roarm_anygrasp_integration/srv/GetGraspCandidates.idl
[0.735s] -- Up-to-date symlink: /root/ros2_workspace/install/roarm_anygrasp_integration/share/roarm_anygrasp_integration/srv/UploadToRoboflow.idl
[0.735s] -- Up-to-date symlink: /root/ros2_workspace/install/roarm_anygrasp_integration/share/roarm_anygrasp_integration/srv/ConfigureRoboflow.idl
[0.735s] -- Up-to-date symlink: /root/ros2_workspace/install/roarm_anygrasp_integration/share/roarm_anygrasp_integration/srv/CalibrateCamera.idl
[0.735s] -- Up-to-date symlink: /root/ros2_workspace/install/roarm_anygrasp_integration/share/roarm_anygrasp_integration/srv/SelectGrasp.srv
[0.735s] -- Up-to-date symlink: /root/ros2_workspace/install/roarm_anygrasp_integration/share/roarm_anygrasp_integration/srv/SelectGrasp_Request.msg
[0.735s] -- Up-to-date symlink: /root/ros2_workspace/install/roarm_anygrasp_integration/share/roarm_anygrasp_integration/srv/SelectGrasp_Response.msg
[0.735s] -- Up-to-date symlink: /root/ros2_workspace/install/roarm_anygrasp_integration/share/roarm_anygrasp_integration/srv/GetGraspCandidates.srv
[0.735s] -- Up-to-date symlink: /root/ros2_workspace/install/roarm_anygrasp_integration/share/roarm_anygrasp_integration/srv/GetGraspCandidates_Request.msg
[0.735s] -- Up-to-date symlink: /root/ros2_workspace/install/roarm_anygrasp_integration/share/roarm_anygrasp_integration/srv/GetGraspCandidates_Response.msg
[0.736s] -- Up-to-date symlink: /root/ros2_workspace/install/roarm_anygrasp_integration/share/roarm_anygrasp_integration/srv/UploadToRoboflow.srv
[0.736s] -- Up-to-date symlink: /root/ros2_workspace/install/roarm_anygrasp_integration/share/roarm_anygrasp_integration/srv/UploadToRoboflow_Request.msg
[0.736s] -- Up-to-date symlink: /root/ros2_workspace/install/roarm_anygrasp_integration/share/roarm_anygrasp_integration/srv/UploadToRoboflow_Response.msg
[0.736s] -- Up-to-date symlink: /root/ros2_workspace/install/roarm_anygrasp_integration/share/roarm_anygrasp_integration/srv/ConfigureRoboflow.srv
[0.736s] -- Up-to-date symlink: /root/ros2_workspace/install/roarm_anygrasp_integration/share/roarm_anygrasp_integration/srv/ConfigureRoboflow_Request.msg
[0.736s] -- Up-to-date symlink: /root/ros2_workspace/install/roarm_anygrasp_integration/share/roarm_anygrasp_integration/srv/ConfigureRoboflow_Response.msg
[0.736s] -- Up-to-date symlink: /root/ros2_workspace/install/roarm_anygrasp_integration/share/roarm_anygrasp_integration/srv/CalibrateCamera.srv
[0.736s] -- Up-to-date symlink: /root/ros2_workspace/install/roarm_anygrasp_integration/share/roarm_anygrasp_integration/srv/CalibrateCamera_Request.msg
[0.737s] -- Up-to-date symlink: /root/ros2_workspace/install/roarm_anygrasp_integration/share/roarm_anygrasp_integration/srv/CalibrateCamera_Response.msg
[0.737s] -- Up-to-date symlink: /root/ros2_workspace/install/roarm_anygrasp_integration/share/ament_index/resource_index/package_run_dependencies/roarm_anygrasp_integration
[0.737s] -- Up-to-date symlink: /root/ros2_workspace/install/roarm_anygrasp_integration/share/ament_index/resource_index/parent_prefix_path/roarm_anygrasp_integration
[0.737s] -- Up-to-date symlink: /root/ros2_workspace/install/roarm_anygrasp_integration/share/roarm_anygrasp_integration/environment/ament_prefix_path.sh
[0.737s] -- Up-to-date symlink: /root/ros2_workspace/install/roarm_anygrasp_integration/share/roarm_anygrasp_integration/environment/ament_prefix_path.dsv
[0.737s] -- Up-to-date symlink: /root/ros2_workspace/install/roarm_anygrasp_integration/share/roarm_anygrasp_integration/environment/path.sh
[0.737s] -- Up-to-date symlink: /root/ros2_workspace/install/roarm_anygrasp_integration/share/roarm_anygrasp_integration/environment/path.dsv
[0.737s] -- Up-to-date symlink: /root/ros2_workspace/install/roarm_anygrasp_integration/share/roarm_anygrasp_integration/local_setup.bash
[0.738s] -- Up-to-date symlink: /root/ros2_workspace/install/roarm_anygrasp_integration/share/roarm_anygrasp_integration/local_setup.sh
[0.738s] -- Up-to-date symlink: /root/ros2_workspace/install/roarm_anygrasp_integration/share/roarm_anygrasp_integration/local_setup.zsh
[0.738s] -- Up-to-date symlink: /root/ros2_workspace/install/roarm_anygrasp_integration/share/roarm_anygrasp_integration/local_setup.dsv
[0.738s] -- Symlinking: /root/ros2_workspace/install/roarm_anygrasp_integration/share/roarm_anygrasp_integration/package.dsv
[0.747s] -- Up-to-date symlink: /root/ros2_workspace/install/roarm_anygrasp_integration/share/ament_index/resource_index/packages/roarm_anygrasp_integration
[0.748s] -- Up-to-date symlink: /root/ros2_workspace/install/roarm_anygrasp_integration/share/roarm_anygrasp_integration/cmake/rosidl_cmake-extras.cmake
[0.749s] -- Up-to-date symlink: /root/ros2_workspace/install/roarm_anygrasp_integration/share/roarm_anygrasp_integration/cmake/ament_cmake_export_dependencies-extras.cmake
[0.749s] -- Up-to-date symlink: /root/ros2_workspace/install/roarm_anygrasp_integration/share/roarm_anygrasp_integration/cmake/ament_cmake_export_include_directories-extras.cmake
[0.749s] -- Up-to-date symlink: /root/ros2_workspace/install/roarm_anygrasp_integration/share/roarm_anygrasp_integration/cmake/ament_cmake_export_libraries-extras.cmake
[0.749s] -- Up-to-date symlink: /root/ros2_workspace/install/roarm_anygrasp_integration/share/roarm_anygrasp_integration/cmake/ament_cmake_export_targets-extras.cmake
[0.749s] -- Up-to-date symlink: /root/ros2_workspace/install/roarm_anygrasp_integration/share/roarm_anygrasp_integration/cmake/rosidl_cmake_export_typesupport_targets-extras.cmake
[0.750s] -- Up-to-date symlink: /root/ros2_workspace/install/roarm_anygrasp_integration/share/roarm_anygrasp_integration/cmake/rosidl_cmake_export_typesupport_libraries-extras.cmake
[0.750s] -- Up-to-date symlink: /root/ros2_workspace/install/roarm_anygrasp_integration/share/roarm_anygrasp_integration/cmake/roarm_anygrasp_integrationConfig.cmake
[0.750s] -- Up-to-date symlink: /root/ros2_workspace/install/roarm_anygrasp_integration/share/roarm_anygrasp_integration/cmake/roarm_anygrasp_integrationConfig-version.cmake
[0.750s] -- Up-to-date symlink: /root/ros2_workspace/install/roarm_anygrasp_integration/share/roarm_anygrasp_integration/package.xml
[0.750s] -- Up-to-date: /root/ros2_workspace/install/roarm_anygrasp_integration/lib/libroarm_anygrasp_integration__rosidl_generator_c.so
[0.763s] -- Up-to-date: /root/ros2_workspace/install/roarm_anygrasp_integration/lib/libroarm_anygrasp_integration__rosidl_typesupport_fastrtps_c.so
[0.763s] -- Up-to-date: /root/ros2_workspace/install/roarm_anygrasp_integration/lib/libroarm_anygrasp_integration__rosidl_typesupport_fastrtps_cpp.so
[0.763s] -- Up-to-date: /root/ros2_workspace/install/roarm_anygrasp_integration/lib/libroarm_anygrasp_integration__rosidl_typesupport_introspection_c.so
[0.763s] -- Up-to-date: /root/ros2_workspace/install/roarm_anygrasp_integration/lib/libroarm_anygrasp_integration__rosidl_typesupport_c.so
[0.763s] -- Up-to-date: /root/ros2_workspace/install/roarm_anygrasp_integration/lib/libroarm_anygrasp_integration__rosidl_typesupport_introspection_cpp.so
[0.763s] -- Up-to-date: /root/ros2_workspace/install/roarm_anygrasp_integration/lib/libroarm_anygrasp_integration__rosidl_typesupport_cpp.so
[0.779s] Listing '/root/ros2_workspace/install/roarm_anygrasp_integration/local/lib/python3.10/dist-packages/roarm_anygrasp_integration'...
[0.780s] Listing '/root/ros2_workspace/install/roarm_anygrasp_integration/local/lib/python3.10/dist-packages/roarm_anygrasp_integration/srv'...
[1.045s] -- Up-to-date: /root/ros2_workspace/install/roarm_anygrasp_integration/lib/libroarm_anygrasp_integration__rosidl_generator_py.so
[1.045s] -- Up-to-date: /root/ros2_workspace/install/roarm_anygrasp_integration/share/roarm_anygrasp_integration/cmake/export_roarm_anygrasp_integration__rosidl_generator_cExport.cmake
[1.045s] -- Up-to-date: /root/ros2_workspace/install/roarm_anygrasp_integration/share/roarm_anygrasp_integration/cmake/export_roarm_anygrasp_integration__rosidl_generator_cExport-noconfig.cmake
[1.045s] -- Up-to-date: /root/ros2_workspace/install/roarm_anygrasp_integration/share/roarm_anygrasp_integration/cmake/export_roarm_anygrasp_integration__rosidl_typesupport_fastrtps_cExport.cmake
[1.045s] -- Up-to-date: /root/ros2_workspace/install/roarm_anygrasp_integration/share/roarm_anygrasp_integration/cmake/export_roarm_anygrasp_integration__rosidl_typesupport_fastrtps_cExport-noconfig.cmake
[1.045s] -- Up-to-date: /root/ros2_workspace/install/roarm_anygrasp_integration/share/roarm_anygrasp_integration/cmake/export_roarm_anygrasp_integration__rosidl_generator_cppExport.cmake
[1.045s] -- Up-to-date: /root/ros2_workspace/install/roarm_anygrasp_integration/share/roarm_anygrasp_integration/cmake/export_roarm_anygrasp_integration__rosidl_typesupport_fastrtps_cppExport.cmake
[1.045s] -- Up-to-date: /root/ros2_workspace/install/roarm_anygrasp_integration/share/roarm_anygrasp_integration/cmake/export_roarm_anygrasp_integration__rosidl_typesupport_fastrtps_cppExport-noconfig.cmake
[1.045s] -- Up-to-date: /root/ros2_workspace/install/roarm_anygrasp_integration/share/roarm_anygrasp_integration/cmake/roarm_anygrasp_integration__rosidl_typesupport_introspection_cExport.cmake
[1.045s] -- Up-to-date: /root/ros2_workspace/install/roarm_anygrasp_integration/share/roarm_anygrasp_integration/cmake/roarm_anygrasp_integration__rosidl_typesupport_introspection_cExport-noconfig.cmake
[1.046s] -- Up-to-date: /root/ros2_workspace/install/roarm_anygrasp_integration/share/roarm_anygrasp_integration/cmake/roarm_anygrasp_integration__rosidl_typesupport_cExport.cmake
[1.046s] -- Up-to-date: /root/ros2_workspace/install/roarm_anygrasp_integration/share/roarm_anygrasp_integration/cmake/roarm_anygrasp_integration__rosidl_typesupport_cExport-noconfig.cmake
[1.046s] -- Up-to-date: /root/ros2_workspace/install/roarm_anygrasp_integration/share/roarm_anygrasp_integration/cmake/roarm_anygrasp_integration__rosidl_typesupport_introspection_cppExport.cmake
[1.046s] -- Up-to-date: /root/ros2_workspace/install/roarm_anygrasp_integration/share/roarm_anygrasp_integration/cmake/roarm_anygrasp_integration__rosidl_typesupport_introspection_cppExport-noconfig.cmake
[1.046s] -- Up-to-date: /root/ros2_workspace/install/roarm_anygrasp_integration/share/roarm_anygrasp_integration/cmake/roarm_anygrasp_integration__rosidl_typesupport_cppExport.cmake
[1.046s] -- Up-to-date: /root/ros2_workspace/install/roarm_anygrasp_integration/share/roarm_anygrasp_integration/cmake/roarm_anygrasp_integration__rosidl_typesupport_cppExport-noconfig.cmake
[1.046s] -- Up-to-date: /root/ros2_workspace/install/roarm_anygrasp_integration/share/roarm_anygrasp_integration/cmake/export_roarm_anygrasp_integration__rosidl_generator_pyExport.cmake
[1.046s] -- Up-to-date: /root/ros2_workspace/install/roarm_anygrasp_integration/share/roarm_anygrasp_integration/cmake/export_roarm_anygrasp_integration__rosidl_generator_pyExport-noconfig.cmake
[1.046s] Invoked command in '/root/ros2_workspace/build/roarm_anygrasp_integration' returned '0': CMAKE_PREFIX_PATH=/opt/ros/humble /usr/bin/cmake --install /root/ros2_workspace/build/roarm_anygrasp_integration
