[0.017s] Invoking command in '/root/ros2_workspace/build/roarm_lerobot_integration': AMENT_PREFIX_PATH=/root/ros2_workspace/install/roarm_moveit:/root/ros2_workspace/install/roarm_driver:/root/ros2_workspace/install/roarm_description:/root/ros2_workspace/install/roarm_anygrasp_integration:${AMENT_PREFIX_PATH} CMAKE_PREFIX_PATH=/root/ros2_workspace/install/roarm_moveit:/root/ros2_workspace/install/roarm_description:/root/ros2_workspace/install/roarm_anygrasp_integration:/opt/ros/humble LD_LIBRARY_PATH=/root/ros2_workspace/install/roarm_moveit/lib:/root/ros2_workspace/install/roarm_anygrasp_integration/lib:${LD_LIBRARY_PATH} PYTHONPATH=/root/ros2_workspace/install/roarm_moveit/local/lib/python3.10/dist-packages:/root/ros2_workspace/build/roarm_driver:/root/ros2_workspace/install/roarm_driver/lib/python3.10/site-packages:/root/ros2_workspace/install/roarm_anygrasp_integration/local/lib/python3.10/dist-packages:${PYTHONPATH} /usr/bin/cmake /root/ros2_workspace/src/roarm_lerobot_integration -DCMAKE_INSTALL_PREFIX=/root/ros2_workspace/install/roarm_lerobot_integration
[0.032s] -- Found ament_cmake: 1.3.11 (/opt/ros/humble/share/ament_cmake/cmake)
[0.236s] -- Found Python3: /usr/bin/python3 (found version "3.10.12") found components: Interpreter 
[0.349s] -- Found rclcpp: 16.0.12 (/opt/ros/humble/share/rclcpp/cmake)
[0.398s] -- Found rosidl_generator_c: 3.1.6 (/opt/ros/humble/share/rosidl_generator_c/cmake)
[0.404s] -- Found rosidl_adapter: 3.1.6 (/opt/ros/humble/share/rosidl_adapter/cmake)
[0.415s] -- Found rosidl_generator_cpp: 3.1.6 (/opt/ros/humble/share/rosidl_generator_cpp/cmake)
[0.429s] -- Using all available rosidl_typesupport_c: rosidl_typesupport_fastrtps_c;rosidl_typesupport_introspection_c
[0.447s] -- Using all available rosidl_typesupport_cpp: rosidl_typesupport_fastrtps_cpp;rosidl_typesupport_introspection_cpp
[0.500s] -- Found rmw_implementation_cmake: 6.1.2 (/opt/ros/humble/share/rmw_implementation_cmake/cmake)
[0.503s] -- Found rmw_fastrtps_cpp: 6.2.7 (/opt/ros/humble/share/rmw_fastrtps_cpp/cmake)
[0.607s] -- Found OpenSSL: /usr/lib/x86_64-linux-gnu/libcrypto.so (found version "3.0.2")  
[0.637s] -- Found FastRTPS: /opt/ros/humble/include  
[0.682s] -- Using RMW implementation 'rmw_fastrtps_cpp' as default
[0.693s] -- Looking for pthread.h
[0.781s] -- Looking for pthread.h - found
[0.781s] -- Performing Test CMAKE_HAVE_LIBC_PTHREAD
[0.875s] -- Performing Test CMAKE_HAVE_LIBC_PTHREAD - Success
[0.876s] -- Found Threads: TRUE  
[0.943s] -- Found rclpy: 3.3.16 (/opt/ros/humble/share/rclpy/cmake)
[0.945s] -- Found sensor_msgs: 4.8.0 (/opt/ros/humble/share/sensor_msgs/cmake)
[0.983s] -- Found trajectory_msgs: 4.8.0 (/opt/ros/humble/share/trajectory_msgs/cmake)
[1.003s] -- Found control_msgs: 4.8.0 (/opt/ros/humble/share/control_msgs/cmake)
[1.062s] -- Found tf2: 0.25.12 (/opt/ros/humble/share/tf2/cmake)
[1.073s] -- Found tf2_ros: 0.25.12 (/opt/ros/humble/share/tf2_ros/cmake)
[1.145s] -- Found tf2_geometry_msgs: 0.25.12 (/opt/ros/humble/share/tf2_geometry_msgs/cmake)
[1.158s] -- Found eigen3_cmake_module: 0.1.1 (/opt/ros/humble/share/eigen3_cmake_module/cmake)
[1.159s] -- Found Eigen3: TRUE (found version "3.4.0") 
[1.159s] -- Ensuring Eigen3 include directory is part of orocos-kdl CMake target
[1.162s] -- Found moveit_msgs: 2.2.1 (/opt/ros/humble/share/moveit_msgs/cmake)
[1.252s] -- Found moveit_core: 2.5.9 (/opt/ros/humble/share/moveit_core/cmake)
[1.291s] -- Found Boost: /usr/lib/x86_64-linux-gnu/cmake/Boost-1.74.0/BoostConfig.cmake (found version "1.74.0") found components: chrono date_time filesystem iostreams program_options regex serialization system thread 
[1.327s] -- Found parameter_traits: 0.4.0 (/opt/ros/humble/share/parameter_traits/cmake)
[1.342s] -- Found rclcpp_lifecycle: 16.0.12 (/opt/ros/humble/share/rclcpp_lifecycle/cmake)
[1.367s] -- Found Boost: /usr/lib/x86_64-linux-gnu/cmake/Boost-1.74.0/BoostConfig.cmake (found version "1.74.0") found components: filesystem 
[1.449s] -- library: /usr/lib/x86_64-linux-gnu/libcurl.so
[1.532s] -- Found image_transport: 3.1.11 (/opt/ros/humble/share/image_transport/cmake)
[1.536s] -- Found cv_bridge: 3.2.1 (/opt/ros/humble/share/cv_bridge/cmake)
[1.651s] -- Found ament_lint_auto: 0.12.12 (/opt/ros/humble/share/ament_lint_auto/cmake)
[1.747s] -- Added test 'copyright' to check source files copyright and LICENSE
[1.748s] -- Added test 'flake8' to check Python code syntax and style conventions
[1.749s] -- Added test 'lint_cmake' to check CMake code style
[1.749s] -- Added test 'pep257' to check Python code against some of the docstring style conventions in PEP 257
[1.751s] -- Added test 'xmllint' to check XML markup files
[1.752s] -- Configuring done
[1.762s] -- Generating done
[1.768s] -- Build files have been written to: /root/ros2_workspace/build/roarm_lerobot_integration
[1.784s] Invoked command in '/root/ros2_workspace/build/roarm_lerobot_integration' returned '0': AMENT_PREFIX_PATH=/root/ros2_workspace/install/roarm_moveit:/root/ros2_workspace/install/roarm_driver:/root/ros2_workspace/install/roarm_description:/root/ros2_workspace/install/roarm_anygrasp_integration:${AMENT_PREFIX_PATH} CMAKE_PREFIX_PATH=/root/ros2_workspace/install/roarm_moveit:/root/ros2_workspace/install/roarm_description:/root/ros2_workspace/install/roarm_anygrasp_integration:/opt/ros/humble LD_LIBRARY_PATH=/root/ros2_workspace/install/roarm_moveit/lib:/root/ros2_workspace/install/roarm_anygrasp_integration/lib:${LD_LIBRARY_PATH} PYTHONPATH=/root/ros2_workspace/install/roarm_moveit/local/lib/python3.10/dist-packages:/root/ros2_workspace/build/roarm_driver:/root/ros2_workspace/install/roarm_driver/lib/python3.10/site-packages:/root/ros2_workspace/install/roarm_anygrasp_integration/local/lib/python3.10/dist-packages:${PYTHONPATH} /usr/bin/cmake /root/ros2_workspace/src/roarm_lerobot_integration -DCMAKE_INSTALL_PREFIX=/root/ros2_workspace/install/roarm_lerobot_integration
[1.787s] Invoking command in '/root/ros2_workspace/build/roarm_lerobot_integration': AMENT_PREFIX_PATH=/root/ros2_workspace/install/roarm_moveit:/root/ros2_workspace/install/roarm_driver:/root/ros2_workspace/install/roarm_description:/root/ros2_workspace/install/roarm_anygrasp_integration:${AMENT_PREFIX_PATH} CMAKE_PREFIX_PATH=/root/ros2_workspace/install/roarm_moveit:/root/ros2_workspace/install/roarm_description:/root/ros2_workspace/install/roarm_anygrasp_integration:/opt/ros/humble LD_LIBRARY_PATH=/root/ros2_workspace/install/roarm_moveit/lib:/root/ros2_workspace/install/roarm_anygrasp_integration/lib:${LD_LIBRARY_PATH} PYTHONPATH=/root/ros2_workspace/install/roarm_moveit/local/lib/python3.10/dist-packages:/root/ros2_workspace/build/roarm_driver:/root/ros2_workspace/install/roarm_driver/lib/python3.10/site-packages:/root/ros2_workspace/install/roarm_anygrasp_integration/local/lib/python3.10/dist-packages:${PYTHONPATH} /usr/bin/cmake --build /root/ros2_workspace/build/roarm_lerobot_integration -- -j4 -l4
[1.847s] Built target ament_cmake_python_copy_roarm_lerobot_integration
[2.119s] running egg_info
[2.121s] creating roarm_lerobot_integration.egg-info
[2.121s] writing roarm_lerobot_integration.egg-info/PKG-INFO
[2.121s] writing dependency_links to roarm_lerobot_integration.egg-info/dependency_links.txt
[2.122s] writing top-level names to roarm_lerobot_integration.egg-info/top_level.txt
[2.122s] writing manifest file 'roarm_lerobot_integration.egg-info/SOURCES.txt'
[2.124s] reading manifest file 'roarm_lerobot_integration.egg-info/SOURCES.txt'
[2.125s] writing manifest file 'roarm_lerobot_integration.egg-info/SOURCES.txt'
[2.157s] Built target ament_cmake_python_build_roarm_lerobot_integration_egg
[2.170s] Invoked command in '/root/ros2_workspace/build/roarm_lerobot_integration' returned '0': AMENT_PREFIX_PATH=/root/ros2_workspace/install/roarm_moveit:/root/ros2_workspace/install/roarm_driver:/root/ros2_workspace/install/roarm_description:/root/ros2_workspace/install/roarm_anygrasp_integration:${AMENT_PREFIX_PATH} CMAKE_PREFIX_PATH=/root/ros2_workspace/install/roarm_moveit:/root/ros2_workspace/install/roarm_description:/root/ros2_workspace/install/roarm_anygrasp_integration:/opt/ros/humble LD_LIBRARY_PATH=/root/ros2_workspace/install/roarm_moveit/lib:/root/ros2_workspace/install/roarm_anygrasp_integration/lib:${LD_LIBRARY_PATH} PYTHONPATH=/root/ros2_workspace/install/roarm_moveit/local/lib/python3.10/dist-packages:/root/ros2_workspace/build/roarm_driver:/root/ros2_workspace/install/roarm_driver/lib/python3.10/site-packages:/root/ros2_workspace/install/roarm_anygrasp_integration/local/lib/python3.10/dist-packages:${PYTHONPATH} /usr/bin/cmake --build /root/ros2_workspace/build/roarm_lerobot_integration -- -j4 -l4
[2.182s] Invoking command in '/root/ros2_workspace/build/roarm_lerobot_integration': AMENT_PREFIX_PATH=/root/ros2_workspace/install/roarm_moveit:/root/ros2_workspace/install/roarm_driver:/root/ros2_workspace/install/roarm_description:/root/ros2_workspace/install/roarm_anygrasp_integration:${AMENT_PREFIX_PATH} CMAKE_PREFIX_PATH=/root/ros2_workspace/install/roarm_moveit:/root/ros2_workspace/install/roarm_description:/root/ros2_workspace/install/roarm_anygrasp_integration:/opt/ros/humble LD_LIBRARY_PATH=/root/ros2_workspace/install/roarm_moveit/lib:/root/ros2_workspace/install/roarm_anygrasp_integration/lib:${LD_LIBRARY_PATH} PYTHONPATH=/root/ros2_workspace/install/roarm_moveit/local/lib/python3.10/dist-packages:/root/ros2_workspace/build/roarm_driver:/root/ros2_workspace/install/roarm_driver/lib/python3.10/site-packages:/root/ros2_workspace/install/roarm_anygrasp_integration/local/lib/python3.10/dist-packages:${PYTHONPATH} /usr/bin/cmake --install /root/ros2_workspace/build/roarm_lerobot_integration
[2.191s] -- Install configuration: ""
[2.192s] -- Installing: /root/ros2_workspace/install/roarm_lerobot_integration/share/roarm_lerobot_integration/environment/pythonpath.sh
[2.192s] -- Installing: /root/ros2_workspace/install/roarm_lerobot_integration/share/roarm_lerobot_integration/environment/pythonpath.dsv
[2.192s] -- Installing: /root/ros2_workspace/install/roarm_lerobot_integration/local/lib/python3.10/dist-packages/roarm_lerobot_integration-0.0.0-py3.10.egg-info
[2.192s] -- Installing: /root/ros2_workspace/install/roarm_lerobot_integration/local/lib/python3.10/dist-packages/roarm_lerobot_integration-0.0.0-py3.10.egg-info/dependency_links.txt
[2.192s] -- Installing: /root/ros2_workspace/install/roarm_lerobot_integration/local/lib/python3.10/dist-packages/roarm_lerobot_integration-0.0.0-py3.10.egg-info/PKG-INFO
[2.192s] -- Installing: /root/ros2_workspace/install/roarm_lerobot_integration/local/lib/python3.10/dist-packages/roarm_lerobot_integration-0.0.0-py3.10.egg-info/SOURCES.txt
[2.192s] -- Installing: /root/ros2_workspace/install/roarm_lerobot_integration/local/lib/python3.10/dist-packages/roarm_lerobot_integration-0.0.0-py3.10.egg-info/top_level.txt
[2.192s] -- Installing: /root/ros2_workspace/install/roarm_lerobot_integration/local/lib/python3.10/dist-packages/roarm_lerobot_integration
[2.192s] -- Installing: /root/ros2_workspace/install/roarm_lerobot_integration/local/lib/python3.10/dist-packages/roarm_lerobot_integration/__init__.py
[2.230s] Listing '/root/ros2_workspace/install/roarm_lerobot_integration/local/lib/python3.10/dist-packages/roarm_lerobot_integration'...
[2.230s] Compiling '/root/ros2_workspace/install/roarm_lerobot_integration/local/lib/python3.10/dist-packages/roarm_lerobot_integration/__init__.py'...
[2.236s] -- Installing: /root/ros2_workspace/install/roarm_lerobot_integration/lib/roarm_lerobot_integration/lerobot_bridge.py
[2.236s] -- Installing: /root/ros2_workspace/install/roarm_lerobot_integration/lib/roarm_lerobot_integration/lerobot_data_collector.py
[2.236s] -- Installing: /root/ros2_workspace/install/roarm_lerobot_integration/lib/roarm_lerobot_integration/lerobot_policy_trainer.py
[2.237s] CMake Error at cmake_install.cmake:70 (file):
[2.237s]   file INSTALL cannot find
[2.237s]   "/root/ros2_workspace/src/roarm_lerobot_integration/scripts/lerobot_policy_executor.py":
[2.237s]   No such file or directory.
[2.237s] 
[2.237s] 
[2.238s] Invoked command in '/root/ros2_workspace/build/roarm_lerobot_integration' returned '1': AMENT_PREFIX_PATH=/root/ros2_workspace/install/roarm_moveit:/root/ros2_workspace/install/roarm_driver:/root/ros2_workspace/install/roarm_description:/root/ros2_workspace/install/roarm_anygrasp_integration:${AMENT_PREFIX_PATH} CMAKE_PREFIX_PATH=/root/ros2_workspace/install/roarm_moveit:/root/ros2_workspace/install/roarm_description:/root/ros2_workspace/install/roarm_anygrasp_integration:/opt/ros/humble LD_LIBRARY_PATH=/root/ros2_workspace/install/roarm_moveit/lib:/root/ros2_workspace/install/roarm_anygrasp_integration/lib:${LD_LIBRARY_PATH} PYTHONPATH=/root/ros2_workspace/install/roarm_moveit/local/lib/python3.10/dist-packages:/root/ros2_workspace/build/roarm_driver:/root/ros2_workspace/install/roarm_driver/lib/python3.10/site-packages:/root/ros2_workspace/install/roarm_anygrasp_integration/local/lib/python3.10/dist-packages:${PYTHONPATH} /usr/bin/cmake --install /root/ros2_workspace/build/roarm_lerobot_integration
