[0.345s] Invoking command in '/root/ros2_workspace/build/roarm_moveit_cmd': AMENT_PREFIX_PATH=/root/ros2_workspace/install/roarm_moveit:/root/ros2_workspace/install/roarm_description:/root/ros2_workspace/install/moveit_servo:${AMENT_PREFIX_PATH} CMAKE_PREFIX_PATH=/root/ros2_workspace/install/roarm_moveit:/root/ros2_workspace/install/roarm_description:/root/ros2_workspace/install/moveit_servo:/opt/ros/humble LD_LIBRARY_PATH=/root/ros2_workspace/install/roarm_moveit/lib:/root/ros2_workspace/install/moveit_servo/lib:${LD_LIBRARY_PATH} PYTHONPATH=/root/ros2_workspace/install/roarm_moveit/local/lib/python3.10/dist-packages:${PYTHONPATH} /usr/bin/cmake /root/ros2_workspace/src/roarm_ws_em0/src/roarm_main/roarm_moveit_cmd -DAMENT_CMAKE_SYMLINK_INSTALL=1 -DCMAKE_INSTALL_PREFIX=/root/ros2_workspace/install/roarm_moveit_cmd
[0.699s] -- Found moveit_common: 2.5.9 (/opt/ros/humble/share/moveit_common/cmake)
[0.701s] -- Found ament_cmake: 1.3.11 (/opt/ros/humble/share/ament_cmake/cmake)
[0.701s] -- Override CMake install command with custom implementation using symlinks instead of copying resources
[0.701s] -- Found Boost: /usr/lib/x86_64-linux-gnu/cmake/Boost-1.74.0/BoostConfig.cmake (found version "1.74.0") found components: system filesystem date_time thread 
[0.701s] -- Found control_msgs: 4.8.0 (/opt/ros/humble/share/control_msgs/cmake)
[0.701s] roarm_moveit_cmd: You did not request a specific build type: Choosing 'Release' for maximum performance
[0.719s] -- Found rosidl_generator_c: 3.1.6 (/opt/ros/humble/share/rosidl_generator_c/cmake)
[0.727s] -- Found rosidl_adapter: 3.1.6 (/opt/ros/humble/share/rosidl_adapter/cmake)
[0.742s] -- Found rosidl_generator_cpp: 3.1.6 (/opt/ros/humble/share/rosidl_generator_cpp/cmake)
[0.757s] -- Using all available rosidl_typesupport_c: rosidl_typesupport_fastrtps_c;rosidl_typesupport_introspection_c
[0.777s] -- Using all available rosidl_typesupport_cpp: rosidl_typesupport_fastrtps_cpp;rosidl_typesupport_introspection_cpp
[0.980s] -- Found moveit_core: 2.5.9 (/opt/ros/humble/share/moveit_core/cmake)
[0.996s] -- Found Boost: /usr/lib/x86_64-linux-gnu/cmake/Boost-1.74.0/BoostConfig.cmake (found version "1.74.0") found components: chrono date_time filesystem iostreams program_options regex serialization system thread 
[1.032s] -- Found parameter_traits: 0.4.0 (/opt/ros/humble/share/parameter_traits/cmake)
[1.089s] -- Found rmw_implementation_cmake: 6.1.2 (/opt/ros/humble/share/rmw_implementation_cmake/cmake)
[1.092s] -- Found rmw_fastrtps_cpp: 6.2.7 (/opt/ros/humble/share/rmw_fastrtps_cpp/cmake)
[1.231s] -- Using RMW implementation 'rmw_fastrtps_cpp' as default
[1.306s] -- Found rclcpp_lifecycle: 16.0.12 (/opt/ros/humble/share/rclcpp_lifecycle/cmake)
[1.339s] -- Found Boost: /usr/lib/x86_64-linux-gnu/cmake/Boost-1.74.0/BoostConfig.cmake (found version "1.74.0") found components: filesystem 
[1.384s] -- library: /usr/lib/x86_64-linux-gnu/libcurl.so
[1.446s] -- Ensuring Eigen3 include directory is part of orocos-kdl CMake target
[1.776s] -- Found moveit_ros_planning: 2.5.9 (/opt/ros/humble/share/moveit_ros_planning/cmake)
[1.777s] -- Found Boost: /usr/lib/x86_64-linux-gnu/cmake/Boost-1.74.0/BoostConfig.cmake (found version "1.74.0") found components: system filesystem date_time program_options thread chrono 
[2.115s] -- Found moveit_ros_planning_interface: 2.5.9 (/opt/ros/humble/share/moveit_ros_planning_interface/cmake)
[2.116s] -- Found Boost: /usr/lib/x86_64-linux-gnu/cmake/Boost-1.74.0/BoostConfig.cmake (found version "1.74.0") found components: date_time filesystem program_options system thread 
[2.116s] -- Found Boost: /usr/lib/x86_64-linux-gnu/cmake/Boost-1.74.0/BoostConfig.cmake (found version "1.74.0") found components: thread system filesystem regex date_time program_options 
[2.116s] -- Found Boost: /usr/lib/x86_64-linux-gnu/cmake/Boost-1.74.0/BoostConfig.cmake (found version "1.74.0") found components: system filesystem date_time program_options thread 
[2.116s] -- Found moveit_visual_tools: 4.1.2 (/opt/ros/humble/share/moveit_visual_tools/cmake)
[2.116s] -- Setting assimp_DIR to: '/opt/ros/humble/share/rviz_assimp_vendor/cmake/../../../opt/rviz_assimp_vendor/lib/cmake/assimp-4.1'
[2.116s] -- Setting OGRE_DIR to: '/opt/ros/humble/share/rviz_ogre_vendor/cmake/../../../opt/rviz_ogre_vendor/lib/OGRE/cmake'
[2.116s] -- Found OGRE
[2.116s] --   static     : OFF
[2.116s] --   components : HLMS;MeshLodGenerator;Overlay;Paging;Property;RTShaderSystem;Terrain;Volume
[2.116s] --   plugins    : Plugin_BSPSceneManager;Plugin_OctreeSceneManager;Plugin_PCZSceneManager;Plugin_ParticleFX;RenderSystem_GL;RenderSystem_GL3Plus;Codec_STBI
[2.116s] --   media      : /opt/ros/humble/opt/rviz_ogre_vendor/share/OGRE/Media
[2.116s] -- OGRE_LIBRARIES: OgreHLMS;OgreMeshLodGenerator;OgreOverlay;OgrePaging;OgreProperty;OgreRTShaderSystem;OgreTerrain;OgreVolume;OgreMain
[2.116s] -- OGRE_LIBRARY_DIRS: /opt/ros/humble/opt/rviz_ogre_vendor/lib
[2.116s] -- OGRE_PLUGINS: Plugin_BSPSceneManager;Plugin_OctreeSceneManager;Plugin_PCZSceneManager;Plugin_ParticleFX;RenderSystem_GL;RenderSystem_GL3Plus;Codec_STBI
[2.116s] -- OGRE_PLUGIN_DIR: /opt/ros/humble/opt/rviz_ogre_vendor/lib/OGRE
[2.116s] -- rviz_ogre_vendor::OgreOverlay for IMPORTED_LOCATION_RELEASE: /opt/ros/humble/opt/rviz_ogre_vendor/lib/libOgreOverlay.so
[2.116s] -- rviz_ogre_vendor::OgreOverlay for IMPORTED_LOCATION_DEBUG: /opt/ros/humble/opt/rviz_ogre_vendor/lib/libOgreOverlay.so
[2.116s] -- rviz_ogre_vendor::OgreMain for IMPORTED_LOCATION_RELEASE: /opt/ros/humble/opt/rviz_ogre_vendor/lib/libOgreMain.so
[2.117s] -- rviz_ogre_vendor::OgreMain for IMPORTED_LOCATION_DEBUG: /opt/ros/humble/opt/rviz_ogre_vendor/lib/libOgreMain.so
[2.117s] -- Could not find freeimage library
[2.482s] -- Found moveit_servo: 2.5.5 (/root/ros2_workspace/install/moveit_servo/share/moveit_servo/cmake)
[2.482s] -- Found roarm_moveit: 0.3.0 (/root/ros2_workspace/install/roarm_moveit/share/roarm_moveit/cmake)
[2.543s] -- Configuring done
[2.900s] -- Generating done
[3.011s] -- Build files have been written to: /root/ros2_workspace/build/roarm_moveit_cmd
[3.042s] Invoked command in '/root/ros2_workspace/build/roarm_moveit_cmd' returned '0': AMENT_PREFIX_PATH=/root/ros2_workspace/install/roarm_moveit:/root/ros2_workspace/install/roarm_description:/root/ros2_workspace/install/moveit_servo:${AMENT_PREFIX_PATH} CMAKE_PREFIX_PATH=/root/ros2_workspace/install/roarm_moveit:/root/ros2_workspace/install/roarm_description:/root/ros2_workspace/install/moveit_servo:/opt/ros/humble LD_LIBRARY_PATH=/root/ros2_workspace/install/roarm_moveit/lib:/root/ros2_workspace/install/moveit_servo/lib:${LD_LIBRARY_PATH} PYTHONPATH=/root/ros2_workspace/install/roarm_moveit/local/lib/python3.10/dist-packages:${PYTHONPATH} /usr/bin/cmake /root/ros2_workspace/src/roarm_ws_em0/src/roarm_main/roarm_moveit_cmd -DAMENT_CMAKE_SYMLINK_INSTALL=1 -DCMAKE_INSTALL_PREFIX=/root/ros2_workspace/install/roarm_moveit_cmd
[3.043s] Invoking command in '/root/ros2_workspace/build/roarm_moveit_cmd': AMENT_PREFIX_PATH=/root/ros2_workspace/install/roarm_moveit:/root/ros2_workspace/install/roarm_description:/root/ros2_workspace/install/moveit_servo:${AMENT_PREFIX_PATH} CMAKE_PREFIX_PATH=/root/ros2_workspace/install/roarm_moveit:/root/ros2_workspace/install/roarm_description:/root/ros2_workspace/install/moveit_servo:/opt/ros/humble LD_LIBRARY_PATH=/root/ros2_workspace/install/roarm_moveit/lib:/root/ros2_workspace/install/moveit_servo/lib:${LD_LIBRARY_PATH} PYTHONPATH=/root/ros2_workspace/install/roarm_moveit/local/lib/python3.10/dist-packages:${PYTHONPATH} /usr/bin/cmake --build /root/ros2_workspace/build/roarm_moveit_cmd -- -j4 -l4
[3.121s] Consolidate compiler generated dependencies of target getposecmd_tf2
[3.125s] Consolidate compiler generated dependencies of target keyboardcontrol
[3.158s] [ 14%] Built target keyboardcontrol
[3.175s] [ 28%] Built target getposecmd_tf2
[3.189s] Consolidate compiler generated dependencies of target movepointcmd
[3.192s] Consolidate compiler generated dependencies of target getposecmd
[3.211s] Consolidate compiler generated dependencies of target movecirclecmd
[3.221s] Consolidate compiler generated dependencies of target webappcontrol
[3.260s] [ 42%] Built target movepointcmd
[3.262s] [ 57%] Built target movecirclecmd
[3.274s] [ 71%] Built target getposecmd
[3.278s] [ 85%] Built target webappcontrol
[3.301s] Consolidate compiler generated dependencies of target setgrippercmd
[3.327s] [100%] Built target setgrippercmd
[3.344s] Invoked command in '/root/ros2_workspace/build/roarm_moveit_cmd' returned '0': AMENT_PREFIX_PATH=/root/ros2_workspace/install/roarm_moveit:/root/ros2_workspace/install/roarm_description:/root/ros2_workspace/install/moveit_servo:${AMENT_PREFIX_PATH} CMAKE_PREFIX_PATH=/root/ros2_workspace/install/roarm_moveit:/root/ros2_workspace/install/roarm_description:/root/ros2_workspace/install/moveit_servo:/opt/ros/humble LD_LIBRARY_PATH=/root/ros2_workspace/install/roarm_moveit/lib:/root/ros2_workspace/install/moveit_servo/lib:${LD_LIBRARY_PATH} PYTHONPATH=/root/ros2_workspace/install/roarm_moveit/local/lib/python3.10/dist-packages:${PYTHONPATH} /usr/bin/cmake --build /root/ros2_workspace/build/roarm_moveit_cmd -- -j4 -l4
[3.347s] Invoking command in '/root/ros2_workspace/build/roarm_moveit_cmd': AMENT_PREFIX_PATH=/root/ros2_workspace/install/roarm_moveit:/root/ros2_workspace/install/roarm_description:/root/ros2_workspace/install/moveit_servo:${AMENT_PREFIX_PATH} CMAKE_PREFIX_PATH=/root/ros2_workspace/install/roarm_moveit:/root/ros2_workspace/install/roarm_description:/root/ros2_workspace/install/moveit_servo:/opt/ros/humble LD_LIBRARY_PATH=/root/ros2_workspace/install/roarm_moveit/lib:/root/ros2_workspace/install/moveit_servo/lib:${LD_LIBRARY_PATH} PYTHONPATH=/root/ros2_workspace/install/roarm_moveit/local/lib/python3.10/dist-packages:${PYTHONPATH} /usr/bin/cmake --install /root/ros2_workspace/build/roarm_moveit_cmd
[3.358s] -- Install configuration: "Release"
[3.358s] -- Execute custom install script
[3.359s] -- Up-to-date symlink: /root/ros2_workspace/install/roarm_moveit_cmd/lib/roarm_moveit_cmd/getposecmd
[3.359s] -- Up-to-date symlink: /root/ros2_workspace/install/roarm_moveit_cmd/lib/roarm_moveit_cmd/getposecmd_tf2
[3.359s] -- Up-to-date symlink: /root/ros2_workspace/install/roarm_moveit_cmd/lib/roarm_moveit_cmd/keyboardcontrol
[3.360s] -- Up-to-date symlink: /root/ros2_workspace/install/roarm_moveit_cmd/lib/roarm_moveit_cmd/movepointcmd
[3.360s] -- Up-to-date symlink: /root/ros2_workspace/install/roarm_moveit_cmd/lib/roarm_moveit_cmd/movecirclecmd
[3.360s] -- Up-to-date symlink: /root/ros2_workspace/install/roarm_moveit_cmd/lib/roarm_moveit_cmd/webappcontrol
[3.360s] -- Up-to-date symlink: /root/ros2_workspace/install/roarm_moveit_cmd/lib/roarm_moveit_cmd/setgrippercmd
[3.361s] -- Up-to-date symlink: /root/ros2_workspace/install/roarm_moveit_cmd/share/roarm_moveit_cmd/launch/command_control.launch.py
[3.361s] -- Up-to-date symlink: /root/ros2_workspace/install/roarm_moveit_cmd/share/roarm_moveit_cmd/config/command_control.rviz
[3.361s] -- Up-to-date symlink: /root/ros2_workspace/install/roarm_moveit_cmd/share/ament_index/resource_index/package_run_dependencies/roarm_moveit_cmd
[3.362s] -- Up-to-date symlink: /root/ros2_workspace/install/roarm_moveit_cmd/share/ament_index/resource_index/parent_prefix_path/roarm_moveit_cmd
[3.362s] -- Up-to-date symlink: /root/ros2_workspace/install/roarm_moveit_cmd/share/roarm_moveit_cmd/environment/ament_prefix_path.sh
[3.362s] -- Up-to-date symlink: /root/ros2_workspace/install/roarm_moveit_cmd/share/roarm_moveit_cmd/environment/ament_prefix_path.dsv
[3.362s] -- Up-to-date symlink: /root/ros2_workspace/install/roarm_moveit_cmd/share/roarm_moveit_cmd/environment/path.sh
[3.362s] -- Up-to-date symlink: /root/ros2_workspace/install/roarm_moveit_cmd/share/roarm_moveit_cmd/environment/path.dsv
[3.363s] -- Up-to-date symlink: /root/ros2_workspace/install/roarm_moveit_cmd/share/roarm_moveit_cmd/local_setup.bash
[3.363s] -- Up-to-date symlink: /root/ros2_workspace/install/roarm_moveit_cmd/share/roarm_moveit_cmd/local_setup.sh
[3.363s] -- Up-to-date symlink: /root/ros2_workspace/install/roarm_moveit_cmd/share/roarm_moveit_cmd/local_setup.zsh
[3.363s] -- Up-to-date symlink: /root/ros2_workspace/install/roarm_moveit_cmd/share/roarm_moveit_cmd/local_setup.dsv
[3.364s] -- Symlinking: /root/ros2_workspace/install/roarm_moveit_cmd/share/roarm_moveit_cmd/package.dsv
[3.378s] -- Up-to-date symlink: /root/ros2_workspace/install/roarm_moveit_cmd/share/ament_index/resource_index/packages/roarm_moveit_cmd
[3.378s] -- Up-to-date symlink: /root/ros2_workspace/install/roarm_moveit_cmd/share/roarm_moveit_cmd/cmake/ament_cmake_export_dependencies-extras.cmake
[3.378s] -- Up-to-date symlink: /root/ros2_workspace/install/roarm_moveit_cmd/share/roarm_moveit_cmd/cmake/ament_cmake_export_include_directories-extras.cmake
[3.379s] -- Up-to-date symlink: /root/ros2_workspace/install/roarm_moveit_cmd/share/roarm_moveit_cmd/cmake/roarm_moveit_cmdConfig.cmake
[3.379s] -- Up-to-date symlink: /root/ros2_workspace/install/roarm_moveit_cmd/share/roarm_moveit_cmd/cmake/roarm_moveit_cmdConfig-version.cmake
[3.379s] -- Up-to-date symlink: /root/ros2_workspace/install/roarm_moveit_cmd/share/roarm_moveit_cmd/package.xml
[3.386s] Invoked command in '/root/ros2_workspace/build/roarm_moveit_cmd' returned '0': AMENT_PREFIX_PATH=/root/ros2_workspace/install/roarm_moveit:/root/ros2_workspace/install/roarm_description:/root/ros2_workspace/install/moveit_servo:${AMENT_PREFIX_PATH} CMAKE_PREFIX_PATH=/root/ros2_workspace/install/roarm_moveit:/root/ros2_workspace/install/roarm_description:/root/ros2_workspace/install/moveit_servo:/opt/ros/humble LD_LIBRARY_PATH=/root/ros2_workspace/install/roarm_moveit/lib:/root/ros2_workspace/install/moveit_servo/lib:${LD_LIBRARY_PATH} PYTHONPATH=/root/ros2_workspace/install/roarm_moveit/local/lib/python3.10/dist-packages:${PYTHONPATH} /usr/bin/cmake --install /root/ros2_workspace/build/roarm_moveit_cmd
